[5.007s] Invoking command in '/root/glad_ws/src/myimu': PYTHONPATH=/root/glad_ws/build/myimu/prefix_override:/usr/lib/python3/dist-packages/colcon_core/task/python/colcon_distutils_commands:/root/glad_ws/install/myimu/lib/python3.10/site-packages:${PYTHONPATH} /usr/bin/python3 -W ignore:setup.py install is deprecated -W ignore:easy_install command is deprecated setup.py egg_info --egg-base ../../build/myimu build --build-base /root/glad_ws/build/myimu/build install --record /root/glad_ws/build/myimu/install.log --single-version-externally-managed install_data
[6.100s] running egg_info
[6.101s] writing ../../build/myimu/myimu.egg-info/PKG-INFO
[6.102s] writing dependency_links to ../../build/myimu/myimu.egg-info/dependency_links.txt
[6.102s] writing entry points to ../../build/myimu/myimu.egg-info/entry_points.txt
[6.103s] writing requirements to ../../build/myimu/myimu.egg-info/requires.txt
[6.103s] writing top-level names to ../../build/myimu/myimu.egg-info/top_level.txt
[6.117s] reading manifest file '../../build/myimu/myimu.egg-info/SOURCES.txt'
[6.122s] writing manifest file '../../build/myimu/myimu.egg-info/SOURCES.txt'
[6.125s] running build
[6.126s] running build_py
[6.127s] running install
[6.128s] running install_lib
[6.131s] running install_data
[6.133s] running install_egg_info
[6.141s] removing '/root/glad_ws/install/myimu/lib/python3.10/site-packages/myimu-0.0.0-py3.10.egg-info' (and everything under it)
[6.147s] Copying ../../build/myimu/myimu.egg-info to /root/glad_ws/install/myimu/lib/python3.10/site-packages/myimu-0.0.0-py3.10.egg-info
[6.158s] running install_scripts
[6.282s] Installing imuodom script to /root/glad_ws/install/myimu/lib/myimu
[6.284s] Installing imupub script to /root/glad_ws/install/myimu/lib/myimu
[6.291s] writing list of installed files to '/root/glad_ws/build/myimu/install.log'
[6.530s] Invoked command in '/root/glad_ws/src/myimu' returned '0': PYTHONPATH=/root/glad_ws/build/myimu/prefix_override:/usr/lib/python3/dist-packages/colcon_core/task/python/colcon_distutils_commands:/root/glad_ws/install/myimu/lib/python3.10/site-packages:${PYTHONPATH} /usr/bin/python3 -W ignore:setup.py install is deprecated -W ignore:easy_install command is deprecated setup.py egg_info --egg-base ../../build/myimu build --build-base /root/glad_ws/build/myimu/build install --record /root/glad_ws/build/myimu/install.log --single-version-externally-managed install_data
