[0.088s] Invoking command in '/root/glad_ws/build/bringup': CMAKE_PREFIX_PATH=/opt/ros/humble /usr/bin/cmake --build /root/glad_ws/build/bringup -- -j4 -l4
[1.831s] Invoked command in '/root/glad_ws/build/bringup' returned '0': CMAKE_PREFIX_PATH=/opt/ros/humble /usr/bin/cmake --build /root/glad_ws/build/bringup -- -j4 -l4
[1.862s] Invoking command in '/root/glad_ws/build/bringup': CMAKE_PREFIX_PATH=/opt/ros/humble /usr/bin/cmake --install /root/glad_ws/build/bringup
[1.894s] -- Install configuration: ""
[1.895s] -- Up-to-date: /root/glad_ws/install/bringup/share/bringup/launch
[1.895s] -- Up-to-date: /root/glad_ws/install/bringup/share/bringup/launch/sensorbringup.launch.py
[1.896s] -- Up-to-date: /root/glad_ws/install/bringup/share/bringup/config
[1.898s] -- Up-to-date: /root/glad_ws/install/bringup/share/bringup/config/ekf_config.yaml
[1.899s] -- Up-to-date: /root/glad_ws/install/bringup/share/ament_index/resource_index/package_run_dependencies/bringup
[1.899s] -- Up-to-date: /root/glad_ws/install/bringup/share/ament_index/resource_index/parent_prefix_path/bringup
[1.900s] -- Up-to-date: /root/glad_ws/install/bringup/share/bringup/environment/ament_prefix_path.sh
[1.900s] -- Up-to-date: /root/glad_ws/install/bringup/share/bringup/environment/ament_prefix_path.dsv
[1.900s] -- Up-to-date: /root/glad_ws/install/bringup/share/bringup/environment/path.sh
[1.901s] -- Up-to-date: /root/glad_ws/install/bringup/share/bringup/environment/path.dsv
[1.901s] -- Up-to-date: /root/glad_ws/install/bringup/share/bringup/local_setup.bash
[1.901s] -- Up-to-date: /root/glad_ws/install/bringup/share/bringup/local_setup.sh
[1.907s] -- Up-to-date: /root/glad_ws/install/bringup/share/bringup/local_setup.zsh
[1.907s] -- Up-to-date: /root/glad_ws/install/bringup/share/bringup/local_setup.dsv
[1.908s] -- Installing: /root/glad_ws/install/bringup/share/bringup/package.dsv
[1.912s] -- Up-to-date: /root/glad_ws/install/bringup/share/ament_index/resource_index/packages/bringup
[1.914s] -- Up-to-date: /root/glad_ws/install/bringup/share/bringup/cmake/bringupConfig.cmake
[1.915s] -- Up-to-date: /root/glad_ws/install/bringup/share/bringup/cmake/bringupConfig-version.cmake
[1.915s] -- Up-to-date: /root/glad_ws/install/bringup/share/bringup/package.xml
[1.916s] Invoked command in '/root/glad_ws/build/bringup' returned '0': CMAKE_PREFIX_PATH=/opt/ros/humble /usr/bin/cmake --install /root/glad_ws/build/bringup
