[2.370s] Invoking command in '/root/glad_ws/src/myimu': PYTHONPATH=/root/glad_ws/build/myimu/prefix_override:/usr/lib/python3/dist-packages/colcon_core/task/python/colcon_distutils_commands:/root/glad_ws/install/myimu/lib/python3.10/site-packages:${PYTHONPATH} /usr/bin/python3 -W ignore:setup.py install is deprecated -W ignore:easy_install command is deprecated setup.py egg_info --egg-base ../../build/myimu build --build-base /root/glad_ws/build/myimu/build install --record /root/glad_ws/build/myimu/install.log --single-version-externally-managed install_data
[3.103s] running egg_info
[3.104s] writing ../../build/myimu/myimu.egg-info/PKG-INFO
[3.104s] writing dependency_links to ../../build/myimu/myimu.egg-info/dependency_links.txt
[3.107s] writing entry points to ../../build/myimu/myimu.egg-info/entry_points.txt
[3.108s] writing requirements to ../../build/myimu/myimu.egg-info/requires.txt
[3.109s] writing top-level names to ../../build/myimu/myimu.egg-info/top_level.txt
[3.118s] reading manifest file '../../build/myimu/myimu.egg-info/SOURCES.txt'
[3.122s] writing manifest file '../../build/myimu/myimu.egg-info/SOURCES.txt'
[3.123s] running build
[3.124s] running build_py
[3.125s] running install
[3.125s] running install_lib
[3.131s] running install_data
[3.132s] running install_egg_info
[3.137s] removing '/root/glad_ws/install/myimu/lib/python3.10/site-packages/myimu-0.0.0-py3.10.egg-info' (and everything under it)
[3.141s] Copying ../../build/myimu/myimu.egg-info to /root/glad_ws/install/myimu/lib/python3.10/site-packages/myimu-0.0.0-py3.10.egg-info
[3.144s] running install_scripts
[3.216s] Installing imupub script to /root/glad_ws/install/myimu/lib/myimu
[3.217s] writing list of installed files to '/root/glad_ws/build/myimu/install.log'
[3.330s] Invoked command in '/root/glad_ws/src/myimu' returned '0': PYTHONPATH=/root/glad_ws/build/myimu/prefix_override:/usr/lib/python3/dist-packages/colcon_core/task/python/colcon_distutils_commands:/root/glad_ws/install/myimu/lib/python3.10/site-packages:${PYTHONPATH} /usr/bin/python3 -W ignore:setup.py install is deprecated -W ignore:easy_install command is deprecated setup.py egg_info --egg-base ../../build/myimu build --build-base /root/glad_ws/build/myimu/build install --record /root/glad_ws/build/myimu/install.log --single-version-externally-managed install_data
