[2.313s] Invoking command in '/root/glad_ws/src/glad_voice': PYTHONPATH=/root/glad_ws/build/glad_voice/prefix_override:/usr/lib/python3/dist-packages/colcon_core/task/python/colcon_distutils_commands:/root/glad_ws/install/glad_voice/lib/python3.10/site-packages:${PYTHONPATH} /usr/bin/python3 -W ignore:setup.py install is deprecated -W ignore:easy_install command is deprecated setup.py egg_info --egg-base ../../build/glad_voice build --build-base /root/glad_ws/build/glad_voice/build install --record /root/glad_ws/build/glad_voice/install.log --single-version-externally-managed install_data
[3.159s] running egg_info
[3.162s] writing ../../build/glad_voice/glad_voice.egg-info/PKG-INFO
[3.163s] writing dependency_links to ../../build/glad_voice/glad_voice.egg-info/dependency_links.txt
[3.165s] writing entry points to ../../build/glad_voice/glad_voice.egg-info/entry_points.txt
[3.166s] writing requirements to ../../build/glad_voice/glad_voice.egg-info/requires.txt
[3.167s] writing top-level names to ../../build/glad_voice/glad_voice.egg-info/top_level.txt
[3.173s] reading manifest file '../../build/glad_voice/glad_voice.egg-info/SOURCES.txt'
[3.176s] writing manifest file '../../build/glad_voice/glad_voice.egg-info/SOURCES.txt'
[3.177s] running build
[3.178s] running build_py
[3.178s] copying glad_voice/voice_assistant.py -> /root/glad_ws/build/glad_voice/build/lib/glad_voice
[3.179s] running install
[3.180s] running install_lib
[3.183s] copying /root/glad_ws/build/glad_voice/build/lib/glad_voice/voice_assistant.py -> /root/glad_ws/install/glad_voice/lib/python3.10/site-packages/glad_voice
[3.185s] byte-compiling /root/glad_ws/install/glad_voice/lib/python3.10/site-packages/glad_voice/voice_assistant.py to voice_assistant.cpython-310.pyc
[3.190s] running install_data
[3.191s] running install_egg_info
[3.197s] removing '/root/glad_ws/install/glad_voice/lib/python3.10/site-packages/glad_voice-0.0.0-py3.10.egg-info' (and everything under it)
[3.198s] Copying ../../build/glad_voice/glad_voice.egg-info to /root/glad_ws/install/glad_voice/lib/python3.10/site-packages/glad_voice-0.0.0-py3.10.egg-info
[3.202s] running install_scripts
[3.273s] Installing voice_assistant script to /root/glad_ws/install/glad_voice/lib/glad_voice
[3.274s] writing list of installed files to '/root/glad_ws/build/glad_voice/install.log'
[3.384s] Invoked command in '/root/glad_ws/src/glad_voice' returned '0': PYTHONPATH=/root/glad_ws/build/glad_voice/prefix_override:/usr/lib/python3/dist-packages/colcon_core/task/python/colcon_distutils_commands:/root/glad_ws/install/glad_voice/lib/python3.10/site-packages:${PYTHONPATH} /usr/bin/python3 -W ignore:setup.py install is deprecated -W ignore:easy_install command is deprecated setup.py egg_info --egg-base ../../build/glad_voice build --build-base /root/glad_ws/build/glad_voice/build install --record /root/glad_ws/build/glad_voice/install.log --single-version-externally-managed install_data
