[0.085s] Invoking command in '/root/glad_ws/build/bringup': CMAKE_PREFIX_PATH=/opt/ros/humble /usr/bin/cmake --build /root/glad_ws/build/bringup -- -j4 -l4
[1.878s] Invoked command in '/root/glad_ws/build/bringup' returned '0': CMAKE_PREFIX_PATH=/opt/ros/humble /usr/bin/cmake --build /root/glad_ws/build/bringup -- -j4 -l4
[1.911s] Invoking command in '/root/glad_ws/build/bringup': CMAKE_PREFIX_PATH=/opt/ros/humble /usr/bin/cmake --install /root/glad_ws/build/bringup
[1.949s] -- Install configuration: ""
[1.951s] -- Up-to-date: /root/glad_ws/install/bringup/share/bringup/launch
[1.951s] -- Up-to-date: /root/glad_ws/install/bringup/share/bringup/launch/sensorbringup.launch.py
[1.952s] -- Up-to-date: /root/glad_ws/install/bringup/share/bringup/config
[1.952s] -- Up-to-date: /root/glad_ws/install/bringup/share/bringup/config/ekf_config.yaml
[1.953s] -- Up-to-date: /root/glad_ws/install/bringup/share/ament_index/resource_index/package_run_dependencies/bringup
[1.953s] -- Up-to-date: /root/glad_ws/install/bringup/share/ament_index/resource_index/parent_prefix_path/bringup
[1.954s] -- Up-to-date: /root/glad_ws/install/bringup/share/bringup/environment/ament_prefix_path.sh
[1.954s] -- Up-to-date: /root/glad_ws/install/bringup/share/bringup/environment/ament_prefix_path.dsv
[1.955s] -- Up-to-date: /root/glad_ws/install/bringup/share/bringup/environment/path.sh
[1.955s] -- Up-to-date: /root/glad_ws/install/bringup/share/bringup/environment/path.dsv
[1.956s] -- Up-to-date: /root/glad_ws/install/bringup/share/bringup/local_setup.bash
[1.959s] -- Up-to-date: /root/glad_ws/install/bringup/share/bringup/local_setup.sh
[1.961s] -- Up-to-date: /root/glad_ws/install/bringup/share/bringup/local_setup.zsh
[1.964s] -- Up-to-date: /root/glad_ws/install/bringup/share/bringup/local_setup.dsv
[1.967s] -- Installing: /root/glad_ws/install/bringup/share/bringup/package.dsv
[1.970s] -- Up-to-date: /root/glad_ws/install/bringup/share/ament_index/resource_index/packages/bringup
[1.972s] -- Up-to-date: /root/glad_ws/install/bringup/share/bringup/cmake/bringupConfig.cmake
[1.972s] -- Up-to-date: /root/glad_ws/install/bringup/share/bringup/cmake/bringupConfig-version.cmake
[1.973s] -- Up-to-date: /root/glad_ws/install/bringup/share/bringup/package.xml
[1.973s] Invoked command in '/root/glad_ws/build/bringup' returned '0': CMAKE_PREFIX_PATH=/opt/ros/humble /usr/bin/cmake --install /root/glad_ws/build/bringup
