[0.102s] Invoking command in '/root/glad_ws/build/bringup': CMAKE_PREFIX_PATH=${CMAKE_PREFIX_PATH}:/root/glad_ws/install/myimu:/root/glad_ws/install/glad_motor_controller:/opt/ros/humble /usr/bin/cmake --build /root/glad_ws/build/bringup -- -j4 -l4
[2.092s] Invoked command in '/root/glad_ws/build/bringup' returned '0': CMAKE_PREFIX_PATH=${CMAKE_PREFIX_PATH}:/root/glad_ws/install/myimu:/root/glad_ws/install/glad_motor_controller:/opt/ros/humble /usr/bin/cmake --build /root/glad_ws/build/bringup -- -j4 -l4
[2.117s] Invoking command in '/root/glad_ws/build/bringup': CMAKE_PREFIX_PATH=${CMAKE_PREFIX_PATH}:/root/glad_ws/install/myimu:/root/glad_ws/install/glad_motor_controller:/opt/ros/humble /usr/bin/cmake --install /root/glad_ws/build/bringup
[2.159s] -- Install configuration: ""
[2.165s] -- Up-to-date: /root/glad_ws/install/bringup/share/bringup/launch
[2.165s] -- Up-to-date: /root/glad_ws/install/bringup/share/bringup/launch/sensorbringup.launch.py
[2.169s] -- Up-to-date: /root/glad_ws/install/bringup/share/bringup/config
[2.174s] -- Up-to-date: /root/glad_ws/install/bringup/share/bringup/config/ekf_config.yaml
[2.180s] -- Up-to-date: /root/glad_ws/install/bringup/share/ament_index/resource_index/package_run_dependencies/bringup
[2.193s] -- Up-to-date: /root/glad_ws/install/bringup/share/ament_index/resource_index/parent_prefix_path/bringup
[2.193s] -- Up-to-date: /root/glad_ws/install/bringup/share/bringup/environment/ament_prefix_path.sh
[2.197s] -- Up-to-date: /root/glad_ws/install/bringup/share/bringup/environment/ament_prefix_path.dsv
[2.198s] -- Up-to-date: /root/glad_ws/install/bringup/share/bringup/environment/path.sh
[2.204s] -- Up-to-date: /root/glad_ws/install/bringup/share/bringup/environment/path.dsv
[2.205s] -- Up-to-date: /root/glad_ws/install/bringup/share/bringup/local_setup.bash
[2.207s] -- Up-to-date: /root/glad_ws/install/bringup/share/bringup/local_setup.sh
[2.208s] -- Up-to-date: /root/glad_ws/install/bringup/share/bringup/local_setup.zsh
[2.208s] -- Up-to-date: /root/glad_ws/install/bringup/share/bringup/local_setup.dsv
[2.209s] -- Installing: /root/glad_ws/install/bringup/share/bringup/package.dsv
[2.209s] -- Up-to-date: /root/glad_ws/install/bringup/share/ament_index/resource_index/packages/bringup
[2.210s] -- Up-to-date: /root/glad_ws/install/bringup/share/bringup/cmake/bringupConfig.cmake
[2.210s] -- Up-to-date: /root/glad_ws/install/bringup/share/bringup/cmake/bringupConfig-version.cmake
[2.211s] -- Up-to-date: /root/glad_ws/install/bringup/share/bringup/package.xml
[2.217s] Invoked command in '/root/glad_ws/build/bringup' returned '0': CMAKE_PREFIX_PATH=${CMAKE_PREFIX_PATH}:/root/glad_ws/install/myimu:/root/glad_ws/install/glad_motor_controller:/opt/ros/humble /usr/bin/cmake --install /root/glad_ws/build/bringup
