[2.322s] Invoking command in '/root/glad_ws/src/myimu': PYTHONPATH=/root/glad_ws/build/myimu/prefix_override:/usr/lib/python3/dist-packages/colcon_core/task/python/colcon_distutils_commands:/root/glad_ws/install/myimu/lib/python3.10/site-packages:${PYTHONPATH} /usr/bin/python3 -W ignore:setup.py install is deprecated -W ignore:easy_install command is deprecated setup.py egg_info --egg-base ../../build/myimu build --build-base /root/glad_ws/build/myimu/build install --record /root/glad_ws/build/myimu/install.log --single-version-externally-managed install_data
[3.068s] running egg_info
[3.071s] writing ../../build/myimu/myimu.egg-info/PKG-INFO
[3.072s] writing dependency_links to ../../build/myimu/myimu.egg-info/dependency_links.txt
[3.073s] writing entry points to ../../build/myimu/myimu.egg-info/entry_points.txt
[3.074s] writing requirements to ../../build/myimu/myimu.egg-info/requires.txt
[3.074s] writing top-level names to ../../build/myimu/myimu.egg-info/top_level.txt
[3.081s] reading manifest file '../../build/myimu/myimu.egg-info/SOURCES.txt'
[3.085s] writing manifest file '../../build/myimu/myimu.egg-info/SOURCES.txt'
[3.085s] running build
[3.086s] running build_py
[3.087s] running install
[3.088s] running install_lib
[3.092s] running install_data
[3.092s] running install_egg_info
[3.098s] removing '/root/glad_ws/install/myimu/lib/python3.10/site-packages/myimu-0.0.0-py3.10.egg-info' (and everything under it)
[3.102s] Copying ../../build/myimu/myimu.egg-info to /root/glad_ws/install/myimu/lib/python3.10/site-packages/myimu-0.0.0-py3.10.egg-info
[3.105s] running install_scripts
[3.177s] Installing imupub script to /root/glad_ws/install/myimu/lib/myimu
[3.178s] writing list of installed files to '/root/glad_ws/build/myimu/install.log'
[3.282s] Invoked command in '/root/glad_ws/src/myimu' returned '0': PYTHONPATH=/root/glad_ws/build/myimu/prefix_override:/usr/lib/python3/dist-packages/colcon_core/task/python/colcon_distutils_commands:/root/glad_ws/install/myimu/lib/python3.10/site-packages:${PYTHONPATH} /usr/bin/python3 -W ignore:setup.py install is deprecated -W ignore:easy_install command is deprecated setup.py egg_info --egg-base ../../build/myimu build --build-base /root/glad_ws/build/myimu/build install --record /root/glad_ws/build/myimu/install.log --single-version-externally-managed install_data
