[0.087s] Invoking command in '/root/glad_ws/build/bringup': CMAKE_PREFIX_PATH=/opt/ros/humble /usr/bin/cmake --build /root/glad_ws/build/bringup -- -j4 -l4
[1.898s] Invoked command in '/root/glad_ws/build/bringup' returned '0': CMAKE_PREFIX_PATH=/opt/ros/humble /usr/bin/cmake --build /root/glad_ws/build/bringup -- -j4 -l4
[1.930s] Invoking command in '/root/glad_ws/build/bringup': CMAKE_PREFIX_PATH=/opt/ros/humble /usr/bin/cmake --install /root/glad_ws/build/bringup
[1.955s] -- Install configuration: ""
[1.961s] -- Up-to-date: /root/glad_ws/install/bringup/share/bringup/launch
[1.962s] -- Up-to-date: /root/glad_ws/install/bringup/share/bringup/launch/sensorbringup.launch.py
[1.968s] -- Up-to-date: /root/glad_ws/install/bringup/share/bringup/config
[1.968s] -- Up-to-date: /root/glad_ws/install/bringup/share/bringup/config/ekf_config.yaml
[1.969s] -- Up-to-date: /root/glad_ws/install/bringup/share/ament_index/resource_index/package_run_dependencies/bringup
[1.972s] -- Up-to-date: /root/glad_ws/install/bringup/share/ament_index/resource_index/parent_prefix_path/bringup
[1.973s] -- Up-to-date: /root/glad_ws/install/bringup/share/bringup/environment/ament_prefix_path.sh
[1.974s] -- Up-to-date: /root/glad_ws/install/bringup/share/bringup/environment/ament_prefix_path.dsv
[1.974s] -- Up-to-date: /root/glad_ws/install/bringup/share/bringup/environment/path.sh
[1.975s] -- Up-to-date: /root/glad_ws/install/bringup/share/bringup/environment/path.dsv
[1.975s] -- Up-to-date: /root/glad_ws/install/bringup/share/bringup/local_setup.bash
[1.976s] -- Up-to-date: /root/glad_ws/install/bringup/share/bringup/local_setup.sh
[1.976s] -- Up-to-date: /root/glad_ws/install/bringup/share/bringup/local_setup.zsh
[1.976s] -- Up-to-date: /root/glad_ws/install/bringup/share/bringup/local_setup.dsv
[1.977s] -- Installing: /root/glad_ws/install/bringup/share/bringup/package.dsv
[1.977s] -- Up-to-date: /root/glad_ws/install/bringup/share/ament_index/resource_index/packages/bringup
[1.978s] -- Up-to-date: /root/glad_ws/install/bringup/share/bringup/cmake/bringupConfig.cmake
[1.978s] -- Up-to-date: /root/glad_ws/install/bringup/share/bringup/cmake/bringupConfig-version.cmake
[1.979s] -- Up-to-date: /root/glad_ws/install/bringup/share/bringup/package.xml
[1.988s] Invoked command in '/root/glad_ws/build/bringup' returned '0': CMAKE_PREFIX_PATH=/opt/ros/humble /usr/bin/cmake --install /root/glad_ws/build/bringup
