[0.393s] DEBUG:colcon:Command line arguments: ['/usr/bin/colcon', 'build', '--packages-select', 'glad_voice']
[0.394s] DEBUG:colcon:Parsed command line arguments: Namespace(log_base=None, log_level=None, verb_name='build', build_base='build', install_base='install', merge_install=False, symlink_install=False, test_result_base=None, continue_on_error=False, executor='parallel', parallel_workers=4, event_handlers=None, ignore_user_meta=False, metas=['./colcon.meta'], base_paths=['.'], packages_ignore=None, packages_ignore_regex=None, paths=None, packages_up_to=None, packages_up_to_regex=None, packages_above=None, packages_above_and_dependencies=None, packages_above_depth=None, packages_select_by_dep=None, packages_skip_by_dep=None, packages_skip_up_to=None, packages_select_build_failed=False, packages_skip_build_finished=False, packages_select_test_failures=False, packages_skip_test_passed=False, packages_select=['glad_voice'], packages_skip=None, packages_select_regex=None, packages_skip_regex=None, packages_start=None, packages_end=None, allow_overriding=[], cmake_args=None, cmake_target=None, cmake_target_skip_unavailable=False, cmake_clean_cache=False, cmake_clean_first=False, cmake_force_configure=False, ament_cmake_args=None, catkin_cmake_args=None, catkin_skip_building_tests=False, mixin_files=None, mixin=None, verb_parser=<colcon_mixin.mixin.mixin_argument.MixinArgumentDecorator object at 0x7f9b98bf40>, verb_extension=<colcon_core.verb.build.BuildVerb object at 0x7f9bb7cc10>, main=<bound method BuildVerb.main of <colcon_core.verb.build.BuildVerb object at 0x7f9bb7cc10>>, mixin_verb=('build',))
[0.924s] Level 1:colcon.colcon_core.package_discovery:discover_packages(colcon_meta) check parameters
[0.924s] Level 1:colcon.colcon_core.package_discovery:discover_packages(recursive) check parameters
[0.924s] Level 1:colcon.colcon_core.package_discovery:discover_packages(ignore) check parameters
[0.924s] Level 1:colcon.colcon_core.package_discovery:discover_packages(path) check parameters
[0.924s] Level 1:colcon.colcon_core.package_discovery:discover_packages(colcon_meta) discover
[0.925s] Level 1:colcon.colcon_core.package_discovery:discover_packages(recursive) discover
[0.925s] INFO:colcon.colcon_core.package_discovery:Crawling recursively for packages in '/root/glad_ws'
[0.925s] Level 1:colcon.colcon_core.package_identification:_identify(.) by extensions ['ignore', 'ignore_ament_install']
[0.926s] Level 1:colcon.colcon_core.package_identification:_identify(.) by extension 'ignore'
[0.926s] Level 1:colcon.colcon_core.package_identification:_identify(.) by extension 'ignore_ament_install'
[0.926s] Level 1:colcon.colcon_core.package_identification:_identify(.) by extensions ['colcon_pkg']
[0.926s] Level 1:colcon.colcon_core.package_identification:_identify(.) by extension 'colcon_pkg'
[0.926s] Level 1:colcon.colcon_core.package_identification:_identify(.) by extensions ['colcon_meta']
[0.926s] Level 1:colcon.colcon_core.package_identification:_identify(.) by extension 'colcon_meta'
[0.927s] Level 1:colcon.colcon_core.package_identification:_identify(.) by extensions ['ros']
[0.927s] Level 1:colcon.colcon_core.package_identification:_identify(.) by extension 'ros'
[0.970s] Level 1:colcon.colcon_core.package_identification:_identify(.) by extensions ['cmake', 'python']
[0.970s] Level 1:colcon.colcon_core.package_identification:_identify(.) by extension 'cmake'
[0.970s] Level 1:colcon.colcon_core.package_identification:_identify(.) by extension 'python'
[0.970s] Level 1:colcon.colcon_core.package_identification:_identify(.) by extensions ['python_setup_py']
[0.970s] Level 1:colcon.colcon_core.package_identification:_identify(.) by extension 'python_setup_py'
[0.971s] Level 1:colcon.colcon_core.package_identification:_identify(build) by extensions ['ignore', 'ignore_ament_install']
[0.971s] Level 1:colcon.colcon_core.package_identification:_identify(build) by extension 'ignore'
[0.971s] Level 1:colcon.colcon_core.package_identification:_identify(build) ignored
[0.972s] Level 1:colcon.colcon_core.package_identification:_identify(install) by extensions ['ignore', 'ignore_ament_install']
[0.972s] Level 1:colcon.colcon_core.package_identification:_identify(install) by extension 'ignore'
[0.972s] Level 1:colcon.colcon_core.package_identification:_identify(install) ignored
[0.973s] Level 1:colcon.colcon_core.package_identification:_identify(log) by extensions ['ignore', 'ignore_ament_install']
[0.973s] Level 1:colcon.colcon_core.package_identification:_identify(log) by extension 'ignore'
[0.973s] Level 1:colcon.colcon_core.package_identification:_identify(log) ignored
[0.974s] Level 1:colcon.colcon_core.package_identification:_identify(src) by extensions ['ignore', 'ignore_ament_install']
[0.974s] Level 1:colcon.colcon_core.package_identification:_identify(src) by extension 'ignore'
[0.974s] Level 1:colcon.colcon_core.package_identification:_identify(src) by extension 'ignore_ament_install'
[0.974s] Level 1:colcon.colcon_core.package_identification:_identify(src) by extensions ['colcon_pkg']
[0.975s] Level 1:colcon.colcon_core.package_identification:_identify(src) by extension 'colcon_pkg'
[0.975s] Level 1:colcon.colcon_core.package_identification:_identify(src) by extensions ['colcon_meta']
[0.975s] Level 1:colcon.colcon_core.package_identification:_identify(src) by extension 'colcon_meta'
[0.975s] Level 1:colcon.colcon_core.package_identification:_identify(src) by extensions ['ros']
[0.975s] Level 1:colcon.colcon_core.package_identification:_identify(src) by extension 'ros'
[0.975s] Level 1:colcon.colcon_core.package_identification:_identify(src) by extensions ['cmake', 'python']
[0.976s] Level 1:colcon.colcon_core.package_identification:_identify(src) by extension 'cmake'
[0.976s] Level 1:colcon.colcon_core.package_identification:_identify(src) by extension 'python'
[0.976s] Level 1:colcon.colcon_core.package_identification:_identify(src) by extensions ['python_setup_py']
[0.976s] Level 1:colcon.colcon_core.package_identification:_identify(src) by extension 'python_setup_py'
[0.976s] Level 1:colcon.colcon_core.package_identification:_identify(src/bringup) by extensions ['ignore', 'ignore_ament_install']
[0.977s] Level 1:colcon.colcon_core.package_identification:_identify(src/bringup) by extension 'ignore'
[0.977s] Level 1:colcon.colcon_core.package_identification:_identify(src/bringup) by extension 'ignore_ament_install'
[0.977s] Level 1:colcon.colcon_core.package_identification:_identify(src/bringup) by extensions ['colcon_pkg']
[0.977s] Level 1:colcon.colcon_core.package_identification:_identify(src/bringup) by extension 'colcon_pkg'
[0.977s] Level 1:colcon.colcon_core.package_identification:_identify(src/bringup) by extensions ['colcon_meta']
[0.977s] Level 1:colcon.colcon_core.package_identification:_identify(src/bringup) by extension 'colcon_meta'
[0.978s] Level 1:colcon.colcon_core.package_identification:_identify(src/bringup) by extensions ['ros']
[0.978s] Level 1:colcon.colcon_core.package_identification:_identify(src/bringup) by extension 'ros'
[0.985s] DEBUG:colcon.colcon_core.package_identification:Package 'src/bringup' with type 'ros.ament_cmake' and name 'bringup'
[0.986s] Level 1:colcon.colcon_core.package_identification:_identify(src/glad_motor_controller) by extensions ['ignore', 'ignore_ament_install']
[0.986s] Level 1:colcon.colcon_core.package_identification:_identify(src/glad_motor_controller) by extension 'ignore'
[0.986s] Level 1:colcon.colcon_core.package_identification:_identify(src/glad_motor_controller) by extension 'ignore_ament_install'
[0.987s] Level 1:colcon.colcon_core.package_identification:_identify(src/glad_motor_controller) by extensions ['colcon_pkg']
[0.987s] Level 1:colcon.colcon_core.package_identification:_identify(src/glad_motor_controller) by extension 'colcon_pkg'
[0.987s] Level 1:colcon.colcon_core.package_identification:_identify(src/glad_motor_controller) by extensions ['colcon_meta']
[0.987s] Level 1:colcon.colcon_core.package_identification:_identify(src/glad_motor_controller) by extension 'colcon_meta'
[0.987s] Level 1:colcon.colcon_core.package_identification:_identify(src/glad_motor_controller) by extensions ['ros']
[0.987s] Level 1:colcon.colcon_core.package_identification:_identify(src/glad_motor_controller) by extension 'ros'
[0.991s] DEBUG:colcon.colcon_core.package_identification:Package 'src/glad_motor_controller' with type 'ros.ament_python' and name 'glad_motor_controller'
[0.991s] Level 1:colcon.colcon_core.package_identification:_identify(src/glad_voice) by extensions ['ignore', 'ignore_ament_install']
[0.992s] Level 1:colcon.colcon_core.package_identification:_identify(src/glad_voice) by extension 'ignore'
[0.993s] Level 1:colcon.colcon_core.package_identification:_identify(src/glad_voice) by extension 'ignore_ament_install'
[0.993s] Level 1:colcon.colcon_core.package_identification:_identify(src/glad_voice) by extensions ['colcon_pkg']
[0.993s] Level 1:colcon.colcon_core.package_identification:_identify(src/glad_voice) by extension 'colcon_pkg'
[0.994s] Level 1:colcon.colcon_core.package_identification:_identify(src/glad_voice) by extensions ['colcon_meta']
[0.994s] Level 1:colcon.colcon_core.package_identification:_identify(src/glad_voice) by extension 'colcon_meta'
[0.994s] Level 1:colcon.colcon_core.package_identification:_identify(src/glad_voice) by extensions ['ros']
[0.994s] Level 1:colcon.colcon_core.package_identification:_identify(src/glad_voice) by extension 'ros'
[0.997s] DEBUG:colcon.colcon_core.package_identification:Package 'src/glad_voice' with type 'ros.ament_python' and name 'glad_voice'
[0.997s] Level 1:colcon.colcon_core.package_identification:_identify(src/myimu) by extensions ['ignore', 'ignore_ament_install']
[0.998s] Level 1:colcon.colcon_core.package_identification:_identify(src/myimu) by extension 'ignore'
[0.998s] Level 1:colcon.colcon_core.package_identification:_identify(src/myimu) by extension 'ignore_ament_install'
[0.998s] Level 1:colcon.colcon_core.package_identification:_identify(src/myimu) by extensions ['colcon_pkg']
[0.998s] Level 1:colcon.colcon_core.package_identification:_identify(src/myimu) by extension 'colcon_pkg'
[0.998s] Level 1:colcon.colcon_core.package_identification:_identify(src/myimu) by extensions ['colcon_meta']
[0.998s] Level 1:colcon.colcon_core.package_identification:_identify(src/myimu) by extension 'colcon_meta'
[0.999s] Level 1:colcon.colcon_core.package_identification:_identify(src/myimu) by extensions ['ros']
[0.999s] Level 1:colcon.colcon_core.package_identification:_identify(src/myimu) by extension 'ros'
[1.001s] DEBUG:colcon.colcon_core.package_identification:Package 'src/myimu' with type 'ros.ament_python' and name 'myimu'
[1.002s] Level 1:colcon.colcon_core.package_identification:_identify(src/rf2o_laser_odometry) by extensions ['ignore', 'ignore_ament_install']
[1.002s] Level 1:colcon.colcon_core.package_identification:_identify(src/rf2o_laser_odometry) by extension 'ignore'
[1.002s] Level 1:colcon.colcon_core.package_identification:_identify(src/rf2o_laser_odometry) by extension 'ignore_ament_install'
[1.002s] Level 1:colcon.colcon_core.package_identification:_identify(src/rf2o_laser_odometry) by extensions ['colcon_pkg']
[1.003s] Level 1:colcon.colcon_core.package_identification:_identify(src/rf2o_laser_odometry) by extension 'colcon_pkg'
[1.003s] Level 1:colcon.colcon_core.package_identification:_identify(src/rf2o_laser_odometry) by extensions ['colcon_meta']
[1.003s] Level 1:colcon.colcon_core.package_identification:_identify(src/rf2o_laser_odometry) by extension 'colcon_meta'
[1.003s] Level 1:colcon.colcon_core.package_identification:_identify(src/rf2o_laser_odometry) by extensions ['ros']
[1.003s] Level 1:colcon.colcon_core.package_identification:_identify(src/rf2o_laser_odometry) by extension 'ros'
[1.007s] DEBUG:colcon.colcon_core.package_identification:Package 'src/rf2o_laser_odometry' with type 'ros.ament_cmake' and name 'rf2o_laser_odometry'
[1.007s] Level 1:colcon.colcon_core.package_identification:_identify(src/rplidar_ros) by extensions ['ignore', 'ignore_ament_install']
[1.008s] Level 1:colcon.colcon_core.package_identification:_identify(src/rplidar_ros) by extension 'ignore'
[1.008s] Level 1:colcon.colcon_core.package_identification:_identify(src/rplidar_ros) by extension 'ignore_ament_install'
[1.008s] Level 1:colcon.colcon_core.package_identification:_identify(src/rplidar_ros) by extensions ['colcon_pkg']
[1.008s] Level 1:colcon.colcon_core.package_identification:_identify(src/rplidar_ros) by extension 'colcon_pkg'
[1.009s] Level 1:colcon.colcon_core.package_identification:_identify(src/rplidar_ros) by extensions ['colcon_meta']
[1.009s] Level 1:colcon.colcon_core.package_identification:_identify(src/rplidar_ros) by extension 'colcon_meta'
[1.009s] Level 1:colcon.colcon_core.package_identification:_identify(src/rplidar_ros) by extensions ['ros']
[1.009s] Level 1:colcon.colcon_core.package_identification:_identify(src/rplidar_ros) by extension 'ros'
[1.011s] DEBUG:colcon.colcon_core.package_identification:Package 'src/rplidar_ros' with type 'ros.ament_cmake' and name 'rplidar_ros'
[1.012s] Level 1:colcon.colcon_core.package_discovery:discover_packages(recursive) using defaults
[1.012s] Level 1:colcon.colcon_core.package_discovery:discover_packages(ignore) discover
[1.012s] Level 1:colcon.colcon_core.package_discovery:discover_packages(ignore) using defaults
[1.012s] Level 1:colcon.colcon_core.package_discovery:discover_packages(path) discover
[1.013s] Level 1:colcon.colcon_core.package_discovery:discover_packages(path) using defaults
[1.085s] INFO:colcon.colcon_core.package_selection:Skipping not selected package 'bringup' in 'src/bringup'
[1.086s] INFO:colcon.colcon_core.package_selection:Skipping not selected package 'glad_motor_controller' in 'src/glad_motor_controller'
[1.086s] INFO:colcon.colcon_core.package_selection:Skipping not selected package 'myimu' in 'src/myimu'
[1.086s] INFO:colcon.colcon_core.package_selection:Skipping not selected package 'rf2o_laser_odometry' in 'src/rf2o_laser_odometry'
[1.086s] INFO:colcon.colcon_core.package_selection:Skipping not selected package 'rplidar_ros' in 'src/rplidar_ros'
[1.088s] Level 1:colcon.colcon_core.package_discovery:discover_packages(prefix_path) check parameters
[1.088s] Level 1:colcon.colcon_core.package_discovery:discover_packages(prefix_path) discover
[1.095s] DEBUG:colcon.colcon_installed_package_information.package_discovery:Found 6 installed packages in /root/glad_ws/install
[1.099s] DEBUG:colcon.colcon_installed_package_information.package_discovery:Found 188 installed packages in /opt/ros/humble
[1.104s] Level 1:colcon.colcon_core.package_discovery:discover_packages(prefix_path) using defaults
[1.246s] Level 5:colcon.colcon_core.verb:set package 'glad_voice' build argument 'cmake_args' from command line to 'None'
[1.246s] Level 5:colcon.colcon_core.verb:set package 'glad_voice' build argument 'cmake_target' from command line to 'None'
[1.246s] Level 5:colcon.colcon_core.verb:set package 'glad_voice' build argument 'cmake_target_skip_unavailable' from command line to 'False'
[1.246s] Level 5:colcon.colcon_core.verb:set package 'glad_voice' build argument 'cmake_clean_cache' from command line to 'False'
[1.246s] Level 5:colcon.colcon_core.verb:set package 'glad_voice' build argument 'cmake_clean_first' from command line to 'False'
[1.246s] Level 5:colcon.colcon_core.verb:set package 'glad_voice' build argument 'cmake_force_configure' from command line to 'False'
[1.247s] Level 5:colcon.colcon_core.verb:set package 'glad_voice' build argument 'ament_cmake_args' from command line to 'None'
[1.247s] Level 5:colcon.colcon_core.verb:set package 'glad_voice' build argument 'catkin_cmake_args' from command line to 'None'
[1.247s] Level 5:colcon.colcon_core.verb:set package 'glad_voice' build argument 'catkin_skip_building_tests' from command line to 'False'
[1.247s] DEBUG:colcon.colcon_core.verb:Building package 'glad_voice' with the following arguments: {'ament_cmake_args': None, 'build_base': '/root/glad_ws/build/glad_voice', 'catkin_cmake_args': None, 'catkin_skip_building_tests': False, 'cmake_args': None, 'cmake_clean_cache': False, 'cmake_clean_first': False, 'cmake_force_configure': False, 'cmake_target': None, 'cmake_target_skip_unavailable': False, 'install_base': '/root/glad_ws/install/glad_voice', 'merge_install': False, 'path': '/root/glad_ws/src/glad_voice', 'symlink_install': False, 'test_result_base': None}
[1.247s] INFO:colcon.colcon_core.executor:Executing jobs using 'parallel' executor
[1.250s] DEBUG:colcon.colcon_parallel_executor.executor.parallel:run_until_complete
[1.251s] INFO:colcon.colcon_ros.task.ament_python.build:Building ROS package in '/root/glad_ws/src/glad_voice' with build type 'ament_python'
[1.252s] Level 1:colcon.colcon_core.shell:create_environment_hook('glad_voice', 'ament_prefix_path')
[1.260s] INFO:colcon.colcon_core.plugin_system:Skipping extension 'colcon_core.shell.bat': Not used on non-Windows systems
[1.261s] INFO:colcon.colcon_core.shell:Creating environment hook '/root/glad_ws/install/glad_voice/share/glad_voice/hook/ament_prefix_path.ps1'
[1.263s] INFO:colcon.colcon_core.shell:Creating environment descriptor '/root/glad_ws/install/glad_voice/share/glad_voice/hook/ament_prefix_path.dsv'
[1.265s] INFO:colcon.colcon_core.shell:Creating environment hook '/root/glad_ws/install/glad_voice/share/glad_voice/hook/ament_prefix_path.sh'
[1.268s] INFO:colcon.colcon_core.shell:Skip shell extension 'powershell' for command environment: Not usable outside of PowerShell
[1.268s] DEBUG:colcon.colcon_core.shell:Skip shell extension 'dsv' for command environment
[2.171s] INFO:colcon.colcon_core.task.python.build:Building Python package in '/root/glad_ws/src/glad_voice'
[2.172s] INFO:colcon.colcon_core.shell:Skip shell extension 'powershell' for command environment: Not usable outside of PowerShell
[2.172s] DEBUG:colcon.colcon_core.shell:Skip shell extension 'dsv' for command environment
[3.339s] DEBUG:colcon.colcon_core.event_handler.log_command:Invoking command in '/root/glad_ws/src/glad_voice': PYTHONPATH=/root/glad_ws/build/glad_voice/prefix_override:/usr/lib/python3/dist-packages/colcon_core/task/python/colcon_distutils_commands:/root/glad_ws/install/glad_voice/lib/python3.10/site-packages:${PYTHONPATH} /usr/bin/python3 -W ignore:setup.py install is deprecated -W ignore:easy_install command is deprecated setup.py egg_info --egg-base ../../build/glad_voice build --build-base /root/glad_ws/build/glad_voice/build install --record /root/glad_ws/build/glad_voice/install.log --single-version-externally-managed install_data
[4.377s] DEBUG:colcon.colcon_core.event_handler.log_command:Invoked command in '/root/glad_ws/src/glad_voice' returned '0': PYTHONPATH=/root/glad_ws/build/glad_voice/prefix_override:/usr/lib/python3/dist-packages/colcon_core/task/python/colcon_distutils_commands:/root/glad_ws/install/glad_voice/lib/python3.10/site-packages:${PYTHONPATH} /usr/bin/python3 -W ignore:setup.py install is deprecated -W ignore:easy_install command is deprecated setup.py egg_info --egg-base ../../build/glad_voice build --build-base /root/glad_ws/build/glad_voice/build install --record /root/glad_ws/build/glad_voice/install.log --single-version-externally-managed install_data
[4.386s] Level 1:colcon.colcon_core.environment:checking '/root/glad_ws/install/glad_voice' for CMake module files
[4.388s] Level 1:colcon.colcon_core.environment:checking '/root/glad_ws/install/glad_voice' for CMake config files
[4.390s] Level 1:colcon.colcon_core.environment:checking '/root/glad_ws/install/glad_voice/lib'
[4.391s] Level 1:colcon.colcon_core.environment:checking '/root/glad_ws/install/glad_voice/bin'
[4.391s] Level 1:colcon.colcon_core.environment:checking '/root/glad_ws/install/glad_voice/lib/pkgconfig/glad_voice.pc'
[4.392s] Level 1:colcon.colcon_core.environment:checking '/root/glad_ws/install/glad_voice/lib/python3.10/site-packages'
[4.392s] Level 1:colcon.colcon_core.shell:create_environment_hook('glad_voice', 'pythonpath')
[4.393s] INFO:colcon.colcon_core.shell:Creating environment hook '/root/glad_ws/install/glad_voice/share/glad_voice/hook/pythonpath.ps1'
[4.395s] INFO:colcon.colcon_core.shell:Creating environment descriptor '/root/glad_ws/install/glad_voice/share/glad_voice/hook/pythonpath.dsv'
[4.398s] INFO:colcon.colcon_core.shell:Creating environment hook '/root/glad_ws/install/glad_voice/share/glad_voice/hook/pythonpath.sh'
[4.401s] Level 1:colcon.colcon_core.environment:checking '/root/glad_ws/install/glad_voice/bin'
[4.401s] Level 1:colcon.colcon_core.environment:create_environment_scripts_only(glad_voice)
[4.402s] INFO:colcon.colcon_core.shell:Creating package script '/root/glad_ws/install/glad_voice/share/glad_voice/package.ps1'
[4.405s] INFO:colcon.colcon_core.shell:Creating package descriptor '/root/glad_ws/install/glad_voice/share/glad_voice/package.dsv'
[4.408s] INFO:colcon.colcon_core.shell:Creating package script '/root/glad_ws/install/glad_voice/share/glad_voice/package.sh'
[4.412s] INFO:colcon.colcon_core.shell:Creating package script '/root/glad_ws/install/glad_voice/share/glad_voice/package.bash'
[4.415s] INFO:colcon.colcon_core.shell:Creating package script '/root/glad_ws/install/glad_voice/share/glad_voice/package.zsh'
[4.418s] Level 1:colcon.colcon_core.environment:create_file_with_runtime_dependencies(/root/glad_ws/install/glad_voice/share/colcon-core/packages/glad_voice)
[4.419s] DEBUG:colcon.colcon_parallel_executor.executor.parallel:closing loop
[4.419s] DEBUG:colcon.colcon_parallel_executor.executor.parallel:loop closed
[4.420s] DEBUG:colcon.colcon_parallel_executor.executor.parallel:run_until_complete finished with '0'
[4.420s] DEBUG:colcon.colcon_core.event_reactor:joining thread
[4.440s] INFO:colcon.colcon_core.plugin_system:Skipping extension 'colcon_notification.desktop_notification.notify_send': Could not find 'notify-send'
[4.441s] INFO:colcon.colcon_core.plugin_system:Skipping extension 'colcon_notification.desktop_notification.terminal_notifier': Not used on non-Darwin systems
[4.442s] INFO:colcon.colcon_core.plugin_system:Skipping extension 'colcon_notification.desktop_notification.win32': Not used on non-Windows systems
[4.442s] INFO:colcon.colcon_notification.desktop_notification:Sending desktop notification using 'notify2'
[4.448s] DEBUG:colcon.colcon_notification.desktop_notification.notify2:Failed to initialize notify2: org.freedesktop.DBus.Error.Spawn.ExecFailed: /usr/bin/dbus-launch terminated abnormally without any error message
[4.449s] DEBUG:colcon.colcon_core.event_reactor:joined thread
[4.450s] INFO:colcon.colcon_core.shell:Creating prefix script '/root/glad_ws/install/local_setup.ps1'
[4.455s] INFO:colcon.colcon_core.shell:Creating prefix util module '/root/glad_ws/install/_local_setup_util_ps1.py'
[4.461s] INFO:colcon.colcon_core.shell:Creating prefix chain script '/root/glad_ws/install/setup.ps1'
[4.466s] INFO:colcon.colcon_core.shell:Creating prefix script '/root/glad_ws/install/local_setup.sh'
[4.471s] INFO:colcon.colcon_core.shell:Creating prefix util module '/root/glad_ws/install/_local_setup_util_sh.py'
[4.475s] INFO:colcon.colcon_core.shell:Creating prefix chain script '/root/glad_ws/install/setup.sh'
[4.479s] INFO:colcon.colcon_core.shell:Creating prefix script '/root/glad_ws/install/local_setup.bash'
[4.482s] INFO:colcon.colcon_core.shell:Creating prefix chain script '/root/glad_ws/install/setup.bash'
[4.486s] INFO:colcon.colcon_core.shell:Creating prefix script '/root/glad_ws/install/local_setup.zsh'
[4.488s] INFO:colcon.colcon_core.shell:Creating prefix chain script '/root/glad_ws/install/setup.zsh'
