[4.644s] Invoking command in '/root/glad_ws/src/glad_voice': PYTHONPATH=/root/glad_ws/build/glad_voice/prefix_override:/usr/lib/python3/dist-packages/colcon_core/task/python/colcon_distutils_commands:/root/glad_ws/install/glad_voice/lib/python3.10/site-packages:${PYTHONPATH} /usr/bin/python3 -W ignore:setup.py install is deprecated -W ignore:easy_install command is deprecated setup.py egg_info --egg-base ../../build/glad_voice build --build-base /root/glad_ws/build/glad_voice/build install --record /root/glad_ws/build/glad_voice/install.log --single-version-externally-managed install_data
[5.873s] running egg_info
[5.878s] writing ../../build/glad_voice/glad_voice.egg-info/PKG-INFO
[5.880s] writing dependency_links to ../../build/glad_voice/glad_voice.egg-info/dependency_links.txt
[5.881s] writing entry points to ../../build/glad_voice/glad_voice.egg-info/entry_points.txt
[5.881s] writing requirements to ../../build/glad_voice/glad_voice.egg-info/requires.txt
[5.884s] writing top-level names to ../../build/glad_voice/glad_voice.egg-info/top_level.txt
[5.888s] reading manifest file '../../build/glad_voice/glad_voice.egg-info/SOURCES.txt'
[5.892s] writing manifest file '../../build/glad_voice/glad_voice.egg-info/SOURCES.txt'
[5.895s] running build
[5.895s] running build_py
[5.896s] running install
[5.899s] running install_lib
[5.902s] running install_data
[5.902s] running install_egg_info
[5.910s] removing '/root/glad_ws/install/glad_voice/lib/python3.10/site-packages/glad_voice-0.0.0-py3.10.egg-info' (and everything under it)
[5.920s] Copying ../../build/glad_voice/glad_voice.egg-info to /root/glad_ws/install/glad_voice/lib/python3.10/site-packages/glad_voice-0.0.0-py3.10.egg-info
[5.927s] running install_scripts
[6.041s] Installing voice_assistant script to /root/glad_ws/install/glad_voice/lib/glad_voice
[6.047s] writing list of installed files to '/root/glad_ws/build/glad_voice/install.log'
[6.183s] Invoked command in '/root/glad_ws/src/glad_voice' returned '0': PYTHONPATH=/root/glad_ws/build/glad_voice/prefix_override:/usr/lib/python3/dist-packages/colcon_core/task/python/colcon_distutils_commands:/root/glad_ws/install/glad_voice/lib/python3.10/site-packages:${PYTHONPATH} /usr/bin/python3 -W ignore:setup.py install is deprecated -W ignore:easy_install command is deprecated setup.py egg_info --egg-base ../../build/glad_voice build --build-base /root/glad_ws/build/glad_voice/build install --record /root/glad_ws/build/glad_voice/install.log --single-version-externally-managed install_data
