[2.817s] Invoking command in '/root/glad_ws/src/myimu': PYTHONPATH=/root/glad_ws/build/myimu/prefix_override:/usr/lib/python3/dist-packages/colcon_core/task/python/colcon_distutils_commands:/root/glad_ws/install/myimu/lib/python3.10/site-packages:${PYTHONPATH} /usr/bin/python3 -W ignore:setup.py install is deprecated -W ignore:easy_install command is deprecated setup.py egg_info --egg-base ../../build/myimu build --build-base /root/glad_ws/build/myimu/build install --record /root/glad_ws/build/myimu/install.log --single-version-externally-managed install_data
[3.817s] running egg_info
[3.820s] writing ../../build/myimu/myimu.egg-info/PKG-INFO
[3.821s] writing dependency_links to ../../build/myimu/myimu.egg-info/dependency_links.txt
[3.824s] writing entry points to ../../build/myimu/myimu.egg-info/entry_points.txt
[3.856s] writing requirements to ../../build/myimu/myimu.egg-info/requires.txt
[3.874s] writing top-level names to ../../build/myimu/myimu.egg-info/top_level.txt
[3.887s] reading manifest file '../../build/myimu/myimu.egg-info/SOURCES.txt'
[3.893s] writing manifest file '../../build/myimu/myimu.egg-info/SOURCES.txt'
[3.893s] running build
[3.896s] running build_py
[3.900s] running install
[3.900s] running install_lib
[3.905s] running install_data
[3.905s] running install_egg_info
[3.913s] removing '/root/glad_ws/install/myimu/lib/python3.10/site-packages/myimu-0.0.0-py3.10.egg-info' (and everything under it)
[3.916s] Copying ../../build/myimu/myimu.egg-info to /root/glad_ws/install/myimu/lib/python3.10/site-packages/myimu-0.0.0-py3.10.egg-info
[3.920s] running install_scripts
[4.009s] Installing imupub script to /root/glad_ws/install/myimu/lib/myimu
[4.011s] writing list of installed files to '/root/glad_ws/build/myimu/install.log'
[4.138s] Invoked command in '/root/glad_ws/src/myimu' returned '0': PYTHONPATH=/root/glad_ws/build/myimu/prefix_override:/usr/lib/python3/dist-packages/colcon_core/task/python/colcon_distutils_commands:/root/glad_ws/install/myimu/lib/python3.10/site-packages:${PYTHONPATH} /usr/bin/python3 -W ignore:setup.py install is deprecated -W ignore:easy_install command is deprecated setup.py egg_info --egg-base ../../build/myimu build --build-base /root/glad_ws/build/myimu/build install --record /root/glad_ws/build/myimu/install.log --single-version-externally-managed install_data
