[3.430s] Invoking command in '/root/glad_ws/src/myimu': PYTHONPATH=/root/glad_ws/build/myimu/prefix_override:/usr/lib/python3/dist-packages/colcon_core/task/python/colcon_distutils_commands:/root/glad_ws/install/myimu/lib/python3.10/site-packages:${PYTHONPATH} /usr/bin/python3 -W ignore:setup.py install is deprecated -W ignore:easy_install command is deprecated setup.py egg_info --egg-base ../../build/myimu build --build-base /root/glad_ws/build/myimu/build install --record /root/glad_ws/build/myimu/install.log --single-version-externally-managed install_data
[4.323s] running egg_info
[4.325s] writing ../../build/myimu/myimu.egg-info/PKG-INFO
[4.327s] writing dependency_links to ../../build/myimu/myimu.egg-info/dependency_links.txt
[4.329s] writing entry points to ../../build/myimu/myimu.egg-info/entry_points.txt
[4.331s] writing requirements to ../../build/myimu/myimu.egg-info/requires.txt
[4.331s] writing top-level names to ../../build/myimu/myimu.egg-info/top_level.txt
[4.342s] reading manifest file '../../build/myimu/myimu.egg-info/SOURCES.txt'
[4.343s] writing manifest file '../../build/myimu/myimu.egg-info/SOURCES.txt'
[4.343s] running build
[4.344s] running build_py
[4.347s] copying myimu/imupublisher.py -> /root/glad_ws/build/myimu/build/lib/myimu
[4.348s] running install
[4.348s] running install_lib
[4.350s] copying /root/glad_ws/build/myimu/build/lib/myimu/imupublisher.py -> /root/glad_ws/install/myimu/lib/python3.10/site-packages/myimu
[4.353s] byte-compiling /root/glad_ws/install/myimu/lib/python3.10/site-packages/myimu/imupublisher.py to imupublisher.cpython-310.pyc
[4.357s] running install_data
[4.358s] running install_egg_info
[4.365s] removing '/root/glad_ws/install/myimu/lib/python3.10/site-packages/myimu-0.0.0-py3.10.egg-info' (and everything under it)
[4.371s] Copying ../../build/myimu/myimu.egg-info to /root/glad_ws/install/myimu/lib/python3.10/site-packages/myimu-0.0.0-py3.10.egg-info
[4.374s] running install_scripts
[4.467s] Installing imuodom script to /root/glad_ws/install/myimu/lib/myimu
[4.469s] Installing imupub script to /root/glad_ws/install/myimu/lib/myimu
[4.474s] writing list of installed files to '/root/glad_ws/build/myimu/install.log'
[4.642s] Invoked command in '/root/glad_ws/src/myimu' returned '0': PYTHONPATH=/root/glad_ws/build/myimu/prefix_override:/usr/lib/python3/dist-packages/colcon_core/task/python/colcon_distutils_commands:/root/glad_ws/install/myimu/lib/python3.10/site-packages:${PYTHONPATH} /usr/bin/python3 -W ignore:setup.py install is deprecated -W ignore:easy_install command is deprecated setup.py egg_info --egg-base ../../build/myimu build --build-base /root/glad_ws/build/myimu/build install --record /root/glad_ws/build/myimu/install.log --single-version-externally-managed install_data
