[0.091s] Invoking command in '/root/glad_ws/build/bringup': CMAKE_PREFIX_PATH=/opt/ros/humble /usr/bin/cmake --build /root/glad_ws/build/bringup -- -j4 -l4
[2.934s] Invoked command in '/root/glad_ws/build/bringup' returned '0': CMAKE_PREFIX_PATH=/opt/ros/humble /usr/bin/cmake --build /root/glad_ws/build/bringup -- -j4 -l4
[2.964s] Invoking command in '/root/glad_ws/build/bringup': CMAKE_PREFIX_PATH=/opt/ros/humble /usr/bin/cmake --install /root/glad_ws/build/bringup
[2.989s] -- Install configuration: ""
[3.001s] -- Up-to-date: /root/glad_ws/install/bringup/share/bringup/launch
[3.001s] -- Up-to-date: /root/glad_ws/install/bringup/share/bringup/launch/sensorbringup.launch.py
[3.002s] -- Up-to-date: /root/glad_ws/install/bringup/share/bringup/config
[3.002s] -- Up-to-date: /root/glad_ws/install/bringup/share/bringup/config/ekf_config.yaml
[3.002s] -- Up-to-date: /root/glad_ws/install/bringup/share/ament_index/resource_index/package_run_dependencies/bringup
[3.003s] -- Up-to-date: /root/glad_ws/install/bringup/share/ament_index/resource_index/parent_prefix_path/bringup
[3.003s] -- Up-to-date: /root/glad_ws/install/bringup/share/bringup/environment/ament_prefix_path.sh
[3.003s] -- Up-to-date: /root/glad_ws/install/bringup/share/bringup/environment/ament_prefix_path.dsv
[3.003s] -- Up-to-date: /root/glad_ws/install/bringup/share/bringup/environment/path.sh
[3.004s] -- Up-to-date: /root/glad_ws/install/bringup/share/bringup/environment/path.dsv
[3.012s] -- Up-to-date: /root/glad_ws/install/bringup/share/bringup/local_setup.bash
[3.015s] -- Up-to-date: /root/glad_ws/install/bringup/share/bringup/local_setup.sh
[3.016s] -- Up-to-date: /root/glad_ws/install/bringup/share/bringup/local_setup.zsh
[3.017s] -- Up-to-date: /root/glad_ws/install/bringup/share/bringup/local_setup.dsv
[3.017s] -- Installing: /root/glad_ws/install/bringup/share/bringup/package.dsv
[3.017s] -- Up-to-date: /root/glad_ws/install/bringup/share/ament_index/resource_index/packages/bringup
[3.018s] -- Up-to-date: /root/glad_ws/install/bringup/share/bringup/cmake/bringupConfig.cmake
[3.018s] -- Up-to-date: /root/glad_ws/install/bringup/share/bringup/cmake/bringupConfig-version.cmake
[3.019s] -- Up-to-date: /root/glad_ws/install/bringup/share/bringup/package.xml
[3.025s] Invoked command in '/root/glad_ws/build/bringup' returned '0': CMAKE_PREFIX_PATH=/opt/ros/humble /usr/bin/cmake --install /root/glad_ws/build/bringup
