[4.945s] Invoking command in '/root/glad_ws/src/glad_voice': PYTHONPATH=/root/glad_ws/build/glad_voice/prefix_override:/usr/lib/python3/dist-packages/colcon_core/task/python/colcon_distutils_commands:/root/glad_ws/install/glad_voice/lib/python3.10/site-packages:${PYTHONPATH} /usr/bin/python3 -W ignore:setup.py install is deprecated -W ignore:easy_install command is deprecated setup.py egg_info --egg-base ../../build/glad_voice build --build-base /root/glad_ws/build/glad_voice/build install --record /root/glad_ws/build/glad_voice/install.log --single-version-externally-managed install_data
[6.072s] running egg_info
[6.076s] writing ../../build/glad_voice/glad_voice.egg-info/PKG-INFO
[6.078s] writing dependency_links to ../../build/glad_voice/glad_voice.egg-info/dependency_links.txt
[6.081s] writing entry points to ../../build/glad_voice/glad_voice.egg-info/entry_points.txt
[6.084s] writing requirements to ../../build/glad_voice/glad_voice.egg-info/requires.txt
[6.084s] writing top-level names to ../../build/glad_voice/glad_voice.egg-info/top_level.txt
[6.093s] reading manifest file '../../build/glad_voice/glad_voice.egg-info/SOURCES.txt'
[6.099s] writing manifest file '../../build/glad_voice/glad_voice.egg-info/SOURCES.txt'
[6.101s] running build
[6.102s] running build_py
[6.102s] running install
[6.105s] running install_lib
[6.109s] running install_data
[6.110s] running install_egg_info
[6.121s] removing '/root/glad_ws/install/glad_voice/lib/python3.10/site-packages/glad_voice-0.0.0-py3.10.egg-info' (and everything under it)
[6.122s] Copying ../../build/glad_voice/glad_voice.egg-info to /root/glad_ws/install/glad_voice/lib/python3.10/site-packages/glad_voice-0.0.0-py3.10.egg-info
[6.125s] running install_scripts
[6.229s] Installing voice_assistant script to /root/glad_ws/install/glad_voice/lib/glad_voice
[6.231s] writing list of installed files to '/root/glad_ws/build/glad_voice/install.log'
[6.443s] Invoked command in '/root/glad_ws/src/glad_voice' returned '0': PYTHONPATH=/root/glad_ws/build/glad_voice/prefix_override:/usr/lib/python3/dist-packages/colcon_core/task/python/colcon_distutils_commands:/root/glad_ws/install/glad_voice/lib/python3.10/site-packages:${PYTHONPATH} /usr/bin/python3 -W ignore:setup.py install is deprecated -W ignore:easy_install command is deprecated setup.py egg_info --egg-base ../../build/glad_voice build --build-base /root/glad_ws/build/glad_voice/build install --record /root/glad_ws/build/glad_voice/install.log --single-version-externally-managed install_data
