[5.109s] Invoking command in '/root/glad_ws/src/glad_voice': PYTHONPATH=/root/glad_ws/build/glad_voice/prefix_override:/usr/lib/python3/dist-packages/colcon_core/task/python/colcon_distutils_commands:/root/glad_ws/install/glad_voice/lib/python3.10/site-packages:${PYTHONPATH} /usr/bin/python3 -W ignore:setup.py install is deprecated -W ignore:easy_install command is deprecated setup.py egg_info --egg-base ../../build/glad_voice build --build-base /root/glad_ws/build/glad_voice/build install --record /root/glad_ws/build/glad_voice/install.log --single-version-externally-managed install_data
[6.212s] running egg_info
[6.215s] writing ../../build/glad_voice/glad_voice.egg-info/PKG-INFO
[6.218s] writing dependency_links to ../../build/glad_voice/glad_voice.egg-info/dependency_links.txt
[6.219s] writing entry points to ../../build/glad_voice/glad_voice.egg-info/entry_points.txt
[6.222s] writing requirements to ../../build/glad_voice/glad_voice.egg-info/requires.txt
[6.222s] writing top-level names to ../../build/glad_voice/glad_voice.egg-info/top_level.txt
[6.230s] reading manifest file '../../build/glad_voice/glad_voice.egg-info/SOURCES.txt'
[6.235s] writing manifest file '../../build/glad_voice/glad_voice.egg-info/SOURCES.txt'
[6.237s] running build
[6.237s] running build_py
[6.239s] running install
[6.241s] running install_lib
[6.248s] running install_data
[6.252s] running install_egg_info
[6.264s] removing '/root/glad_ws/install/glad_voice/lib/python3.10/site-packages/glad_voice-0.0.0-py3.10.egg-info' (and everything under it)
[6.277s] Copying ../../build/glad_voice/glad_voice.egg-info to /root/glad_ws/install/glad_voice/lib/python3.10/site-packages/glad_voice-0.0.0-py3.10.egg-info
[6.300s] running install_scripts
[6.428s] Installing voice_assistant script to /root/glad_ws/install/glad_voice/lib/glad_voice
[6.437s] writing list of installed files to '/root/glad_ws/build/glad_voice/install.log'
[6.726s] Invoked command in '/root/glad_ws/src/glad_voice' returned '0': PYTHONPATH=/root/glad_ws/build/glad_voice/prefix_override:/usr/lib/python3/dist-packages/colcon_core/task/python/colcon_distutils_commands:/root/glad_ws/install/glad_voice/lib/python3.10/site-packages:${PYTHONPATH} /usr/bin/python3 -W ignore:setup.py install is deprecated -W ignore:easy_install command is deprecated setup.py egg_info --egg-base ../../build/glad_voice build --build-base /root/glad_ws/build/glad_voice/build install --record /root/glad_ws/build/glad_voice/install.log --single-version-externally-managed install_data
