[2.234s] Invoking command in '/root/glad_ws/src/myimu': PYTHONPATH=/root/glad_ws/build/myimu/prefix_override:/usr/lib/python3/dist-packages/colcon_core/task/python/colcon_distutils_commands:/root/glad_ws/install/myimu/lib/python3.10/site-packages:${PYTHONPATH} /usr/bin/python3 -W ignore:setup.py install is deprecated -W ignore:easy_install command is deprecated setup.py egg_info --egg-base ../../build/myimu build --build-base /root/glad_ws/build/myimu/build install --record /root/glad_ws/build/myimu/install.log --single-version-externally-managed install_data
[2.977s] running egg_info
[2.980s] writing ../../build/myimu/myimu.egg-info/PKG-INFO
[2.981s] writing dependency_links to ../../build/myimu/myimu.egg-info/dependency_links.txt
[2.982s] writing entry points to ../../build/myimu/myimu.egg-info/entry_points.txt
[2.983s] writing requirements to ../../build/myimu/myimu.egg-info/requires.txt
[2.984s] writing top-level names to ../../build/myimu/myimu.egg-info/top_level.txt
[2.990s] reading manifest file '../../build/myimu/myimu.egg-info/SOURCES.txt'
[2.994s] writing manifest file '../../build/myimu/myimu.egg-info/SOURCES.txt'
[2.994s] running build
[2.994s] running build_py
[2.995s] running install
[2.997s] running install_lib
[3.001s] running install_data
[3.002s] running install_egg_info
[3.010s] removing '/root/glad_ws/install/myimu/lib/python3.10/site-packages/myimu-0.0.0-py3.10.egg-info' (and everything under it)
[3.014s] Copying ../../build/myimu/myimu.egg-info to /root/glad_ws/install/myimu/lib/python3.10/site-packages/myimu-0.0.0-py3.10.egg-info
[3.014s] running install_scripts
[3.085s] Installing imupub script to /root/glad_ws/install/myimu/lib/myimu
[3.086s] writing list of installed files to '/root/glad_ws/build/myimu/install.log'
[3.191s] Invoked command in '/root/glad_ws/src/myimu' returned '0': PYTHONPATH=/root/glad_ws/build/myimu/prefix_override:/usr/lib/python3/dist-packages/colcon_core/task/python/colcon_distutils_commands:/root/glad_ws/install/myimu/lib/python3.10/site-packages:${PYTHONPATH} /usr/bin/python3 -W ignore:setup.py install is deprecated -W ignore:easy_install command is deprecated setup.py egg_info --egg-base ../../build/myimu build --build-base /root/glad_ws/build/myimu/build install --record /root/glad_ws/build/myimu/install.log --single-version-externally-managed install_data
