[2.071s] Invoking command in '/root/glad_ws/src/glad_voice': PYTHONPATH=/root/glad_ws/build/glad_voice/prefix_override:/usr/lib/python3/dist-packages/colcon_core/task/python/colcon_distutils_commands:/root/glad_ws/install/glad_voice/lib/python3.10/site-packages:${PYTHONPATH} /usr/bin/python3 -W ignore:setup.py install is deprecated -W ignore:easy_install command is deprecated setup.py egg_info --egg-base ../../build/glad_voice build --build-base /root/glad_ws/build/glad_voice/build install --record /root/glad_ws/build/glad_voice/install.log --single-version-externally-managed install_data
[2.901s] running egg_info
[2.904s] writing ../../build/glad_voice/glad_voice.egg-info/PKG-INFO
[2.905s] writing dependency_links to ../../build/glad_voice/glad_voice.egg-info/dependency_links.txt
[2.906s] writing entry points to ../../build/glad_voice/glad_voice.egg-info/entry_points.txt
[2.907s] writing requirements to ../../build/glad_voice/glad_voice.egg-info/requires.txt
[2.907s] writing top-level names to ../../build/glad_voice/glad_voice.egg-info/top_level.txt
[2.914s] reading manifest file '../../build/glad_voice/glad_voice.egg-info/SOURCES.txt'
[2.917s] writing manifest file '../../build/glad_voice/glad_voice.egg-info/SOURCES.txt'
[2.918s] running build
[2.918s] running build_py
[2.919s] copying glad_voice/voice_assistant.py -> /root/glad_ws/build/glad_voice/build/lib/glad_voice
[2.920s] running install
[2.922s] running install_lib
[2.925s] copying /root/glad_ws/build/glad_voice/build/lib/glad_voice/voice_assistant.py -> /root/glad_ws/install/glad_voice/lib/python3.10/site-packages/glad_voice
[2.929s] byte-compiling /root/glad_ws/install/glad_voice/lib/python3.10/site-packages/glad_voice/voice_assistant.py to voice_assistant.cpython-310.pyc
[2.933s] running install_data
[2.933s] running install_egg_info
[2.941s] removing '/root/glad_ws/install/glad_voice/lib/python3.10/site-packages/glad_voice-0.0.0-py3.10.egg-info' (and everything under it)
[2.943s] Copying ../../build/glad_voice/glad_voice.egg-info to /root/glad_ws/install/glad_voice/lib/python3.10/site-packages/glad_voice-0.0.0-py3.10.egg-info
[2.951s] running install_scripts
[3.021s] Installing voice_assistant script to /root/glad_ws/install/glad_voice/lib/glad_voice
[3.023s] writing list of installed files to '/root/glad_ws/build/glad_voice/install.log'
[3.129s] Invoked command in '/root/glad_ws/src/glad_voice' returned '0': PYTHONPATH=/root/glad_ws/build/glad_voice/prefix_override:/usr/lib/python3/dist-packages/colcon_core/task/python/colcon_distutils_commands:/root/glad_ws/install/glad_voice/lib/python3.10/site-packages:${PYTHONPATH} /usr/bin/python3 -W ignore:setup.py install is deprecated -W ignore:easy_install command is deprecated setup.py egg_info --egg-base ../../build/glad_voice build --build-base /root/glad_ws/build/glad_voice/build install --record /root/glad_ws/build/glad_voice/install.log --single-version-externally-managed install_data
