[0.096s] Invoking command in '/root/glad_ws/build/bringup': CMAKE_PREFIX_PATH=${CMAKE_PREFIX_PATH}:/root/glad_ws/install/myimu:/root/glad_ws/install/glad_motor_controller:/opt/ros/humble /usr/bin/cmake --build /root/glad_ws/build/bringup -- -j4 -l4
[1.952s] Invoked command in '/root/glad_ws/build/bringup' returned '0': CMAKE_PREFIX_PATH=${CMAKE_PREFIX_PATH}:/root/glad_ws/install/myimu:/root/glad_ws/install/glad_motor_controller:/opt/ros/humble /usr/bin/cmake --build /root/glad_ws/build/bringup -- -j4 -l4
[1.986s] Invoking command in '/root/glad_ws/build/bringup': CMAKE_PREFIX_PATH=${CMAKE_PREFIX_PATH}:/root/glad_ws/install/myimu:/root/glad_ws/install/glad_motor_controller:/opt/ros/humble /usr/bin/cmake --install /root/glad_ws/build/bringup
[2.010s] -- Install configuration: ""
[2.013s] -- Up-to-date: /root/glad_ws/install/bringup/share/bringup/launch
[2.017s] -- Up-to-date: /root/glad_ws/install/bringup/share/bringup/launch/sensorbringup.launch.py
[2.020s] -- Up-to-date: /root/glad_ws/install/bringup/share/bringup/config
[2.021s] -- Installing: /root/glad_ws/install/bringup/share/bringup/config/ekf_config.yaml
[2.021s] -- Up-to-date: /root/glad_ws/install/bringup/share/ament_index/resource_index/package_run_dependencies/bringup
[2.022s] -- Up-to-date: /root/glad_ws/install/bringup/share/ament_index/resource_index/parent_prefix_path/bringup
[2.026s] -- Up-to-date: /root/glad_ws/install/bringup/share/bringup/environment/ament_prefix_path.sh
[2.027s] -- Up-to-date: /root/glad_ws/install/bringup/share/bringup/environment/ament_prefix_path.dsv
[2.027s] -- Up-to-date: /root/glad_ws/install/bringup/share/bringup/environment/path.sh
[2.028s] -- Up-to-date: /root/glad_ws/install/bringup/share/bringup/environment/path.dsv
[2.029s] -- Up-to-date: /root/glad_ws/install/bringup/share/bringup/local_setup.bash
[2.033s] -- Up-to-date: /root/glad_ws/install/bringup/share/bringup/local_setup.sh
[2.034s] -- Up-to-date: /root/glad_ws/install/bringup/share/bringup/local_setup.zsh
[2.037s] -- Up-to-date: /root/glad_ws/install/bringup/share/bringup/local_setup.dsv
[2.041s] -- Installing: /root/glad_ws/install/bringup/share/bringup/package.dsv
[2.042s] -- Up-to-date: /root/glad_ws/install/bringup/share/ament_index/resource_index/packages/bringup
[2.042s] -- Up-to-date: /root/glad_ws/install/bringup/share/bringup/cmake/bringupConfig.cmake
[2.043s] -- Up-to-date: /root/glad_ws/install/bringup/share/bringup/cmake/bringupConfig-version.cmake
[2.046s] -- Up-to-date: /root/glad_ws/install/bringup/share/bringup/package.xml
[2.046s] Invoked command in '/root/glad_ws/build/bringup' returned '0': CMAKE_PREFIX_PATH=${CMAKE_PREFIX_PATH}:/root/glad_ws/install/myimu:/root/glad_ws/install/glad_motor_controller:/opt/ros/humble /usr/bin/cmake --install /root/glad_ws/build/bringup
