[0.047s] Invoking command in '/root/glad_ws/build/rf2o_laser_odometry': CMAKE_PREFIX_PATH=${CMAKE_PREFIX_PATH}:/root/glad_ws/install/myimu:/root/glad_ws/install/glad_voice:/root/glad_ws/install/glad_motor_controller:/opt/ros/humble /usr/bin/cmake --build /root/glad_ws/build/rf2o_laser_odometry -- -j4 -l4
[0.346s] [ 60%] Built target rf2o_laser_odometry_node
[0.358s] [100%] Built target rf2o_laser_odometry
[0.419s] Invoked command in '/root/glad_ws/build/rf2o_laser_odometry' returned '0': CMAKE_PREFIX_PATH=${CMAKE_PREFIX_PATH}:/root/glad_ws/install/myimu:/root/glad_ws/install/glad_voice:/root/glad_ws/install/glad_motor_controller:/opt/ros/humble /usr/bin/cmake --build /root/glad_ws/build/rf2o_laser_odometry -- -j4 -l4
[0.432s] Invoking command in '/root/glad_ws/build/rf2o_laser_odometry': CMAKE_PREFIX_PATH=${CMAKE_PREFIX_PATH}:/root/glad_ws/install/myimu:/root/glad_ws/install/glad_voice:/root/glad_ws/install/glad_motor_controller:/opt/ros/humble /usr/bin/cmake --install /root/glad_ws/build/rf2o_laser_odometry
[0.471s] -- Install configuration: ""
[0.472s] -- Up-to-date: /root/glad_ws/install/rf2o_laser_odometry/lib/rf2o_laser_odometry/rf2o_laser_odometry_node
[0.473s] -- Up-to-date: /root/glad_ws/install/rf2o_laser_odometry/share/rf2o_laser_odometry/launch
[0.475s] -- Up-to-date: /root/glad_ws/install/rf2o_laser_odometry/share/rf2o_laser_odometry/launch/lidar_odom.launch.py
[0.475s] -- Up-to-date: /root/glad_ws/install/rf2o_laser_odometry/share/rf2o_laser_odometry/launch/rf2o_laser_odometry.launch.py
[0.476s] -- Up-to-date: /root/glad_ws/install/rf2o_laser_odometry/share/ament_index/resource_index/package_run_dependencies/rf2o_laser_odometry
[0.476s] -- Up-to-date: /root/glad_ws/install/rf2o_laser_odometry/share/ament_index/resource_index/parent_prefix_path/rf2o_laser_odometry
[0.477s] -- Up-to-date: /root/glad_ws/install/rf2o_laser_odometry/share/rf2o_laser_odometry/environment/ament_prefix_path.sh
[0.477s] -- Up-to-date: /root/glad_ws/install/rf2o_laser_odometry/share/rf2o_laser_odometry/environment/ament_prefix_path.dsv
[0.486s] -- Up-to-date: /root/glad_ws/install/rf2o_laser_odometry/share/rf2o_laser_odometry/environment/path.sh
[0.491s] -- Up-to-date: /root/glad_ws/install/rf2o_laser_odometry/share/rf2o_laser_odometry/environment/path.dsv
[0.491s] -- Up-to-date: /root/glad_ws/install/rf2o_laser_odometry/share/rf2o_laser_odometry/local_setup.bash
[0.492s] -- Up-to-date: /root/glad_ws/install/rf2o_laser_odometry/share/rf2o_laser_odometry/local_setup.sh
[0.492s] -- Up-to-date: /root/glad_ws/install/rf2o_laser_odometry/share/rf2o_laser_odometry/local_setup.zsh
[0.493s] -- Up-to-date: /root/glad_ws/install/rf2o_laser_odometry/share/rf2o_laser_odometry/local_setup.dsv
[0.493s] -- Installing: /root/glad_ws/install/rf2o_laser_odometry/share/rf2o_laser_odometry/package.dsv
[0.493s] -- Up-to-date: /root/glad_ws/install/rf2o_laser_odometry/share/ament_index/resource_index/packages/rf2o_laser_odometry
[0.503s] -- Up-to-date: /root/glad_ws/install/rf2o_laser_odometry/share/rf2o_laser_odometry/cmake/rf2o_laser_odometryConfig.cmake
[0.504s] -- Up-to-date: /root/glad_ws/install/rf2o_laser_odometry/share/rf2o_laser_odometry/cmake/rf2o_laser_odometryConfig-version.cmake
[0.504s] -- Up-to-date: /root/glad_ws/install/rf2o_laser_odometry/share/rf2o_laser_odometry/package.xml
[0.505s] Invoked command in '/root/glad_ws/build/rf2o_laser_odometry' returned '0': CMAKE_PREFIX_PATH=${CMAKE_PREFIX_PATH}:/root/glad_ws/install/myimu:/root/glad_ws/install/glad_voice:/root/glad_ws/install/glad_motor_controller:/opt/ros/humble /usr/bin/cmake --install /root/glad_ws/build/rf2o_laser_odometry
