-- Install configuration: ""
-- Up-to-date: /root/glad_ws/install/bringup/share/bringup/launch
-- Up-to-date: /root/glad_ws/install/bringup/share/bringup/launch/sensorbringup.launch.py
-- Up-to-date: /root/glad_ws/install/bringup/share/bringup/config
-- Up-to-date: /root/glad_ws/install/bringup/share/bringup/config/ekf_config.yaml
-- Up-to-date: /root/glad_ws/install/bringup/share/ament_index/resource_index/package_run_dependencies/bringup
-- Up-to-date: /root/glad_ws/install/bringup/share/ament_index/resource_index/parent_prefix_path/bringup
-- Up-to-date: /root/glad_ws/install/bringup/share/bringup/environment/ament_prefix_path.sh
-- Up-to-date: /root/glad_ws/install/bringup/share/bringup/environment/ament_prefix_path.dsv
-- Up-to-date: /root/glad_ws/install/bringup/share/bringup/environment/path.sh
-- Up-to-date: /root/glad_ws/install/bringup/share/bringup/environment/path.dsv
-- Up-to-date: /root/glad_ws/install/bringup/share/bringup/local_setup.bash
-- Up-to-date: /root/glad_ws/install/bringup/share/bringup/local_setup.sh
-- Up-to-date: /root/glad_ws/install/bringup/share/bringup/local_setup.zsh
-- Up-to-date: /root/glad_ws/install/bringup/share/bringup/local_setup.dsv
-- Installing: /root/glad_ws/install/bringup/share/bringup/package.dsv
-- Up-to-date: /root/glad_ws/install/bringup/share/ament_index/resource_index/packages/bringup
-- Up-to-date: /root/glad_ws/install/bringup/share/bringup/cmake/bringupConfig.cmake
-- Up-to-date: /root/glad_ws/install/bringup/share/bringup/cmake/bringupConfig-version.cmake
-- Up-to-date: /root/glad_ws/install/bringup/share/bringup/package.xml
