[2.287s] Invoking command in '/root/glad_ws/src/myimu': PYTHONPATH=/root/glad_ws/build/myimu/prefix_override:/usr/lib/python3/dist-packages/colcon_core/task/python/colcon_distutils_commands:/root/glad_ws/install/myimu/lib/python3.10/site-packages:${PYTHONPATH} /usr/bin/python3 -W ignore:setup.py install is deprecated -W ignore:easy_install command is deprecated setup.py egg_info --egg-base ../../build/myimu build --build-base /root/glad_ws/build/myimu/build install --record /root/glad_ws/build/myimu/install.log --single-version-externally-managed install_data
[3.026s] running egg_info
[3.029s] writing ../../build/myimu/myimu.egg-info/PKG-INFO
[3.032s] writing dependency_links to ../../build/myimu/myimu.egg-info/dependency_links.txt
[3.032s] writing entry points to ../../build/myimu/myimu.egg-info/entry_points.txt
[3.033s] writing requirements to ../../build/myimu/myimu.egg-info/requires.txt
[3.033s] writing top-level names to ../../build/myimu/myimu.egg-info/top_level.txt
[3.041s] reading manifest file '../../build/myimu/myimu.egg-info/SOURCES.txt'
[3.045s] writing manifest file '../../build/myimu/myimu.egg-info/SOURCES.txt'
[3.046s] running build
[3.046s] running build_py
[3.047s] running install
[3.047s] running install_lib
[3.052s] running install_data
[3.052s] running install_egg_info
[3.059s] removing '/root/glad_ws/install/myimu/lib/python3.10/site-packages/myimu-0.0.0-py3.10.egg-info' (and everything under it)
[3.062s] Copying ../../build/myimu/myimu.egg-info to /root/glad_ws/install/myimu/lib/python3.10/site-packages/myimu-0.0.0-py3.10.egg-info
[3.065s] running install_scripts
[3.137s] Installing imupub script to /root/glad_ws/install/myimu/lib/myimu
[3.138s] writing list of installed files to '/root/glad_ws/build/myimu/install.log'
[3.244s] Invoked command in '/root/glad_ws/src/myimu' returned '0': PYTHONPATH=/root/glad_ws/build/myimu/prefix_override:/usr/lib/python3/dist-packages/colcon_core/task/python/colcon_distutils_commands:/root/glad_ws/install/myimu/lib/python3.10/site-packages:${PYTHONPATH} /usr/bin/python3 -W ignore:setup.py install is deprecated -W ignore:easy_install command is deprecated setup.py egg_info --egg-base ../../build/myimu build --build-base /root/glad_ws/build/myimu/build install --record /root/glad_ws/build/myimu/install.log --single-version-externally-managed install_data
