[0.992s] DEBUG:colcon:Command line arguments: ['/usr/bin/colcon', 'build']
[0.993s] DEBUG:colcon:Parsed command line arguments: Namespace(log_base=None, log_level=None, verb_name='build', build_base='build', install_base='install', merge_install=False, symlink_install=False, test_result_base=None, continue_on_error=False, executor='parallel', parallel_workers=4, event_handlers=None, ignore_user_meta=False, metas=['./colcon.meta'], base_paths=['.'], packages_ignore=None, packages_ignore_regex=None, paths=None, packages_up_to=None, packages_up_to_regex=None, packages_above=None, packages_above_and_dependencies=None, packages_above_depth=None, packages_select_by_dep=None, packages_skip_by_dep=None, packages_skip_up_to=None, packages_select_build_failed=False, packages_skip_build_finished=False, packages_select_test_failures=False, packages_skip_test_passed=False, packages_select=None, packages_skip=None, packages_select_regex=None, packages_skip_regex=None, packages_start=None, packages_end=None, allow_overriding=[], cmake_args=None, cmake_target=None, cmake_target_skip_unavailable=False, cmake_clean_cache=False, cmake_clean_first=False, cmake_force_configure=False, ament_cmake_args=None, catkin_cmake_args=None, catkin_skip_building_tests=False, mixin_files=None, mixin=None, verb_parser=<colcon_mixin.mixin.mixin_argument.MixinArgumentDecorator object at 0x7f8815f640>, verb_extension=<colcon_core.verb.build.BuildVerb object at 0x7f8835c310>, main=<bound method BuildVerb.main of <colcon_core.verb.build.BuildVerb object at 0x7f8835c310>>, mixin_verb=('build',))
[1.769s] Level 1:colcon.colcon_core.package_discovery:discover_packages(colcon_meta) check parameters
[1.770s] Level 1:colcon.colcon_core.package_discovery:discover_packages(recursive) check parameters
[1.770s] Level 1:colcon.colcon_core.package_discovery:discover_packages(ignore) check parameters
[1.770s] Level 1:colcon.colcon_core.package_discovery:discover_packages(path) check parameters
[1.770s] Level 1:colcon.colcon_core.package_discovery:discover_packages(colcon_meta) discover
[1.770s] Level 1:colcon.colcon_core.package_discovery:discover_packages(recursive) discover
[1.770s] INFO:colcon.colcon_core.package_discovery:Crawling recursively for packages in '/root/glad_ws'
[1.771s] Level 1:colcon.colcon_core.package_identification:_identify(.) by extensions ['ignore', 'ignore_ament_install']
[1.771s] Level 1:colcon.colcon_core.package_identification:_identify(.) by extension 'ignore'
[1.771s] Level 1:colcon.colcon_core.package_identification:_identify(.) by extension 'ignore_ament_install'
[1.772s] Level 1:colcon.colcon_core.package_identification:_identify(.) by extensions ['colcon_pkg']
[1.772s] Level 1:colcon.colcon_core.package_identification:_identify(.) by extension 'colcon_pkg'
[1.772s] Level 1:colcon.colcon_core.package_identification:_identify(.) by extensions ['colcon_meta']
[1.772s] Level 1:colcon.colcon_core.package_identification:_identify(.) by extension 'colcon_meta'
[1.772s] Level 1:colcon.colcon_core.package_identification:_identify(.) by extensions ['ros']
[1.772s] Level 1:colcon.colcon_core.package_identification:_identify(.) by extension 'ros'
[1.838s] Level 1:colcon.colcon_core.package_identification:_identify(.) by extensions ['cmake', 'python']
[1.838s] Level 1:colcon.colcon_core.package_identification:_identify(.) by extension 'cmake'
[1.839s] Level 1:colcon.colcon_core.package_identification:_identify(.) by extension 'python'
[1.839s] Level 1:colcon.colcon_core.package_identification:_identify(.) by extensions ['python_setup_py']
[1.839s] Level 1:colcon.colcon_core.package_identification:_identify(.) by extension 'python_setup_py'
[1.840s] Level 1:colcon.colcon_core.package_identification:_identify(build) by extensions ['ignore', 'ignore_ament_install']
[1.840s] Level 1:colcon.colcon_core.package_identification:_identify(build) by extension 'ignore'
[1.841s] Level 1:colcon.colcon_core.package_identification:_identify(build) ignored
[1.841s] Level 1:colcon.colcon_core.package_identification:_identify(install) by extensions ['ignore', 'ignore_ament_install']
[1.842s] Level 1:colcon.colcon_core.package_identification:_identify(install) by extension 'ignore'
[1.842s] Level 1:colcon.colcon_core.package_identification:_identify(install) ignored
[1.843s] Level 1:colcon.colcon_core.package_identification:_identify(log) by extensions ['ignore', 'ignore_ament_install']
[1.843s] Level 1:colcon.colcon_core.package_identification:_identify(log) by extension 'ignore'
[1.843s] Level 1:colcon.colcon_core.package_identification:_identify(log) ignored
[1.843s] Level 1:colcon.colcon_core.package_identification:_identify(src) by extensions ['ignore', 'ignore_ament_install']
[1.844s] Level 1:colcon.colcon_core.package_identification:_identify(src) by extension 'ignore'
[1.844s] Level 1:colcon.colcon_core.package_identification:_identify(src) by extension 'ignore_ament_install'
[1.844s] Level 1:colcon.colcon_core.package_identification:_identify(src) by extensions ['colcon_pkg']
[1.844s] Level 1:colcon.colcon_core.package_identification:_identify(src) by extension 'colcon_pkg'
[1.844s] Level 1:colcon.colcon_core.package_identification:_identify(src) by extensions ['colcon_meta']
[1.845s] Level 1:colcon.colcon_core.package_identification:_identify(src) by extension 'colcon_meta'
[1.845s] Level 1:colcon.colcon_core.package_identification:_identify(src) by extensions ['ros']
[1.845s] Level 1:colcon.colcon_core.package_identification:_identify(src) by extension 'ros'
[1.845s] Level 1:colcon.colcon_core.package_identification:_identify(src) by extensions ['cmake', 'python']
[1.845s] Level 1:colcon.colcon_core.package_identification:_identify(src) by extension 'cmake'
[1.846s] Level 1:colcon.colcon_core.package_identification:_identify(src) by extension 'python'
[1.846s] Level 1:colcon.colcon_core.package_identification:_identify(src) by extensions ['python_setup_py']
[1.846s] Level 1:colcon.colcon_core.package_identification:_identify(src) by extension 'python_setup_py'
[1.846s] Level 1:colcon.colcon_core.package_identification:_identify(src/bringup) by extensions ['ignore', 'ignore_ament_install']
[1.847s] Level 1:colcon.colcon_core.package_identification:_identify(src/bringup) by extension 'ignore'
[1.847s] Level 1:colcon.colcon_core.package_identification:_identify(src/bringup) by extension 'ignore_ament_install'
[1.847s] Level 1:colcon.colcon_core.package_identification:_identify(src/bringup) by extensions ['colcon_pkg']
[1.847s] Level 1:colcon.colcon_core.package_identification:_identify(src/bringup) by extension 'colcon_pkg'
[1.847s] Level 1:colcon.colcon_core.package_identification:_identify(src/bringup) by extensions ['colcon_meta']
[1.847s] Level 1:colcon.colcon_core.package_identification:_identify(src/bringup) by extension 'colcon_meta'
[1.848s] Level 1:colcon.colcon_core.package_identification:_identify(src/bringup) by extensions ['ros']
[1.848s] Level 1:colcon.colcon_core.package_identification:_identify(src/bringup) by extension 'ros'
[1.859s] DEBUG:colcon.colcon_core.package_identification:Package 'src/bringup' with type 'ros.ament_cmake' and name 'bringup'
[1.860s] Level 1:colcon.colcon_core.package_identification:_identify(src/glad_motor_controller) by extensions ['ignore', 'ignore_ament_install']
[1.860s] Level 1:colcon.colcon_core.package_identification:_identify(src/glad_motor_controller) by extension 'ignore'
[1.861s] Level 1:colcon.colcon_core.package_identification:_identify(src/glad_motor_controller) by extension 'ignore_ament_install'
[1.861s] Level 1:colcon.colcon_core.package_identification:_identify(src/glad_motor_controller) by extensions ['colcon_pkg']
[1.861s] Level 1:colcon.colcon_core.package_identification:_identify(src/glad_motor_controller) by extension 'colcon_pkg'
[1.861s] Level 1:colcon.colcon_core.package_identification:_identify(src/glad_motor_controller) by extensions ['colcon_meta']
[1.861s] Level 1:colcon.colcon_core.package_identification:_identify(src/glad_motor_controller) by extension 'colcon_meta'
[1.861s] Level 1:colcon.colcon_core.package_identification:_identify(src/glad_motor_controller) by extensions ['ros']
[1.862s] Level 1:colcon.colcon_core.package_identification:_identify(src/glad_motor_controller) by extension 'ros'
[1.866s] DEBUG:colcon.colcon_core.package_identification:Package 'src/glad_motor_controller' with type 'ros.ament_python' and name 'glad_motor_controller'
[1.866s] Level 1:colcon.colcon_core.package_identification:_identify(src/glad_voice) by extensions ['ignore', 'ignore_ament_install']
[1.867s] Level 1:colcon.colcon_core.package_identification:_identify(src/glad_voice) by extension 'ignore'
[1.867s] Level 1:colcon.colcon_core.package_identification:_identify(src/glad_voice) by extension 'ignore_ament_install'
[1.868s] Level 1:colcon.colcon_core.package_identification:_identify(src/glad_voice) by extensions ['colcon_pkg']
[1.868s] Level 1:colcon.colcon_core.package_identification:_identify(src/glad_voice) by extension 'colcon_pkg'
[1.868s] Level 1:colcon.colcon_core.package_identification:_identify(src/glad_voice) by extensions ['colcon_meta']
[1.868s] Level 1:colcon.colcon_core.package_identification:_identify(src/glad_voice) by extension 'colcon_meta'
[1.868s] Level 1:colcon.colcon_core.package_identification:_identify(src/glad_voice) by extensions ['ros']
[1.868s] Level 1:colcon.colcon_core.package_identification:_identify(src/glad_voice) by extension 'ros'
[1.871s] DEBUG:colcon.colcon_core.package_identification:Package 'src/glad_voice' with type 'ros.ament_python' and name 'glad_voice'
[1.872s] Level 1:colcon.colcon_core.package_identification:_identify(src/myimu) by extensions ['ignore', 'ignore_ament_install']
[1.872s] Level 1:colcon.colcon_core.package_identification:_identify(src/myimu) by extension 'ignore'
[1.872s] Level 1:colcon.colcon_core.package_identification:_identify(src/myimu) by extension 'ignore_ament_install'
[1.873s] Level 1:colcon.colcon_core.package_identification:_identify(src/myimu) by extensions ['colcon_pkg']
[1.873s] Level 1:colcon.colcon_core.package_identification:_identify(src/myimu) by extension 'colcon_pkg'
[1.873s] Level 1:colcon.colcon_core.package_identification:_identify(src/myimu) by extensions ['colcon_meta']
[1.873s] Level 1:colcon.colcon_core.package_identification:_identify(src/myimu) by extension 'colcon_meta'
[1.873s] Level 1:colcon.colcon_core.package_identification:_identify(src/myimu) by extensions ['ros']
[1.873s] Level 1:colcon.colcon_core.package_identification:_identify(src/myimu) by extension 'ros'
[1.877s] DEBUG:colcon.colcon_core.package_identification:Package 'src/myimu' with type 'ros.ament_python' and name 'myimu'
[1.877s] Level 1:colcon.colcon_core.package_identification:_identify(src/rf2o_laser_odometry) by extensions ['ignore', 'ignore_ament_install']
[1.878s] Level 1:colcon.colcon_core.package_identification:_identify(src/rf2o_laser_odometry) by extension 'ignore'
[1.878s] Level 1:colcon.colcon_core.package_identification:_identify(src/rf2o_laser_odometry) by extension 'ignore_ament_install'
[1.879s] Level 1:colcon.colcon_core.package_identification:_identify(src/rf2o_laser_odometry) by extensions ['colcon_pkg']
[1.879s] Level 1:colcon.colcon_core.package_identification:_identify(src/rf2o_laser_odometry) by extension 'colcon_pkg'
[1.880s] Level 1:colcon.colcon_core.package_identification:_identify(src/rf2o_laser_odometry) by extensions ['colcon_meta']
[1.880s] Level 1:colcon.colcon_core.package_identification:_identify(src/rf2o_laser_odometry) by extension 'colcon_meta'
[1.880s] Level 1:colcon.colcon_core.package_identification:_identify(src/rf2o_laser_odometry) by extensions ['ros']
[1.880s] Level 1:colcon.colcon_core.package_identification:_identify(src/rf2o_laser_odometry) by extension 'ros'
[1.884s] DEBUG:colcon.colcon_core.package_identification:Package 'src/rf2o_laser_odometry' with type 'ros.ament_cmake' and name 'rf2o_laser_odometry'
[1.885s] Level 1:colcon.colcon_core.package_identification:_identify(src/rplidar_ros) by extensions ['ignore', 'ignore_ament_install']
[1.885s] Level 1:colcon.colcon_core.package_identification:_identify(src/rplidar_ros) by extension 'ignore'
[1.886s] Level 1:colcon.colcon_core.package_identification:_identify(src/rplidar_ros) by extension 'ignore_ament_install'
[1.886s] Level 1:colcon.colcon_core.package_identification:_identify(src/rplidar_ros) by extensions ['colcon_pkg']
[1.886s] Level 1:colcon.colcon_core.package_identification:_identify(src/rplidar_ros) by extension 'colcon_pkg'
[1.886s] Level 1:colcon.colcon_core.package_identification:_identify(src/rplidar_ros) by extensions ['colcon_meta']
[1.886s] Level 1:colcon.colcon_core.package_identification:_identify(src/rplidar_ros) by extension 'colcon_meta'
[1.887s] Level 1:colcon.colcon_core.package_identification:_identify(src/rplidar_ros) by extensions ['ros']
[1.887s] Level 1:colcon.colcon_core.package_identification:_identify(src/rplidar_ros) by extension 'ros'
[1.890s] DEBUG:colcon.colcon_core.package_identification:Package 'src/rplidar_ros' with type 'ros.ament_cmake' and name 'rplidar_ros'
[1.890s] Level 1:colcon.colcon_core.package_discovery:discover_packages(recursive) using defaults
[1.890s] Level 1:colcon.colcon_core.package_discovery:discover_packages(ignore) discover
[1.890s] Level 1:colcon.colcon_core.package_discovery:discover_packages(ignore) using defaults
[1.890s] Level 1:colcon.colcon_core.package_discovery:discover_packages(path) discover
[1.890s] Level 1:colcon.colcon_core.package_discovery:discover_packages(path) using defaults
[2.011s] Level 1:colcon.colcon_core.package_discovery:discover_packages(prefix_path) check parameters
[2.011s] Level 1:colcon.colcon_core.package_discovery:discover_packages(prefix_path) discover
[2.025s] DEBUG:colcon.colcon_installed_package_information.package_discovery:Found 188 installed packages in /opt/ros/humble
[2.029s] Level 1:colcon.colcon_core.package_discovery:discover_packages(prefix_path) using defaults
[2.166s] Level 5:colcon.colcon_core.verb:set package 'bringup' build argument 'cmake_args' from command line to 'None'
[2.166s] Level 5:colcon.colcon_core.verb:set package 'bringup' build argument 'cmake_target' from command line to 'None'
[2.166s] Level 5:colcon.colcon_core.verb:set package 'bringup' build argument 'cmake_target_skip_unavailable' from command line to 'False'
[2.166s] Level 5:colcon.colcon_core.verb:set package 'bringup' build argument 'cmake_clean_cache' from command line to 'False'
[2.166s] Level 5:colcon.colcon_core.verb:set package 'bringup' build argument 'cmake_clean_first' from command line to 'False'
[2.167s] Level 5:colcon.colcon_core.verb:set package 'bringup' build argument 'cmake_force_configure' from command line to 'False'
[2.167s] Level 5:colcon.colcon_core.verb:set package 'bringup' build argument 'ament_cmake_args' from command line to 'None'
[2.167s] Level 5:colcon.colcon_core.verb:set package 'bringup' build argument 'catkin_cmake_args' from command line to 'None'
[2.167s] Level 5:colcon.colcon_core.verb:set package 'bringup' build argument 'catkin_skip_building_tests' from command line to 'False'
[2.167s] DEBUG:colcon.colcon_core.verb:Building package 'bringup' with the following arguments: {'ament_cmake_args': None, 'build_base': '/root/glad_ws/build/bringup', 'catkin_cmake_args': None, 'catkin_skip_building_tests': False, 'cmake_args': None, 'cmake_clean_cache': False, 'cmake_clean_first': False, 'cmake_force_configure': False, 'cmake_target': None, 'cmake_target_skip_unavailable': False, 'install_base': '/root/glad_ws/install/bringup', 'merge_install': False, 'path': '/root/glad_ws/src/bringup', 'symlink_install': False, 'test_result_base': None}
[2.168s] Level 5:colcon.colcon_core.verb:set package 'glad_motor_controller' build argument 'cmake_args' from command line to 'None'
[2.169s] Level 5:colcon.colcon_core.verb:set package 'glad_motor_controller' build argument 'cmake_target' from command line to 'None'
[2.169s] Level 5:colcon.colcon_core.verb:set package 'glad_motor_controller' build argument 'cmake_target_skip_unavailable' from command line to 'False'
[2.169s] Level 5:colcon.colcon_core.verb:set package 'glad_motor_controller' build argument 'cmake_clean_cache' from command line to 'False'
[2.169s] Level 5:colcon.colcon_core.verb:set package 'glad_motor_controller' build argument 'cmake_clean_first' from command line to 'False'
[2.169s] Level 5:colcon.colcon_core.verb:set package 'glad_motor_controller' build argument 'cmake_force_configure' from command line to 'False'
[2.169s] Level 5:colcon.colcon_core.verb:set package 'glad_motor_controller' build argument 'ament_cmake_args' from command line to 'None'
[2.169s] Level 5:colcon.colcon_core.verb:set package 'glad_motor_controller' build argument 'catkin_cmake_args' from command line to 'None'
[2.169s] Level 5:colcon.colcon_core.verb:set package 'glad_motor_controller' build argument 'catkin_skip_building_tests' from command line to 'False'
[2.169s] DEBUG:colcon.colcon_core.verb:Building package 'glad_motor_controller' with the following arguments: {'ament_cmake_args': None, 'build_base': '/root/glad_ws/build/glad_motor_controller', 'catkin_cmake_args': None, 'catkin_skip_building_tests': False, 'cmake_args': None, 'cmake_clean_cache': False, 'cmake_clean_first': False, 'cmake_force_configure': False, 'cmake_target': None, 'cmake_target_skip_unavailable': False, 'install_base': '/root/glad_ws/install/glad_motor_controller', 'merge_install': False, 'path': '/root/glad_ws/src/glad_motor_controller', 'symlink_install': False, 'test_result_base': None}
[2.171s] Level 5:colcon.colcon_core.verb:set package 'glad_voice' build argument 'cmake_args' from command line to 'None'
[2.171s] Level 5:colcon.colcon_core.verb:set package 'glad_voice' build argument 'cmake_target' from command line to 'None'
[2.171s] Level 5:colcon.colcon_core.verb:set package 'glad_voice' build argument 'cmake_target_skip_unavailable' from command line to 'False'
[2.171s] Level 5:colcon.colcon_core.verb:set package 'glad_voice' build argument 'cmake_clean_cache' from command line to 'False'
[2.171s] Level 5:colcon.colcon_core.verb:set package 'glad_voice' build argument 'cmake_clean_first' from command line to 'False'
[2.171s] Level 5:colcon.colcon_core.verb:set package 'glad_voice' build argument 'cmake_force_configure' from command line to 'False'
[2.171s] Level 5:colcon.colcon_core.verb:set package 'glad_voice' build argument 'ament_cmake_args' from command line to 'None'
[2.171s] Level 5:colcon.colcon_core.verb:set package 'glad_voice' build argument 'catkin_cmake_args' from command line to 'None'
[2.172s] Level 5:colcon.colcon_core.verb:set package 'glad_voice' build argument 'catkin_skip_building_tests' from command line to 'False'
[2.172s] DEBUG:colcon.colcon_core.verb:Building package 'glad_voice' with the following arguments: {'ament_cmake_args': None, 'build_base': '/root/glad_ws/build/glad_voice', 'catkin_cmake_args': None, 'catkin_skip_building_tests': False, 'cmake_args': None, 'cmake_clean_cache': False, 'cmake_clean_first': False, 'cmake_force_configure': False, 'cmake_target': None, 'cmake_target_skip_unavailable': False, 'install_base': '/root/glad_ws/install/glad_voice', 'merge_install': False, 'path': '/root/glad_ws/src/glad_voice', 'symlink_install': False, 'test_result_base': None}
[2.173s] Level 5:colcon.colcon_core.verb:set package 'myimu' build argument 'cmake_args' from command line to 'None'
[2.173s] Level 5:colcon.colcon_core.verb:set package 'myimu' build argument 'cmake_target' from command line to 'None'
[2.173s] Level 5:colcon.colcon_core.verb:set package 'myimu' build argument 'cmake_target_skip_unavailable' from command line to 'False'
[2.173s] Level 5:colcon.colcon_core.verb:set package 'myimu' build argument 'cmake_clean_cache' from command line to 'False'
[2.174s] Level 5:colcon.colcon_core.verb:set package 'myimu' build argument 'cmake_clean_first' from command line to 'False'
[2.174s] Level 5:colcon.colcon_core.verb:set package 'myimu' build argument 'cmake_force_configure' from command line to 'False'
[2.174s] Level 5:colcon.colcon_core.verb:set package 'myimu' build argument 'ament_cmake_args' from command line to 'None'
[2.174s] Level 5:colcon.colcon_core.verb:set package 'myimu' build argument 'catkin_cmake_args' from command line to 'None'
[2.174s] Level 5:colcon.colcon_core.verb:set package 'myimu' build argument 'catkin_skip_building_tests' from command line to 'False'
[2.174s] DEBUG:colcon.colcon_core.verb:Building package 'myimu' with the following arguments: {'ament_cmake_args': None, 'build_base': '/root/glad_ws/build/myimu', 'catkin_cmake_args': None, 'catkin_skip_building_tests': False, 'cmake_args': None, 'cmake_clean_cache': False, 'cmake_clean_first': False, 'cmake_force_configure': False, 'cmake_target': None, 'cmake_target_skip_unavailable': False, 'install_base': '/root/glad_ws/install/myimu', 'merge_install': False, 'path': '/root/glad_ws/src/myimu', 'symlink_install': False, 'test_result_base': None}
[2.176s] Level 5:colcon.colcon_core.verb:set package 'rf2o_laser_odometry' build argument 'cmake_args' from command line to 'None'
[2.176s] Level 5:colcon.colcon_core.verb:set package 'rf2o_laser_odometry' build argument 'cmake_target' from command line to 'None'
[2.176s] Level 5:colcon.colcon_core.verb:set package 'rf2o_laser_odometry' build argument 'cmake_target_skip_unavailable' from command line to 'False'
[2.176s] Level 5:colcon.colcon_core.verb:set package 'rf2o_laser_odometry' build argument 'cmake_clean_cache' from command line to 'False'
[2.176s] Level 5:colcon.colcon_core.verb:set package 'rf2o_laser_odometry' build argument 'cmake_clean_first' from command line to 'False'
[2.176s] Level 5:colcon.colcon_core.verb:set package 'rf2o_laser_odometry' build argument 'cmake_force_configure' from command line to 'False'
[2.177s] Level 5:colcon.colcon_core.verb:set package 'rf2o_laser_odometry' build argument 'ament_cmake_args' from command line to 'None'
[2.177s] Level 5:colcon.colcon_core.verb:set package 'rf2o_laser_odometry' build argument 'catkin_cmake_args' from command line to 'None'
[2.177s] Level 5:colcon.colcon_core.verb:set package 'rf2o_laser_odometry' build argument 'catkin_skip_building_tests' from command line to 'False'
[2.177s] DEBUG:colcon.colcon_core.verb:Building package 'rf2o_laser_odometry' with the following arguments: {'ament_cmake_args': None, 'build_base': '/root/glad_ws/build/rf2o_laser_odometry', 'catkin_cmake_args': None, 'catkin_skip_building_tests': False, 'cmake_args': None, 'cmake_clean_cache': False, 'cmake_clean_first': False, 'cmake_force_configure': False, 'cmake_target': None, 'cmake_target_skip_unavailable': False, 'install_base': '/root/glad_ws/install/rf2o_laser_odometry', 'merge_install': False, 'path': '/root/glad_ws/src/rf2o_laser_odometry', 'symlink_install': False, 'test_result_base': None}
[2.178s] Level 5:colcon.colcon_core.verb:set package 'rplidar_ros' build argument 'cmake_args' from command line to 'None'
[2.179s] Level 5:colcon.colcon_core.verb:set package 'rplidar_ros' build argument 'cmake_target' from command line to 'None'
[2.179s] Level 5:colcon.colcon_core.verb:set package 'rplidar_ros' build argument 'cmake_target_skip_unavailable' from command line to 'False'
[2.179s] Level 5:colcon.colcon_core.verb:set package 'rplidar_ros' build argument 'cmake_clean_cache' from command line to 'False'
[2.179s] Level 5:colcon.colcon_core.verb:set package 'rplidar_ros' build argument 'cmake_clean_first' from command line to 'False'
[2.179s] Level 5:colcon.colcon_core.verb:set package 'rplidar_ros' build argument 'cmake_force_configure' from command line to 'False'
[2.179s] Level 5:colcon.colcon_core.verb:set package 'rplidar_ros' build argument 'ament_cmake_args' from command line to 'None'
[2.179s] Level 5:colcon.colcon_core.verb:set package 'rplidar_ros' build argument 'catkin_cmake_args' from command line to 'None'
[2.179s] Level 5:colcon.colcon_core.verb:set package 'rplidar_ros' build argument 'catkin_skip_building_tests' from command line to 'False'
[2.180s] DEBUG:colcon.colcon_core.verb:Building package 'rplidar_ros' with the following arguments: {'ament_cmake_args': None, 'build_base': '/root/glad_ws/build/rplidar_ros', 'catkin_cmake_args': None, 'catkin_skip_building_tests': False, 'cmake_args': None, 'cmake_clean_cache': False, 'cmake_clean_first': False, 'cmake_force_configure': False, 'cmake_target': None, 'cmake_target_skip_unavailable': False, 'install_base': '/root/glad_ws/install/rplidar_ros', 'merge_install': False, 'path': '/root/glad_ws/src/rplidar_ros', 'symlink_install': False, 'test_result_base': None}
[2.180s] INFO:colcon.colcon_core.executor:Executing jobs using 'parallel' executor
[2.183s] DEBUG:colcon.colcon_parallel_executor.executor.parallel:run_until_complete
[2.184s] INFO:colcon.colcon_ros.task.ament_cmake.build:Building ROS package in '/root/glad_ws/src/bringup' with build type 'ament_cmake'
[2.185s] INFO:colcon.colcon_cmake.task.cmake.build:Building CMake package in '/root/glad_ws/src/bringup'
[2.203s] INFO:colcon.colcon_core.plugin_system:Skipping extension 'colcon_core.shell.bat': Not used on non-Windows systems
[2.203s] INFO:colcon.colcon_core.shell:Skip shell extension 'powershell' for command environment: Not usable outside of PowerShell
[2.204s] DEBUG:colcon.colcon_core.shell:Skip shell extension 'dsv' for command environment
[2.213s] INFO:colcon.colcon_ros.task.ament_python.build:Building ROS package in '/root/glad_ws/src/glad_motor_controller' with build type 'ament_python'
[2.213s] Level 1:colcon.colcon_core.shell:create_environment_hook('glad_motor_controller', 'ament_prefix_path')
[2.214s] INFO:colcon.colcon_core.shell:Creating environment hook '/root/glad_ws/install/glad_motor_controller/share/glad_motor_controller/hook/ament_prefix_path.ps1'
[2.218s] INFO:colcon.colcon_core.shell:Creating environment descriptor '/root/glad_ws/install/glad_motor_controller/share/glad_motor_controller/hook/ament_prefix_path.dsv'
[2.220s] INFO:colcon.colcon_core.shell:Creating environment hook '/root/glad_ws/install/glad_motor_controller/share/glad_motor_controller/hook/ament_prefix_path.sh'
[2.225s] INFO:colcon.colcon_core.shell:Skip shell extension 'powershell' for command environment: Not usable outside of PowerShell
[2.225s] DEBUG:colcon.colcon_core.shell:Skip shell extension 'dsv' for command environment
[2.232s] INFO:colcon.colcon_ros.task.ament_python.build:Building ROS package in '/root/glad_ws/src/glad_voice' with build type 'ament_python'
[2.233s] Level 1:colcon.colcon_core.shell:create_environment_hook('glad_voice', 'ament_prefix_path')
[2.234s] INFO:colcon.colcon_core.shell:Creating environment hook '/root/glad_ws/install/glad_voice/share/glad_voice/hook/ament_prefix_path.ps1'
[2.239s] INFO:colcon.colcon_core.shell:Creating environment descriptor '/root/glad_ws/install/glad_voice/share/glad_voice/hook/ament_prefix_path.dsv'
[2.242s] INFO:colcon.colcon_core.shell:Creating environment hook '/root/glad_ws/install/glad_voice/share/glad_voice/hook/ament_prefix_path.sh'
[2.246s] INFO:colcon.colcon_core.shell:Skip shell extension 'powershell' for command environment: Not usable outside of PowerShell
[2.246s] DEBUG:colcon.colcon_core.shell:Skip shell extension 'dsv' for command environment
[2.253s] INFO:colcon.colcon_ros.task.ament_python.build:Building ROS package in '/root/glad_ws/src/myimu' with build type 'ament_python'
[2.254s] Level 1:colcon.colcon_core.shell:create_environment_hook('myimu', 'ament_prefix_path')
[2.255s] INFO:colcon.colcon_core.shell:Creating environment hook '/root/glad_ws/install/myimu/share/myimu/hook/ament_prefix_path.ps1'
[2.257s] INFO:colcon.colcon_core.shell:Creating environment descriptor '/root/glad_ws/install/myimu/share/myimu/hook/ament_prefix_path.dsv'
[2.259s] INFO:colcon.colcon_core.shell:Creating environment hook '/root/glad_ws/install/myimu/share/myimu/hook/ament_prefix_path.sh'
[2.261s] INFO:colcon.colcon_core.shell:Skip shell extension 'powershell' for command environment: Not usable outside of PowerShell
[2.261s] DEBUG:colcon.colcon_core.shell:Skip shell extension 'dsv' for command environment
[2.285s] DEBUG:colcon.colcon_core.event_handler.log_command:Invoking command in '/root/glad_ws/build/bringup': CMAKE_PREFIX_PATH=/opt/ros/humble /usr/bin/cmake --build /root/glad_ws/build/bringup -- -j4 -l4
[3.250s] INFO:colcon.colcon_core.task.python.build:Building Python package in '/root/glad_ws/src/glad_motor_controller'
[3.251s] INFO:colcon.colcon_core.shell:Skip shell extension 'powershell' for command environment: Not usable outside of PowerShell
[3.251s] DEBUG:colcon.colcon_core.shell:Skip shell extension 'dsv' for command environment
[4.139s] INFO:colcon.colcon_core.task.python.build:Building Python package in '/root/glad_ws/src/glad_voice'
[4.140s] INFO:colcon.colcon_core.shell:Skip shell extension 'powershell' for command environment: Not usable outside of PowerShell
[4.140s] DEBUG:colcon.colcon_core.shell:Skip shell extension 'dsv' for command environment
[5.034s] INFO:colcon.colcon_core.task.python.build:Building Python package in '/root/glad_ws/src/myimu'
[5.035s] INFO:colcon.colcon_core.shell:Skip shell extension 'powershell' for command environment: Not usable outside of PowerShell
[5.036s] DEBUG:colcon.colcon_core.shell:Skip shell extension 'dsv' for command environment
[5.053s] DEBUG:colcon.colcon_core.event_handler.log_command:Invoked command in '/root/glad_ws/build/bringup' returned '0': CMAKE_PREFIX_PATH=/opt/ros/humble /usr/bin/cmake --build /root/glad_ws/build/bringup -- -j4 -l4
[5.079s] DEBUG:colcon.colcon_core.event_handler.log_command:Invoking command in '/root/glad_ws/build/bringup': CMAKE_PREFIX_PATH=/opt/ros/humble /usr/bin/cmake --install /root/glad_ws/build/bringup
[5.145s] Level 1:colcon.colcon_core.environment:create_environment_scripts_only(bringup)
[5.150s] DEBUG:colcon.colcon_core.event_handler.log_command:Invoked command in '/root/glad_ws/build/bringup' returned '0': CMAKE_PREFIX_PATH=/opt/ros/humble /usr/bin/cmake --install /root/glad_ws/build/bringup
[5.178s] Level 1:colcon.colcon_core.environment:checking '/root/glad_ws/install/bringup' for CMake module files
[5.182s] Level 1:colcon.colcon_core.environment:checking '/root/glad_ws/install/bringup' for CMake config files
[5.184s] Level 1:colcon.colcon_core.shell:create_environment_hook('bringup', 'cmake_prefix_path')
[5.185s] INFO:colcon.colcon_core.shell:Creating environment hook '/root/glad_ws/install/bringup/share/bringup/hook/cmake_prefix_path.ps1'
[5.189s] INFO:colcon.colcon_core.shell:Creating environment descriptor '/root/glad_ws/install/bringup/share/bringup/hook/cmake_prefix_path.dsv'
[5.193s] INFO:colcon.colcon_core.shell:Creating environment hook '/root/glad_ws/install/bringup/share/bringup/hook/cmake_prefix_path.sh'
[5.198s] Level 1:colcon.colcon_core.environment:checking '/root/glad_ws/install/bringup/bin'
[5.198s] Level 1:colcon.colcon_core.environment:checking '/root/glad_ws/install/bringup/lib/pkgconfig/bringup.pc'
[5.200s] Level 1:colcon.colcon_core.environment:checking '/root/glad_ws/install/bringup/lib/python3.10/site-packages'
[5.203s] Level 1:colcon.colcon_core.environment:checking '/root/glad_ws/install/bringup/bin'
[5.204s] INFO:colcon.colcon_core.shell:Creating package script '/root/glad_ws/install/bringup/share/bringup/package.ps1'
[5.210s] INFO:colcon.colcon_core.shell:Creating package descriptor '/root/glad_ws/install/bringup/share/bringup/package.dsv'
[5.216s] INFO:colcon.colcon_core.shell:Creating package script '/root/glad_ws/install/bringup/share/bringup/package.sh'
[5.221s] INFO:colcon.colcon_core.shell:Creating package script '/root/glad_ws/install/bringup/share/bringup/package.bash'
[5.228s] INFO:colcon.colcon_core.shell:Creating package script '/root/glad_ws/install/bringup/share/bringup/package.zsh'
[5.234s] Level 1:colcon.colcon_core.environment:create_file_with_runtime_dependencies(/root/glad_ws/install/bringup/share/colcon-core/packages/bringup)
[5.238s] Level 1:colcon.colcon_core.environment:create_environment_scripts_only(bringup)
[5.244s] Level 1:colcon.colcon_core.environment:checking '/root/glad_ws/install/bringup' for CMake module files
[5.247s] Level 1:colcon.colcon_core.environment:checking '/root/glad_ws/install/bringup' for CMake config files
[5.248s] Level 1:colcon.colcon_core.shell:create_environment_hook('bringup', 'cmake_prefix_path')
[5.250s] INFO:colcon.colcon_core.shell:Creating environment hook '/root/glad_ws/install/bringup/share/bringup/hook/cmake_prefix_path.ps1'
[5.253s] INFO:colcon.colcon_core.shell:Creating environment descriptor '/root/glad_ws/install/bringup/share/bringup/hook/cmake_prefix_path.dsv'
[5.256s] INFO:colcon.colcon_core.shell:Creating environment hook '/root/glad_ws/install/bringup/share/bringup/hook/cmake_prefix_path.sh'
[5.261s] Level 1:colcon.colcon_core.environment:checking '/root/glad_ws/install/bringup/bin'
[5.261s] Level 1:colcon.colcon_core.environment:checking '/root/glad_ws/install/bringup/lib/pkgconfig/bringup.pc'
[5.263s] Level 1:colcon.colcon_core.environment:checking '/root/glad_ws/install/bringup/lib/python3.10/site-packages'
[5.265s] Level 1:colcon.colcon_core.environment:checking '/root/glad_ws/install/bringup/bin'
[5.267s] INFO:colcon.colcon_core.shell:Creating package script '/root/glad_ws/install/bringup/share/bringup/package.ps1'
[5.271s] INFO:colcon.colcon_core.shell:Creating package descriptor '/root/glad_ws/install/bringup/share/bringup/package.dsv'
[5.275s] INFO:colcon.colcon_core.shell:Creating package script '/root/glad_ws/install/bringup/share/bringup/package.sh'
[5.281s] INFO:colcon.colcon_core.shell:Creating package script '/root/glad_ws/install/bringup/share/bringup/package.bash'
[5.286s] INFO:colcon.colcon_core.shell:Creating package script '/root/glad_ws/install/bringup/share/bringup/package.zsh'
[5.291s] Level 1:colcon.colcon_core.environment:create_file_with_runtime_dependencies(/root/glad_ws/install/bringup/share/colcon-core/packages/bringup)
[5.293s] INFO:colcon.colcon_ros.task.ament_cmake.build:Building ROS package in '/root/glad_ws/src/rf2o_laser_odometry' with build type 'ament_cmake'
[5.294s] INFO:colcon.colcon_cmake.task.cmake.build:Building CMake package in '/root/glad_ws/src/rf2o_laser_odometry'
[5.295s] INFO:colcon.colcon_core.shell:Skip shell extension 'powershell' for command environment: Not usable outside of PowerShell
[5.296s] DEBUG:colcon.colcon_core.shell:Skip shell extension 'dsv' for command environment
[5.341s] DEBUG:colcon.colcon_core.event_handler.log_command:Invoking command in '/root/glad_ws/build/rf2o_laser_odometry': CMAKE_PREFIX_PATH=/opt/ros/humble /usr/bin/cmake --build /root/glad_ws/build/rf2o_laser_odometry -- -j4 -l4
[6.067s] DEBUG:colcon.colcon_core.event_handler.log_command:Invoked command in '/root/glad_ws/build/rf2o_laser_odometry' returned '0': CMAKE_PREFIX_PATH=/opt/ros/humble /usr/bin/cmake --build /root/glad_ws/build/rf2o_laser_odometry -- -j4 -l4
[6.078s] DEBUG:colcon.colcon_core.event_handler.log_command:Invoking command in '/root/glad_ws/build/rf2o_laser_odometry': CMAKE_PREFIX_PATH=/opt/ros/humble /usr/bin/cmake --install /root/glad_ws/build/rf2o_laser_odometry
[6.159s] Level 1:colcon.colcon_core.environment:create_environment_scripts_only(rf2o_laser_odometry)
[6.160s] Level 1:colcon.colcon_core.environment:checking '/root/glad_ws/install/rf2o_laser_odometry' for CMake module files
[6.165s] DEBUG:colcon.colcon_core.event_handler.log_command:Invoked command in '/root/glad_ws/build/rf2o_laser_odometry' returned '0': CMAKE_PREFIX_PATH=/opt/ros/humble /usr/bin/cmake --install /root/glad_ws/build/rf2o_laser_odometry
[6.167s] Level 1:colcon.colcon_core.environment:checking '/root/glad_ws/install/rf2o_laser_odometry' for CMake config files
[6.168s] Level 1:colcon.colcon_core.shell:create_environment_hook('rf2o_laser_odometry', 'cmake_prefix_path')
[6.170s] INFO:colcon.colcon_core.shell:Creating environment hook '/root/glad_ws/install/rf2o_laser_odometry/share/rf2o_laser_odometry/hook/cmake_prefix_path.ps1'
[6.175s] INFO:colcon.colcon_core.shell:Creating environment descriptor '/root/glad_ws/install/rf2o_laser_odometry/share/rf2o_laser_odometry/hook/cmake_prefix_path.dsv'
[6.179s] INFO:colcon.colcon_core.shell:Creating environment hook '/root/glad_ws/install/rf2o_laser_odometry/share/rf2o_laser_odometry/hook/cmake_prefix_path.sh'
[6.184s] Level 1:colcon.colcon_core.environment:checking '/root/glad_ws/install/rf2o_laser_odometry/lib'
[6.186s] Level 1:colcon.colcon_core.environment:checking '/root/glad_ws/install/rf2o_laser_odometry/bin'
[6.186s] Level 1:colcon.colcon_core.environment:checking '/root/glad_ws/install/rf2o_laser_odometry/lib/pkgconfig/rf2o_laser_odometry.pc'
[6.188s] Level 1:colcon.colcon_core.environment:checking '/root/glad_ws/install/rf2o_laser_odometry/lib/python3.10/site-packages'
[6.190s] Level 1:colcon.colcon_core.environment:checking '/root/glad_ws/install/rf2o_laser_odometry/bin'
[6.191s] INFO:colcon.colcon_core.shell:Creating package script '/root/glad_ws/install/rf2o_laser_odometry/share/rf2o_laser_odometry/package.ps1'
[6.194s] INFO:colcon.colcon_core.shell:Creating package descriptor '/root/glad_ws/install/rf2o_laser_odometry/share/rf2o_laser_odometry/package.dsv'
[6.197s] INFO:colcon.colcon_core.shell:Creating package script '/root/glad_ws/install/rf2o_laser_odometry/share/rf2o_laser_odometry/package.sh'
[6.200s] INFO:colcon.colcon_core.shell:Creating package script '/root/glad_ws/install/rf2o_laser_odometry/share/rf2o_laser_odometry/package.bash'
[6.202s] INFO:colcon.colcon_core.shell:Creating package script '/root/glad_ws/install/rf2o_laser_odometry/share/rf2o_laser_odometry/package.zsh'
[6.205s] Level 1:colcon.colcon_core.environment:create_file_with_runtime_dependencies(/root/glad_ws/install/rf2o_laser_odometry/share/colcon-core/packages/rf2o_laser_odometry)
[6.208s] Level 1:colcon.colcon_core.environment:create_environment_scripts_only(rf2o_laser_odometry)
[6.209s] Level 1:colcon.colcon_core.environment:checking '/root/glad_ws/install/rf2o_laser_odometry' for CMake module files
[6.214s] Level 1:colcon.colcon_core.environment:checking '/root/glad_ws/install/rf2o_laser_odometry' for CMake config files
[6.218s] Level 1:colcon.colcon_core.shell:create_environment_hook('rf2o_laser_odometry', 'cmake_prefix_path')
[6.219s] INFO:colcon.colcon_core.shell:Creating environment hook '/root/glad_ws/install/rf2o_laser_odometry/share/rf2o_laser_odometry/hook/cmake_prefix_path.ps1'
[6.222s] INFO:colcon.colcon_core.shell:Creating environment descriptor '/root/glad_ws/install/rf2o_laser_odometry/share/rf2o_laser_odometry/hook/cmake_prefix_path.dsv'
[6.224s] INFO:colcon.colcon_core.shell:Creating environment hook '/root/glad_ws/install/rf2o_laser_odometry/share/rf2o_laser_odometry/hook/cmake_prefix_path.sh'
[6.227s] Level 1:colcon.colcon_core.environment:checking '/root/glad_ws/install/rf2o_laser_odometry/lib'
[6.228s] Level 1:colcon.colcon_core.environment:checking '/root/glad_ws/install/rf2o_laser_odometry/bin'
[6.228s] Level 1:colcon.colcon_core.environment:checking '/root/glad_ws/install/rf2o_laser_odometry/lib/pkgconfig/rf2o_laser_odometry.pc'
[6.230s] Level 1:colcon.colcon_core.environment:checking '/root/glad_ws/install/rf2o_laser_odometry/lib/python3.10/site-packages'
[6.232s] Level 1:colcon.colcon_core.environment:checking '/root/glad_ws/install/rf2o_laser_odometry/bin'
[6.233s] INFO:colcon.colcon_core.shell:Creating package script '/root/glad_ws/install/rf2o_laser_odometry/share/rf2o_laser_odometry/package.ps1'
[6.237s] INFO:colcon.colcon_core.shell:Creating package descriptor '/root/glad_ws/install/rf2o_laser_odometry/share/rf2o_laser_odometry/package.dsv'
[6.240s] INFO:colcon.colcon_core.shell:Creating package script '/root/glad_ws/install/rf2o_laser_odometry/share/rf2o_laser_odometry/package.sh'
[6.245s] INFO:colcon.colcon_core.shell:Creating package script '/root/glad_ws/install/rf2o_laser_odometry/share/rf2o_laser_odometry/package.bash'
[6.248s] INFO:colcon.colcon_core.shell:Creating package script '/root/glad_ws/install/rf2o_laser_odometry/share/rf2o_laser_odometry/package.zsh'
[6.252s] Level 1:colcon.colcon_core.environment:create_file_with_runtime_dependencies(/root/glad_ws/install/rf2o_laser_odometry/share/colcon-core/packages/rf2o_laser_odometry)
[6.255s] INFO:colcon.colcon_ros.task.ament_cmake.build:Building ROS package in '/root/glad_ws/src/rplidar_ros' with build type 'ament_cmake'
[6.256s] INFO:colcon.colcon_cmake.task.cmake.build:Building CMake package in '/root/glad_ws/src/rplidar_ros'
[6.257s] INFO:colcon.colcon_core.shell:Skip shell extension 'powershell' for command environment: Not usable outside of PowerShell
[6.258s] DEBUG:colcon.colcon_core.shell:Skip shell extension 'dsv' for command environment
[6.300s] DEBUG:colcon.colcon_core.event_handler.log_command:Invoking command in '/root/glad_ws/build/rplidar_ros': CMAKE_PREFIX_PATH=/opt/ros/humble /usr/bin/cmake --build /root/glad_ws/build/rplidar_ros -- -j4 -l4
[6.748s] DEBUG:colcon.colcon_core.event_handler.log_command:Invoked command in '/root/glad_ws/build/rplidar_ros' returned '0': CMAKE_PREFIX_PATH=/opt/ros/humble /usr/bin/cmake --build /root/glad_ws/build/rplidar_ros -- -j4 -l4
[6.756s] DEBUG:colcon.colcon_core.event_handler.log_command:Invoking command in '/root/glad_ws/build/rplidar_ros': CMAKE_PREFIX_PATH=/opt/ros/humble /usr/bin/cmake --install /root/glad_ws/build/rplidar_ros
[6.964s] Level 1:colcon.colcon_core.environment:create_environment_scripts_only(rplidar_ros)
[6.965s] Level 1:colcon.colcon_core.environment:checking '/root/glad_ws/install/rplidar_ros' for CMake module files
[6.974s] DEBUG:colcon.colcon_core.event_handler.log_command:Invoked command in '/root/glad_ws/build/rplidar_ros' returned '0': CMAKE_PREFIX_PATH=/opt/ros/humble /usr/bin/cmake --install /root/glad_ws/build/rplidar_ros
[6.984s] Level 1:colcon.colcon_core.environment:checking '/root/glad_ws/install/rplidar_ros' for CMake config files
[6.994s] Level 1:colcon.colcon_core.shell:create_environment_hook('rplidar_ros', 'cmake_prefix_path')
[6.996s] INFO:colcon.colcon_core.shell:Creating environment hook '/root/glad_ws/install/rplidar_ros/share/rplidar_ros/hook/cmake_prefix_path.ps1'
[7.011s] INFO:colcon.colcon_core.shell:Creating environment descriptor '/root/glad_ws/install/rplidar_ros/share/rplidar_ros/hook/cmake_prefix_path.dsv'
[7.017s] INFO:colcon.colcon_core.shell:Creating environment hook '/root/glad_ws/install/rplidar_ros/share/rplidar_ros/hook/cmake_prefix_path.sh'
[7.032s] Level 1:colcon.colcon_core.environment:checking '/root/glad_ws/install/rplidar_ros/lib'
[7.034s] Level 1:colcon.colcon_core.environment:checking '/root/glad_ws/install/rplidar_ros/bin'
[7.036s] Level 1:colcon.colcon_core.environment:checking '/root/glad_ws/install/rplidar_ros/lib/pkgconfig/rplidar_ros.pc'
[7.039s] Level 1:colcon.colcon_core.environment:checking '/root/glad_ws/install/rplidar_ros/lib/python3.10/site-packages'
[7.045s] Level 1:colcon.colcon_core.environment:checking '/root/glad_ws/install/rplidar_ros/bin'
[7.049s] INFO:colcon.colcon_core.shell:Creating package script '/root/glad_ws/install/rplidar_ros/share/rplidar_ros/package.ps1'
[7.059s] INFO:colcon.colcon_core.shell:Creating package descriptor '/root/glad_ws/install/rplidar_ros/share/rplidar_ros/package.dsv'
[7.068s] INFO:colcon.colcon_core.shell:Creating package script '/root/glad_ws/install/rplidar_ros/share/rplidar_ros/package.sh'
[7.075s] INFO:colcon.colcon_core.shell:Creating package script '/root/glad_ws/install/rplidar_ros/share/rplidar_ros/package.bash'
[7.084s] INFO:colcon.colcon_core.shell:Creating package script '/root/glad_ws/install/rplidar_ros/share/rplidar_ros/package.zsh'
[7.096s] Level 1:colcon.colcon_core.environment:create_file_with_runtime_dependencies(/root/glad_ws/install/rplidar_ros/share/colcon-core/packages/rplidar_ros)
[7.111s] Level 1:colcon.colcon_core.environment:create_environment_scripts_only(rplidar_ros)
[7.115s] Level 1:colcon.colcon_core.environment:checking '/root/glad_ws/install/rplidar_ros' for CMake module files
[7.120s] Level 1:colcon.colcon_core.environment:checking '/root/glad_ws/install/rplidar_ros' for CMake config files
[7.125s] Level 1:colcon.colcon_core.shell:create_environment_hook('rplidar_ros', 'cmake_prefix_path')
[7.127s] INFO:colcon.colcon_core.shell:Creating environment hook '/root/glad_ws/install/rplidar_ros/share/rplidar_ros/hook/cmake_prefix_path.ps1'
[7.134s] INFO:colcon.colcon_core.shell:Creating environment descriptor '/root/glad_ws/install/rplidar_ros/share/rplidar_ros/hook/cmake_prefix_path.dsv'
[7.142s] INFO:colcon.colcon_core.shell:Creating environment hook '/root/glad_ws/install/rplidar_ros/share/rplidar_ros/hook/cmake_prefix_path.sh'
[7.152s] Level 1:colcon.colcon_core.environment:checking '/root/glad_ws/install/rplidar_ros/lib'
[7.155s] Level 1:colcon.colcon_core.environment:checking '/root/glad_ws/install/rplidar_ros/bin'
[7.157s] Level 1:colcon.colcon_core.environment:checking '/root/glad_ws/install/rplidar_ros/lib/pkgconfig/rplidar_ros.pc'
[7.160s] Level 1:colcon.colcon_core.environment:checking '/root/glad_ws/install/rplidar_ros/lib/python3.10/site-packages'
[7.165s] Level 1:colcon.colcon_core.environment:checking '/root/glad_ws/install/rplidar_ros/bin'
[7.169s] INFO:colcon.colcon_core.shell:Creating package script '/root/glad_ws/install/rplidar_ros/share/rplidar_ros/package.ps1'
[7.180s] INFO:colcon.colcon_core.shell:Creating package descriptor '/root/glad_ws/install/rplidar_ros/share/rplidar_ros/package.dsv'
[7.194s] INFO:colcon.colcon_core.shell:Creating package script '/root/glad_ws/install/rplidar_ros/share/rplidar_ros/package.sh'
[7.206s] INFO:colcon.colcon_core.shell:Creating package script '/root/glad_ws/install/rplidar_ros/share/rplidar_ros/package.bash'
[7.214s] INFO:colcon.colcon_core.shell:Creating package script '/root/glad_ws/install/rplidar_ros/share/rplidar_ros/package.zsh'
[7.222s] Level 1:colcon.colcon_core.environment:create_file_with_runtime_dependencies(/root/glad_ws/install/rplidar_ros/share/colcon-core/packages/rplidar_ros)
[7.258s] DEBUG:colcon.colcon_core.event_handler.log_command:Invoking command in '/root/glad_ws/src/glad_voice': PYTHONPATH=/root/glad_ws/build/glad_voice/prefix_override:/usr/lib/python3/dist-packages/colcon_core/task/python/colcon_distutils_commands:/root/glad_ws/install/glad_voice/lib/python3.10/site-packages:${PYTHONPATH} /usr/bin/python3 -W ignore:setup.py install is deprecated -W ignore:easy_install command is deprecated setup.py egg_info --egg-base ../../build/glad_voice build --build-base /root/glad_ws/build/glad_voice/build install --record /root/glad_ws/build/glad_voice/install.log --single-version-externally-managed install_data
[7.266s] DEBUG:colcon.colcon_core.event_handler.log_command:Invoking command in '/root/glad_ws/src/glad_motor_controller': PYTHONPATH=/root/glad_ws/build/glad_motor_controller/prefix_override:/usr/lib/python3/dist-packages/colcon_core/task/python/colcon_distutils_commands:/root/glad_ws/install/glad_motor_controller/lib/python3.10/site-packages:${PYTHONPATH} /usr/bin/python3 -W ignore:setup.py install is deprecated -W ignore:easy_install command is deprecated setup.py egg_info --egg-base ../../build/glad_motor_controller build --build-base /root/glad_ws/build/glad_motor_controller/build install --record /root/glad_ws/build/glad_motor_controller/install.log --single-version-externally-managed install_data
[7.279s] DEBUG:colcon.colcon_core.event_handler.log_command:Invoking command in '/root/glad_ws/src/myimu': PYTHONPATH=/root/glad_ws/build/myimu/prefix_override:/usr/lib/python3/dist-packages/colcon_core/task/python/colcon_distutils_commands:/root/glad_ws/install/myimu/lib/python3.10/site-packages:${PYTHONPATH} /usr/bin/python3 -W ignore:setup.py install is deprecated -W ignore:easy_install command is deprecated setup.py egg_info --egg-base ../../build/myimu build --build-base /root/glad_ws/build/myimu/build install --record /root/glad_ws/build/myimu/install.log --single-version-externally-managed install_data
[8.701s] Level 1:colcon.colcon_core.environment:checking '/root/glad_ws/install/glad_voice' for CMake module files
[8.703s] DEBUG:colcon.colcon_core.event_handler.log_command:Invoked command in '/root/glad_ws/src/glad_voice' returned '0': PYTHONPATH=/root/glad_ws/build/glad_voice/prefix_override:/usr/lib/python3/dist-packages/colcon_core/task/python/colcon_distutils_commands:/root/glad_ws/install/glad_voice/lib/python3.10/site-packages:${PYTHONPATH} /usr/bin/python3 -W ignore:setup.py install is deprecated -W ignore:easy_install command is deprecated setup.py egg_info --egg-base ../../build/glad_voice build --build-base /root/glad_ws/build/glad_voice/build install --record /root/glad_ws/build/glad_voice/install.log --single-version-externally-managed install_data
[8.707s] Level 1:colcon.colcon_core.environment:checking '/root/glad_ws/install/glad_voice' for CMake config files
[8.709s] Level 1:colcon.colcon_core.environment:checking '/root/glad_ws/install/glad_voice/lib'
[8.710s] Level 1:colcon.colcon_core.environment:checking '/root/glad_ws/install/glad_voice/bin'
[8.711s] Level 1:colcon.colcon_core.environment:checking '/root/glad_ws/install/glad_voice/lib/pkgconfig/glad_voice.pc'
[8.712s] Level 1:colcon.colcon_core.environment:checking '/root/glad_ws/install/glad_voice/lib/python3.10/site-packages'
[8.713s] Level 1:colcon.colcon_core.shell:create_environment_hook('glad_voice', 'pythonpath')
[8.714s] INFO:colcon.colcon_core.shell:Creating environment hook '/root/glad_ws/install/glad_voice/share/glad_voice/hook/pythonpath.ps1'
[8.717s] INFO:colcon.colcon_core.shell:Creating environment descriptor '/root/glad_ws/install/glad_voice/share/glad_voice/hook/pythonpath.dsv'
[8.721s] INFO:colcon.colcon_core.shell:Creating environment hook '/root/glad_ws/install/glad_voice/share/glad_voice/hook/pythonpath.sh'
[8.727s] Level 1:colcon.colcon_core.environment:checking '/root/glad_ws/install/glad_voice/bin'
[8.727s] Level 1:colcon.colcon_core.environment:create_environment_scripts_only(glad_voice)
[8.730s] INFO:colcon.colcon_core.shell:Creating package script '/root/glad_ws/install/glad_voice/share/glad_voice/package.ps1'
[8.734s] INFO:colcon.colcon_core.shell:Creating package descriptor '/root/glad_ws/install/glad_voice/share/glad_voice/package.dsv'
[8.737s] INFO:colcon.colcon_core.shell:Creating package script '/root/glad_ws/install/glad_voice/share/glad_voice/package.sh'
[8.741s] INFO:colcon.colcon_core.shell:Creating package script '/root/glad_ws/install/glad_voice/share/glad_voice/package.bash'
[8.744s] INFO:colcon.colcon_core.shell:Creating package script '/root/glad_ws/install/glad_voice/share/glad_voice/package.zsh'
[8.747s] Level 1:colcon.colcon_core.environment:create_file_with_runtime_dependencies(/root/glad_ws/install/glad_voice/share/colcon-core/packages/glad_voice)
[8.754s] Level 1:colcon.colcon_core.environment:checking '/root/glad_ws/install/glad_motor_controller' for CMake module files
[8.758s] Level 1:colcon.colcon_core.environment:checking '/root/glad_ws/install/glad_motor_controller' for CMake config files
[8.764s] DEBUG:colcon.colcon_core.event_handler.log_command:Invoked command in '/root/glad_ws/src/glad_motor_controller' returned '0': PYTHONPATH=/root/glad_ws/build/glad_motor_controller/prefix_override:/usr/lib/python3/dist-packages/colcon_core/task/python/colcon_distutils_commands:/root/glad_ws/install/glad_motor_controller/lib/python3.10/site-packages:${PYTHONPATH} /usr/bin/python3 -W ignore:setup.py install is deprecated -W ignore:easy_install command is deprecated setup.py egg_info --egg-base ../../build/glad_motor_controller build --build-base /root/glad_ws/build/glad_motor_controller/build install --record /root/glad_ws/build/glad_motor_controller/install.log --single-version-externally-managed install_data
[8.765s] Level 1:colcon.colcon_core.environment:checking '/root/glad_ws/install/glad_motor_controller/lib'
[8.765s] Level 1:colcon.colcon_core.environment:checking '/root/glad_ws/install/glad_motor_controller/bin'
[8.767s] Level 1:colcon.colcon_core.environment:checking '/root/glad_ws/install/glad_motor_controller/lib/pkgconfig/glad_motor_controller.pc'
[8.768s] Level 1:colcon.colcon_core.environment:checking '/root/glad_ws/install/glad_motor_controller/lib/python3.10/site-packages'
[8.768s] Level 1:colcon.colcon_core.shell:create_environment_hook('glad_motor_controller', 'pythonpath')
[8.769s] INFO:colcon.colcon_core.shell:Creating environment hook '/root/glad_ws/install/glad_motor_controller/share/glad_motor_controller/hook/pythonpath.ps1'
[8.771s] INFO:colcon.colcon_core.shell:Creating environment descriptor '/root/glad_ws/install/glad_motor_controller/share/glad_motor_controller/hook/pythonpath.dsv'
[8.773s] INFO:colcon.colcon_core.shell:Creating environment hook '/root/glad_ws/install/glad_motor_controller/share/glad_motor_controller/hook/pythonpath.sh'
[8.776s] Level 1:colcon.colcon_core.environment:checking '/root/glad_ws/install/glad_motor_controller/bin'
[8.776s] Level 1:colcon.colcon_core.environment:create_environment_scripts_only(glad_motor_controller)
[8.777s] INFO:colcon.colcon_core.shell:Creating package script '/root/glad_ws/install/glad_motor_controller/share/glad_motor_controller/package.ps1'
[8.780s] INFO:colcon.colcon_core.shell:Creating package descriptor '/root/glad_ws/install/glad_motor_controller/share/glad_motor_controller/package.dsv'
[8.781s] INFO:colcon.colcon_core.shell:Creating package script '/root/glad_ws/install/glad_motor_controller/share/glad_motor_controller/package.sh'
[8.783s] INFO:colcon.colcon_core.shell:Creating package script '/root/glad_ws/install/glad_motor_controller/share/glad_motor_controller/package.bash'
[8.785s] INFO:colcon.colcon_core.shell:Creating package script '/root/glad_ws/install/glad_motor_controller/share/glad_motor_controller/package.zsh'
[8.786s] Level 1:colcon.colcon_core.environment:create_file_with_runtime_dependencies(/root/glad_ws/install/glad_motor_controller/share/colcon-core/packages/glad_motor_controller)
[8.790s] Level 1:colcon.colcon_core.environment:checking '/root/glad_ws/install/myimu' for CMake module files
[8.793s] Level 1:colcon.colcon_core.environment:checking '/root/glad_ws/install/myimu' for CMake config files
[8.794s] DEBUG:colcon.colcon_core.event_handler.log_command:Invoked command in '/root/glad_ws/src/myimu' returned '0': PYTHONPATH=/root/glad_ws/build/myimu/prefix_override:/usr/lib/python3/dist-packages/colcon_core/task/python/colcon_distutils_commands:/root/glad_ws/install/myimu/lib/python3.10/site-packages:${PYTHONPATH} /usr/bin/python3 -W ignore:setup.py install is deprecated -W ignore:easy_install command is deprecated setup.py egg_info --egg-base ../../build/myimu build --build-base /root/glad_ws/build/myimu/build install --record /root/glad_ws/build/myimu/install.log --single-version-externally-managed install_data
[8.796s] Level 1:colcon.colcon_core.environment:checking '/root/glad_ws/install/myimu/lib'
[8.797s] Level 1:colcon.colcon_core.environment:checking '/root/glad_ws/install/myimu/bin'
[8.797s] Level 1:colcon.colcon_core.environment:checking '/root/glad_ws/install/myimu/lib/pkgconfig/myimu.pc'
[8.799s] Level 1:colcon.colcon_core.environment:checking '/root/glad_ws/install/myimu/lib/python3.10/site-packages'
[8.799s] Level 1:colcon.colcon_core.shell:create_environment_hook('myimu', 'pythonpath')
[8.800s] INFO:colcon.colcon_core.shell:Creating environment hook '/root/glad_ws/install/myimu/share/myimu/hook/pythonpath.ps1'
[8.802s] INFO:colcon.colcon_core.shell:Creating environment descriptor '/root/glad_ws/install/myimu/share/myimu/hook/pythonpath.dsv'
[8.804s] INFO:colcon.colcon_core.shell:Creating environment hook '/root/glad_ws/install/myimu/share/myimu/hook/pythonpath.sh'
[8.807s] Level 1:colcon.colcon_core.environment:checking '/root/glad_ws/install/myimu/bin'
[8.807s] Level 1:colcon.colcon_core.environment:create_environment_scripts_only(myimu)
[8.809s] INFO:colcon.colcon_core.shell:Creating package script '/root/glad_ws/install/myimu/share/myimu/package.ps1'
[8.811s] INFO:colcon.colcon_core.shell:Creating package descriptor '/root/glad_ws/install/myimu/share/myimu/package.dsv'
[8.812s] INFO:colcon.colcon_core.shell:Creating package script '/root/glad_ws/install/myimu/share/myimu/package.sh'
[8.814s] INFO:colcon.colcon_core.shell:Creating package script '/root/glad_ws/install/myimu/share/myimu/package.bash'
[8.816s] INFO:colcon.colcon_core.shell:Creating package script '/root/glad_ws/install/myimu/share/myimu/package.zsh'
[8.818s] Level 1:colcon.colcon_core.environment:create_file_with_runtime_dependencies(/root/glad_ws/install/myimu/share/colcon-core/packages/myimu)
[8.819s] DEBUG:colcon.colcon_parallel_executor.executor.parallel:closing loop
[8.820s] DEBUG:colcon.colcon_parallel_executor.executor.parallel:loop closed
[8.820s] DEBUG:colcon.colcon_parallel_executor.executor.parallel:run_until_complete finished with '0'
[8.821s] DEBUG:colcon.colcon_core.event_reactor:joining thread
[8.866s] INFO:colcon.colcon_core.plugin_system:Skipping extension 'colcon_notification.desktop_notification.notify_send': Could not find 'notify-send'
[8.867s] INFO:colcon.colcon_core.plugin_system:Skipping extension 'colcon_notification.desktop_notification.terminal_notifier': Not used on non-Darwin systems
[8.867s] INFO:colcon.colcon_core.plugin_system:Skipping extension 'colcon_notification.desktop_notification.win32': Not used on non-Windows systems
[8.867s] INFO:colcon.colcon_notification.desktop_notification:Sending desktop notification using 'notify2'
[8.877s] DEBUG:colcon.colcon_notification.desktop_notification.notify2:Failed to initialize notify2: org.freedesktop.DBus.Error.Spawn.ExecFailed: /usr/bin/dbus-launch terminated abnormally without any error message
[8.877s] DEBUG:colcon.colcon_core.event_reactor:joined thread
[8.879s] INFO:colcon.colcon_core.shell:Creating prefix script '/root/glad_ws/install/local_setup.ps1'
[8.883s] INFO:colcon.colcon_core.shell:Creating prefix util module '/root/glad_ws/install/_local_setup_util_ps1.py'
[8.889s] INFO:colcon.colcon_core.shell:Creating prefix chain script '/root/glad_ws/install/setup.ps1'
[8.894s] INFO:colcon.colcon_core.shell:Creating prefix script '/root/glad_ws/install/local_setup.sh'
[8.898s] INFO:colcon.colcon_core.shell:Creating prefix util module '/root/glad_ws/install/_local_setup_util_sh.py'
[8.900s] INFO:colcon.colcon_core.shell:Creating prefix chain script '/root/glad_ws/install/setup.sh'
[8.906s] INFO:colcon.colcon_core.shell:Creating prefix script '/root/glad_ws/install/local_setup.bash'
[8.909s] INFO:colcon.colcon_core.shell:Creating prefix chain script '/root/glad_ws/install/setup.bash'
[8.915s] INFO:colcon.colcon_core.shell:Creating prefix script '/root/glad_ws/install/local_setup.zsh'
[8.919s] INFO:colcon.colcon_core.shell:Creating prefix chain script '/root/glad_ws/install/setup.zsh'
