[0.427s] DEBUG:colcon:Command line arguments: ['/usr/bin/colcon', 'build', '--packages-select', 'bringup']
[0.427s] DEBUG:colcon:Parsed command line arguments: Namespace(log_base=None, log_level=None, verb_name='build', build_base='build', install_base='install', merge_install=False, symlink_install=False, test_result_base=None, continue_on_error=False, executor='parallel', parallel_workers=4, event_handlers=None, ignore_user_meta=False, metas=['./colcon.meta'], base_paths=['.'], packages_ignore=None, packages_ignore_regex=None, paths=None, packages_up_to=None, packages_up_to_regex=None, packages_above=None, packages_above_and_dependencies=None, packages_above_depth=None, packages_select_by_dep=None, packages_skip_by_dep=None, packages_skip_up_to=None, packages_select_build_failed=False, packages_skip_build_finished=False, packages_select_test_failures=False, packages_skip_test_passed=False, packages_select=['bringup'], packages_skip=None, packages_select_regex=None, packages_skip_regex=None, packages_start=None, packages_end=None, allow_overriding=[], cmake_args=None, cmake_target=None, cmake_target_skip_unavailable=False, cmake_clean_cache=False, cmake_clean_first=False, cmake_force_configure=False, ament_cmake_args=None, catkin_cmake_args=None, catkin_skip_building_tests=False, mixin_files=None, mixin=None, verb_parser=<colcon_mixin.mixin.mixin_argument.MixinArgumentDecorator object at 0x7fa4894130>, verb_extension=<colcon_core.verb.build.BuildVerb object at 0x7fa4a20e50>, main=<bound method BuildVerb.main of <colcon_core.verb.build.BuildVerb object at 0x7fa4a20e50>>, mixin_verb=('build',))
[1.107s] Level 1:colcon.colcon_core.package_discovery:discover_packages(colcon_meta) check parameters
[1.108s] Level 1:colcon.colcon_core.package_discovery:discover_packages(recursive) check parameters
[1.108s] Level 1:colcon.colcon_core.package_discovery:discover_packages(ignore) check parameters
[1.108s] Level 1:colcon.colcon_core.package_discovery:discover_packages(path) check parameters
[1.108s] Level 1:colcon.colcon_core.package_discovery:discover_packages(colcon_meta) discover
[1.109s] Level 1:colcon.colcon_core.package_discovery:discover_packages(recursive) discover
[1.109s] INFO:colcon.colcon_core.package_discovery:Crawling recursively for packages in '/root/glad_ws'
[1.110s] Level 1:colcon.colcon_core.package_identification:_identify(.) by extensions ['ignore', 'ignore_ament_install']
[1.110s] Level 1:colcon.colcon_core.package_identification:_identify(.) by extension 'ignore'
[1.110s] Level 1:colcon.colcon_core.package_identification:_identify(.) by extension 'ignore_ament_install'
[1.110s] Level 1:colcon.colcon_core.package_identification:_identify(.) by extensions ['colcon_pkg']
[1.111s] Level 1:colcon.colcon_core.package_identification:_identify(.) by extension 'colcon_pkg'
[1.111s] Level 1:colcon.colcon_core.package_identification:_identify(.) by extensions ['colcon_meta']
[1.111s] Level 1:colcon.colcon_core.package_identification:_identify(.) by extension 'colcon_meta'
[1.111s] Level 1:colcon.colcon_core.package_identification:_identify(.) by extensions ['ros']
[1.111s] Level 1:colcon.colcon_core.package_identification:_identify(.) by extension 'ros'
[1.158s] Level 1:colcon.colcon_core.package_identification:_identify(.) by extensions ['cmake', 'python']
[1.159s] Level 1:colcon.colcon_core.package_identification:_identify(.) by extension 'cmake'
[1.159s] Level 1:colcon.colcon_core.package_identification:_identify(.) by extension 'python'
[1.159s] Level 1:colcon.colcon_core.package_identification:_identify(.) by extensions ['python_setup_py']
[1.159s] Level 1:colcon.colcon_core.package_identification:_identify(.) by extension 'python_setup_py'
[1.160s] Level 1:colcon.colcon_core.package_identification:_identify(build) by extensions ['ignore', 'ignore_ament_install']
[1.160s] Level 1:colcon.colcon_core.package_identification:_identify(build) by extension 'ignore'
[1.160s] Level 1:colcon.colcon_core.package_identification:_identify(build) ignored
[1.161s] Level 1:colcon.colcon_core.package_identification:_identify(install) by extensions ['ignore', 'ignore_ament_install']
[1.161s] Level 1:colcon.colcon_core.package_identification:_identify(install) by extension 'ignore'
[1.162s] Level 1:colcon.colcon_core.package_identification:_identify(install) ignored
[1.162s] Level 1:colcon.colcon_core.package_identification:_identify(log) by extensions ['ignore', 'ignore_ament_install']
[1.163s] Level 1:colcon.colcon_core.package_identification:_identify(log) by extension 'ignore'
[1.163s] Level 1:colcon.colcon_core.package_identification:_identify(log) ignored
[1.164s] Level 1:colcon.colcon_core.package_identification:_identify(src) by extensions ['ignore', 'ignore_ament_install']
[1.164s] Level 1:colcon.colcon_core.package_identification:_identify(src) by extension 'ignore'
[1.164s] Level 1:colcon.colcon_core.package_identification:_identify(src) by extension 'ignore_ament_install'
[1.164s] Level 1:colcon.colcon_core.package_identification:_identify(src) by extensions ['colcon_pkg']
[1.164s] Level 1:colcon.colcon_core.package_identification:_identify(src) by extension 'colcon_pkg'
[1.165s] Level 1:colcon.colcon_core.package_identification:_identify(src) by extensions ['colcon_meta']
[1.165s] Level 1:colcon.colcon_core.package_identification:_identify(src) by extension 'colcon_meta'
[1.165s] Level 1:colcon.colcon_core.package_identification:_identify(src) by extensions ['ros']
[1.165s] Level 1:colcon.colcon_core.package_identification:_identify(src) by extension 'ros'
[1.166s] Level 1:colcon.colcon_core.package_identification:_identify(src) by extensions ['cmake', 'python']
[1.166s] Level 1:colcon.colcon_core.package_identification:_identify(src) by extension 'cmake'
[1.166s] Level 1:colcon.colcon_core.package_identification:_identify(src) by extension 'python'
[1.166s] Level 1:colcon.colcon_core.package_identification:_identify(src) by extensions ['python_setup_py']
[1.166s] Level 1:colcon.colcon_core.package_identification:_identify(src) by extension 'python_setup_py'
[1.167s] Level 1:colcon.colcon_core.package_identification:_identify(src/bringup) by extensions ['ignore', 'ignore_ament_install']
[1.167s] Level 1:colcon.colcon_core.package_identification:_identify(src/bringup) by extension 'ignore'
[1.167s] Level 1:colcon.colcon_core.package_identification:_identify(src/bringup) by extension 'ignore_ament_install'
[1.167s] Level 1:colcon.colcon_core.package_identification:_identify(src/bringup) by extensions ['colcon_pkg']
[1.168s] Level 1:colcon.colcon_core.package_identification:_identify(src/bringup) by extension 'colcon_pkg'
[1.168s] Level 1:colcon.colcon_core.package_identification:_identify(src/bringup) by extensions ['colcon_meta']
[1.168s] Level 1:colcon.colcon_core.package_identification:_identify(src/bringup) by extension 'colcon_meta'
[1.168s] Level 1:colcon.colcon_core.package_identification:_identify(src/bringup) by extensions ['ros']
[1.168s] Level 1:colcon.colcon_core.package_identification:_identify(src/bringup) by extension 'ros'
[1.176s] DEBUG:colcon.colcon_core.package_identification:Package 'src/bringup' with type 'ros.ament_cmake' and name 'bringup'
[1.177s] Level 1:colcon.colcon_core.package_identification:_identify(src/glad_motor_controller) by extensions ['ignore', 'ignore_ament_install']
[1.178s] Level 1:colcon.colcon_core.package_identification:_identify(src/glad_motor_controller) by extension 'ignore'
[1.178s] Level 1:colcon.colcon_core.package_identification:_identify(src/glad_motor_controller) by extension 'ignore_ament_install'
[1.178s] Level 1:colcon.colcon_core.package_identification:_identify(src/glad_motor_controller) by extensions ['colcon_pkg']
[1.178s] Level 1:colcon.colcon_core.package_identification:_identify(src/glad_motor_controller) by extension 'colcon_pkg'
[1.178s] Level 1:colcon.colcon_core.package_identification:_identify(src/glad_motor_controller) by extensions ['colcon_meta']
[1.179s] Level 1:colcon.colcon_core.package_identification:_identify(src/glad_motor_controller) by extension 'colcon_meta'
[1.179s] Level 1:colcon.colcon_core.package_identification:_identify(src/glad_motor_controller) by extensions ['ros']
[1.179s] Level 1:colcon.colcon_core.package_identification:_identify(src/glad_motor_controller) by extension 'ros'
[1.183s] DEBUG:colcon.colcon_core.package_identification:Package 'src/glad_motor_controller' with type 'ros.ament_python' and name 'glad_motor_controller'
[1.184s] Level 1:colcon.colcon_core.package_identification:_identify(src/glad_voice) by extensions ['ignore', 'ignore_ament_install']
[1.185s] Level 1:colcon.colcon_core.package_identification:_identify(src/glad_voice) by extension 'ignore'
[1.185s] Level 1:colcon.colcon_core.package_identification:_identify(src/glad_voice) by extension 'ignore_ament_install'
[1.185s] Level 1:colcon.colcon_core.package_identification:_identify(src/glad_voice) by extensions ['colcon_pkg']
[1.185s] Level 1:colcon.colcon_core.package_identification:_identify(src/glad_voice) by extension 'colcon_pkg'
[1.186s] Level 1:colcon.colcon_core.package_identification:_identify(src/glad_voice) by extensions ['colcon_meta']
[1.186s] Level 1:colcon.colcon_core.package_identification:_identify(src/glad_voice) by extension 'colcon_meta'
[1.186s] Level 1:colcon.colcon_core.package_identification:_identify(src/glad_voice) by extensions ['ros']
[1.186s] Level 1:colcon.colcon_core.package_identification:_identify(src/glad_voice) by extension 'ros'
[1.189s] DEBUG:colcon.colcon_core.package_identification:Package 'src/glad_voice' with type 'ros.ament_python' and name 'glad_voice'
[1.189s] Level 1:colcon.colcon_core.package_identification:_identify(src/myimu) by extensions ['ignore', 'ignore_ament_install']
[1.190s] Level 1:colcon.colcon_core.package_identification:_identify(src/myimu) by extension 'ignore'
[1.190s] Level 1:colcon.colcon_core.package_identification:_identify(src/myimu) by extension 'ignore_ament_install'
[1.190s] Level 1:colcon.colcon_core.package_identification:_identify(src/myimu) by extensions ['colcon_pkg']
[1.190s] Level 1:colcon.colcon_core.package_identification:_identify(src/myimu) by extension 'colcon_pkg'
[1.191s] Level 1:colcon.colcon_core.package_identification:_identify(src/myimu) by extensions ['colcon_meta']
[1.191s] Level 1:colcon.colcon_core.package_identification:_identify(src/myimu) by extension 'colcon_meta'
[1.191s] Level 1:colcon.colcon_core.package_identification:_identify(src/myimu) by extensions ['ros']
[1.191s] Level 1:colcon.colcon_core.package_identification:_identify(src/myimu) by extension 'ros'
[1.194s] DEBUG:colcon.colcon_core.package_identification:Package 'src/myimu' with type 'ros.ament_python' and name 'myimu'
[1.194s] Level 1:colcon.colcon_core.package_identification:_identify(src/rf2o_laser_odometry) by extensions ['ignore', 'ignore_ament_install']
[1.195s] Level 1:colcon.colcon_core.package_identification:_identify(src/rf2o_laser_odometry) by extension 'ignore'
[1.195s] Level 1:colcon.colcon_core.package_identification:_identify(src/rf2o_laser_odometry) by extension 'ignore_ament_install'
[1.195s] Level 1:colcon.colcon_core.package_identification:_identify(src/rf2o_laser_odometry) by extensions ['colcon_pkg']
[1.195s] Level 1:colcon.colcon_core.package_identification:_identify(src/rf2o_laser_odometry) by extension 'colcon_pkg'
[1.195s] Level 1:colcon.colcon_core.package_identification:_identify(src/rf2o_laser_odometry) by extensions ['colcon_meta']
[1.195s] Level 1:colcon.colcon_core.package_identification:_identify(src/rf2o_laser_odometry) by extension 'colcon_meta'
[1.196s] Level 1:colcon.colcon_core.package_identification:_identify(src/rf2o_laser_odometry) by extensions ['ros']
[1.196s] Level 1:colcon.colcon_core.package_identification:_identify(src/rf2o_laser_odometry) by extension 'ros'
[1.200s] DEBUG:colcon.colcon_core.package_identification:Package 'src/rf2o_laser_odometry' with type 'ros.ament_cmake' and name 'rf2o_laser_odometry'
[1.201s] Level 1:colcon.colcon_core.package_identification:_identify(src/rplidar_ros) by extensions ['ignore', 'ignore_ament_install']
[1.201s] Level 1:colcon.colcon_core.package_identification:_identify(src/rplidar_ros) by extension 'ignore'
[1.201s] Level 1:colcon.colcon_core.package_identification:_identify(src/rplidar_ros) by extension 'ignore_ament_install'
[1.202s] Level 1:colcon.colcon_core.package_identification:_identify(src/rplidar_ros) by extensions ['colcon_pkg']
[1.202s] Level 1:colcon.colcon_core.package_identification:_identify(src/rplidar_ros) by extension 'colcon_pkg'
[1.202s] Level 1:colcon.colcon_core.package_identification:_identify(src/rplidar_ros) by extensions ['colcon_meta']
[1.202s] Level 1:colcon.colcon_core.package_identification:_identify(src/rplidar_ros) by extension 'colcon_meta'
[1.202s] Level 1:colcon.colcon_core.package_identification:_identify(src/rplidar_ros) by extensions ['ros']
[1.202s] Level 1:colcon.colcon_core.package_identification:_identify(src/rplidar_ros) by extension 'ros'
[1.205s] DEBUG:colcon.colcon_core.package_identification:Package 'src/rplidar_ros' with type 'ros.ament_cmake' and name 'rplidar_ros'
[1.205s] Level 1:colcon.colcon_core.package_discovery:discover_packages(recursive) using defaults
[1.206s] Level 1:colcon.colcon_core.package_discovery:discover_packages(ignore) discover
[1.206s] Level 1:colcon.colcon_core.package_discovery:discover_packages(ignore) using defaults
[1.206s] Level 1:colcon.colcon_core.package_discovery:discover_packages(path) discover
[1.206s] Level 1:colcon.colcon_core.package_discovery:discover_packages(path) using defaults
[1.283s] INFO:colcon.colcon_core.package_selection:Skipping not selected package 'glad_motor_controller' in 'src/glad_motor_controller'
[1.283s] INFO:colcon.colcon_core.package_selection:Skipping not selected package 'glad_voice' in 'src/glad_voice'
[1.283s] INFO:colcon.colcon_core.package_selection:Skipping not selected package 'myimu' in 'src/myimu'
[1.283s] INFO:colcon.colcon_core.package_selection:Skipping not selected package 'rf2o_laser_odometry' in 'src/rf2o_laser_odometry'
[1.283s] INFO:colcon.colcon_core.package_selection:Skipping not selected package 'rplidar_ros' in 'src/rplidar_ros'
[1.285s] Level 1:colcon.colcon_core.package_discovery:discover_packages(prefix_path) check parameters
[1.285s] Level 1:colcon.colcon_core.package_discovery:discover_packages(prefix_path) discover
[1.293s] DEBUG:colcon.colcon_installed_package_information.package_discovery:Found 6 installed packages in /root/glad_ws/install
[1.298s] DEBUG:colcon.colcon_installed_package_information.package_discovery:Found 246 installed packages in /opt/ros/humble
[1.307s] Level 1:colcon.colcon_core.package_discovery:discover_packages(prefix_path) using defaults
[1.528s] Level 5:colcon.colcon_core.verb:set package 'bringup' build argument 'cmake_args' from command line to 'None'
[1.529s] Level 5:colcon.colcon_core.verb:set package 'bringup' build argument 'cmake_target' from command line to 'None'
[1.529s] Level 5:colcon.colcon_core.verb:set package 'bringup' build argument 'cmake_target_skip_unavailable' from command line to 'False'
[1.529s] Level 5:colcon.colcon_core.verb:set package 'bringup' build argument 'cmake_clean_cache' from command line to 'False'
[1.529s] Level 5:colcon.colcon_core.verb:set package 'bringup' build argument 'cmake_clean_first' from command line to 'False'
[1.529s] Level 5:colcon.colcon_core.verb:set package 'bringup' build argument 'cmake_force_configure' from command line to 'False'
[1.529s] Level 5:colcon.colcon_core.verb:set package 'bringup' build argument 'ament_cmake_args' from command line to 'None'
[1.529s] Level 5:colcon.colcon_core.verb:set package 'bringup' build argument 'catkin_cmake_args' from command line to 'None'
[1.529s] Level 5:colcon.colcon_core.verb:set package 'bringup' build argument 'catkin_skip_building_tests' from command line to 'False'
[1.530s] DEBUG:colcon.colcon_core.verb:Building package 'bringup' with the following arguments: {'ament_cmake_args': None, 'build_base': '/root/glad_ws/build/bringup', 'catkin_cmake_args': None, 'catkin_skip_building_tests': False, 'cmake_args': None, 'cmake_clean_cache': False, 'cmake_clean_first': False, 'cmake_force_configure': False, 'cmake_target': None, 'cmake_target_skip_unavailable': False, 'install_base': '/root/glad_ws/install/bringup', 'merge_install': False, 'path': '/root/glad_ws/src/bringup', 'symlink_install': False, 'test_result_base': None}
[1.530s] INFO:colcon.colcon_core.executor:Executing jobs using 'parallel' executor
[1.534s] DEBUG:colcon.colcon_parallel_executor.executor.parallel:run_until_complete
[1.535s] INFO:colcon.colcon_ros.task.ament_cmake.build:Building ROS package in '/root/glad_ws/src/bringup' with build type 'ament_cmake'
[1.535s] INFO:colcon.colcon_cmake.task.cmake.build:Building CMake package in '/root/glad_ws/src/bringup'
[1.544s] INFO:colcon.colcon_core.plugin_system:Skipping extension 'colcon_core.shell.bat': Not used on non-Windows systems
[1.545s] INFO:colcon.colcon_core.shell:Skip shell extension 'powershell' for command environment: Not usable outside of PowerShell
[1.545s] DEBUG:colcon.colcon_core.shell:Skip shell extension 'dsv' for command environment
[1.571s] DEBUG:colcon.colcon_core.event_handler.log_command:Invoking command in '/root/glad_ws/build/bringup': CMAKE_PREFIX_PATH=${CMAKE_PREFIX_PATH}:/root/glad_ws/install/myimu:/root/glad_ws/install/glad_voice:/root/glad_ws/install/glad_motor_controller:/opt/ros/humble /usr/bin/cmake --build /root/glad_ws/build/bringup -- -j4 -l4
[1.682s] DEBUG:colcon.colcon_core.event_handler.log_command:Invoked command in '/root/glad_ws/build/bringup' returned '0': CMAKE_PREFIX_PATH=${CMAKE_PREFIX_PATH}:/root/glad_ws/install/myimu:/root/glad_ws/install/glad_voice:/root/glad_ws/install/glad_motor_controller:/opt/ros/humble /usr/bin/cmake --build /root/glad_ws/build/bringup -- -j4 -l4
[1.712s] DEBUG:colcon.colcon_core.event_handler.log_command:Invoking command in '/root/glad_ws/build/bringup': CMAKE_PREFIX_PATH=${CMAKE_PREFIX_PATH}:/root/glad_ws/install/myimu:/root/glad_ws/install/glad_voice:/root/glad_ws/install/glad_motor_controller:/opt/ros/humble /usr/bin/cmake --install /root/glad_ws/build/bringup
[1.755s] Level 1:colcon.colcon_core.environment:create_environment_scripts_only(bringup)
[1.758s] DEBUG:colcon.colcon_core.event_handler.log_command:Invoked command in '/root/glad_ws/build/bringup' returned '0': CMAKE_PREFIX_PATH=${CMAKE_PREFIX_PATH}:/root/glad_ws/install/myimu:/root/glad_ws/install/glad_voice:/root/glad_ws/install/glad_motor_controller:/opt/ros/humble /usr/bin/cmake --install /root/glad_ws/build/bringup
[1.767s] Level 1:colcon.colcon_core.environment:checking '/root/glad_ws/install/bringup' for CMake module files
[1.769s] Level 1:colcon.colcon_core.environment:checking '/root/glad_ws/install/bringup' for CMake config files
[1.770s] Level 1:colcon.colcon_core.shell:create_environment_hook('bringup', 'cmake_prefix_path')
[1.771s] INFO:colcon.colcon_core.shell:Creating environment hook '/root/glad_ws/install/bringup/share/bringup/hook/cmake_prefix_path.ps1'
[1.774s] INFO:colcon.colcon_core.shell:Creating environment descriptor '/root/glad_ws/install/bringup/share/bringup/hook/cmake_prefix_path.dsv'
[1.777s] INFO:colcon.colcon_core.shell:Creating environment hook '/root/glad_ws/install/bringup/share/bringup/hook/cmake_prefix_path.sh'
[1.781s] Level 1:colcon.colcon_core.environment:checking '/root/glad_ws/install/bringup/bin'
[1.782s] Level 1:colcon.colcon_core.environment:checking '/root/glad_ws/install/bringup/lib/pkgconfig/bringup.pc'
[1.783s] Level 1:colcon.colcon_core.environment:checking '/root/glad_ws/install/bringup/lib/python3.10/site-packages'
[1.784s] Level 1:colcon.colcon_core.environment:checking '/root/glad_ws/install/bringup/bin'
[1.785s] INFO:colcon.colcon_core.shell:Creating package script '/root/glad_ws/install/bringup/share/bringup/package.ps1'
[1.788s] INFO:colcon.colcon_core.shell:Creating package descriptor '/root/glad_ws/install/bringup/share/bringup/package.dsv'
[1.791s] INFO:colcon.colcon_core.shell:Creating package script '/root/glad_ws/install/bringup/share/bringup/package.sh'
[1.794s] INFO:colcon.colcon_core.shell:Creating package script '/root/glad_ws/install/bringup/share/bringup/package.bash'
[1.799s] INFO:colcon.colcon_core.shell:Creating package script '/root/glad_ws/install/bringup/share/bringup/package.zsh'
[1.803s] Level 1:colcon.colcon_core.environment:create_file_with_runtime_dependencies(/root/glad_ws/install/bringup/share/colcon-core/packages/bringup)
[1.806s] Level 1:colcon.colcon_core.environment:create_environment_scripts_only(bringup)
[1.807s] Level 1:colcon.colcon_core.environment:checking '/root/glad_ws/install/bringup' for CMake module files
[1.809s] Level 1:colcon.colcon_core.environment:checking '/root/glad_ws/install/bringup' for CMake config files
[1.809s] Level 1:colcon.colcon_core.shell:create_environment_hook('bringup', 'cmake_prefix_path')
[1.810s] INFO:colcon.colcon_core.shell:Creating environment hook '/root/glad_ws/install/bringup/share/bringup/hook/cmake_prefix_path.ps1'
[1.812s] INFO:colcon.colcon_core.shell:Creating environment descriptor '/root/glad_ws/install/bringup/share/bringup/hook/cmake_prefix_path.dsv'
[1.814s] INFO:colcon.colcon_core.shell:Creating environment hook '/root/glad_ws/install/bringup/share/bringup/hook/cmake_prefix_path.sh'
[1.817s] Level 1:colcon.colcon_core.environment:checking '/root/glad_ws/install/bringup/bin'
[1.818s] Level 1:colcon.colcon_core.environment:checking '/root/glad_ws/install/bringup/lib/pkgconfig/bringup.pc'
[1.819s] Level 1:colcon.colcon_core.environment:checking '/root/glad_ws/install/bringup/lib/python3.10/site-packages'
[1.821s] Level 1:colcon.colcon_core.environment:checking '/root/glad_ws/install/bringup/bin'
[1.822s] INFO:colcon.colcon_core.shell:Creating package script '/root/glad_ws/install/bringup/share/bringup/package.ps1'
[1.825s] INFO:colcon.colcon_core.shell:Creating package descriptor '/root/glad_ws/install/bringup/share/bringup/package.dsv'
[1.828s] INFO:colcon.colcon_core.shell:Creating package script '/root/glad_ws/install/bringup/share/bringup/package.sh'
[1.832s] INFO:colcon.colcon_core.shell:Creating package script '/root/glad_ws/install/bringup/share/bringup/package.bash'
[1.835s] INFO:colcon.colcon_core.shell:Creating package script '/root/glad_ws/install/bringup/share/bringup/package.zsh'
[1.837s] Level 1:colcon.colcon_core.environment:create_file_with_runtime_dependencies(/root/glad_ws/install/bringup/share/colcon-core/packages/bringup)
[1.838s] DEBUG:colcon.colcon_parallel_executor.executor.parallel:closing loop
[1.839s] DEBUG:colcon.colcon_parallel_executor.executor.parallel:loop closed
[1.839s] DEBUG:colcon.colcon_parallel_executor.executor.parallel:run_until_complete finished with '0'
[1.840s] DEBUG:colcon.colcon_core.event_reactor:joining thread
[1.862s] INFO:colcon.colcon_core.plugin_system:Skipping extension 'colcon_notification.desktop_notification.notify_send': Could not find 'notify-send'
[1.863s] INFO:colcon.colcon_core.plugin_system:Skipping extension 'colcon_notification.desktop_notification.terminal_notifier': Not used on non-Darwin systems
[1.863s] INFO:colcon.colcon_core.plugin_system:Skipping extension 'colcon_notification.desktop_notification.win32': Not used on non-Windows systems
[1.863s] INFO:colcon.colcon_notification.desktop_notification:Sending desktop notification using 'notify2'
[1.869s] DEBUG:colcon.colcon_notification.desktop_notification.notify2:Failed to initialize notify2: org.freedesktop.DBus.Error.Spawn.ExecFailed: /usr/bin/dbus-launch terminated abnormally without any error message
[1.869s] DEBUG:colcon.colcon_core.event_reactor:joined thread
[1.871s] INFO:colcon.colcon_core.shell:Creating prefix script '/root/glad_ws/install/local_setup.ps1'
[1.875s] INFO:colcon.colcon_core.shell:Creating prefix util module '/root/glad_ws/install/_local_setup_util_ps1.py'
[1.881s] INFO:colcon.colcon_core.shell:Creating prefix chain script '/root/glad_ws/install/setup.ps1'
[1.886s] INFO:colcon.colcon_core.shell:Creating prefix script '/root/glad_ws/install/local_setup.sh'
[1.889s] INFO:colcon.colcon_core.shell:Creating prefix util module '/root/glad_ws/install/_local_setup_util_sh.py'
[1.892s] INFO:colcon.colcon_core.shell:Creating prefix chain script '/root/glad_ws/install/setup.sh'
[1.898s] INFO:colcon.colcon_core.shell:Creating prefix script '/root/glad_ws/install/local_setup.bash'
[1.901s] INFO:colcon.colcon_core.shell:Creating prefix chain script '/root/glad_ws/install/setup.bash'
[1.905s] INFO:colcon.colcon_core.shell:Creating prefix script '/root/glad_ws/install/local_setup.zsh'
[1.907s] INFO:colcon.colcon_core.shell:Creating prefix chain script '/root/glad_ws/install/setup.zsh'
