[0.388s] DEBUG:colcon:Command line arguments: ['/usr/bin/colcon', 'build']
[0.388s] DEBUG:colcon:Parsed command line arguments: Namespace(log_base=None, log_level=None, verb_name='build', build_base='build', install_base='install', merge_install=False, symlink_install=False, test_result_base=None, continue_on_error=False, executor='parallel', parallel_workers=4, event_handlers=None, ignore_user_meta=False, metas=['./colcon.meta'], base_paths=['.'], packages_ignore=None, packages_ignore_regex=None, paths=None, packages_up_to=None, packages_up_to_regex=None, packages_above=None, packages_above_and_dependencies=None, packages_above_depth=None, packages_select_by_dep=None, packages_skip_by_dep=None, packages_skip_up_to=None, packages_select_build_failed=False, packages_skip_build_finished=False, packages_select_test_failures=False, packages_skip_test_passed=False, packages_select=None, packages_skip=None, packages_select_regex=None, packages_skip_regex=None, packages_start=None, packages_end=None, allow_overriding=[], cmake_args=None, cmake_target=None, cmake_target_skip_unavailable=False, cmake_clean_cache=False, cmake_clean_first=False, cmake_force_configure=False, ament_cmake_args=None, catkin_cmake_args=None, catkin_skip_building_tests=False, mixin_files=None, mixin=None, verb_parser=<colcon_mixin.mixin.mixin_argument.MixinArgumentDecorator object at 0x7fbd24f160>, verb_extension=<colcon_core.verb.build.BuildVerb object at 0x7fbd448850>, main=<bound method BuildVerb.main of <colcon_core.verb.build.BuildVerb object at 0x7fbd448850>>, mixin_verb=('build',))
[0.874s] Level 1:colcon.colcon_core.package_discovery:discover_packages(colcon_meta) check parameters
[0.875s] Level 1:colcon.colcon_core.package_discovery:discover_packages(recursive) check parameters
[0.875s] Level 1:colcon.colcon_core.package_discovery:discover_packages(ignore) check parameters
[0.875s] Level 1:colcon.colcon_core.package_discovery:discover_packages(path) check parameters
[0.875s] Level 1:colcon.colcon_core.package_discovery:discover_packages(colcon_meta) discover
[0.875s] Level 1:colcon.colcon_core.package_discovery:discover_packages(recursive) discover
[0.876s] INFO:colcon.colcon_core.package_discovery:Crawling recursively for packages in '/root/glad_ws'
[0.876s] Level 1:colcon.colcon_core.package_identification:_identify(.) by extensions ['ignore', 'ignore_ament_install']
[0.876s] Level 1:colcon.colcon_core.package_identification:_identify(.) by extension 'ignore'
[0.877s] Level 1:colcon.colcon_core.package_identification:_identify(.) by extension 'ignore_ament_install'
[0.877s] Level 1:colcon.colcon_core.package_identification:_identify(.) by extensions ['colcon_pkg']
[0.877s] Level 1:colcon.colcon_core.package_identification:_identify(.) by extension 'colcon_pkg'
[0.877s] Level 1:colcon.colcon_core.package_identification:_identify(.) by extensions ['colcon_meta']
[0.877s] Level 1:colcon.colcon_core.package_identification:_identify(.) by extension 'colcon_meta'
[0.877s] Level 1:colcon.colcon_core.package_identification:_identify(.) by extensions ['ros']
[0.878s] Level 1:colcon.colcon_core.package_identification:_identify(.) by extension 'ros'
[0.922s] Level 1:colcon.colcon_core.package_identification:_identify(.) by extensions ['cmake', 'python']
[0.922s] Level 1:colcon.colcon_core.package_identification:_identify(.) by extension 'cmake'
[0.922s] Level 1:colcon.colcon_core.package_identification:_identify(.) by extension 'python'
[0.922s] Level 1:colcon.colcon_core.package_identification:_identify(.) by extensions ['python_setup_py']
[0.922s] Level 1:colcon.colcon_core.package_identification:_identify(.) by extension 'python_setup_py'
[0.923s] Level 1:colcon.colcon_core.package_identification:_identify(build) by extensions ['ignore', 'ignore_ament_install']
[0.923s] Level 1:colcon.colcon_core.package_identification:_identify(build) by extension 'ignore'
[0.924s] Level 1:colcon.colcon_core.package_identification:_identify(build) ignored
[0.924s] Level 1:colcon.colcon_core.package_identification:_identify(install) by extensions ['ignore', 'ignore_ament_install']
[0.924s] Level 1:colcon.colcon_core.package_identification:_identify(install) by extension 'ignore'
[0.925s] Level 1:colcon.colcon_core.package_identification:_identify(install) ignored
[0.925s] Level 1:colcon.colcon_core.package_identification:_identify(log) by extensions ['ignore', 'ignore_ament_install']
[0.925s] Level 1:colcon.colcon_core.package_identification:_identify(log) by extension 'ignore'
[0.926s] Level 1:colcon.colcon_core.package_identification:_identify(log) ignored
[0.926s] Level 1:colcon.colcon_core.package_identification:_identify(src) by extensions ['ignore', 'ignore_ament_install']
[0.926s] Level 1:colcon.colcon_core.package_identification:_identify(src) by extension 'ignore'
[0.926s] Level 1:colcon.colcon_core.package_identification:_identify(src) by extension 'ignore_ament_install'
[0.927s] Level 1:colcon.colcon_core.package_identification:_identify(src) by extensions ['colcon_pkg']
[0.927s] Level 1:colcon.colcon_core.package_identification:_identify(src) by extension 'colcon_pkg'
[0.927s] Level 1:colcon.colcon_core.package_identification:_identify(src) by extensions ['colcon_meta']
[0.927s] Level 1:colcon.colcon_core.package_identification:_identify(src) by extension 'colcon_meta'
[0.927s] Level 1:colcon.colcon_core.package_identification:_identify(src) by extensions ['ros']
[0.927s] Level 1:colcon.colcon_core.package_identification:_identify(src) by extension 'ros'
[0.928s] Level 1:colcon.colcon_core.package_identification:_identify(src) by extensions ['cmake', 'python']
[0.928s] Level 1:colcon.colcon_core.package_identification:_identify(src) by extension 'cmake'
[0.928s] Level 1:colcon.colcon_core.package_identification:_identify(src) by extension 'python'
[0.928s] Level 1:colcon.colcon_core.package_identification:_identify(src) by extensions ['python_setup_py']
[0.928s] Level 1:colcon.colcon_core.package_identification:_identify(src) by extension 'python_setup_py'
[0.929s] Level 1:colcon.colcon_core.package_identification:_identify(src/bringup) by extensions ['ignore', 'ignore_ament_install']
[0.929s] Level 1:colcon.colcon_core.package_identification:_identify(src/bringup) by extension 'ignore'
[0.929s] Level 1:colcon.colcon_core.package_identification:_identify(src/bringup) by extension 'ignore_ament_install'
[0.930s] Level 1:colcon.colcon_core.package_identification:_identify(src/bringup) by extensions ['colcon_pkg']
[0.930s] Level 1:colcon.colcon_core.package_identification:_identify(src/bringup) by extension 'colcon_pkg'
[0.930s] Level 1:colcon.colcon_core.package_identification:_identify(src/bringup) by extensions ['colcon_meta']
[0.930s] Level 1:colcon.colcon_core.package_identification:_identify(src/bringup) by extension 'colcon_meta'
[0.930s] Level 1:colcon.colcon_core.package_identification:_identify(src/bringup) by extensions ['ros']
[0.930s] Level 1:colcon.colcon_core.package_identification:_identify(src/bringup) by extension 'ros'
[0.938s] DEBUG:colcon.colcon_core.package_identification:Package 'src/bringup' with type 'ros.ament_cmake' and name 'bringup'
[0.938s] Level 1:colcon.colcon_core.package_identification:_identify(src/myimu) by extensions ['ignore', 'ignore_ament_install']
[0.939s] Level 1:colcon.colcon_core.package_identification:_identify(src/myimu) by extension 'ignore'
[0.939s] Level 1:colcon.colcon_core.package_identification:_identify(src/myimu) by extension 'ignore_ament_install'
[0.939s] Level 1:colcon.colcon_core.package_identification:_identify(src/myimu) by extensions ['colcon_pkg']
[0.939s] Level 1:colcon.colcon_core.package_identification:_identify(src/myimu) by extension 'colcon_pkg'
[0.939s] Level 1:colcon.colcon_core.package_identification:_identify(src/myimu) by extensions ['colcon_meta']
[0.940s] Level 1:colcon.colcon_core.package_identification:_identify(src/myimu) by extension 'colcon_meta'
[0.940s] Level 1:colcon.colcon_core.package_identification:_identify(src/myimu) by extensions ['ros']
[0.940s] Level 1:colcon.colcon_core.package_identification:_identify(src/myimu) by extension 'ros'
[0.942s] DEBUG:colcon.colcon_core.package_identification:Package 'src/myimu' with type 'ros.ament_python' and name 'myimu'
[0.943s] Level 1:colcon.colcon_core.package_identification:_identify(src/rf2o_laser_odometry) by extensions ['ignore', 'ignore_ament_install']
[0.943s] Level 1:colcon.colcon_core.package_identification:_identify(src/rf2o_laser_odometry) by extension 'ignore'
[0.943s] Level 1:colcon.colcon_core.package_identification:_identify(src/rf2o_laser_odometry) by extension 'ignore_ament_install'
[0.944s] Level 1:colcon.colcon_core.package_identification:_identify(src/rf2o_laser_odometry) by extensions ['colcon_pkg']
[0.944s] Level 1:colcon.colcon_core.package_identification:_identify(src/rf2o_laser_odometry) by extension 'colcon_pkg'
[0.944s] Level 1:colcon.colcon_core.package_identification:_identify(src/rf2o_laser_odometry) by extensions ['colcon_meta']
[0.944s] Level 1:colcon.colcon_core.package_identification:_identify(src/rf2o_laser_odometry) by extension 'colcon_meta'
[0.944s] Level 1:colcon.colcon_core.package_identification:_identify(src/rf2o_laser_odometry) by extensions ['ros']
[0.944s] Level 1:colcon.colcon_core.package_identification:_identify(src/rf2o_laser_odometry) by extension 'ros'
[0.949s] DEBUG:colcon.colcon_core.package_identification:Package 'src/rf2o_laser_odometry' with type 'ros.ament_cmake' and name 'rf2o_laser_odometry'
[0.949s] Level 1:colcon.colcon_core.package_identification:_identify(src/rplidar_ros) by extensions ['ignore', 'ignore_ament_install']
[0.950s] Level 1:colcon.colcon_core.package_identification:_identify(src/rplidar_ros) by extension 'ignore'
[0.950s] Level 1:colcon.colcon_core.package_identification:_identify(src/rplidar_ros) by extension 'ignore_ament_install'
[0.950s] Level 1:colcon.colcon_core.package_identification:_identify(src/rplidar_ros) by extensions ['colcon_pkg']
[0.950s] Level 1:colcon.colcon_core.package_identification:_identify(src/rplidar_ros) by extension 'colcon_pkg'
[0.950s] Level 1:colcon.colcon_core.package_identification:_identify(src/rplidar_ros) by extensions ['colcon_meta']
[0.951s] Level 1:colcon.colcon_core.package_identification:_identify(src/rplidar_ros) by extension 'colcon_meta'
[0.951s] Level 1:colcon.colcon_core.package_identification:_identify(src/rplidar_ros) by extensions ['ros']
[0.951s] Level 1:colcon.colcon_core.package_identification:_identify(src/rplidar_ros) by extension 'ros'
[0.953s] DEBUG:colcon.colcon_core.package_identification:Package 'src/rplidar_ros' with type 'ros.ament_cmake' and name 'rplidar_ros'
[0.954s] Level 1:colcon.colcon_core.package_discovery:discover_packages(recursive) using defaults
[0.954s] Level 1:colcon.colcon_core.package_discovery:discover_packages(ignore) discover
[0.954s] Level 1:colcon.colcon_core.package_discovery:discover_packages(ignore) using defaults
[0.954s] Level 1:colcon.colcon_core.package_discovery:discover_packages(path) discover
[0.954s] Level 1:colcon.colcon_core.package_discovery:discover_packages(path) using defaults
[1.025s] Level 1:colcon.colcon_core.package_discovery:discover_packages(prefix_path) check parameters
[1.025s] Level 1:colcon.colcon_core.package_discovery:discover_packages(prefix_path) discover
[1.033s] DEBUG:colcon.colcon_installed_package_information.package_discovery:Found 184 installed packages in /opt/ros/humble
[1.038s] Level 1:colcon.colcon_core.package_discovery:discover_packages(prefix_path) using defaults
[1.173s] Level 5:colcon.colcon_core.verb:set package 'bringup' build argument 'cmake_args' from command line to 'None'
[1.174s] Level 5:colcon.colcon_core.verb:set package 'bringup' build argument 'cmake_target' from command line to 'None'
[1.174s] Level 5:colcon.colcon_core.verb:set package 'bringup' build argument 'cmake_target_skip_unavailable' from command line to 'False'
[1.174s] Level 5:colcon.colcon_core.verb:set package 'bringup' build argument 'cmake_clean_cache' from command line to 'False'
[1.174s] Level 5:colcon.colcon_core.verb:set package 'bringup' build argument 'cmake_clean_first' from command line to 'False'
[1.174s] Level 5:colcon.colcon_core.verb:set package 'bringup' build argument 'cmake_force_configure' from command line to 'False'
[1.174s] Level 5:colcon.colcon_core.verb:set package 'bringup' build argument 'ament_cmake_args' from command line to 'None'
[1.174s] Level 5:colcon.colcon_core.verb:set package 'bringup' build argument 'catkin_cmake_args' from command line to 'None'
[1.174s] Level 5:colcon.colcon_core.verb:set package 'bringup' build argument 'catkin_skip_building_tests' from command line to 'False'
[1.174s] DEBUG:colcon.colcon_core.verb:Building package 'bringup' with the following arguments: {'ament_cmake_args': None, 'build_base': '/root/glad_ws/build/bringup', 'catkin_cmake_args': None, 'catkin_skip_building_tests': False, 'cmake_args': None, 'cmake_clean_cache': False, 'cmake_clean_first': False, 'cmake_force_configure': False, 'cmake_target': None, 'cmake_target_skip_unavailable': False, 'install_base': '/root/glad_ws/install/bringup', 'merge_install': False, 'path': '/root/glad_ws/src/bringup', 'symlink_install': False, 'test_result_base': None}
[1.176s] Level 5:colcon.colcon_core.verb:set package 'myimu' build argument 'cmake_args' from command line to 'None'
[1.176s] Level 5:colcon.colcon_core.verb:set package 'myimu' build argument 'cmake_target' from command line to 'None'
[1.176s] Level 5:colcon.colcon_core.verb:set package 'myimu' build argument 'cmake_target_skip_unavailable' from command line to 'False'
[1.176s] Level 5:colcon.colcon_core.verb:set package 'myimu' build argument 'cmake_clean_cache' from command line to 'False'
[1.176s] Level 5:colcon.colcon_core.verb:set package 'myimu' build argument 'cmake_clean_first' from command line to 'False'
[1.177s] Level 5:colcon.colcon_core.verb:set package 'myimu' build argument 'cmake_force_configure' from command line to 'False'
[1.177s] Level 5:colcon.colcon_core.verb:set package 'myimu' build argument 'ament_cmake_args' from command line to 'None'
[1.177s] Level 5:colcon.colcon_core.verb:set package 'myimu' build argument 'catkin_cmake_args' from command line to 'None'
[1.177s] Level 5:colcon.colcon_core.verb:set package 'myimu' build argument 'catkin_skip_building_tests' from command line to 'False'
[1.177s] DEBUG:colcon.colcon_core.verb:Building package 'myimu' with the following arguments: {'ament_cmake_args': None, 'build_base': '/root/glad_ws/build/myimu', 'catkin_cmake_args': None, 'catkin_skip_building_tests': False, 'cmake_args': None, 'cmake_clean_cache': False, 'cmake_clean_first': False, 'cmake_force_configure': False, 'cmake_target': None, 'cmake_target_skip_unavailable': False, 'install_base': '/root/glad_ws/install/myimu', 'merge_install': False, 'path': '/root/glad_ws/src/myimu', 'symlink_install': False, 'test_result_base': None}
[1.178s] Level 5:colcon.colcon_core.verb:set package 'rf2o_laser_odometry' build argument 'cmake_args' from command line to 'None'
[1.178s] Level 5:colcon.colcon_core.verb:set package 'rf2o_laser_odometry' build argument 'cmake_target' from command line to 'None'
[1.179s] Level 5:colcon.colcon_core.verb:set package 'rf2o_laser_odometry' build argument 'cmake_target_skip_unavailable' from command line to 'False'
[1.179s] Level 5:colcon.colcon_core.verb:set package 'rf2o_laser_odometry' build argument 'cmake_clean_cache' from command line to 'False'
[1.179s] Level 5:colcon.colcon_core.verb:set package 'rf2o_laser_odometry' build argument 'cmake_clean_first' from command line to 'False'
[1.179s] Level 5:colcon.colcon_core.verb:set package 'rf2o_laser_odometry' build argument 'cmake_force_configure' from command line to 'False'
[1.179s] Level 5:colcon.colcon_core.verb:set package 'rf2o_laser_odometry' build argument 'ament_cmake_args' from command line to 'None'
[1.179s] Level 5:colcon.colcon_core.verb:set package 'rf2o_laser_odometry' build argument 'catkin_cmake_args' from command line to 'None'
[1.179s] Level 5:colcon.colcon_core.verb:set package 'rf2o_laser_odometry' build argument 'catkin_skip_building_tests' from command line to 'False'
[1.179s] DEBUG:colcon.colcon_core.verb:Building package 'rf2o_laser_odometry' with the following arguments: {'ament_cmake_args': None, 'build_base': '/root/glad_ws/build/rf2o_laser_odometry', 'catkin_cmake_args': None, 'catkin_skip_building_tests': False, 'cmake_args': None, 'cmake_clean_cache': False, 'cmake_clean_first': False, 'cmake_force_configure': False, 'cmake_target': None, 'cmake_target_skip_unavailable': False, 'install_base': '/root/glad_ws/install/rf2o_laser_odometry', 'merge_install': False, 'path': '/root/glad_ws/src/rf2o_laser_odometry', 'symlink_install': False, 'test_result_base': None}
[1.181s] Level 5:colcon.colcon_core.verb:set package 'rplidar_ros' build argument 'cmake_args' from command line to 'None'
[1.181s] Level 5:colcon.colcon_core.verb:set package 'rplidar_ros' build argument 'cmake_target' from command line to 'None'
[1.181s] Level 5:colcon.colcon_core.verb:set package 'rplidar_ros' build argument 'cmake_target_skip_unavailable' from command line to 'False'
[1.181s] Level 5:colcon.colcon_core.verb:set package 'rplidar_ros' build argument 'cmake_clean_cache' from command line to 'False'
[1.181s] Level 5:colcon.colcon_core.verb:set package 'rplidar_ros' build argument 'cmake_clean_first' from command line to 'False'
[1.181s] Level 5:colcon.colcon_core.verb:set package 'rplidar_ros' build argument 'cmake_force_configure' from command line to 'False'
[1.181s] Level 5:colcon.colcon_core.verb:set package 'rplidar_ros' build argument 'ament_cmake_args' from command line to 'None'
[1.182s] Level 5:colcon.colcon_core.verb:set package 'rplidar_ros' build argument 'catkin_cmake_args' from command line to 'None'
[1.182s] Level 5:colcon.colcon_core.verb:set package 'rplidar_ros' build argument 'catkin_skip_building_tests' from command line to 'False'
[1.182s] DEBUG:colcon.colcon_core.verb:Building package 'rplidar_ros' with the following arguments: {'ament_cmake_args': None, 'build_base': '/root/glad_ws/build/rplidar_ros', 'catkin_cmake_args': None, 'catkin_skip_building_tests': False, 'cmake_args': None, 'cmake_clean_cache': False, 'cmake_clean_first': False, 'cmake_force_configure': False, 'cmake_target': None, 'cmake_target_skip_unavailable': False, 'install_base': '/root/glad_ws/install/rplidar_ros', 'merge_install': False, 'path': '/root/glad_ws/src/rplidar_ros', 'symlink_install': False, 'test_result_base': None}
[1.182s] INFO:colcon.colcon_core.executor:Executing jobs using 'parallel' executor
[1.186s] DEBUG:colcon.colcon_parallel_executor.executor.parallel:run_until_complete
[1.187s] INFO:colcon.colcon_ros.task.ament_cmake.build:Building ROS package in '/root/glad_ws/src/bringup' with build type 'ament_cmake'
[1.187s] INFO:colcon.colcon_cmake.task.cmake.build:Building CMake package in '/root/glad_ws/src/bringup'
[1.197s] INFO:colcon.colcon_core.plugin_system:Skipping extension 'colcon_core.shell.bat': Not used on non-Windows systems
[1.198s] INFO:colcon.colcon_core.shell:Skip shell extension 'powershell' for command environment: Not usable outside of PowerShell
[1.198s] DEBUG:colcon.colcon_core.shell:Skip shell extension 'dsv' for command environment
[1.208s] INFO:colcon.colcon_ros.task.ament_python.build:Building ROS package in '/root/glad_ws/src/myimu' with build type 'ament_python'
[1.208s] Level 1:colcon.colcon_core.shell:create_environment_hook('myimu', 'ament_prefix_path')
[1.210s] INFO:colcon.colcon_core.shell:Creating environment hook '/root/glad_ws/install/myimu/share/myimu/hook/ament_prefix_path.ps1'
[1.212s] INFO:colcon.colcon_core.shell:Creating environment descriptor '/root/glad_ws/install/myimu/share/myimu/hook/ament_prefix_path.dsv'
[1.214s] INFO:colcon.colcon_core.shell:Creating environment hook '/root/glad_ws/install/myimu/share/myimu/hook/ament_prefix_path.sh'
[1.219s] INFO:colcon.colcon_core.shell:Skip shell extension 'powershell' for command environment: Not usable outside of PowerShell
[1.219s] DEBUG:colcon.colcon_core.shell:Skip shell extension 'dsv' for command environment
[1.227s] INFO:colcon.colcon_ros.task.ament_cmake.build:Building ROS package in '/root/glad_ws/src/rf2o_laser_odometry' with build type 'ament_cmake'
[1.228s] INFO:colcon.colcon_cmake.task.cmake.build:Building CMake package in '/root/glad_ws/src/rf2o_laser_odometry'
[1.229s] INFO:colcon.colcon_core.shell:Skip shell extension 'powershell' for command environment: Not usable outside of PowerShell
[1.229s] DEBUG:colcon.colcon_core.shell:Skip shell extension 'dsv' for command environment
[1.237s] INFO:colcon.colcon_ros.task.ament_cmake.build:Building ROS package in '/root/glad_ws/src/rplidar_ros' with build type 'ament_cmake'
[1.238s] INFO:colcon.colcon_cmake.task.cmake.build:Building CMake package in '/root/glad_ws/src/rplidar_ros'
[1.239s] INFO:colcon.colcon_core.shell:Skip shell extension 'powershell' for command environment: Not usable outside of PowerShell
[1.240s] DEBUG:colcon.colcon_core.shell:Skip shell extension 'dsv' for command environment
[1.271s] DEBUG:colcon.colcon_core.event_handler.log_command:Invoking command in '/root/glad_ws/build/bringup': CMAKE_PREFIX_PATH=/opt/ros/humble /usr/bin/cmake --build /root/glad_ws/build/bringup -- -j4 -l4
[2.134s] INFO:colcon.colcon_core.task.python.build:Building Python package in '/root/glad_ws/src/myimu'
[2.135s] INFO:colcon.colcon_core.shell:Skip shell extension 'powershell' for command environment: Not usable outside of PowerShell
[2.136s] DEBUG:colcon.colcon_core.shell:Skip shell extension 'dsv' for command environment
[2.157s] DEBUG:colcon.colcon_core.event_handler.log_command:Invoking command in '/root/glad_ws/build/rf2o_laser_odometry': CMAKE_PREFIX_PATH=/opt/ros/humble /usr/bin/cmake --build /root/glad_ws/build/rf2o_laser_odometry -- -j4 -l4
[2.165s] DEBUG:colcon.colcon_core.event_handler.log_command:Invoking command in '/root/glad_ws/build/rplidar_ros': CMAKE_PREFIX_PATH=/opt/ros/humble /usr/bin/cmake --build /root/glad_ws/build/rplidar_ros -- -j4 -l4
[2.177s] DEBUG:colcon.colcon_core.event_handler.log_command:Invoked command in '/root/glad_ws/build/bringup' returned '0': CMAKE_PREFIX_PATH=/opt/ros/humble /usr/bin/cmake --build /root/glad_ws/build/bringup -- -j4 -l4
[2.212s] DEBUG:colcon.colcon_core.event_handler.log_command:Invoking command in '/root/glad_ws/build/bringup': CMAKE_PREFIX_PATH=/opt/ros/humble /usr/bin/cmake --install /root/glad_ws/build/bringup
[2.263s] Level 1:colcon.colcon_core.environment:create_environment_scripts_only(bringup)
[2.269s] DEBUG:colcon.colcon_core.event_handler.log_command:Invoked command in '/root/glad_ws/build/bringup' returned '0': CMAKE_PREFIX_PATH=/opt/ros/humble /usr/bin/cmake --install /root/glad_ws/build/bringup
[2.280s] Level 1:colcon.colcon_core.environment:checking '/root/glad_ws/install/bringup' for CMake module files
[2.282s] Level 1:colcon.colcon_core.environment:checking '/root/glad_ws/install/bringup' for CMake config files
[2.284s] Level 1:colcon.colcon_core.shell:create_environment_hook('bringup', 'cmake_prefix_path')
[2.285s] INFO:colcon.colcon_core.shell:Creating environment hook '/root/glad_ws/install/bringup/share/bringup/hook/cmake_prefix_path.ps1'
[2.290s] INFO:colcon.colcon_core.shell:Creating environment descriptor '/root/glad_ws/install/bringup/share/bringup/hook/cmake_prefix_path.dsv'
[2.297s] INFO:colcon.colcon_core.shell:Creating environment hook '/root/glad_ws/install/bringup/share/bringup/hook/cmake_prefix_path.sh'
[2.305s] Level 1:colcon.colcon_core.environment:checking '/root/glad_ws/install/bringup/bin'
[2.306s] Level 1:colcon.colcon_core.environment:checking '/root/glad_ws/install/bringup/lib/pkgconfig/bringup.pc'
[2.308s] Level 1:colcon.colcon_core.environment:checking '/root/glad_ws/install/bringup/lib/python3.10/site-packages'
[2.313s] Level 1:colcon.colcon_core.environment:checking '/root/glad_ws/install/bringup/bin'
[2.321s] INFO:colcon.colcon_core.shell:Creating package script '/root/glad_ws/install/bringup/share/bringup/package.ps1'
[2.331s] INFO:colcon.colcon_core.shell:Creating package descriptor '/root/glad_ws/install/bringup/share/bringup/package.dsv'
[2.339s] INFO:colcon.colcon_core.shell:Creating package script '/root/glad_ws/install/bringup/share/bringup/package.sh'
[2.350s] INFO:colcon.colcon_core.shell:Creating package script '/root/glad_ws/install/bringup/share/bringup/package.bash'
[2.355s] INFO:colcon.colcon_core.shell:Creating package script '/root/glad_ws/install/bringup/share/bringup/package.zsh'
[2.363s] Level 1:colcon.colcon_core.environment:create_file_with_runtime_dependencies(/root/glad_ws/install/bringup/share/colcon-core/packages/bringup)
[2.371s] Level 1:colcon.colcon_core.environment:create_environment_scripts_only(bringup)
[2.377s] Level 1:colcon.colcon_core.environment:checking '/root/glad_ws/install/bringup' for CMake module files
[2.385s] Level 1:colcon.colcon_core.environment:checking '/root/glad_ws/install/bringup' for CMake config files
[2.388s] Level 1:colcon.colcon_core.shell:create_environment_hook('bringup', 'cmake_prefix_path')
[2.391s] INFO:colcon.colcon_core.shell:Creating environment hook '/root/glad_ws/install/bringup/share/bringup/hook/cmake_prefix_path.ps1'
[2.398s] INFO:colcon.colcon_core.shell:Creating environment descriptor '/root/glad_ws/install/bringup/share/bringup/hook/cmake_prefix_path.dsv'
[2.405s] INFO:colcon.colcon_core.shell:Creating environment hook '/root/glad_ws/install/bringup/share/bringup/hook/cmake_prefix_path.sh'
[2.414s] Level 1:colcon.colcon_core.environment:checking '/root/glad_ws/install/bringup/bin'
[2.416s] Level 1:colcon.colcon_core.environment:checking '/root/glad_ws/install/bringup/lib/pkgconfig/bringup.pc'
[2.418s] Level 1:colcon.colcon_core.environment:checking '/root/glad_ws/install/bringup/lib/python3.10/site-packages'
[2.423s] Level 1:colcon.colcon_core.environment:checking '/root/glad_ws/install/bringup/bin'
[2.425s] INFO:colcon.colcon_core.shell:Creating package script '/root/glad_ws/install/bringup/share/bringup/package.ps1'
[2.432s] INFO:colcon.colcon_core.shell:Creating package descriptor '/root/glad_ws/install/bringup/share/bringup/package.dsv'
[2.437s] INFO:colcon.colcon_core.shell:Creating package script '/root/glad_ws/install/bringup/share/bringup/package.sh'
[2.441s] INFO:colcon.colcon_core.shell:Creating package script '/root/glad_ws/install/bringup/share/bringup/package.bash'
[2.444s] INFO:colcon.colcon_core.shell:Creating package script '/root/glad_ws/install/bringup/share/bringup/package.zsh'
[2.448s] Level 1:colcon.colcon_core.environment:create_file_with_runtime_dependencies(/root/glad_ws/install/bringup/share/colcon-core/packages/bringup)
[2.515s] DEBUG:colcon.colcon_core.event_handler.log_command:Invoked command in '/root/glad_ws/build/rf2o_laser_odometry' returned '0': CMAKE_PREFIX_PATH=/opt/ros/humble /usr/bin/cmake --build /root/glad_ws/build/rf2o_laser_odometry -- -j4 -l4
[2.530s] DEBUG:colcon.colcon_core.event_handler.log_command:Invoking command in '/root/glad_ws/build/rf2o_laser_odometry': CMAKE_PREFIX_PATH=/opt/ros/humble /usr/bin/cmake --install /root/glad_ws/build/rf2o_laser_odometry
[2.589s] DEBUG:colcon.colcon_core.event_handler.log_command:Invoked command in '/root/glad_ws/build/rplidar_ros' returned '0': CMAKE_PREFIX_PATH=/opt/ros/humble /usr/bin/cmake --build /root/glad_ws/build/rplidar_ros -- -j4 -l4
[2.592s] DEBUG:colcon.colcon_core.event_handler.log_command:Invoking command in '/root/glad_ws/build/rplidar_ros': CMAKE_PREFIX_PATH=/opt/ros/humble /usr/bin/cmake --install /root/glad_ws/build/rplidar_ros
[2.596s] Level 1:colcon.colcon_core.environment:create_environment_scripts_only(rf2o_laser_odometry)
[2.597s] Level 1:colcon.colcon_core.environment:checking '/root/glad_ws/install/rf2o_laser_odometry' for CMake module files
[2.600s] Level 1:colcon.colcon_core.environment:checking '/root/glad_ws/install/rf2o_laser_odometry' for CMake config files
[2.602s] Level 1:colcon.colcon_core.shell:create_environment_hook('rf2o_laser_odometry', 'cmake_prefix_path')
[2.608s] INFO:colcon.colcon_core.shell:Creating environment hook '/root/glad_ws/install/rf2o_laser_odometry/share/rf2o_laser_odometry/hook/cmake_prefix_path.ps1'
[2.603s] DEBUG:colcon.colcon_core.event_handler.log_command:Invoked command in '/root/glad_ws/build/rf2o_laser_odometry' returned '0': CMAKE_PREFIX_PATH=/opt/ros/humble /usr/bin/cmake --install /root/glad_ws/build/rf2o_laser_odometry
[2.612s] INFO:colcon.colcon_core.shell:Creating environment descriptor '/root/glad_ws/install/rf2o_laser_odometry/share/rf2o_laser_odometry/hook/cmake_prefix_path.dsv'
[2.616s] INFO:colcon.colcon_core.shell:Creating environment hook '/root/glad_ws/install/rf2o_laser_odometry/share/rf2o_laser_odometry/hook/cmake_prefix_path.sh'
[2.625s] Level 1:colcon.colcon_core.environment:checking '/root/glad_ws/install/rf2o_laser_odometry/lib'
[2.626s] Level 1:colcon.colcon_core.environment:checking '/root/glad_ws/install/rf2o_laser_odometry/bin'
[2.627s] Level 1:colcon.colcon_core.environment:checking '/root/glad_ws/install/rf2o_laser_odometry/lib/pkgconfig/rf2o_laser_odometry.pc'
[2.629s] Level 1:colcon.colcon_core.environment:checking '/root/glad_ws/install/rf2o_laser_odometry/lib/python3.10/site-packages'
[2.634s] Level 1:colcon.colcon_core.environment:checking '/root/glad_ws/install/rf2o_laser_odometry/bin'
[2.636s] INFO:colcon.colcon_core.shell:Creating package script '/root/glad_ws/install/rf2o_laser_odometry/share/rf2o_laser_odometry/package.ps1'
[2.641s] INFO:colcon.colcon_core.shell:Creating package descriptor '/root/glad_ws/install/rf2o_laser_odometry/share/rf2o_laser_odometry/package.dsv'
[2.646s] INFO:colcon.colcon_core.shell:Creating package script '/root/glad_ws/install/rf2o_laser_odometry/share/rf2o_laser_odometry/package.sh'
[2.650s] INFO:colcon.colcon_core.shell:Creating package script '/root/glad_ws/install/rf2o_laser_odometry/share/rf2o_laser_odometry/package.bash'
[2.654s] INFO:colcon.colcon_core.shell:Creating package script '/root/glad_ws/install/rf2o_laser_odometry/share/rf2o_laser_odometry/package.zsh'
[2.657s] Level 1:colcon.colcon_core.environment:create_file_with_runtime_dependencies(/root/glad_ws/install/rf2o_laser_odometry/share/colcon-core/packages/rf2o_laser_odometry)
[2.661s] Level 1:colcon.colcon_core.environment:create_environment_scripts_only(rf2o_laser_odometry)
[2.663s] Level 1:colcon.colcon_core.environment:checking '/root/glad_ws/install/rf2o_laser_odometry' for CMake module files
[2.665s] Level 1:colcon.colcon_core.environment:checking '/root/glad_ws/install/rf2o_laser_odometry' for CMake config files
[2.667s] Level 1:colcon.colcon_core.shell:create_environment_hook('rf2o_laser_odometry', 'cmake_prefix_path')
[2.668s] INFO:colcon.colcon_core.shell:Creating environment hook '/root/glad_ws/install/rf2o_laser_odometry/share/rf2o_laser_odometry/hook/cmake_prefix_path.ps1'
[2.671s] INFO:colcon.colcon_core.shell:Creating environment descriptor '/root/glad_ws/install/rf2o_laser_odometry/share/rf2o_laser_odometry/hook/cmake_prefix_path.dsv'
[2.673s] INFO:colcon.colcon_core.shell:Creating environment hook '/root/glad_ws/install/rf2o_laser_odometry/share/rf2o_laser_odometry/hook/cmake_prefix_path.sh'
[2.677s] Level 1:colcon.colcon_core.environment:checking '/root/glad_ws/install/rf2o_laser_odometry/lib'
[2.678s] Level 1:colcon.colcon_core.environment:checking '/root/glad_ws/install/rf2o_laser_odometry/bin'
[2.678s] Level 1:colcon.colcon_core.environment:checking '/root/glad_ws/install/rf2o_laser_odometry/lib/pkgconfig/rf2o_laser_odometry.pc'
[2.679s] Level 1:colcon.colcon_core.environment:checking '/root/glad_ws/install/rf2o_laser_odometry/lib/python3.10/site-packages'
[2.681s] Level 1:colcon.colcon_core.environment:checking '/root/glad_ws/install/rf2o_laser_odometry/bin'
[2.683s] INFO:colcon.colcon_core.shell:Creating package script '/root/glad_ws/install/rf2o_laser_odometry/share/rf2o_laser_odometry/package.ps1'
[2.686s] INFO:colcon.colcon_core.shell:Creating package descriptor '/root/glad_ws/install/rf2o_laser_odometry/share/rf2o_laser_odometry/package.dsv'
[2.689s] INFO:colcon.colcon_core.shell:Creating package script '/root/glad_ws/install/rf2o_laser_odometry/share/rf2o_laser_odometry/package.sh'
[2.691s] INFO:colcon.colcon_core.shell:Creating package script '/root/glad_ws/install/rf2o_laser_odometry/share/rf2o_laser_odometry/package.bash'
[2.693s] INFO:colcon.colcon_core.shell:Creating package script '/root/glad_ws/install/rf2o_laser_odometry/share/rf2o_laser_odometry/package.zsh'
[2.696s] Level 1:colcon.colcon_core.environment:create_file_with_runtime_dependencies(/root/glad_ws/install/rf2o_laser_odometry/share/colcon-core/packages/rf2o_laser_odometry)
[2.704s] Level 1:colcon.colcon_core.environment:create_environment_scripts_only(rplidar_ros)
[2.707s] Level 1:colcon.colcon_core.environment:checking '/root/glad_ws/install/rplidar_ros' for CMake module files
[2.711s] Level 1:colcon.colcon_core.environment:checking '/root/glad_ws/install/rplidar_ros' for CMake config files
[2.714s] Level 1:colcon.colcon_core.shell:create_environment_hook('rplidar_ros', 'cmake_prefix_path')
[2.715s] INFO:colcon.colcon_core.shell:Creating environment hook '/root/glad_ws/install/rplidar_ros/share/rplidar_ros/hook/cmake_prefix_path.ps1'
[2.718s] INFO:colcon.colcon_core.shell:Creating environment descriptor '/root/glad_ws/install/rplidar_ros/share/rplidar_ros/hook/cmake_prefix_path.dsv'
[2.721s] INFO:colcon.colcon_core.shell:Creating environment hook '/root/glad_ws/install/rplidar_ros/share/rplidar_ros/hook/cmake_prefix_path.sh'
[2.724s] Level 1:colcon.colcon_core.environment:checking '/root/glad_ws/install/rplidar_ros/lib'
[2.725s] Level 1:colcon.colcon_core.environment:checking '/root/glad_ws/install/rplidar_ros/bin'
[2.725s] Level 1:colcon.colcon_core.environment:checking '/root/glad_ws/install/rplidar_ros/lib/pkgconfig/rplidar_ros.pc'
[2.727s] Level 1:colcon.colcon_core.environment:checking '/root/glad_ws/install/rplidar_ros/lib/python3.10/site-packages'
[2.729s] Level 1:colcon.colcon_core.environment:checking '/root/glad_ws/install/rplidar_ros/bin'
[2.730s] INFO:colcon.colcon_core.shell:Creating package script '/root/glad_ws/install/rplidar_ros/share/rplidar_ros/package.ps1'
[2.733s] INFO:colcon.colcon_core.shell:Creating package descriptor '/root/glad_ws/install/rplidar_ros/share/rplidar_ros/package.dsv'
[2.736s] INFO:colcon.colcon_core.shell:Creating package script '/root/glad_ws/install/rplidar_ros/share/rplidar_ros/package.sh'
[2.739s] INFO:colcon.colcon_core.shell:Creating package script '/root/glad_ws/install/rplidar_ros/share/rplidar_ros/package.bash'
[2.741s] INFO:colcon.colcon_core.shell:Creating package script '/root/glad_ws/install/rplidar_ros/share/rplidar_ros/package.zsh'
[2.744s] Level 1:colcon.colcon_core.environment:create_file_with_runtime_dependencies(/root/glad_ws/install/rplidar_ros/share/colcon-core/packages/rplidar_ros)
[2.747s] Level 1:colcon.colcon_core.environment:create_environment_scripts_only(rplidar_ros)
[2.748s] Level 1:colcon.colcon_core.environment:checking '/root/glad_ws/install/rplidar_ros' for CMake module files
[2.753s] Level 1:colcon.colcon_core.environment:checking '/root/glad_ws/install/rplidar_ros' for CMake config files
[2.755s] Level 1:colcon.colcon_core.shell:create_environment_hook('rplidar_ros', 'cmake_prefix_path')
[2.757s] INFO:colcon.colcon_core.shell:Creating environment hook '/root/glad_ws/install/rplidar_ros/share/rplidar_ros/hook/cmake_prefix_path.ps1'
[2.759s] INFO:colcon.colcon_core.shell:Creating environment descriptor '/root/glad_ws/install/rplidar_ros/share/rplidar_ros/hook/cmake_prefix_path.dsv'
[2.762s] INFO:colcon.colcon_core.shell:Creating environment hook '/root/glad_ws/install/rplidar_ros/share/rplidar_ros/hook/cmake_prefix_path.sh'
[2.766s] Level 1:colcon.colcon_core.environment:checking '/root/glad_ws/install/rplidar_ros/lib'
[2.767s] Level 1:colcon.colcon_core.environment:checking '/root/glad_ws/install/rplidar_ros/bin'
[2.767s] Level 1:colcon.colcon_core.environment:checking '/root/glad_ws/install/rplidar_ros/lib/pkgconfig/rplidar_ros.pc'
[2.768s] Level 1:colcon.colcon_core.environment:checking '/root/glad_ws/install/rplidar_ros/lib/python3.10/site-packages'
[2.770s] Level 1:colcon.colcon_core.environment:checking '/root/glad_ws/install/rplidar_ros/bin'
[2.772s] INFO:colcon.colcon_core.shell:Creating package script '/root/glad_ws/install/rplidar_ros/share/rplidar_ros/package.ps1'
[2.775s] INFO:colcon.colcon_core.shell:Creating package descriptor '/root/glad_ws/install/rplidar_ros/share/rplidar_ros/package.dsv'
[2.778s] INFO:colcon.colcon_core.shell:Creating package script '/root/glad_ws/install/rplidar_ros/share/rplidar_ros/package.sh'
[2.781s] INFO:colcon.colcon_core.shell:Creating package script '/root/glad_ws/install/rplidar_ros/share/rplidar_ros/package.bash'
[2.784s] INFO:colcon.colcon_core.shell:Creating package script '/root/glad_ws/install/rplidar_ros/share/rplidar_ros/package.zsh'
[2.787s] Level 1:colcon.colcon_core.environment:create_file_with_runtime_dependencies(/root/glad_ws/install/rplidar_ros/share/colcon-core/packages/rplidar_ros)
[2.803s] DEBUG:colcon.colcon_core.event_handler.log_command:Invoked command in '/root/glad_ws/build/rplidar_ros' returned '0': CMAKE_PREFIX_PATH=/opt/ros/humble /usr/bin/cmake --install /root/glad_ws/build/rplidar_ros
[3.643s] DEBUG:colcon.colcon_core.event_handler.log_command:Invoking command in '/root/glad_ws/src/myimu': PYTHONPATH=/root/glad_ws/build/myimu/prefix_override:/usr/lib/python3/dist-packages/colcon_core/task/python/colcon_distutils_commands:/root/glad_ws/install/myimu/lib/python3.10/site-packages:${PYTHONPATH} /usr/bin/python3 -W ignore:setup.py install is deprecated -W ignore:easy_install command is deprecated setup.py egg_info --egg-base ../../build/myimu build --build-base /root/glad_ws/build/myimu/build install --record /root/glad_ws/build/myimu/install.log --single-version-externally-managed install_data
[4.598s] Level 1:colcon.colcon_core.environment:checking '/root/glad_ws/install/myimu' for CMake module files
[4.600s] Level 1:colcon.colcon_core.environment:checking '/root/glad_ws/install/myimu' for CMake config files
[4.602s] DEBUG:colcon.colcon_core.event_handler.log_command:Invoked command in '/root/glad_ws/src/myimu' returned '0': PYTHONPATH=/root/glad_ws/build/myimu/prefix_override:/usr/lib/python3/dist-packages/colcon_core/task/python/colcon_distutils_commands:/root/glad_ws/install/myimu/lib/python3.10/site-packages:${PYTHONPATH} /usr/bin/python3 -W ignore:setup.py install is deprecated -W ignore:easy_install command is deprecated setup.py egg_info --egg-base ../../build/myimu build --build-base /root/glad_ws/build/myimu/build install --record /root/glad_ws/build/myimu/install.log --single-version-externally-managed install_data
[4.604s] Level 1:colcon.colcon_core.environment:checking '/root/glad_ws/install/myimu/lib'
[4.605s] Level 1:colcon.colcon_core.environment:checking '/root/glad_ws/install/myimu/bin'
[4.605s] Level 1:colcon.colcon_core.environment:checking '/root/glad_ws/install/myimu/lib/pkgconfig/myimu.pc'
[4.606s] Level 1:colcon.colcon_core.environment:checking '/root/glad_ws/install/myimu/lib/python3.10/site-packages'
[4.606s] Level 1:colcon.colcon_core.shell:create_environment_hook('myimu', 'pythonpath')
[4.607s] INFO:colcon.colcon_core.shell:Creating environment hook '/root/glad_ws/install/myimu/share/myimu/hook/pythonpath.ps1'
[4.609s] INFO:colcon.colcon_core.shell:Creating environment descriptor '/root/glad_ws/install/myimu/share/myimu/hook/pythonpath.dsv'
[4.610s] INFO:colcon.colcon_core.shell:Creating environment hook '/root/glad_ws/install/myimu/share/myimu/hook/pythonpath.sh'
[4.613s] Level 1:colcon.colcon_core.environment:checking '/root/glad_ws/install/myimu/bin'
[4.614s] Level 1:colcon.colcon_core.environment:create_environment_scripts_only(myimu)
[4.615s] INFO:colcon.colcon_core.shell:Creating package script '/root/glad_ws/install/myimu/share/myimu/package.ps1'
[4.617s] INFO:colcon.colcon_core.shell:Creating package descriptor '/root/glad_ws/install/myimu/share/myimu/package.dsv'
[4.619s] INFO:colcon.colcon_core.shell:Creating package script '/root/glad_ws/install/myimu/share/myimu/package.sh'
[4.621s] INFO:colcon.colcon_core.shell:Creating package script '/root/glad_ws/install/myimu/share/myimu/package.bash'
[4.623s] INFO:colcon.colcon_core.shell:Creating package script '/root/glad_ws/install/myimu/share/myimu/package.zsh'
[4.624s] Level 1:colcon.colcon_core.environment:create_file_with_runtime_dependencies(/root/glad_ws/install/myimu/share/colcon-core/packages/myimu)
[4.625s] DEBUG:colcon.colcon_parallel_executor.executor.parallel:closing loop
[4.627s] DEBUG:colcon.colcon_parallel_executor.executor.parallel:loop closed
[4.627s] DEBUG:colcon.colcon_parallel_executor.executor.parallel:run_until_complete finished with '0'
[4.628s] DEBUG:colcon.colcon_core.event_reactor:joining thread
[4.646s] INFO:colcon.colcon_core.plugin_system:Skipping extension 'colcon_notification.desktop_notification.notify_send': Could not find 'notify-send'
[4.647s] INFO:colcon.colcon_core.plugin_system:Skipping extension 'colcon_notification.desktop_notification.terminal_notifier': Not used on non-Darwin systems
[4.647s] INFO:colcon.colcon_core.plugin_system:Skipping extension 'colcon_notification.desktop_notification.win32': Not used on non-Windows systems
[4.648s] INFO:colcon.colcon_notification.desktop_notification:Sending desktop notification using 'notify2'
[4.655s] DEBUG:colcon.colcon_notification.desktop_notification.notify2:Failed to initialize notify2: org.freedesktop.DBus.Error.Spawn.ExecFailed: /usr/bin/dbus-launch terminated abnormally without any error message
[4.656s] DEBUG:colcon.colcon_core.event_reactor:joined thread
[4.658s] INFO:colcon.colcon_core.shell:Creating prefix script '/root/glad_ws/install/local_setup.ps1'
[4.663s] INFO:colcon.colcon_core.shell:Creating prefix util module '/root/glad_ws/install/_local_setup_util_ps1.py'
[4.670s] INFO:colcon.colcon_core.shell:Creating prefix chain script '/root/glad_ws/install/setup.ps1'
[4.676s] INFO:colcon.colcon_core.shell:Creating prefix script '/root/glad_ws/install/local_setup.sh'
[4.679s] INFO:colcon.colcon_core.shell:Creating prefix util module '/root/glad_ws/install/_local_setup_util_sh.py'
[4.682s] INFO:colcon.colcon_core.shell:Creating prefix chain script '/root/glad_ws/install/setup.sh'
[4.688s] INFO:colcon.colcon_core.shell:Creating prefix script '/root/glad_ws/install/local_setup.bash'
[4.691s] INFO:colcon.colcon_core.shell:Creating prefix chain script '/root/glad_ws/install/setup.bash'
[4.696s] INFO:colcon.colcon_core.shell:Creating prefix script '/root/glad_ws/install/local_setup.zsh'
[4.699s] INFO:colcon.colcon_core.shell:Creating prefix chain script '/root/glad_ws/install/setup.zsh'
