[4.698s] Invoking command in '/root/glad_ws/src/myimu': PYTHONPATH=/root/glad_ws/build/myimu/prefix_override:/usr/lib/python3/dist-packages/colcon_core/task/python/colcon_distutils_commands:/root/glad_ws/install/myimu/lib/python3.10/site-packages:${PYTHONPATH} /usr/bin/python3 -W ignore:setup.py install is deprecated -W ignore:easy_install command is deprecated setup.py egg_info --egg-base ../../build/myimu build --build-base /root/glad_ws/build/myimu/build install --record /root/glad_ws/build/myimu/install.log --single-version-externally-managed install_data
[6.058s] running egg_info
[6.063s] writing ../../build/myimu/myimu.egg-info/PKG-INFO
[6.063s] writing dependency_links to ../../build/myimu/myimu.egg-info/dependency_links.txt
[6.069s] writing entry points to ../../build/myimu/myimu.egg-info/entry_points.txt
[6.071s] writing requirements to ../../build/myimu/myimu.egg-info/requires.txt
[6.075s] writing top-level names to ../../build/myimu/myimu.egg-info/top_level.txt
[6.086s] reading manifest file '../../build/myimu/myimu.egg-info/SOURCES.txt'
[6.092s] writing manifest file '../../build/myimu/myimu.egg-info/SOURCES.txt'
[6.096s] running build
[6.096s] running build_py
[6.097s] copying myimu/imupublisher.py -> /root/glad_ws/build/myimu/build/lib/myimu
[6.101s] running install
[6.105s] running install_lib
[6.110s] copying /root/glad_ws/build/myimu/build/lib/myimu/imupublisher.py -> /root/glad_ws/install/myimu/lib/python3.10/site-packages/myimu
[6.117s] byte-compiling /root/glad_ws/install/myimu/lib/python3.10/site-packages/myimu/imupublisher.py to imupublisher.cpython-310.pyc
[6.124s] running install_data
[6.126s] running install_egg_info
[6.144s] removing '/root/glad_ws/install/myimu/lib/python3.10/site-packages/myimu-0.0.0-py3.10.egg-info' (and everything under it)
[6.153s] Copying ../../build/myimu/myimu.egg-info to /root/glad_ws/install/myimu/lib/python3.10/site-packages/myimu-0.0.0-py3.10.egg-info
[6.164s] running install_scripts
[6.276s] Installing imuodom script to /root/glad_ws/install/myimu/lib/myimu
[6.277s] Installing imupub script to /root/glad_ws/install/myimu/lib/myimu
[6.278s] writing list of installed files to '/root/glad_ws/build/myimu/install.log'
[6.441s] Invoked command in '/root/glad_ws/src/myimu' returned '0': PYTHONPATH=/root/glad_ws/build/myimu/prefix_override:/usr/lib/python3/dist-packages/colcon_core/task/python/colcon_distutils_commands:/root/glad_ws/install/myimu/lib/python3.10/site-packages:${PYTHONPATH} /usr/bin/python3 -W ignore:setup.py install is deprecated -W ignore:easy_install command is deprecated setup.py egg_info --egg-base ../../build/myimu build --build-base /root/glad_ws/build/myimu/build install --record /root/glad_ws/build/myimu/install.log --single-version-externally-managed install_data
