[5.368s] Invoking command in '/root/glad_ws/src/glad_voice': PYTHONPATH=/root/glad_ws/build/glad_voice/prefix_override:/usr/lib/python3/dist-packages/colcon_core/task/python/colcon_distutils_commands:/root/glad_ws/install/glad_voice/lib/python3.10/site-packages:${PYTHONPATH} /usr/bin/python3 -W ignore:setup.py install is deprecated -W ignore:easy_install command is deprecated setup.py egg_info --egg-base ../../build/glad_voice build --build-base /root/glad_ws/build/glad_voice/build install --record /root/glad_ws/build/glad_voice/install.log --single-version-externally-managed install_data
[6.540s] running egg_info
[6.543s] writing ../../build/glad_voice/glad_voice.egg-info/PKG-INFO
[6.549s] writing dependency_links to ../../build/glad_voice/glad_voice.egg-info/dependency_links.txt
[6.550s] writing entry points to ../../build/glad_voice/glad_voice.egg-info/entry_points.txt
[6.551s] writing requirements to ../../build/glad_voice/glad_voice.egg-info/requires.txt
[6.556s] writing top-level names to ../../build/glad_voice/glad_voice.egg-info/top_level.txt
[6.559s] reading manifest file '../../build/glad_voice/glad_voice.egg-info/SOURCES.txt'
[6.566s] writing manifest file '../../build/glad_voice/glad_voice.egg-info/SOURCES.txt'
[6.567s] running build
[6.567s] running build_py
[6.574s] copying glad_voice/voice_assistant.py -> /root/glad_ws/build/glad_voice/build/lib/glad_voice
[6.574s] running install
[6.575s] running install_lib
[6.580s] copying /root/glad_ws/build/glad_voice/build/lib/glad_voice/voice_assistant.py -> /root/glad_ws/install/glad_voice/lib/python3.10/site-packages/glad_voice
[6.580s] byte-compiling /root/glad_ws/install/glad_voice/lib/python3.10/site-packages/glad_voice/voice_assistant.py to voice_assistant.cpython-310.pyc
[6.589s] running install_data
[6.592s] running install_egg_info
[6.598s] removing '/root/glad_ws/install/glad_voice/lib/python3.10/site-packages/glad_voice-0.0.0-py3.10.egg-info' (and everything under it)
[6.606s] Copying ../../build/glad_voice/glad_voice.egg-info to /root/glad_ws/install/glad_voice/lib/python3.10/site-packages/glad_voice-0.0.0-py3.10.egg-info
[6.613s] running install_scripts
[6.765s] Installing voice_assistant script to /root/glad_ws/install/glad_voice/lib/glad_voice
[6.775s] writing list of installed files to '/root/glad_ws/build/glad_voice/install.log'
[6.974s] Invoked command in '/root/glad_ws/src/glad_voice' returned '0': PYTHONPATH=/root/glad_ws/build/glad_voice/prefix_override:/usr/lib/python3/dist-packages/colcon_core/task/python/colcon_distutils_commands:/root/glad_ws/install/glad_voice/lib/python3.10/site-packages:${PYTHONPATH} /usr/bin/python3 -W ignore:setup.py install is deprecated -W ignore:easy_install command is deprecated setup.py egg_info --egg-base ../../build/glad_voice build --build-base /root/glad_ws/build/glad_voice/build install --record /root/glad_ws/build/glad_voice/install.log --single-version-externally-managed install_data
