[0.089s] Invoking command in '/root/glad_ws/build/bringup': CMAKE_PREFIX_PATH=${CMAKE_PREFIX_PATH}:/root/glad_ws/install/myimu:/opt/ros/humble /usr/bin/cmake --build /root/glad_ws/build/bringup -- -j4 -l4
[1.949s] Invoked command in '/root/glad_ws/build/bringup' returned '0': CMAKE_PREFIX_PATH=${CMAKE_PREFIX_PATH}:/root/glad_ws/install/myimu:/opt/ros/humble /usr/bin/cmake --build /root/glad_ws/build/bringup -- -j4 -l4
[1.982s] Invoking command in '/root/glad_ws/build/bringup': CMAKE_PREFIX_PATH=${CMAKE_PREFIX_PATH}:/root/glad_ws/install/myimu:/opt/ros/humble /usr/bin/cmake --install /root/glad_ws/build/bringup
[2.008s] -- Install configuration: ""
[2.013s] -- Up-to-date: /root/glad_ws/install/bringup/share/bringup/launch
[2.014s] -- Installing: /root/glad_ws/install/bringup/share/bringup/launch/sensorbringup.launch.py
[2.015s] -- Up-to-date: /root/glad_ws/install/bringup/share/bringup/config
[2.017s] -- Installing: /root/glad_ws/install/bringup/share/bringup/config/ekf_config.yaml
[2.018s] -- Up-to-date: /root/glad_ws/install/bringup/share/ament_index/resource_index/package_run_dependencies/bringup
[2.018s] -- Up-to-date: /root/glad_ws/install/bringup/share/ament_index/resource_index/parent_prefix_path/bringup
[2.018s] -- Up-to-date: /root/glad_ws/install/bringup/share/bringup/environment/ament_prefix_path.sh
[2.019s] -- Up-to-date: /root/glad_ws/install/bringup/share/bringup/environment/ament_prefix_path.dsv
[2.023s] -- Up-to-date: /root/glad_ws/install/bringup/share/bringup/environment/path.sh
[2.026s] -- Up-to-date: /root/glad_ws/install/bringup/share/bringup/environment/path.dsv
[2.027s] -- Up-to-date: /root/glad_ws/install/bringup/share/bringup/local_setup.bash
[2.030s] -- Up-to-date: /root/glad_ws/install/bringup/share/bringup/local_setup.sh
[2.031s] -- Up-to-date: /root/glad_ws/install/bringup/share/bringup/local_setup.zsh
[2.031s] -- Up-to-date: /root/glad_ws/install/bringup/share/bringup/local_setup.dsv
[2.032s] -- Installing: /root/glad_ws/install/bringup/share/bringup/package.dsv
[2.037s] -- Up-to-date: /root/glad_ws/install/bringup/share/ament_index/resource_index/packages/bringup
[2.040s] -- Up-to-date: /root/glad_ws/install/bringup/share/bringup/cmake/bringupConfig.cmake
[2.040s] -- Up-to-date: /root/glad_ws/install/bringup/share/bringup/cmake/bringupConfig-version.cmake
[2.044s] -- Up-to-date: /root/glad_ws/install/bringup/share/bringup/package.xml
[2.045s] Invoked command in '/root/glad_ws/build/bringup' returned '0': CMAKE_PREFIX_PATH=${CMAKE_PREFIX_PATH}:/root/glad_ws/install/myimu:/opt/ros/humble /usr/bin/cmake --install /root/glad_ws/build/bringup
