[0.091s] Invoking command in '/root/glad_ws/build/bringup': CMAKE_PREFIX_PATH=${CMAKE_PREFIX_PATH}:/root/glad_ws/install/myimu:/opt/ros/humble /usr/bin/cmake --build /root/glad_ws/build/bringup -- -j4 -l4
[1.166s] Invoked command in '/root/glad_ws/build/bringup' returned '0': CMAKE_PREFIX_PATH=${CMAKE_PREFIX_PATH}:/root/glad_ws/install/myimu:/opt/ros/humble /usr/bin/cmake --build /root/glad_ws/build/bringup -- -j4 -l4
[1.227s] Invoking command in '/root/glad_ws/build/bringup': CMAKE_PREFIX_PATH=${CMAKE_PREFIX_PATH}:/root/glad_ws/install/myimu:/opt/ros/humble /usr/bin/cmake --install /root/glad_ws/build/bringup
[1.269s] -- Install configuration: ""
[1.269s] -- Up-to-date: /root/glad_ws/install/bringup/share/bringup/launch
[1.270s] -- Up-to-date: /root/glad_ws/install/bringup/share/bringup/launch/sensorbringup.launch.py
[1.270s] -- Up-to-date: /root/glad_ws/install/bringup/share/bringup/config
[1.271s] -- Up-to-date: /root/glad_ws/install/bringup/share/bringup/config/ekf_config.yaml
[1.271s] -- Up-to-date: /root/glad_ws/install/bringup/share/ament_index/resource_index/package_run_dependencies/bringup
[1.278s] -- Up-to-date: /root/glad_ws/install/bringup/share/ament_index/resource_index/parent_prefix_path/bringup
[1.287s] -- Up-to-date: /root/glad_ws/install/bringup/share/bringup/environment/ament_prefix_path.sh
[1.287s] -- Up-to-date: /root/glad_ws/install/bringup/share/bringup/environment/ament_prefix_path.dsv
[1.288s] -- Up-to-date: /root/glad_ws/install/bringup/share/bringup/environment/path.sh
[1.288s] -- Up-to-date: /root/glad_ws/install/bringup/share/bringup/environment/path.dsv
[1.298s] -- Up-to-date: /root/glad_ws/install/bringup/share/bringup/local_setup.bash
[1.298s] -- Up-to-date: /root/glad_ws/install/bringup/share/bringup/local_setup.sh
[1.299s] -- Up-to-date: /root/glad_ws/install/bringup/share/bringup/local_setup.zsh
[1.300s] -- Up-to-date: /root/glad_ws/install/bringup/share/bringup/local_setup.dsv
[1.300s] -- Installing: /root/glad_ws/install/bringup/share/bringup/package.dsv
[1.301s] -- Up-to-date: /root/glad_ws/install/bringup/share/ament_index/resource_index/packages/bringup
[1.301s] -- Up-to-date: /root/glad_ws/install/bringup/share/bringup/cmake/bringupConfig.cmake
[1.302s] -- Up-to-date: /root/glad_ws/install/bringup/share/bringup/cmake/bringupConfig-version.cmake
[1.302s] -- Up-to-date: /root/glad_ws/install/bringup/share/bringup/package.xml
[1.303s] Invoked command in '/root/glad_ws/build/bringup' returned '0': CMAKE_PREFIX_PATH=${CMAKE_PREFIX_PATH}:/root/glad_ws/install/myimu:/opt/ros/humble /usr/bin/cmake --install /root/glad_ws/build/bringup
