[0.078s] Invoking command in '/root/glad_ws/build/bringup': CMAKE_PREFIX_PATH=${CMAKE_PREFIX_PATH}:/root/glad_ws/install/myimu:/opt/ros/humble /usr/bin/cmake --build /root/glad_ws/build/bringup -- -j4 -l4
[0.981s] Invoked command in '/root/glad_ws/build/bringup' returned '0': CMAKE_PREFIX_PATH=${CMAKE_PREFIX_PATH}:/root/glad_ws/install/myimu:/opt/ros/humble /usr/bin/cmake --build /root/glad_ws/build/bringup -- -j4 -l4
[1.008s] Invoking command in '/root/glad_ws/build/bringup': CMAKE_PREFIX_PATH=${CMAKE_PREFIX_PATH}:/root/glad_ws/install/myimu:/opt/ros/humble /usr/bin/cmake --install /root/glad_ws/build/bringup
[1.043s] -- Install configuration: ""
[1.043s] -- Up-to-date: /root/glad_ws/install/bringup/share/bringup/launch
[1.046s] -- Installing: /root/glad_ws/install/bringup/share/bringup/launch/sensorbringup.launch.py
[1.049s] -- Up-to-date: /root/glad_ws/install/bringup/share/ament_index/resource_index/package_run_dependencies/bringup
[1.053s] -- Up-to-date: /root/glad_ws/install/bringup/share/ament_index/resource_index/parent_prefix_path/bringup
[1.053s] -- Up-to-date: /root/glad_ws/install/bringup/share/bringup/environment/ament_prefix_path.sh
[1.054s] -- Up-to-date: /root/glad_ws/install/bringup/share/bringup/environment/ament_prefix_path.dsv
[1.054s] -- Up-to-date: /root/glad_ws/install/bringup/share/bringup/environment/path.sh
[1.055s] -- Up-to-date: /root/glad_ws/install/bringup/share/bringup/environment/path.dsv
[1.055s] -- Up-to-date: /root/glad_ws/install/bringup/share/bringup/local_setup.bash
[1.055s] -- Up-to-date: /root/glad_ws/install/bringup/share/bringup/local_setup.sh
[1.056s] -- Up-to-date: /root/glad_ws/install/bringup/share/bringup/local_setup.zsh
[1.056s] -- Up-to-date: /root/glad_ws/install/bringup/share/bringup/local_setup.dsv
[1.057s] -- Installing: /root/glad_ws/install/bringup/share/bringup/package.dsv
[1.059s] -- Up-to-date: /root/glad_ws/install/bringup/share/ament_index/resource_index/packages/bringup
[1.059s] -- Up-to-date: /root/glad_ws/install/bringup/share/bringup/cmake/bringupConfig.cmake
[1.060s] -- Up-to-date: /root/glad_ws/install/bringup/share/bringup/cmake/bringupConfig-version.cmake
[1.066s] -- Up-to-date: /root/glad_ws/install/bringup/share/bringup/package.xml
[1.068s] Invoked command in '/root/glad_ws/build/bringup' returned '0': CMAKE_PREFIX_PATH=${CMAKE_PREFIX_PATH}:/root/glad_ws/install/myimu:/opt/ros/humble /usr/bin/cmake --install /root/glad_ws/build/bringup
