[2.612s] Invoking command in '/root/glad_ws/src/myimu': PYTHONPATH=/root/glad_ws/build/myimu/prefix_override:/usr/lib/python3/dist-packages/colcon_core/task/python/colcon_distutils_commands:/root/glad_ws/install/myimu/lib/python3.10/site-packages:${PYTHONPATH} /usr/bin/python3 -W ignore:setup.py install is deprecated -W ignore:easy_install command is deprecated setup.py egg_info --egg-base ../../build/myimu build --build-base /root/glad_ws/build/myimu/build install --record /root/glad_ws/build/myimu/install.log --single-version-externally-managed install_data
[3.567s] running egg_info
[3.571s] writing ../../build/myimu/myimu.egg-info/PKG-INFO
[3.573s] writing dependency_links to ../../build/myimu/myimu.egg-info/dependency_links.txt
[3.575s] writing entry points to ../../build/myimu/myimu.egg-info/entry_points.txt
[3.577s] writing requirements to ../../build/myimu/myimu.egg-info/requires.txt
[3.577s] writing top-level names to ../../build/myimu/myimu.egg-info/top_level.txt
[3.584s] reading manifest file '../../build/myimu/myimu.egg-info/SOURCES.txt'
[3.587s] writing manifest file '../../build/myimu/myimu.egg-info/SOURCES.txt'
[3.590s] running build
[3.590s] running build_py
[3.590s] running install
[3.593s] running install_lib
[3.595s] running install_data
[3.596s] running install_egg_info
[3.603s] removing '/root/glad_ws/install/myimu/lib/python3.10/site-packages/myimu-0.0.0-py3.10.egg-info' (and everything under it)
[3.607s] Copying ../../build/myimu/myimu.egg-info to /root/glad_ws/install/myimu/lib/python3.10/site-packages/myimu-0.0.0-py3.10.egg-info
[3.609s] running install_scripts
[3.688s] Installing imupub script to /root/glad_ws/install/myimu/lib/myimu
[3.690s] writing list of installed files to '/root/glad_ws/build/myimu/install.log'
[3.819s] Invoked command in '/root/glad_ws/src/myimu' returned '0': PYTHONPATH=/root/glad_ws/build/myimu/prefix_override:/usr/lib/python3/dist-packages/colcon_core/task/python/colcon_distutils_commands:/root/glad_ws/install/myimu/lib/python3.10/site-packages:${PYTHONPATH} /usr/bin/python3 -W ignore:setup.py install is deprecated -W ignore:easy_install command is deprecated setup.py egg_info --egg-base ../../build/myimu build --build-base /root/glad_ws/build/myimu/build install --record /root/glad_ws/build/myimu/install.log --single-version-externally-managed install_data
