[0.092s] Invoking command in '/root/glad_ws/build/bringup': CMAKE_PREFIX_PATH=${CMAKE_PREFIX_PATH}:/root/glad_ws/install/myimu:/root/glad_ws/install/glad_voice:/root/glad_ws/install/glad_motor_controller:/opt/ros/humble /usr/bin/cmake --build /root/glad_ws/build/bringup -- -j4 -l4
[2.837s] Invoked command in '/root/glad_ws/build/bringup' returned '0': CMAKE_PREFIX_PATH=${CMAKE_PREFIX_PATH}:/root/glad_ws/install/myimu:/root/glad_ws/install/glad_voice:/root/glad_ws/install/glad_motor_controller:/opt/ros/humble /usr/bin/cmake --build /root/glad_ws/build/bringup -- -j4 -l4
[2.862s] Invoking command in '/root/glad_ws/build/bringup': CMAKE_PREFIX_PATH=${CMAKE_PREFIX_PATH}:/root/glad_ws/install/myimu:/root/glad_ws/install/glad_voice:/root/glad_ws/install/glad_motor_controller:/opt/ros/humble /usr/bin/cmake --install /root/glad_ws/build/bringup
[2.897s] -- Install configuration: ""
[2.897s] -- Up-to-date: /root/glad_ws/install/bringup/share/bringup/launch
[2.898s] -- Up-to-date: /root/glad_ws/install/bringup/share/bringup/launch/sensorbringup.launch.py
[2.898s] -- Up-to-date: /root/glad_ws/install/bringup/share/bringup/config
[2.900s] -- Installing: /root/glad_ws/install/bringup/share/bringup/config/ekf_config.yaml
[2.901s] -- Up-to-date: /root/glad_ws/install/bringup/share/ament_index/resource_index/package_run_dependencies/bringup
[2.901s] -- Up-to-date: /root/glad_ws/install/bringup/share/ament_index/resource_index/parent_prefix_path/bringup
[2.902s] -- Up-to-date: /root/glad_ws/install/bringup/share/bringup/environment/ament_prefix_path.sh
[2.902s] -- Up-to-date: /root/glad_ws/install/bringup/share/bringup/environment/ament_prefix_path.dsv
[2.906s] -- Up-to-date: /root/glad_ws/install/bringup/share/bringup/environment/path.sh
[2.909s] -- Up-to-date: /root/glad_ws/install/bringup/share/bringup/environment/path.dsv
[2.909s] -- Up-to-date: /root/glad_ws/install/bringup/share/bringup/local_setup.bash
[2.910s] -- Up-to-date: /root/glad_ws/install/bringup/share/bringup/local_setup.sh
[2.910s] -- Up-to-date: /root/glad_ws/install/bringup/share/bringup/local_setup.zsh
[2.914s] -- Up-to-date: /root/glad_ws/install/bringup/share/bringup/local_setup.dsv
[2.916s] -- Installing: /root/glad_ws/install/bringup/share/bringup/package.dsv
[2.917s] -- Up-to-date: /root/glad_ws/install/bringup/share/ament_index/resource_index/packages/bringup
[2.917s] -- Up-to-date: /root/glad_ws/install/bringup/share/bringup/cmake/bringupConfig.cmake
[2.918s] -- Up-to-date: /root/glad_ws/install/bringup/share/bringup/cmake/bringupConfig-version.cmake
[2.918s] -- Up-to-date: /root/glad_ws/install/bringup/share/bringup/package.xml
[2.922s] Invoked command in '/root/glad_ws/build/bringup' returned '0': CMAKE_PREFIX_PATH=${CMAKE_PREFIX_PATH}:/root/glad_ws/install/myimu:/root/glad_ws/install/glad_voice:/root/glad_ws/install/glad_motor_controller:/opt/ros/humble /usr/bin/cmake --install /root/glad_ws/build/bringup
