[0.084s] Invoking command in '/root/glad_ws/build/bringup': CMAKE_PREFIX_PATH=${CMAKE_PREFIX_PATH}:/root/glad_ws/install/myimu:/root/glad_ws/install/glad_motor_controller:/opt/ros/humble /usr/bin/cmake --build /root/glad_ws/build/bringup -- -j4 -l4
[1.822s] Invoked command in '/root/glad_ws/build/bringup' returned '0': CMAKE_PREFIX_PATH=${CMAKE_PREFIX_PATH}:/root/glad_ws/install/myimu:/root/glad_ws/install/glad_motor_controller:/opt/ros/humble /usr/bin/cmake --build /root/glad_ws/build/bringup -- -j4 -l4
[1.854s] Invoking command in '/root/glad_ws/build/bringup': CMAKE_PREFIX_PATH=${CMAKE_PREFIX_PATH}:/root/glad_ws/install/myimu:/root/glad_ws/install/glad_motor_controller:/opt/ros/humble /usr/bin/cmake --install /root/glad_ws/build/bringup
[1.884s] -- Install configuration: ""
[1.884s] -- Up-to-date: /root/glad_ws/install/bringup/share/bringup/launch
[1.885s] -- Up-to-date: /root/glad_ws/install/bringup/share/bringup/launch/sensorbringup.launch.py
[1.885s] -- Up-to-date: /root/glad_ws/install/bringup/share/bringup/config
[1.885s] -- Up-to-date: /root/glad_ws/install/bringup/share/bringup/config/ekf_config.yaml
[1.886s] -- Up-to-date: /root/glad_ws/install/bringup/share/ament_index/resource_index/package_run_dependencies/bringup
[1.886s] -- Up-to-date: /root/glad_ws/install/bringup/share/ament_index/resource_index/parent_prefix_path/bringup
[1.886s] -- Up-to-date: /root/glad_ws/install/bringup/share/bringup/environment/ament_prefix_path.sh
[1.887s] -- Up-to-date: /root/glad_ws/install/bringup/share/bringup/environment/ament_prefix_path.dsv
[1.887s] -- Up-to-date: /root/glad_ws/install/bringup/share/bringup/environment/path.sh
[1.890s] -- Up-to-date: /root/glad_ws/install/bringup/share/bringup/environment/path.dsv
[1.891s] -- Up-to-date: /root/glad_ws/install/bringup/share/bringup/local_setup.bash
[1.892s] -- Up-to-date: /root/glad_ws/install/bringup/share/bringup/local_setup.sh
[1.892s] -- Up-to-date: /root/glad_ws/install/bringup/share/bringup/local_setup.zsh
[1.893s] -- Up-to-date: /root/glad_ws/install/bringup/share/bringup/local_setup.dsv
[1.893s] -- Installing: /root/glad_ws/install/bringup/share/bringup/package.dsv
[1.893s] -- Up-to-date: /root/glad_ws/install/bringup/share/ament_index/resource_index/packages/bringup
[1.894s] -- Up-to-date: /root/glad_ws/install/bringup/share/bringup/cmake/bringupConfig.cmake
[1.894s] -- Up-to-date: /root/glad_ws/install/bringup/share/bringup/cmake/bringupConfig-version.cmake
[1.895s] -- Up-to-date: /root/glad_ws/install/bringup/share/bringup/package.xml
[1.898s] Invoked command in '/root/glad_ws/build/bringup' returned '0': CMAKE_PREFIX_PATH=${CMAKE_PREFIX_PATH}:/root/glad_ws/install/myimu:/root/glad_ws/install/glad_motor_controller:/opt/ros/humble /usr/bin/cmake --install /root/glad_ws/build/bringup
