[5.165s] Invoking command in '/root/glad_ws/src/glad_voice': PYTHONPATH=/root/glad_ws/build/glad_voice/prefix_override:/usr/lib/python3/dist-packages/colcon_core/task/python/colcon_distutils_commands:/root/glad_ws/install/glad_voice/lib/python3.10/site-packages:${PYTHONPATH} /usr/bin/python3 -W ignore:setup.py install is deprecated -W ignore:easy_install command is deprecated setup.py egg_info --egg-base ../../build/glad_voice build --build-base /root/glad_ws/build/glad_voice/build install --record /root/glad_ws/build/glad_voice/install.log --single-version-externally-managed install_data
[6.456s] running egg_info
[6.460s] writing ../../build/glad_voice/glad_voice.egg-info/PKG-INFO
[6.462s] writing dependency_links to ../../build/glad_voice/glad_voice.egg-info/dependency_links.txt
[6.463s] writing entry points to ../../build/glad_voice/glad_voice.egg-info/entry_points.txt
[6.464s] writing requirements to ../../build/glad_voice/glad_voice.egg-info/requires.txt
[6.466s] writing top-level names to ../../build/glad_voice/glad_voice.egg-info/top_level.txt
[6.477s] reading manifest file '../../build/glad_voice/glad_voice.egg-info/SOURCES.txt'
[6.483s] writing manifest file '../../build/glad_voice/glad_voice.egg-info/SOURCES.txt'
[6.490s] running build
[6.492s] running build_py
[6.493s] running install
[6.494s] running install_lib
[6.502s] running install_data
[6.503s] running install_egg_info
[6.505s] removing '/root/glad_ws/install/glad_voice/lib/python3.10/site-packages/glad_voice-0.0.0-py3.10.egg-info' (and everything under it)
[6.506s] Copying ../../build/glad_voice/glad_voice.egg-info to /root/glad_ws/install/glad_voice/lib/python3.10/site-packages/glad_voice-0.0.0-py3.10.egg-info
[6.515s] running install_scripts
[6.645s] Installing voice_assistant script to /root/glad_ws/install/glad_voice/lib/glad_voice
[6.648s] writing list of installed files to '/root/glad_ws/build/glad_voice/install.log'
[6.859s] Invoked command in '/root/glad_ws/src/glad_voice' returned '0': PYTHONPATH=/root/glad_ws/build/glad_voice/prefix_override:/usr/lib/python3/dist-packages/colcon_core/task/python/colcon_distutils_commands:/root/glad_ws/install/glad_voice/lib/python3.10/site-packages:${PYTHONPATH} /usr/bin/python3 -W ignore:setup.py install is deprecated -W ignore:easy_install command is deprecated setup.py egg_info --egg-base ../../build/glad_voice build --build-base /root/glad_ws/build/glad_voice/build install --record /root/glad_ws/build/glad_voice/install.log --single-version-externally-managed install_data
