[0.078s] Invoking command in '/root/glad_ws/build/bringup': CMAKE_PREFIX_PATH=${CMAKE_PREFIX_PATH}:/root/glad_ws/install/myimu:/opt/ros/humble /usr/bin/cmake --build /root/glad_ws/build/bringup -- -j4 -l4
[0.992s] Invoked command in '/root/glad_ws/build/bringup' returned '0': CMAKE_PREFIX_PATH=${CMAKE_PREFIX_PATH}:/root/glad_ws/install/myimu:/opt/ros/humble /usr/bin/cmake --build /root/glad_ws/build/bringup -- -j4 -l4
[1.036s] Invoking command in '/root/glad_ws/build/bringup': CMAKE_PREFIX_PATH=${CMAKE_PREFIX_PATH}:/root/glad_ws/install/myimu:/opt/ros/humble /usr/bin/cmake --install /root/glad_ws/build/bringup
[1.057s] -- Install configuration: ""
[1.064s] -- Up-to-date: /root/glad_ws/install/bringup/share/bringup/launch
[1.067s] -- Installing: /root/glad_ws/install/bringup/share/bringup/launch/sensorbringup.launch.py
[1.068s] -- Up-to-date: /root/glad_ws/install/bringup/share/ament_index/resource_index/package_run_dependencies/bringup
[1.072s] -- Up-to-date: /root/glad_ws/install/bringup/share/ament_index/resource_index/parent_prefix_path/bringup
[1.072s] -- Up-to-date: /root/glad_ws/install/bringup/share/bringup/environment/ament_prefix_path.sh
[1.073s] -- Up-to-date: /root/glad_ws/install/bringup/share/bringup/environment/ament_prefix_path.dsv
[1.073s] -- Up-to-date: /root/glad_ws/install/bringup/share/bringup/environment/path.sh
[1.074s] -- Up-to-date: /root/glad_ws/install/bringup/share/bringup/environment/path.dsv
[1.074s] -- Up-to-date: /root/glad_ws/install/bringup/share/bringup/local_setup.bash
[1.075s] -- Up-to-date: /root/glad_ws/install/bringup/share/bringup/local_setup.sh
[1.077s] -- Up-to-date: /root/glad_ws/install/bringup/share/bringup/local_setup.zsh
[1.077s] -- Up-to-date: /root/glad_ws/install/bringup/share/bringup/local_setup.dsv
[1.078s] -- Installing: /root/glad_ws/install/bringup/share/bringup/package.dsv
[1.082s] -- Up-to-date: /root/glad_ws/install/bringup/share/ament_index/resource_index/packages/bringup
[1.086s] -- Up-to-date: /root/glad_ws/install/bringup/share/bringup/cmake/bringupConfig.cmake
[1.096s] -- Up-to-date: /root/glad_ws/install/bringup/share/bringup/cmake/bringupConfig-version.cmake
[1.097s] -- Up-to-date: /root/glad_ws/install/bringup/share/bringup/package.xml
[1.099s] Invoked command in '/root/glad_ws/build/bringup' returned '0': CMAKE_PREFIX_PATH=${CMAKE_PREFIX_PATH}:/root/glad_ws/install/myimu:/opt/ros/humble /usr/bin/cmake --install /root/glad_ws/build/bringup
