[0.104s] Invoking command in '/root/glad_ws/build/bringup': CMAKE_PREFIX_PATH=/opt/ros/humble /usr/bin/cmake --build /root/glad_ws/build/bringup -- -j4 -l4
[2.832s] Invoked command in '/root/glad_ws/build/bringup' returned '0': CMAKE_PREFIX_PATH=/opt/ros/humble /usr/bin/cmake --build /root/glad_ws/build/bringup -- -j4 -l4
[2.865s] Invoking command in '/root/glad_ws/build/bringup': CMAKE_PREFIX_PATH=/opt/ros/humble /usr/bin/cmake --install /root/glad_ws/build/bringup
[2.899s] -- Install configuration: ""
[2.904s] -- Up-to-date: /root/glad_ws/install/bringup/share/bringup/launch
[2.904s] -- Installing: /root/glad_ws/install/bringup/share/bringup/launch/sensorbringup.launch.py
[2.906s] -- Up-to-date: /root/glad_ws/install/bringup/share/bringup/config
[2.911s] -- Up-to-date: /root/glad_ws/install/bringup/share/bringup/config/ekf_config.yaml
[2.911s] -- Up-to-date: /root/glad_ws/install/bringup/share/ament_index/resource_index/package_run_dependencies/bringup
[2.915s] -- Up-to-date: /root/glad_ws/install/bringup/share/ament_index/resource_index/parent_prefix_path/bringup
[2.916s] -- Up-to-date: /root/glad_ws/install/bringup/share/bringup/environment/ament_prefix_path.sh
[2.916s] -- Up-to-date: /root/glad_ws/install/bringup/share/bringup/environment/ament_prefix_path.dsv
[2.917s] -- Up-to-date: /root/glad_ws/install/bringup/share/bringup/environment/path.sh
[2.917s] -- Up-to-date: /root/glad_ws/install/bringup/share/bringup/environment/path.dsv
[2.927s] -- Up-to-date: /root/glad_ws/install/bringup/share/bringup/local_setup.bash
[2.928s] -- Up-to-date: /root/glad_ws/install/bringup/share/bringup/local_setup.sh
[2.929s] -- Up-to-date: /root/glad_ws/install/bringup/share/bringup/local_setup.zsh
[2.930s] -- Up-to-date: /root/glad_ws/install/bringup/share/bringup/local_setup.dsv
[2.937s] -- Installing: /root/glad_ws/install/bringup/share/bringup/package.dsv
[2.938s] -- Up-to-date: /root/glad_ws/install/bringup/share/ament_index/resource_index/packages/bringup
[2.938s] -- Up-to-date: /root/glad_ws/install/bringup/share/bringup/cmake/bringupConfig.cmake
[2.941s] -- Up-to-date: /root/glad_ws/install/bringup/share/bringup/cmake/bringupConfig-version.cmake
[2.942s] -- Up-to-date: /root/glad_ws/install/bringup/share/bringup/package.xml
[2.949s] Invoked command in '/root/glad_ws/build/bringup' returned '0': CMAKE_PREFIX_PATH=/opt/ros/humble /usr/bin/cmake --install /root/glad_ws/build/bringup
