running egg_info
writing ../../build/myimu/myimu.egg-info/PKG-INFO
writing dependency_links to ../../build/myimu/myimu.egg-info/dependency_links.txt
writing entry points to ../../build/myimu/myimu.egg-info/entry_points.txt
writing requirements to ../../build/myimu/myimu.egg-info/requires.txt
writing top-level names to ../../build/myimu/myimu.egg-info/top_level.txt
reading manifest file '../../build/myimu/myimu.egg-info/SOURCES.txt'
writing manifest file '../../build/myimu/myimu.egg-info/SOURCES.txt'
running build
running build_py
running install
running install_lib
running install_data
creating /root/glad_ws/install/myimu/share/myimu/launch
copying launch/fullimu.launch.py -> /root/glad_ws/install/myimu/share/myimu/launch
running install_egg_info
removing '/root/glad_ws/install/myimu/lib/python3.10/site-packages/myimu-0.0.0-py3.10.egg-info' (and everything under it)
Copying ../../build/myimu/myimu.egg-info to /root/glad_ws/install/myimu/lib/python3.10/site-packages/myimu-0.0.0-py3.10.egg-info
running install_scripts
Installing imupub script to /root/glad_ws/install/myimu/lib/myimu
writing list of installed files to '/root/glad_ws/build/myimu/install.log'
