[2.069s] Invoking command in '/root/glad_ws/src/myimu': PYTHONPATH=/root/glad_ws/build/myimu/prefix_override:/usr/lib/python3/dist-packages/colcon_core/task/python/colcon_distutils_commands:/root/glad_ws/install/myimu/lib/python3.10/site-packages:${PYTHONPATH} /usr/bin/python3 -W ignore:setup.py install is deprecated -W ignore:easy_install command is deprecated setup.py egg_info --egg-base ../../build/myimu build --build-base /root/glad_ws/build/myimu/build install --record /root/glad_ws/build/myimu/install.log --single-version-externally-managed install_data
[2.822s] running egg_info
[2.824s] writing ../../build/myimu/myimu.egg-info/PKG-INFO
[2.825s] writing dependency_links to ../../build/myimu/myimu.egg-info/dependency_links.txt
[2.829s] writing entry points to ../../build/myimu/myimu.egg-info/entry_points.txt
[2.830s] writing requirements to ../../build/myimu/myimu.egg-info/requires.txt
[2.831s] writing top-level names to ../../build/myimu/myimu.egg-info/top_level.txt
[2.838s] reading manifest file '../../build/myimu/myimu.egg-info/SOURCES.txt'
[2.842s] writing manifest file '../../build/myimu/myimu.egg-info/SOURCES.txt'
[2.842s] running build
[2.842s] running build_py
[2.843s] running install
[2.845s] running install_lib
[2.850s] running install_data
[2.850s] creating /root/glad_ws/install/myimu/share/myimu/launch
[2.851s] copying launch/fullimu.launch.py -> /root/glad_ws/install/myimu/share/myimu/launch
[2.851s] running install_egg_info
[2.857s] removing '/root/glad_ws/install/myimu/lib/python3.10/site-packages/myimu-0.0.0-py3.10.egg-info' (and everything under it)
[2.858s] Copying ../../build/myimu/myimu.egg-info to /root/glad_ws/install/myimu/lib/python3.10/site-packages/myimu-0.0.0-py3.10.egg-info
[2.862s] running install_scripts
[2.932s] Installing imupub script to /root/glad_ws/install/myimu/lib/myimu
[2.934s] writing list of installed files to '/root/glad_ws/build/myimu/install.log'
[3.038s] Invoked command in '/root/glad_ws/src/myimu' returned '0': PYTHONPATH=/root/glad_ws/build/myimu/prefix_override:/usr/lib/python3/dist-packages/colcon_core/task/python/colcon_distutils_commands:/root/glad_ws/install/myimu/lib/python3.10/site-packages:${PYTHONPATH} /usr/bin/python3 -W ignore:setup.py install is deprecated -W ignore:easy_install command is deprecated setup.py egg_info --egg-base ../../build/myimu build --build-base /root/glad_ws/build/myimu/build install --record /root/glad_ws/build/myimu/install.log --single-version-externally-managed install_data
