[0.091s] Invoking command in '/root/glad_ws/build/bringup': CMAKE_PREFIX_PATH=/opt/ros/humble /usr/bin/cmake --build /root/glad_ws/build/bringup -- -j4 -l4
[1.920s] Invoked command in '/root/glad_ws/build/bringup' returned '0': CMAKE_PREFIX_PATH=/opt/ros/humble /usr/bin/cmake --build /root/glad_ws/build/bringup -- -j4 -l4
[1.955s] Invoking command in '/root/glad_ws/build/bringup': CMAKE_PREFIX_PATH=/opt/ros/humble /usr/bin/cmake --install /root/glad_ws/build/bringup
[1.993s] -- Install configuration: ""
[1.994s] -- Up-to-date: /root/glad_ws/install/bringup/share/bringup/launch
[1.994s] -- Up-to-date: /root/glad_ws/install/bringup/share/bringup/launch/sensorbringup.launch.py
[1.995s] -- Up-to-date: /root/glad_ws/install/bringup/share/bringup/config
[1.999s] -- Up-to-date: /root/glad_ws/install/bringup/share/bringup/config/ekf_config.yaml
[2.000s] -- Up-to-date: /root/glad_ws/install/bringup/share/ament_index/resource_index/package_run_dependencies/bringup
[2.001s] -- Up-to-date: /root/glad_ws/install/bringup/share/ament_index/resource_index/parent_prefix_path/bringup
[2.001s] -- Up-to-date: /root/glad_ws/install/bringup/share/bringup/environment/ament_prefix_path.sh
[2.001s] -- Up-to-date: /root/glad_ws/install/bringup/share/bringup/environment/ament_prefix_path.dsv
[2.002s] -- Up-to-date: /root/glad_ws/install/bringup/share/bringup/environment/path.sh
[2.002s] -- Up-to-date: /root/glad_ws/install/bringup/share/bringup/environment/path.dsv
[2.002s] -- Up-to-date: /root/glad_ws/install/bringup/share/bringup/local_setup.bash
[2.003s] -- Up-to-date: /root/glad_ws/install/bringup/share/bringup/local_setup.sh
[2.003s] -- Up-to-date: /root/glad_ws/install/bringup/share/bringup/local_setup.zsh
[2.005s] -- Up-to-date: /root/glad_ws/install/bringup/share/bringup/local_setup.dsv
[2.006s] -- Installing: /root/glad_ws/install/bringup/share/bringup/package.dsv
[2.009s] -- Up-to-date: /root/glad_ws/install/bringup/share/ament_index/resource_index/packages/bringup
[2.013s] -- Up-to-date: /root/glad_ws/install/bringup/share/bringup/cmake/bringupConfig.cmake
[2.017s] -- Up-to-date: /root/glad_ws/install/bringup/share/bringup/cmake/bringupConfig-version.cmake
[2.022s] -- Up-to-date: /root/glad_ws/install/bringup/share/bringup/package.xml
[2.024s] Invoked command in '/root/glad_ws/build/bringup' returned '0': CMAKE_PREFIX_PATH=/opt/ros/humble /usr/bin/cmake --install /root/glad_ws/build/bringup
