[0.095s] Invoking command in '/root/glad_ws/build/bringup': CMAKE_PREFIX_PATH=${CMAKE_PREFIX_PATH}:/root/glad_ws/install/myimu:/root/glad_ws/install/glad_voice:/root/glad_ws/install/glad_motor_controller:/opt/ros/humble /usr/bin/cmake --build /root/glad_ws/build/bringup -- -j4 -l4
[2.885s] Invoked command in '/root/glad_ws/build/bringup' returned '0': CMAKE_PREFIX_PATH=${CMAKE_PREFIX_PATH}:/root/glad_ws/install/myimu:/root/glad_ws/install/glad_voice:/root/glad_ws/install/glad_motor_controller:/opt/ros/humble /usr/bin/cmake --build /root/glad_ws/build/bringup -- -j4 -l4
[2.908s] Invoking command in '/root/glad_ws/build/bringup': CMAKE_PREFIX_PATH=${CMAKE_PREFIX_PATH}:/root/glad_ws/install/myimu:/root/glad_ws/install/glad_voice:/root/glad_ws/install/glad_motor_controller:/opt/ros/humble /usr/bin/cmake --install /root/glad_ws/build/bringup
[2.945s] -- Install configuration: ""
[2.946s] -- Up-to-date: /root/glad_ws/install/bringup/share/bringup/launch
[2.946s] -- Up-to-date: /root/glad_ws/install/bringup/share/bringup/launch/sensorbringup.launch.py
[2.946s] -- Up-to-date: /root/glad_ws/install/bringup/share/bringup/config
[2.953s] -- Up-to-date: /root/glad_ws/install/bringup/share/bringup/config/ekf_config.yaml
[2.954s] -- Up-to-date: /root/glad_ws/install/bringup/share/ament_index/resource_index/package_run_dependencies/bringup
[2.955s] -- Up-to-date: /root/glad_ws/install/bringup/share/ament_index/resource_index/parent_prefix_path/bringup
[2.955s] -- Up-to-date: /root/glad_ws/install/bringup/share/bringup/environment/ament_prefix_path.sh
[2.956s] -- Up-to-date: /root/glad_ws/install/bringup/share/bringup/environment/ament_prefix_path.dsv
[2.956s] -- Up-to-date: /root/glad_ws/install/bringup/share/bringup/environment/path.sh
[2.957s] -- Up-to-date: /root/glad_ws/install/bringup/share/bringup/environment/path.dsv
[2.957s] -- Up-to-date: /root/glad_ws/install/bringup/share/bringup/local_setup.bash
[2.957s] -- Up-to-date: /root/glad_ws/install/bringup/share/bringup/local_setup.sh
[2.958s] -- Up-to-date: /root/glad_ws/install/bringup/share/bringup/local_setup.zsh
[2.958s] -- Up-to-date: /root/glad_ws/install/bringup/share/bringup/local_setup.dsv
[2.958s] -- Installing: /root/glad_ws/install/bringup/share/bringup/package.dsv
[2.960s] -- Up-to-date: /root/glad_ws/install/bringup/share/ament_index/resource_index/packages/bringup
[2.961s] -- Up-to-date: /root/glad_ws/install/bringup/share/bringup/cmake/bringupConfig.cmake
[2.961s] -- Up-to-date: /root/glad_ws/install/bringup/share/bringup/cmake/bringupConfig-version.cmake
[2.962s] -- Up-to-date: /root/glad_ws/install/bringup/share/bringup/package.xml
[2.963s] Invoked command in '/root/glad_ws/build/bringup' returned '0': CMAKE_PREFIX_PATH=${CMAKE_PREFIX_PATH}:/root/glad_ws/install/myimu:/root/glad_ws/install/glad_voice:/root/glad_ws/install/glad_motor_controller:/opt/ros/humble /usr/bin/cmake --install /root/glad_ws/build/bringup
