[0.094s] Invoking command in '/root/glad_ws/build/bringup': CMAKE_PREFIX_PATH=${CMAKE_PREFIX_PATH}:/root/glad_ws/install/myimu:/root/glad_ws/install/glad_voice:/root/glad_ws/install/glad_motor_controller:/opt/ros/humble /usr/bin/cmake --build /root/glad_ws/build/bringup -- -j4 -l4
[2.765s] Invoked command in '/root/glad_ws/build/bringup' returned '0': CMAKE_PREFIX_PATH=${CMAKE_PREFIX_PATH}:/root/glad_ws/install/myimu:/root/glad_ws/install/glad_voice:/root/glad_ws/install/glad_motor_controller:/opt/ros/humble /usr/bin/cmake --build /root/glad_ws/build/bringup -- -j4 -l4
[2.791s] Invoking command in '/root/glad_ws/build/bringup': CMAKE_PREFIX_PATH=${CMAKE_PREFIX_PATH}:/root/glad_ws/install/myimu:/root/glad_ws/install/glad_voice:/root/glad_ws/install/glad_motor_controller:/opt/ros/humble /usr/bin/cmake --install /root/glad_ws/build/bringup
[2.833s] -- Install configuration: ""
[2.843s] -- Up-to-date: /root/glad_ws/install/bringup/share/bringup/launch
[2.848s] -- Up-to-date: /root/glad_ws/install/bringup/share/bringup/launch/sensorbringup.launch.py
[2.849s] -- Up-to-date: /root/glad_ws/install/bringup/share/bringup/config
[2.858s] -- Installing: /root/glad_ws/install/bringup/share/bringup/config/jithin_room.yaml
[2.859s] -- Up-to-date: /root/glad_ws/install/bringup/share/bringup/config/ekf_config.yaml
[2.860s] -- Installing: /root/glad_ws/install/bringup/share/bringup/config/my_nav2_params.yaml
[2.860s] -- Installing: /root/glad_ws/install/bringup/share/bringup/config/jithin_room.pgm
[2.861s] -- Up-to-date: /root/glad_ws/install/bringup/share/ament_index/resource_index/package_run_dependencies/bringup
[2.865s] -- Up-to-date: /root/glad_ws/install/bringup/share/ament_index/resource_index/parent_prefix_path/bringup
[2.866s] -- Up-to-date: /root/glad_ws/install/bringup/share/bringup/environment/ament_prefix_path.sh
[2.872s] -- Up-to-date: /root/glad_ws/install/bringup/share/bringup/environment/ament_prefix_path.dsv
[2.872s] -- Up-to-date: /root/glad_ws/install/bringup/share/bringup/environment/path.sh
[2.873s] -- Up-to-date: /root/glad_ws/install/bringup/share/bringup/environment/path.dsv
[2.877s] -- Up-to-date: /root/glad_ws/install/bringup/share/bringup/local_setup.bash
[2.879s] -- Up-to-date: /root/glad_ws/install/bringup/share/bringup/local_setup.sh
[2.887s] -- Up-to-date: /root/glad_ws/install/bringup/share/bringup/local_setup.zsh
[2.887s] -- Up-to-date: /root/glad_ws/install/bringup/share/bringup/local_setup.dsv
[2.890s] -- Installing: /root/glad_ws/install/bringup/share/bringup/package.dsv
[2.893s] -- Up-to-date: /root/glad_ws/install/bringup/share/ament_index/resource_index/packages/bringup
[2.894s] -- Up-to-date: /root/glad_ws/install/bringup/share/bringup/cmake/bringupConfig.cmake
[2.894s] -- Up-to-date: /root/glad_ws/install/bringup/share/bringup/cmake/bringupConfig-version.cmake
[2.898s] -- Up-to-date: /root/glad_ws/install/bringup/share/bringup/package.xml
[2.904s] Invoked command in '/root/glad_ws/build/bringup' returned '0': CMAKE_PREFIX_PATH=${CMAKE_PREFIX_PATH}:/root/glad_ws/install/myimu:/root/glad_ws/install/glad_voice:/root/glad_ws/install/glad_motor_controller:/opt/ros/humble /usr/bin/cmake --install /root/glad_ws/build/bringup
