[0.097s] Invoking command in '/root/glad_ws/build/bringup': CMAKE_PREFIX_PATH=${CMAKE_PREFIX_PATH}:/root/glad_ws/install/myimu:/root/glad_ws/install/glad_voice:/root/glad_ws/install/glad_motor_controller:/opt/ros/humble /usr/bin/cmake --build /root/glad_ws/build/bringup -- -j4 -l4
[2.918s] Invoked command in '/root/glad_ws/build/bringup' returned '0': CMAKE_PREFIX_PATH=${CMAKE_PREFIX_PATH}:/root/glad_ws/install/myimu:/root/glad_ws/install/glad_voice:/root/glad_ws/install/glad_motor_controller:/opt/ros/humble /usr/bin/cmake --build /root/glad_ws/build/bringup -- -j4 -l4
[2.944s] Invoking command in '/root/glad_ws/build/bringup': CMAKE_PREFIX_PATH=${CMAKE_PREFIX_PATH}:/root/glad_ws/install/myimu:/root/glad_ws/install/glad_voice:/root/glad_ws/install/glad_motor_controller:/opt/ros/humble /usr/bin/cmake --install /root/glad_ws/build/bringup
[2.970s] -- Install configuration: ""
[2.971s] -- Up-to-date: /root/glad_ws/install/bringup/share/bringup/launch
[2.974s] -- Up-to-date: /root/glad_ws/install/bringup/share/bringup/launch/sensorbringup.launch.py
[2.974s] -- Up-to-date: /root/glad_ws/install/bringup/share/bringup/launch/glad_nav2.launch.py
[2.975s] -- Up-to-date: /root/glad_ws/install/bringup/share/bringup/config
[2.975s] -- Installing: /root/glad_ws/install/bringup/share/bringup/config/jithin_room.yaml
[2.975s] -- Up-to-date: /root/glad_ws/install/bringup/share/bringup/config/ekf_config.yaml
[2.976s] -- Up-to-date: /root/glad_ws/install/bringup/share/bringup/config/my_nav2_params.yaml
[2.985s] -- Installing: /root/glad_ws/install/bringup/share/bringup/config/jithin_room.pgm
[2.987s] -- Installing: /root/glad_ws/install/bringup/share/bringup/config/jithin_map_backup.tar.gz
[2.990s] -- Up-to-date: /root/glad_ws/install/bringup/share/ament_index/resource_index/package_run_dependencies/bringup
[2.995s] -- Up-to-date: /root/glad_ws/install/bringup/share/ament_index/resource_index/parent_prefix_path/bringup
[2.997s] -- Up-to-date: /root/glad_ws/install/bringup/share/bringup/environment/ament_prefix_path.sh
[2.999s] -- Up-to-date: /root/glad_ws/install/bringup/share/bringup/environment/ament_prefix_path.dsv
[2.999s] -- Up-to-date: /root/glad_ws/install/bringup/share/bringup/environment/path.sh
[3.000s] -- Up-to-date: /root/glad_ws/install/bringup/share/bringup/environment/path.dsv
[3.000s] -- Up-to-date: /root/glad_ws/install/bringup/share/bringup/local_setup.bash
[3.001s] -- Up-to-date: /root/glad_ws/install/bringup/share/bringup/local_setup.sh
[3.002s] -- Up-to-date: /root/glad_ws/install/bringup/share/bringup/local_setup.zsh
[3.003s] -- Up-to-date: /root/glad_ws/install/bringup/share/bringup/local_setup.dsv
[3.003s] -- Installing: /root/glad_ws/install/bringup/share/bringup/package.dsv
[3.003s] -- Up-to-date: /root/glad_ws/install/bringup/share/ament_index/resource_index/packages/bringup
[3.004s] -- Up-to-date: /root/glad_ws/install/bringup/share/bringup/cmake/bringupConfig.cmake
[3.004s] -- Up-to-date: /root/glad_ws/install/bringup/share/bringup/cmake/bringupConfig-version.cmake
[3.005s] -- Up-to-date: /root/glad_ws/install/bringup/share/bringup/package.xml
[3.006s] Invoked command in '/root/glad_ws/build/bringup' returned '0': CMAKE_PREFIX_PATH=${CMAKE_PREFIX_PATH}:/root/glad_ws/install/myimu:/root/glad_ws/install/glad_voice:/root/glad_ws/install/glad_motor_controller:/opt/ros/humble /usr/bin/cmake --install /root/glad_ws/build/bringup
