[4.821s] Invoking command in '/root/glad_ws/src/glad_voice': PYTHONPATH=/root/glad_ws/build/glad_voice/prefix_override:/usr/lib/python3/dist-packages/colcon_core/task/python/colcon_distutils_commands:/root/glad_ws/install/glad_voice/lib/python3.10/site-packages:${PYTHONPATH} /usr/bin/python3 -W ignore:setup.py install is deprecated -W ignore:easy_install command is deprecated setup.py egg_info --egg-base ../../build/glad_voice build --build-base /root/glad_ws/build/glad_voice/build install --record /root/glad_ws/build/glad_voice/install.log --single-version-externally-managed install_data
[6.028s] running egg_info
[6.032s] writing ../../build/glad_voice/glad_voice.egg-info/PKG-INFO
[6.035s] writing dependency_links to ../../build/glad_voice/glad_voice.egg-info/dependency_links.txt
[6.036s] writing entry points to ../../build/glad_voice/glad_voice.egg-info/entry_points.txt
[6.037s] writing requirements to ../../build/glad_voice/glad_voice.egg-info/requires.txt
[6.037s] writing top-level names to ../../build/glad_voice/glad_voice.egg-info/top_level.txt
[6.045s] reading manifest file '../../build/glad_voice/glad_voice.egg-info/SOURCES.txt'
[6.049s] writing manifest file '../../build/glad_voice/glad_voice.egg-info/SOURCES.txt'
[6.051s] running build
[6.052s] running build_py
[6.053s] running install
[6.056s] running install_lib
[6.069s] running install_data
[6.074s] running install_egg_info
[6.076s] removing '/root/glad_ws/install/glad_voice/lib/python3.10/site-packages/glad_voice-0.0.0-py3.10.egg-info' (and everything under it)
[6.076s] Copying ../../build/glad_voice/glad_voice.egg-info to /root/glad_ws/install/glad_voice/lib/python3.10/site-packages/glad_voice-0.0.0-py3.10.egg-info
[6.084s] running install_scripts
[6.177s] Installing voice_assistant script to /root/glad_ws/install/glad_voice/lib/glad_voice
[6.179s] writing list of installed files to '/root/glad_ws/build/glad_voice/install.log'
[6.381s] Invoked command in '/root/glad_ws/src/glad_voice' returned '0': PYTHONPATH=/root/glad_ws/build/glad_voice/prefix_override:/usr/lib/python3/dist-packages/colcon_core/task/python/colcon_distutils_commands:/root/glad_ws/install/glad_voice/lib/python3.10/site-packages:${PYTHONPATH} /usr/bin/python3 -W ignore:setup.py install is deprecated -W ignore:easy_install command is deprecated setup.py egg_info --egg-base ../../build/glad_voice build --build-base /root/glad_ws/build/glad_voice/build install --record /root/glad_ws/build/glad_voice/install.log --single-version-externally-managed install_data
