running egg_info
creating ../../build/glad_voice/glad_voice.egg-info
writing ../../build/glad_voice/glad_voice.egg-info/PKG-INFO
writing dependency_links to ../../build/glad_voice/glad_voice.egg-info/dependency_links.txt
writing entry points to ../../build/glad_voice/glad_voice.egg-info/entry_points.txt
writing requirements to ../../build/glad_voice/glad_voice.egg-info/requires.txt
writing top-level names to ../../build/glad_voice/glad_voice.egg-info/top_level.txt
writing manifest file '../../build/glad_voice/glad_voice.egg-info/SOURCES.txt'
reading manifest file '../../build/glad_voice/glad_voice.egg-info/SOURCES.txt'
writing manifest file '../../build/glad_voice/glad_voice.egg-info/SOURCES.txt'
running build
running build_py
creating /root/glad_ws/build/glad_voice/build
creating /root/glad_ws/build/glad_voice/build/lib
creating /root/glad_ws/build/glad_voice/build/lib/glad_voice
copying glad_voice/__init__.py -> /root/glad_ws/build/glad_voice/build/lib/glad_voice
copying glad_voice/voice_assistant.py -> /root/glad_ws/build/glad_voice/build/lib/glad_voice
running install
running install_lib
creating /root/glad_ws/install/glad_voice/lib/python3.10/site-packages/glad_voice
copying /root/glad_ws/build/glad_voice/build/lib/glad_voice/__init__.py -> /root/glad_ws/install/glad_voice/lib/python3.10/site-packages/glad_voice
copying /root/glad_ws/build/glad_voice/build/lib/glad_voice/voice_assistant.py -> /root/glad_ws/install/glad_voice/lib/python3.10/site-packages/glad_voice
byte-compiling /root/glad_ws/install/glad_voice/lib/python3.10/site-packages/glad_voice/__init__.py to __init__.cpython-310.pyc
byte-compiling /root/glad_ws/install/glad_voice/lib/python3.10/site-packages/glad_voice/voice_assistant.py to voice_assistant.cpython-310.pyc
running install_data
creating /root/glad_ws/install/glad_voice/share/ament_index
creating /root/glad_ws/install/glad_voice/share/ament_index/resource_index
creating /root/glad_ws/install/glad_voice/share/ament_index/resource_index/packages
copying resource/glad_voice -> /root/glad_ws/install/glad_voice/share/ament_index/resource_index/packages
copying package.xml -> /root/glad_ws/install/glad_voice/share/glad_voice
running install_egg_info
Copying ../../build/glad_voice/glad_voice.egg-info to /root/glad_ws/install/glad_voice/lib/python3.10/site-packages/glad_voice-0.0.0-py3.10.egg-info
running install_scripts
writing list of installed files to '/root/glad_ws/build/glad_voice/install.log'
