[2.215s] Invoking command in '/root/glad_ws/src/glad_voice': PYTHONPATH=/root/glad_ws/build/glad_voice/prefix_override:/usr/lib/python3/dist-packages/colcon_core/task/python/colcon_distutils_commands:/root/glad_ws/install/glad_voice/lib/python3.10/site-packages:${PYTHONPATH} /usr/bin/python3 -W ignore:setup.py install is deprecated -W ignore:easy_install command is deprecated setup.py egg_info --egg-base ../../build/glad_voice build --build-base /root/glad_ws/build/glad_voice/build install --record /root/glad_ws/build/glad_voice/install.log --single-version-externally-managed install_data
[3.009s] running egg_info
[3.009s] creating ../../build/glad_voice/glad_voice.egg-info
[3.010s] writing ../../build/glad_voice/glad_voice.egg-info/PKG-INFO
[3.012s] writing dependency_links to ../../build/glad_voice/glad_voice.egg-info/dependency_links.txt
[3.012s] writing entry points to ../../build/glad_voice/glad_voice.egg-info/entry_points.txt
[3.014s] writing requirements to ../../build/glad_voice/glad_voice.egg-info/requires.txt
[3.015s] writing top-level names to ../../build/glad_voice/glad_voice.egg-info/top_level.txt
[3.015s] writing manifest file '../../build/glad_voice/glad_voice.egg-info/SOURCES.txt'
[3.021s] reading manifest file '../../build/glad_voice/glad_voice.egg-info/SOURCES.txt'
[3.024s] writing manifest file '../../build/glad_voice/glad_voice.egg-info/SOURCES.txt'
[3.025s] running build
[3.025s] running build_py
[3.026s] creating /root/glad_ws/build/glad_voice/build
[3.027s] creating /root/glad_ws/build/glad_voice/build/lib
[3.029s] creating /root/glad_ws/build/glad_voice/build/lib/glad_voice
[3.029s] copying glad_voice/__init__.py -> /root/glad_ws/build/glad_voice/build/lib/glad_voice
[3.029s] copying glad_voice/voice_assistant.py -> /root/glad_ws/build/glad_voice/build/lib/glad_voice
[3.030s] running install
[3.030s] running install_lib
[3.032s] creating /root/glad_ws/install/glad_voice/lib/python3.10/site-packages/glad_voice
[3.032s] copying /root/glad_ws/build/glad_voice/build/lib/glad_voice/__init__.py -> /root/glad_ws/install/glad_voice/lib/python3.10/site-packages/glad_voice
[3.036s] copying /root/glad_ws/build/glad_voice/build/lib/glad_voice/voice_assistant.py -> /root/glad_ws/install/glad_voice/lib/python3.10/site-packages/glad_voice
[3.036s] byte-compiling /root/glad_ws/install/glad_voice/lib/python3.10/site-packages/glad_voice/__init__.py to __init__.cpython-310.pyc
[3.036s] byte-compiling /root/glad_ws/install/glad_voice/lib/python3.10/site-packages/glad_voice/voice_assistant.py to voice_assistant.cpython-310.pyc
[3.040s] running install_data
[3.044s] creating /root/glad_ws/install/glad_voice/share/ament_index
[3.044s] creating /root/glad_ws/install/glad_voice/share/ament_index/resource_index
[3.045s] creating /root/glad_ws/install/glad_voice/share/ament_index/resource_index/packages
[3.045s] copying resource/glad_voice -> /root/glad_ws/install/glad_voice/share/ament_index/resource_index/packages
[3.045s] copying package.xml -> /root/glad_ws/install/glad_voice/share/glad_voice
[3.046s] running install_egg_info
[3.049s] Copying ../../build/glad_voice/glad_voice.egg-info to /root/glad_ws/install/glad_voice/lib/python3.10/site-packages/glad_voice-0.0.0-py3.10.egg-info
[3.052s] running install_scripts
[3.122s] writing list of installed files to '/root/glad_ws/build/glad_voice/install.log'
[3.230s] Invoked command in '/root/glad_ws/src/glad_voice' returned '0': PYTHONPATH=/root/glad_ws/build/glad_voice/prefix_override:/usr/lib/python3/dist-packages/colcon_core/task/python/colcon_distutils_commands:/root/glad_ws/install/glad_voice/lib/python3.10/site-packages:${PYTHONPATH} /usr/bin/python3 -W ignore:setup.py install is deprecated -W ignore:easy_install command is deprecated setup.py egg_info --egg-base ../../build/glad_voice build --build-base /root/glad_ws/build/glad_voice/build install --record /root/glad_ws/build/glad_voice/install.log --single-version-externally-managed install_data
