[2.628s] Invoking command in '/root/glad_ws/src/myimu': PYTHONPATH=/root/glad_ws/build/myimu/prefix_override:/usr/lib/python3/dist-packages/colcon_core/task/python/colcon_distutils_commands:/root/glad_ws/install/myimu/lib/python3.10/site-packages:${PYTHONPATH} /usr/bin/python3 -W ignore:setup.py install is deprecated -W ignore:easy_install command is deprecated setup.py egg_info --egg-base ../../build/myimu build --build-base /root/glad_ws/build/myimu/build install --record /root/glad_ws/build/myimu/install.log --single-version-externally-managed install_data
[3.371s] running egg_info
[3.373s] writing ../../build/myimu/myimu.egg-info/PKG-INFO
[3.374s] writing dependency_links to ../../build/myimu/myimu.egg-info/dependency_links.txt
[3.375s] writing entry points to ../../build/myimu/myimu.egg-info/entry_points.txt
[3.376s] writing requirements to ../../build/myimu/myimu.egg-info/requires.txt
[3.377s] writing top-level names to ../../build/myimu/myimu.egg-info/top_level.txt
[3.383s] reading manifest file '../../build/myimu/myimu.egg-info/SOURCES.txt'
[3.387s] writing manifest file '../../build/myimu/myimu.egg-info/SOURCES.txt'
[3.387s] running build
[3.388s] running build_py
[3.389s] running install
[3.390s] running install_lib
[3.394s] running install_data
[3.395s] running install_egg_info
[3.401s] removing '/root/glad_ws/install/myimu/lib/python3.10/site-packages/myimu-0.0.0-py3.10.egg-info' (and everything under it)
[3.402s] Copying ../../build/myimu/myimu.egg-info to /root/glad_ws/install/myimu/lib/python3.10/site-packages/myimu-0.0.0-py3.10.egg-info
[3.407s] running install_scripts
[3.478s] Installing imupub script to /root/glad_ws/install/myimu/lib/myimu
[3.480s] writing list of installed files to '/root/glad_ws/build/myimu/install.log'
[3.589s] Invoked command in '/root/glad_ws/src/myimu' returned '0': PYTHONPATH=/root/glad_ws/build/myimu/prefix_override:/usr/lib/python3/dist-packages/colcon_core/task/python/colcon_distutils_commands:/root/glad_ws/install/myimu/lib/python3.10/site-packages:${PYTHONPATH} /usr/bin/python3 -W ignore:setup.py install is deprecated -W ignore:easy_install command is deprecated setup.py egg_info --egg-base ../../build/myimu build --build-base /root/glad_ws/build/myimu/build install --record /root/glad_ws/build/myimu/install.log --single-version-externally-managed install_data
