[3.496s] Invoking command in '/root/glad_ws/src/myimu': PYTHONPATH=/root/glad_ws/build/myimu/prefix_override:/usr/lib/python3/dist-packages/colcon_core/task/python/colcon_distutils_commands:/root/glad_ws/install/myimu/lib/python3.10/site-packages:${PYTHONPATH} /usr/bin/python3 -W ignore:setup.py install is deprecated -W ignore:easy_install command is deprecated setup.py egg_info --egg-base ../../build/myimu build --build-base /root/glad_ws/build/myimu/build install --record /root/glad_ws/build/myimu/install.log --single-version-externally-managed install_data
[4.405s] running egg_info
[4.407s] writing ../../build/myimu/myimu.egg-info/PKG-INFO
[4.409s] writing dependency_links to ../../build/myimu/myimu.egg-info/dependency_links.txt
[4.410s] writing entry points to ../../build/myimu/myimu.egg-info/entry_points.txt
[4.413s] writing requirements to ../../build/myimu/myimu.egg-info/requires.txt
[4.414s] writing top-level names to ../../build/myimu/myimu.egg-info/top_level.txt
[4.427s] reading manifest file '../../build/myimu/myimu.egg-info/SOURCES.txt'
[4.429s] writing manifest file '../../build/myimu/myimu.egg-info/SOURCES.txt'
[4.431s] running build
[4.433s] running build_py
[4.438s] running install
[4.439s] running install_lib
[4.444s] running install_data
[4.444s] running install_egg_info
[4.445s] removing '/root/glad_ws/install/myimu/lib/python3.10/site-packages/myimu-0.0.0-py3.10.egg-info' (and everything under it)
[4.450s] Copying ../../build/myimu/myimu.egg-info to /root/glad_ws/install/myimu/lib/python3.10/site-packages/myimu-0.0.0-py3.10.egg-info
[4.457s] running install_scripts
[4.541s] Installing imuodom script to /root/glad_ws/install/myimu/lib/myimu
[4.542s] Installing imupub script to /root/glad_ws/install/myimu/lib/myimu
[4.543s] writing list of installed files to '/root/glad_ws/build/myimu/install.log'
[4.706s] Invoked command in '/root/glad_ws/src/myimu' returned '0': PYTHONPATH=/root/glad_ws/build/myimu/prefix_override:/usr/lib/python3/dist-packages/colcon_core/task/python/colcon_distutils_commands:/root/glad_ws/install/myimu/lib/python3.10/site-packages:${PYTHONPATH} /usr/bin/python3 -W ignore:setup.py install is deprecated -W ignore:easy_install command is deprecated setup.py egg_info --egg-base ../../build/myimu build --build-base /root/glad_ws/build/myimu/build install --record /root/glad_ws/build/myimu/install.log --single-version-externally-managed install_data
