[0.048s] Invoking command in '/root/glad_ws/build/bringup': CMAKE_PREFIX_PATH=${CMAKE_PREFIX_PATH}:/root/glad_ws/install/myimu:/root/glad_ws/install/glad_voice:/root/glad_ws/install/glad_motor_controller:/opt/ros/humble /usr/bin/cmake --build /root/glad_ws/build/bringup -- -j4 -l4
[0.477s] Invoked command in '/root/glad_ws/build/bringup' returned '0': CMAKE_PREFIX_PATH=${CMAKE_PREFIX_PATH}:/root/glad_ws/install/myimu:/root/glad_ws/install/glad_voice:/root/glad_ws/install/glad_motor_controller:/opt/ros/humble /usr/bin/cmake --build /root/glad_ws/build/bringup -- -j4 -l4
[0.503s] Invoking command in '/root/glad_ws/build/bringup': CMAKE_PREFIX_PATH=${CMAKE_PREFIX_PATH}:/root/glad_ws/install/myimu:/root/glad_ws/install/glad_voice:/root/glad_ws/install/glad_motor_controller:/opt/ros/humble /usr/bin/cmake --install /root/glad_ws/build/bringup
[0.527s] -- Install configuration: ""
[0.531s] -- Up-to-date: /root/glad_ws/install/bringup/share/bringup/launch
[0.531s] -- Up-to-date: /root/glad_ws/install/bringup/share/bringup/launch/sensorbringup.launch.py
[0.531s] -- Up-to-date: /root/glad_ws/install/bringup/share/bringup/launch/glad_nav2.launch.py
[0.531s] -- Up-to-date: /root/glad_ws/install/bringup/share/bringup/config
[0.531s] -- Up-to-date: /root/glad_ws/install/bringup/share/bringup/config/robotics_lab_main.yaml
[0.532s] -- Up-to-date: /root/glad_ws/install/bringup/share/bringup/config/jithin_room.yaml
[0.532s] -- Up-to-date: /root/glad_ws/install/bringup/share/bringup/config/robotics_lab_main.pgm
[0.533s] -- Up-to-date: /root/glad_ws/install/bringup/share/bringup/config/robotics_lab_main.tar.gz
[0.534s] -- Up-to-date: /root/glad_ws/install/bringup/share/bringup/config/glad_automation_tour.py
[0.534s] -- Up-to-date: /root/glad_ws/install/bringup/share/bringup/config/ekf_config.yaml
[0.534s] -- Up-to-date: /root/glad_ws/install/bringup/share/bringup/config/my_nav2_params.yaml
[0.534s] -- Up-to-date: /root/glad_ws/install/bringup/share/bringup/config/laser_filter.yaml
[0.535s] -- Up-to-date: /root/glad_ws/install/bringup/share/bringup/config/jithin_room.pgm
[0.535s] -- Installing: /root/glad_ws/install/bringup/share/bringup/config/glad_final_tour.py
[0.536s] -- Up-to-date: /root/glad_ws/install/bringup/share/bringup/config/jithin_map_backup.tar.gz
[0.536s] -- Up-to-date: /root/glad_ws/install/bringup/share/ament_index/resource_index/package_run_dependencies/bringup
[0.537s] -- Up-to-date: /root/glad_ws/install/bringup/share/ament_index/resource_index/parent_prefix_path/bringup
[0.537s] -- Up-to-date: /root/glad_ws/install/bringup/share/bringup/environment/ament_prefix_path.sh
[0.537s] -- Up-to-date: /root/glad_ws/install/bringup/share/bringup/environment/ament_prefix_path.dsv
[0.538s] -- Up-to-date: /root/glad_ws/install/bringup/share/bringup/environment/path.sh
[0.538s] -- Up-to-date: /root/glad_ws/install/bringup/share/bringup/environment/path.dsv
[0.538s] -- Up-to-date: /root/glad_ws/install/bringup/share/bringup/local_setup.bash
[0.538s] -- Up-to-date: /root/glad_ws/install/bringup/share/bringup/local_setup.sh
[0.539s] -- Up-to-date: /root/glad_ws/install/bringup/share/bringup/local_setup.zsh
[0.539s] -- Up-to-date: /root/glad_ws/install/bringup/share/bringup/local_setup.dsv
[0.539s] -- Installing: /root/glad_ws/install/bringup/share/bringup/package.dsv
[0.539s] -- Up-to-date: /root/glad_ws/install/bringup/share/ament_index/resource_index/packages/bringup
[0.539s] -- Up-to-date: /root/glad_ws/install/bringup/share/bringup/cmake/bringupConfig.cmake
[0.540s] -- Up-to-date: /root/glad_ws/install/bringup/share/bringup/cmake/bringupConfig-version.cmake
[0.540s] -- Up-to-date: /root/glad_ws/install/bringup/share/bringup/package.xml
[0.549s] Invoked command in '/root/glad_ws/build/bringup' returned '0': CMAKE_PREFIX_PATH=${CMAKE_PREFIX_PATH}:/root/glad_ws/install/myimu:/root/glad_ws/install/glad_voice:/root/glad_ws/install/glad_motor_controller:/opt/ros/humble /usr/bin/cmake --install /root/glad_ws/build/bringup
