[0.036s] Invoking command in '/root/glad_ws/build/rplidar_ros': CMAKE_PREFIX_PATH=${CMAKE_PREFIX_PATH}:/root/glad_ws/install/myimu:/root/glad_ws/install/glad_voice:/root/glad_ws/install/glad_motor_controller:/opt/ros/humble /usr/bin/cmake --build /root/glad_ws/build/rplidar_ros -- -j4 -l4
[0.326s] [ 47%] Built target rplidar_node
[0.369s] [ 52%] Built target rplidar_client
[0.401s] [100%] Built target rplidar_composition
[0.524s] Invoked command in '/root/glad_ws/build/rplidar_ros' returned '0': CMAKE_PREFIX_PATH=${CMAKE_PREFIX_PATH}:/root/glad_ws/install/myimu:/root/glad_ws/install/glad_voice:/root/glad_ws/install/glad_motor_controller:/opt/ros/humble /usr/bin/cmake --build /root/glad_ws/build/rplidar_ros -- -j4 -l4
[0.530s] Invoking command in '/root/glad_ws/build/rplidar_ros': CMAKE_PREFIX_PATH=${CMAKE_PREFIX_PATH}:/root/glad_ws/install/myimu:/root/glad_ws/install/glad_voice:/root/glad_ws/install/glad_motor_controller:/opt/ros/humble /usr/bin/cmake --install /root/glad_ws/build/rplidar_ros
[0.562s] -- Install configuration: ""
[0.570s] -- Execute custom install script
[0.572s] -- Up-to-date symlink: /root/glad_ws/install/rplidar_ros/share/rplidar_ros/launch/rplidar_a1_launch.py
[0.572s] -- Up-to-date symlink: /root/glad_ws/install/rplidar_ros/share/rplidar_ros/launch/rplidar_a2m12_launch.py
[0.573s] -- Up-to-date symlink: /root/glad_ws/install/rplidar_ros/share/rplidar_ros/launch/rplidar_a2m7_launch.py
[0.573s] -- Up-to-date symlink: /root/glad_ws/install/rplidar_ros/share/rplidar_ros/launch/rplidar_a2m8_launch.py
[0.586s] -- Up-to-date symlink: /root/glad_ws/install/rplidar_ros/share/rplidar_ros/launch/rplidar_a3_launch.py
[0.587s] -- Up-to-date symlink: /root/glad_ws/install/rplidar_ros/share/rplidar_ros/launch/rplidar_c1_launch.py
[0.587s] -- Up-to-date symlink: /root/glad_ws/install/rplidar_ros/share/rplidar_ros/launch/rplidar_s1_launch.py
[0.587s] -- Up-to-date symlink: /root/glad_ws/install/rplidar_ros/share/rplidar_ros/launch/rplidar_s1_tcp_launch.py
[0.588s] -- Up-to-date symlink: /root/glad_ws/install/rplidar_ros/share/rplidar_ros/launch/rplidar_s2_launch.py
[0.588s] -- Up-to-date symlink: /root/glad_ws/install/rplidar_ros/share/rplidar_ros/launch/rplidar_s2e_launch.py
[0.589s] -- Up-to-date symlink: /root/glad_ws/install/rplidar_ros/share/rplidar_ros/launch/rplidar_s3_launch.py
[0.589s] -- Up-to-date symlink: /root/glad_ws/install/rplidar_ros/share/rplidar_ros/launch/rplidar_t1_launch.py
[0.598s] -- Up-to-date symlink: /root/glad_ws/install/rplidar_ros/share/rplidar_ros/launch/view_rplidar_a1_launch.py
[0.598s] -- Up-to-date symlink: /root/glad_ws/install/rplidar_ros/share/rplidar_ros/launch/view_rplidar_a2m12_launch.py
[0.599s] -- Up-to-date symlink: /root/glad_ws/install/rplidar_ros/share/rplidar_ros/launch/view_rplidar_a2m7_launch.py
[0.599s] -- Up-to-date symlink: /root/glad_ws/install/rplidar_ros/share/rplidar_ros/launch/view_rplidar_a2m8_launch.py
[0.600s] -- Up-to-date symlink: /root/glad_ws/install/rplidar_ros/share/rplidar_ros/launch/view_rplidar_a3_launch.py
[0.600s] -- Up-to-date symlink: /root/glad_ws/install/rplidar_ros/share/rplidar_ros/launch/view_rplidar_c1_launch.py
[0.601s] -- Up-to-date symlink: /root/glad_ws/install/rplidar_ros/share/rplidar_ros/launch/view_rplidar_s1_launch.py
[0.610s] -- Up-to-date symlink: /root/glad_ws/install/rplidar_ros/share/rplidar_ros/launch/view_rplidar_s1_tcp_launch.py
[0.611s] -- Up-to-date symlink: /root/glad_ws/install/rplidar_ros/share/rplidar_ros/launch/view_rplidar_s2_launch.py
[0.611s] -- Up-to-date symlink: /root/glad_ws/install/rplidar_ros/share/rplidar_ros/launch/view_rplidar_s2e_launch.py
[0.612s] -- Up-to-date symlink: /root/glad_ws/install/rplidar_ros/share/rplidar_ros/launch/view_rplidar_s3_launch.py
[0.612s] -- Up-to-date symlink: /root/glad_ws/install/rplidar_ros/share/rplidar_ros/launch/view_rplidar_t1_launch.py
[0.613s] -- Up-to-date symlink: /root/glad_ws/install/rplidar_ros/share/rplidar_ros/rviz/rplidar_ros.rviz
[0.620s] -- Up-to-date symlink: /root/glad_ws/install/rplidar_ros/lib/rplidar_ros/rplidar_node
[0.621s] -- Up-to-date symlink: /root/glad_ws/install/rplidar_ros/lib/rplidar_ros/rplidar_composition
[0.621s] -- Up-to-date symlink: /root/glad_ws/install/rplidar_ros/lib/rplidar_ros/rplidar_client
[0.622s] -- Up-to-date symlink: /root/glad_ws/install/rplidar_ros/share/ament_index/resource_index/package_run_dependencies/rplidar_ros
[0.622s] -- Up-to-date symlink: /root/glad_ws/install/rplidar_ros/share/ament_index/resource_index/parent_prefix_path/rplidar_ros
[0.623s] -- Up-to-date symlink: /root/glad_ws/install/rplidar_ros/share/rplidar_ros/environment/ament_prefix_path.sh
[0.623s] -- Up-to-date symlink: /root/glad_ws/install/rplidar_ros/share/rplidar_ros/environment/ament_prefix_path.dsv
[0.624s] -- Up-to-date symlink: /root/glad_ws/install/rplidar_ros/share/rplidar_ros/environment/path.sh
[0.625s] -- Up-to-date symlink: /root/glad_ws/install/rplidar_ros/share/rplidar_ros/environment/path.dsv
[0.633s] -- Up-to-date symlink: /root/glad_ws/install/rplidar_ros/share/rplidar_ros/local_setup.bash
[0.635s] -- Up-to-date symlink: /root/glad_ws/install/rplidar_ros/share/rplidar_ros/local_setup.sh
[0.636s] -- Up-to-date symlink: /root/glad_ws/install/rplidar_ros/share/rplidar_ros/local_setup.zsh
[0.636s] -- Up-to-date symlink: /root/glad_ws/install/rplidar_ros/share/rplidar_ros/local_setup.dsv
[0.636s] -- Symlinking: /root/glad_ws/install/rplidar_ros/share/rplidar_ros/package.dsv
[0.637s] -- Up-to-date symlink: /root/glad_ws/install/rplidar_ros/share/ament_index/resource_index/packages/rplidar_ros
[0.637s] -- Up-to-date symlink: /root/glad_ws/install/rplidar_ros/share/rplidar_ros/cmake/ament_cmake_export_dependencies-extras.cmake
[0.638s] -- Up-to-date symlink: /root/glad_ws/install/rplidar_ros/share/rplidar_ros/cmake/ament_cmake_export_include_directories-extras.cmake
[0.638s] -- Up-to-date symlink: /root/glad_ws/install/rplidar_ros/share/rplidar_ros/cmake/rplidar_rosConfig.cmake
[0.639s] -- Up-to-date symlink: /root/glad_ws/install/rplidar_ros/share/rplidar_ros/cmake/rplidar_rosConfig-version.cmake
[0.639s] -- Up-to-date symlink: /root/glad_ws/install/rplidar_ros/share/rplidar_ros/package.xml
[0.645s] Invoked command in '/root/glad_ws/build/rplidar_ros' returned '0': CMAKE_PREFIX_PATH=${CMAKE_PREFIX_PATH}:/root/glad_ws/install/myimu:/root/glad_ws/install/glad_voice:/root/glad_ws/install/glad_motor_controller:/opt/ros/humble /usr/bin/cmake --install /root/glad_ws/build/rplidar_ros
