[0.095s] Invoking command in '/root/glad_ws/build/bringup': CMAKE_PREFIX_PATH=${CMAKE_PREFIX_PATH}:/root/glad_ws/install/myimu:/root/glad_ws/install/glad_voice:/root/glad_ws/install/glad_motor_controller:/opt/ros/humble /usr/bin/cmake --build /root/glad_ws/build/bringup -- -j4 -l4
[2.833s] Invoked command in '/root/glad_ws/build/bringup' returned '0': CMAKE_PREFIX_PATH=${CMAKE_PREFIX_PATH}:/root/glad_ws/install/myimu:/root/glad_ws/install/glad_voice:/root/glad_ws/install/glad_motor_controller:/opt/ros/humble /usr/bin/cmake --build /root/glad_ws/build/bringup -- -j4 -l4
[2.860s] Invoking command in '/root/glad_ws/build/bringup': CMAKE_PREFIX_PATH=${CMAKE_PREFIX_PATH}:/root/glad_ws/install/myimu:/root/glad_ws/install/glad_voice:/root/glad_ws/install/glad_motor_controller:/opt/ros/humble /usr/bin/cmake --install /root/glad_ws/build/bringup
[2.893s] -- Install configuration: ""
[2.897s] -- Up-to-date: /root/glad_ws/install/bringup/share/bringup/launch
[2.898s] -- Up-to-date: /root/glad_ws/install/bringup/share/bringup/launch/sensorbringup.launch.py
[2.899s] -- Up-to-date: /root/glad_ws/install/bringup/share/bringup/launch/glad_nav2.launch.py
[2.906s] -- Up-to-date: /root/glad_ws/install/bringup/share/bringup/config
[2.906s] -- Up-to-date: /root/glad_ws/install/bringup/share/bringup/config/jithin_room.yaml
[2.907s] -- Up-to-date: /root/glad_ws/install/bringup/share/bringup/config/glad_automation_tour.py
[2.907s] -- Up-to-date: /root/glad_ws/install/bringup/share/bringup/config/ekf_config.yaml
[2.910s] -- Up-to-date: /root/glad_ws/install/bringup/share/bringup/config/my_nav2_params.yaml
[2.918s] -- Up-to-date: /root/glad_ws/install/bringup/share/bringup/config/laser_filter.yaml
[2.919s] -- Up-to-date: /root/glad_ws/install/bringup/share/bringup/config/jithin_room.pgm
[2.920s] -- Up-to-date: /root/glad_ws/install/bringup/share/bringup/config/glad_final_tour.py
[2.920s] -- Up-to-date: /root/glad_ws/install/bringup/share/bringup/config/jithin_map_backup.tar.gz
[2.921s] -- Up-to-date: /root/glad_ws/install/bringup/share/ament_index/resource_index/package_run_dependencies/bringup
[2.921s] -- Up-to-date: /root/glad_ws/install/bringup/share/ament_index/resource_index/parent_prefix_path/bringup
[2.921s] -- Up-to-date: /root/glad_ws/install/bringup/share/bringup/environment/ament_prefix_path.sh
[2.922s] -- Up-to-date: /root/glad_ws/install/bringup/share/bringup/environment/ament_prefix_path.dsv
[2.922s] -- Up-to-date: /root/glad_ws/install/bringup/share/bringup/environment/path.sh
[2.923s] -- Up-to-date: /root/glad_ws/install/bringup/share/bringup/environment/path.dsv
[2.923s] -- Up-to-date: /root/glad_ws/install/bringup/share/bringup/local_setup.bash
[2.923s] -- Up-to-date: /root/glad_ws/install/bringup/share/bringup/local_setup.sh
[2.928s] -- Up-to-date: /root/glad_ws/install/bringup/share/bringup/local_setup.zsh
[2.930s] -- Up-to-date: /root/glad_ws/install/bringup/share/bringup/local_setup.dsv
[2.931s] -- Installing: /root/glad_ws/install/bringup/share/bringup/package.dsv
[2.931s] -- Up-to-date: /root/glad_ws/install/bringup/share/ament_index/resource_index/packages/bringup
[2.936s] -- Up-to-date: /root/glad_ws/install/bringup/share/bringup/cmake/bringupConfig.cmake
[2.938s] -- Up-to-date: /root/glad_ws/install/bringup/share/bringup/cmake/bringupConfig-version.cmake
[2.939s] -- Up-to-date: /root/glad_ws/install/bringup/share/bringup/package.xml
[2.940s] Invoked command in '/root/glad_ws/build/bringup' returned '0': CMAKE_PREFIX_PATH=${CMAKE_PREFIX_PATH}:/root/glad_ws/install/myimu:/root/glad_ws/install/glad_voice:/root/glad_ws/install/glad_motor_controller:/opt/ros/humble /usr/bin/cmake --install /root/glad_ws/build/bringup
