[4.118s] Invoking command in '/root/glad_ws/src/myimu': PYTHONPATH=/root/glad_ws/build/myimu/prefix_override:/usr/lib/python3/dist-packages/colcon_core/task/python/colcon_distutils_commands:/root/glad_ws/install/myimu/lib/python3.10/site-packages:${PYTHONPATH} /usr/bin/python3 -W ignore:setup.py install is deprecated -W ignore:easy_install command is deprecated setup.py egg_info --egg-base ../../build/myimu build --build-base /root/glad_ws/build/myimu/build install --record /root/glad_ws/build/myimu/install.log --single-version-externally-managed install_data
[5.163s] running egg_info
[5.166s] writing ../../build/myimu/myimu.egg-info/PKG-INFO
[5.167s] writing dependency_links to ../../build/myimu/myimu.egg-info/dependency_links.txt
[5.167s] writing entry points to ../../build/myimu/myimu.egg-info/entry_points.txt
[5.173s] writing requirements to ../../build/myimu/myimu.egg-info/requires.txt
[5.173s] writing top-level names to ../../build/myimu/myimu.egg-info/top_level.txt
[5.179s] reading manifest file '../../build/myimu/myimu.egg-info/SOURCES.txt'
[5.184s] writing manifest file '../../build/myimu/myimu.egg-info/SOURCES.txt'
[5.185s] running build
[5.186s] running build_py
[5.188s] running install
[5.192s] running install_lib
[5.195s] running install_data
[5.199s] running install_egg_info
[5.208s] removing '/root/glad_ws/install/myimu/lib/python3.10/site-packages/myimu-0.0.0-py3.10.egg-info' (and everything under it)
[5.215s] Copying ../../build/myimu/myimu.egg-info to /root/glad_ws/install/myimu/lib/python3.10/site-packages/myimu-0.0.0-py3.10.egg-info
[5.218s] running install_scripts
[5.362s] Installing imuodom script to /root/glad_ws/install/myimu/lib/myimu
[5.364s] Installing imupub script to /root/glad_ws/install/myimu/lib/myimu
[5.375s] writing list of installed files to '/root/glad_ws/build/myimu/install.log'
[5.497s] Invoked command in '/root/glad_ws/src/myimu' returned '0': PYTHONPATH=/root/glad_ws/build/myimu/prefix_override:/usr/lib/python3/dist-packages/colcon_core/task/python/colcon_distutils_commands:/root/glad_ws/install/myimu/lib/python3.10/site-packages:${PYTHONPATH} /usr/bin/python3 -W ignore:setup.py install is deprecated -W ignore:easy_install command is deprecated setup.py egg_info --egg-base ../../build/myimu build --build-base /root/glad_ws/build/myimu/build install --record /root/glad_ws/build/myimu/install.log --single-version-externally-managed install_data
