[0.558s] DEBUG:colcon:Command line arguments: ['/usr/bin/colcon', 'build', '--packages-select', 'bringup']
[0.559s] DEBUG:colcon:Parsed command line arguments: Namespace(log_base=None, log_level=None, verb_name='build', build_base='build', install_base='install', merge_install=False, symlink_install=False, test_result_base=None, continue_on_error=False, executor='parallel', parallel_workers=4, event_handlers=None, ignore_user_meta=False, metas=['./colcon.meta'], base_paths=['.'], packages_ignore=None, packages_ignore_regex=None, paths=None, packages_up_to=None, packages_up_to_regex=None, packages_above=None, packages_above_and_dependencies=None, packages_above_depth=None, packages_select_by_dep=None, packages_skip_by_dep=None, packages_skip_up_to=None, packages_select_build_failed=False, packages_skip_build_finished=False, packages_select_test_failures=False, packages_skip_test_passed=False, packages_select=['bringup'], packages_skip=None, packages_select_regex=None, packages_skip_regex=None, packages_start=None, packages_end=None, allow_overriding=[], cmake_args=None, cmake_target=None, cmake_target_skip_unavailable=False, cmake_clean_cache=False, cmake_clean_first=False, cmake_force_configure=False, ament_cmake_args=None, catkin_cmake_args=None, catkin_skip_building_tests=False, mixin_files=None, mixin=None, verb_parser=<colcon_mixin.mixin.mixin_argument.MixinArgumentDecorator object at 0x7fb5ac8280>, verb_extension=<colcon_core.verb.build.BuildVerb object at 0x7fb5c58fa0>, main=<bound method BuildVerb.main of <colcon_core.verb.build.BuildVerb object at 0x7fb5c58fa0>>, mixin_verb=('build',))
[1.360s] Level 1:colcon.colcon_core.package_discovery:discover_packages(colcon_meta) check parameters
[1.360s] Level 1:colcon.colcon_core.package_discovery:discover_packages(recursive) check parameters
[1.360s] Level 1:colcon.colcon_core.package_discovery:discover_packages(ignore) check parameters
[1.360s] Level 1:colcon.colcon_core.package_discovery:discover_packages(path) check parameters
[1.361s] Level 1:colcon.colcon_core.package_discovery:discover_packages(colcon_meta) discover
[1.361s] Level 1:colcon.colcon_core.package_discovery:discover_packages(recursive) discover
[1.361s] INFO:colcon.colcon_core.package_discovery:Crawling recursively for packages in '/root/glad_ws'
[1.361s] Level 1:colcon.colcon_core.package_identification:_identify(.) by extensions ['ignore', 'ignore_ament_install']
[1.362s] Level 1:colcon.colcon_core.package_identification:_identify(.) by extension 'ignore'
[1.362s] Level 1:colcon.colcon_core.package_identification:_identify(.) by extension 'ignore_ament_install'
[1.362s] Level 1:colcon.colcon_core.package_identification:_identify(.) by extensions ['colcon_pkg']
[1.362s] Level 1:colcon.colcon_core.package_identification:_identify(.) by extension 'colcon_pkg'
[1.362s] Level 1:colcon.colcon_core.package_identification:_identify(.) by extensions ['colcon_meta']
[1.363s] Level 1:colcon.colcon_core.package_identification:_identify(.) by extension 'colcon_meta'
[1.363s] Level 1:colcon.colcon_core.package_identification:_identify(.) by extensions ['ros']
[1.363s] Level 1:colcon.colcon_core.package_identification:_identify(.) by extension 'ros'
[1.427s] Level 1:colcon.colcon_core.package_identification:_identify(.) by extensions ['cmake', 'python']
[1.427s] Level 1:colcon.colcon_core.package_identification:_identify(.) by extension 'cmake'
[1.427s] Level 1:colcon.colcon_core.package_identification:_identify(.) by extension 'python'
[1.428s] Level 1:colcon.colcon_core.package_identification:_identify(.) by extensions ['python_setup_py']
[1.428s] Level 1:colcon.colcon_core.package_identification:_identify(.) by extension 'python_setup_py'
[1.428s] Level 1:colcon.colcon_core.package_identification:_identify(build) by extensions ['ignore', 'ignore_ament_install']
[1.428s] Level 1:colcon.colcon_core.package_identification:_identify(build) by extension 'ignore'
[1.429s] Level 1:colcon.colcon_core.package_identification:_identify(build) ignored
[1.429s] Level 1:colcon.colcon_core.package_identification:_identify(install) by extensions ['ignore', 'ignore_ament_install']
[1.429s] Level 1:colcon.colcon_core.package_identification:_identify(install) by extension 'ignore'
[1.430s] Level 1:colcon.colcon_core.package_identification:_identify(install) ignored
[1.430s] Level 1:colcon.colcon_core.package_identification:_identify(log) by extensions ['ignore', 'ignore_ament_install']
[1.431s] Level 1:colcon.colcon_core.package_identification:_identify(log) by extension 'ignore'
[1.431s] Level 1:colcon.colcon_core.package_identification:_identify(log) ignored
[1.431s] Level 1:colcon.colcon_core.package_identification:_identify(src) by extensions ['ignore', 'ignore_ament_install']
[1.432s] Level 1:colcon.colcon_core.package_identification:_identify(src) by extension 'ignore'
[1.432s] Level 1:colcon.colcon_core.package_identification:_identify(src) by extension 'ignore_ament_install'
[1.432s] Level 1:colcon.colcon_core.package_identification:_identify(src) by extensions ['colcon_pkg']
[1.432s] Level 1:colcon.colcon_core.package_identification:_identify(src) by extension 'colcon_pkg'
[1.432s] Level 1:colcon.colcon_core.package_identification:_identify(src) by extensions ['colcon_meta']
[1.433s] Level 1:colcon.colcon_core.package_identification:_identify(src) by extension 'colcon_meta'
[1.433s] Level 1:colcon.colcon_core.package_identification:_identify(src) by extensions ['ros']
[1.433s] Level 1:colcon.colcon_core.package_identification:_identify(src) by extension 'ros'
[1.433s] Level 1:colcon.colcon_core.package_identification:_identify(src) by extensions ['cmake', 'python']
[1.433s] Level 1:colcon.colcon_core.package_identification:_identify(src) by extension 'cmake'
[1.433s] Level 1:colcon.colcon_core.package_identification:_identify(src) by extension 'python'
[1.434s] Level 1:colcon.colcon_core.package_identification:_identify(src) by extensions ['python_setup_py']
[1.434s] Level 1:colcon.colcon_core.package_identification:_identify(src) by extension 'python_setup_py'
[1.434s] Level 1:colcon.colcon_core.package_identification:_identify(src/bringup) by extensions ['ignore', 'ignore_ament_install']
[1.434s] Level 1:colcon.colcon_core.package_identification:_identify(src/bringup) by extension 'ignore'
[1.435s] Level 1:colcon.colcon_core.package_identification:_identify(src/bringup) by extension 'ignore_ament_install'
[1.435s] Level 1:colcon.colcon_core.package_identification:_identify(src/bringup) by extensions ['colcon_pkg']
[1.435s] Level 1:colcon.colcon_core.package_identification:_identify(src/bringup) by extension 'colcon_pkg'
[1.435s] Level 1:colcon.colcon_core.package_identification:_identify(src/bringup) by extensions ['colcon_meta']
[1.435s] Level 1:colcon.colcon_core.package_identification:_identify(src/bringup) by extension 'colcon_meta'
[1.436s] Level 1:colcon.colcon_core.package_identification:_identify(src/bringup) by extensions ['ros']
[1.436s] Level 1:colcon.colcon_core.package_identification:_identify(src/bringup) by extension 'ros'
[1.447s] DEBUG:colcon.colcon_core.package_identification:Package 'src/bringup' with type 'ros.ament_cmake' and name 'bringup'
[1.448s] Level 1:colcon.colcon_core.package_identification:_identify(src/glad_motor_controller) by extensions ['ignore', 'ignore_ament_install']
[1.448s] Level 1:colcon.colcon_core.package_identification:_identify(src/glad_motor_controller) by extension 'ignore'
[1.448s] Level 1:colcon.colcon_core.package_identification:_identify(src/glad_motor_controller) by extension 'ignore_ament_install'
[1.449s] Level 1:colcon.colcon_core.package_identification:_identify(src/glad_motor_controller) by extensions ['colcon_pkg']
[1.449s] Level 1:colcon.colcon_core.package_identification:_identify(src/glad_motor_controller) by extension 'colcon_pkg'
[1.449s] Level 1:colcon.colcon_core.package_identification:_identify(src/glad_motor_controller) by extensions ['colcon_meta']
[1.449s] Level 1:colcon.colcon_core.package_identification:_identify(src/glad_motor_controller) by extension 'colcon_meta'
[1.449s] Level 1:colcon.colcon_core.package_identification:_identify(src/glad_motor_controller) by extensions ['ros']
[1.449s] Level 1:colcon.colcon_core.package_identification:_identify(src/glad_motor_controller) by extension 'ros'
[1.454s] DEBUG:colcon.colcon_core.package_identification:Package 'src/glad_motor_controller' with type 'ros.ament_python' and name 'glad_motor_controller'
[1.454s] Level 1:colcon.colcon_core.package_identification:_identify(src/glad_voice) by extensions ['ignore', 'ignore_ament_install']
[1.455s] Level 1:colcon.colcon_core.package_identification:_identify(src/glad_voice) by extension 'ignore'
[1.455s] Level 1:colcon.colcon_core.package_identification:_identify(src/glad_voice) by extension 'ignore_ament_install'
[1.455s] Level 1:colcon.colcon_core.package_identification:_identify(src/glad_voice) by extensions ['colcon_pkg']
[1.455s] Level 1:colcon.colcon_core.package_identification:_identify(src/glad_voice) by extension 'colcon_pkg'
[1.455s] Level 1:colcon.colcon_core.package_identification:_identify(src/glad_voice) by extensions ['colcon_meta']
[1.456s] Level 1:colcon.colcon_core.package_identification:_identify(src/glad_voice) by extension 'colcon_meta'
[1.456s] Level 1:colcon.colcon_core.package_identification:_identify(src/glad_voice) by extensions ['ros']
[1.456s] Level 1:colcon.colcon_core.package_identification:_identify(src/glad_voice) by extension 'ros'
[1.460s] DEBUG:colcon.colcon_core.package_identification:Package 'src/glad_voice' with type 'ros.ament_python' and name 'glad_voice'
[1.460s] Level 1:colcon.colcon_core.package_identification:_identify(src/myimu) by extensions ['ignore', 'ignore_ament_install']
[1.461s] Level 1:colcon.colcon_core.package_identification:_identify(src/myimu) by extension 'ignore'
[1.461s] Level 1:colcon.colcon_core.package_identification:_identify(src/myimu) by extension 'ignore_ament_install'
[1.461s] Level 1:colcon.colcon_core.package_identification:_identify(src/myimu) by extensions ['colcon_pkg']
[1.462s] Level 1:colcon.colcon_core.package_identification:_identify(src/myimu) by extension 'colcon_pkg'
[1.462s] Level 1:colcon.colcon_core.package_identification:_identify(src/myimu) by extensions ['colcon_meta']
[1.462s] Level 1:colcon.colcon_core.package_identification:_identify(src/myimu) by extension 'colcon_meta'
[1.463s] Level 1:colcon.colcon_core.package_identification:_identify(src/myimu) by extensions ['ros']
[1.463s] Level 1:colcon.colcon_core.package_identification:_identify(src/myimu) by extension 'ros'
[1.466s] DEBUG:colcon.colcon_core.package_identification:Package 'src/myimu' with type 'ros.ament_python' and name 'myimu'
[1.467s] Level 1:colcon.colcon_core.package_identification:_identify(src/rf2o_laser_odometry) by extensions ['ignore', 'ignore_ament_install']
[1.467s] Level 1:colcon.colcon_core.package_identification:_identify(src/rf2o_laser_odometry) by extension 'ignore'
[1.468s] Level 1:colcon.colcon_core.package_identification:_identify(src/rf2o_laser_odometry) by extension 'ignore_ament_install'
[1.468s] Level 1:colcon.colcon_core.package_identification:_identify(src/rf2o_laser_odometry) by extensions ['colcon_pkg']
[1.468s] Level 1:colcon.colcon_core.package_identification:_identify(src/rf2o_laser_odometry) by extension 'colcon_pkg'
[1.469s] Level 1:colcon.colcon_core.package_identification:_identify(src/rf2o_laser_odometry) by extensions ['colcon_meta']
[1.469s] Level 1:colcon.colcon_core.package_identification:_identify(src/rf2o_laser_odometry) by extension 'colcon_meta'
[1.469s] Level 1:colcon.colcon_core.package_identification:_identify(src/rf2o_laser_odometry) by extensions ['ros']
[1.469s] Level 1:colcon.colcon_core.package_identification:_identify(src/rf2o_laser_odometry) by extension 'ros'
[1.473s] DEBUG:colcon.colcon_core.package_identification:Package 'src/rf2o_laser_odometry' with type 'ros.ament_cmake' and name 'rf2o_laser_odometry'
[1.474s] Level 1:colcon.colcon_core.package_identification:_identify(src/rplidar_ros) by extensions ['ignore', 'ignore_ament_install']
[1.474s] Level 1:colcon.colcon_core.package_identification:_identify(src/rplidar_ros) by extension 'ignore'
[1.475s] Level 1:colcon.colcon_core.package_identification:_identify(src/rplidar_ros) by extension 'ignore_ament_install'
[1.475s] Level 1:colcon.colcon_core.package_identification:_identify(src/rplidar_ros) by extensions ['colcon_pkg']
[1.475s] Level 1:colcon.colcon_core.package_identification:_identify(src/rplidar_ros) by extension 'colcon_pkg'
[1.475s] Level 1:colcon.colcon_core.package_identification:_identify(src/rplidar_ros) by extensions ['colcon_meta']
[1.475s] Level 1:colcon.colcon_core.package_identification:_identify(src/rplidar_ros) by extension 'colcon_meta'
[1.476s] Level 1:colcon.colcon_core.package_identification:_identify(src/rplidar_ros) by extensions ['ros']
[1.476s] Level 1:colcon.colcon_core.package_identification:_identify(src/rplidar_ros) by extension 'ros'
[1.479s] DEBUG:colcon.colcon_core.package_identification:Package 'src/rplidar_ros' with type 'ros.ament_cmake' and name 'rplidar_ros'
[1.479s] Level 1:colcon.colcon_core.package_discovery:discover_packages(recursive) using defaults
[1.479s] Level 1:colcon.colcon_core.package_discovery:discover_packages(ignore) discover
[1.479s] Level 1:colcon.colcon_core.package_discovery:discover_packages(ignore) using defaults
[1.479s] Level 1:colcon.colcon_core.package_discovery:discover_packages(path) discover
[1.479s] Level 1:colcon.colcon_core.package_discovery:discover_packages(path) using defaults
[1.597s] INFO:colcon.colcon_core.package_selection:Skipping not selected package 'glad_motor_controller' in 'src/glad_motor_controller'
[1.598s] INFO:colcon.colcon_core.package_selection:Skipping not selected package 'glad_voice' in 'src/glad_voice'
[1.598s] INFO:colcon.colcon_core.package_selection:Skipping not selected package 'myimu' in 'src/myimu'
[1.598s] INFO:colcon.colcon_core.package_selection:Skipping not selected package 'rf2o_laser_odometry' in 'src/rf2o_laser_odometry'
[1.598s] INFO:colcon.colcon_core.package_selection:Skipping not selected package 'rplidar_ros' in 'src/rplidar_ros'
[1.600s] Level 1:colcon.colcon_core.package_discovery:discover_packages(prefix_path) check parameters
[1.601s] Level 1:colcon.colcon_core.package_discovery:discover_packages(prefix_path) discover
[1.613s] DEBUG:colcon.colcon_installed_package_information.package_discovery:Found 6 installed packages in /root/glad_ws/install
[1.618s] DEBUG:colcon.colcon_installed_package_information.package_discovery:Found 246 installed packages in /opt/ros/humble
[1.627s] Level 1:colcon.colcon_core.package_discovery:discover_packages(prefix_path) using defaults
[1.814s] Level 5:colcon.colcon_core.verb:set package 'bringup' build argument 'cmake_args' from command line to 'None'
[1.814s] Level 5:colcon.colcon_core.verb:set package 'bringup' build argument 'cmake_target' from command line to 'None'
[1.814s] Level 5:colcon.colcon_core.verb:set package 'bringup' build argument 'cmake_target_skip_unavailable' from command line to 'False'
[1.814s] Level 5:colcon.colcon_core.verb:set package 'bringup' build argument 'cmake_clean_cache' from command line to 'False'
[1.815s] Level 5:colcon.colcon_core.verb:set package 'bringup' build argument 'cmake_clean_first' from command line to 'False'
[1.815s] Level 5:colcon.colcon_core.verb:set package 'bringup' build argument 'cmake_force_configure' from command line to 'False'
[1.815s] Level 5:colcon.colcon_core.verb:set package 'bringup' build argument 'ament_cmake_args' from command line to 'None'
[1.815s] Level 5:colcon.colcon_core.verb:set package 'bringup' build argument 'catkin_cmake_args' from command line to 'None'
[1.815s] Level 5:colcon.colcon_core.verb:set package 'bringup' build argument 'catkin_skip_building_tests' from command line to 'False'
[1.815s] DEBUG:colcon.colcon_core.verb:Building package 'bringup' with the following arguments: {'ament_cmake_args': None, 'build_base': '/root/glad_ws/build/bringup', 'catkin_cmake_args': None, 'catkin_skip_building_tests': False, 'cmake_args': None, 'cmake_clean_cache': False, 'cmake_clean_first': False, 'cmake_force_configure': False, 'cmake_target': None, 'cmake_target_skip_unavailable': False, 'install_base': '/root/glad_ws/install/bringup', 'merge_install': False, 'path': '/root/glad_ws/src/bringup', 'symlink_install': False, 'test_result_base': None}
[1.816s] INFO:colcon.colcon_core.executor:Executing jobs using 'parallel' executor
[1.819s] DEBUG:colcon.colcon_parallel_executor.executor.parallel:run_until_complete
[1.819s] INFO:colcon.colcon_ros.task.ament_cmake.build:Building ROS package in '/root/glad_ws/src/bringup' with build type 'ament_cmake'
[1.820s] INFO:colcon.colcon_cmake.task.cmake.build:Building CMake package in '/root/glad_ws/src/bringup'
[1.838s] INFO:colcon.colcon_core.plugin_system:Skipping extension 'colcon_core.shell.bat': Not used on non-Windows systems
[1.838s] INFO:colcon.colcon_core.shell:Skip shell extension 'powershell' for command environment: Not usable outside of PowerShell
[1.839s] DEBUG:colcon.colcon_core.shell:Skip shell extension 'dsv' for command environment
[1.872s] DEBUG:colcon.colcon_core.event_handler.log_command:Invoking command in '/root/glad_ws/build/bringup': CMAKE_PREFIX_PATH=${CMAKE_PREFIX_PATH}:/root/glad_ws/install/myimu:/root/glad_ws/install/glad_voice:/root/glad_ws/install/glad_motor_controller:/opt/ros/humble /usr/bin/cmake --build /root/glad_ws/build/bringup -- -j4 -l4
[2.375s] DEBUG:colcon.colcon_core.event_handler.log_command:Invoked command in '/root/glad_ws/build/bringup' returned '0': CMAKE_PREFIX_PATH=${CMAKE_PREFIX_PATH}:/root/glad_ws/install/myimu:/root/glad_ws/install/glad_voice:/root/glad_ws/install/glad_motor_controller:/opt/ros/humble /usr/bin/cmake --build /root/glad_ws/build/bringup -- -j4 -l4
[2.401s] DEBUG:colcon.colcon_core.event_handler.log_command:Invoking command in '/root/glad_ws/build/bringup': CMAKE_PREFIX_PATH=${CMAKE_PREFIX_PATH}:/root/glad_ws/install/myimu:/root/glad_ws/install/glad_voice:/root/glad_ws/install/glad_motor_controller:/opt/ros/humble /usr/bin/cmake --install /root/glad_ws/build/bringup
[2.441s] Level 1:colcon.colcon_core.environment:create_environment_scripts_only(bringup)
[2.442s] DEBUG:colcon.colcon_core.event_handler.log_command:Invoked command in '/root/glad_ws/build/bringup' returned '0': CMAKE_PREFIX_PATH=${CMAKE_PREFIX_PATH}:/root/glad_ws/install/myimu:/root/glad_ws/install/glad_voice:/root/glad_ws/install/glad_motor_controller:/opt/ros/humble /usr/bin/cmake --install /root/glad_ws/build/bringup
[2.463s] Level 1:colcon.colcon_core.environment:checking '/root/glad_ws/install/bringup' for CMake module files
[2.465s] Level 1:colcon.colcon_core.environment:checking '/root/glad_ws/install/bringup' for CMake config files
[2.465s] Level 1:colcon.colcon_core.shell:create_environment_hook('bringup', 'cmake_prefix_path')
[2.467s] INFO:colcon.colcon_core.shell:Creating environment hook '/root/glad_ws/install/bringup/share/bringup/hook/cmake_prefix_path.ps1'
[2.471s] INFO:colcon.colcon_core.shell:Creating environment descriptor '/root/glad_ws/install/bringup/share/bringup/hook/cmake_prefix_path.dsv'
[2.474s] INFO:colcon.colcon_core.shell:Creating environment hook '/root/glad_ws/install/bringup/share/bringup/hook/cmake_prefix_path.sh'
[2.480s] Level 1:colcon.colcon_core.environment:checking '/root/glad_ws/install/bringup/bin'
[2.481s] Level 1:colcon.colcon_core.environment:checking '/root/glad_ws/install/bringup/lib/pkgconfig/bringup.pc'
[2.481s] Level 1:colcon.colcon_core.environment:checking '/root/glad_ws/install/bringup/lib/python3.10/site-packages'
[2.483s] Level 1:colcon.colcon_core.environment:checking '/root/glad_ws/install/bringup/bin'
[2.485s] INFO:colcon.colcon_core.shell:Creating package script '/root/glad_ws/install/bringup/share/bringup/package.ps1'
[2.490s] INFO:colcon.colcon_core.shell:Creating package descriptor '/root/glad_ws/install/bringup/share/bringup/package.dsv'
[2.493s] INFO:colcon.colcon_core.shell:Creating package script '/root/glad_ws/install/bringup/share/bringup/package.sh'
[2.496s] INFO:colcon.colcon_core.shell:Creating package script '/root/glad_ws/install/bringup/share/bringup/package.bash'
[2.500s] INFO:colcon.colcon_core.shell:Creating package script '/root/glad_ws/install/bringup/share/bringup/package.zsh'
[2.504s] Level 1:colcon.colcon_core.environment:create_file_with_runtime_dependencies(/root/glad_ws/install/bringup/share/colcon-core/packages/bringup)
[2.507s] Level 1:colcon.colcon_core.environment:create_environment_scripts_only(bringup)
[2.508s] Level 1:colcon.colcon_core.environment:checking '/root/glad_ws/install/bringup' for CMake module files
[2.509s] Level 1:colcon.colcon_core.environment:checking '/root/glad_ws/install/bringup' for CMake config files
[2.510s] Level 1:colcon.colcon_core.shell:create_environment_hook('bringup', 'cmake_prefix_path')
[2.511s] INFO:colcon.colcon_core.shell:Creating environment hook '/root/glad_ws/install/bringup/share/bringup/hook/cmake_prefix_path.ps1'
[2.513s] INFO:colcon.colcon_core.shell:Creating environment descriptor '/root/glad_ws/install/bringup/share/bringup/hook/cmake_prefix_path.dsv'
[2.515s] INFO:colcon.colcon_core.shell:Creating environment hook '/root/glad_ws/install/bringup/share/bringup/hook/cmake_prefix_path.sh'
[2.517s] Level 1:colcon.colcon_core.environment:checking '/root/glad_ws/install/bringup/bin'
[2.518s] Level 1:colcon.colcon_core.environment:checking '/root/glad_ws/install/bringup/lib/pkgconfig/bringup.pc'
[2.519s] Level 1:colcon.colcon_core.environment:checking '/root/glad_ws/install/bringup/lib/python3.10/site-packages'
[2.520s] Level 1:colcon.colcon_core.environment:checking '/root/glad_ws/install/bringup/bin'
[2.521s] INFO:colcon.colcon_core.shell:Creating package script '/root/glad_ws/install/bringup/share/bringup/package.ps1'
[2.524s] INFO:colcon.colcon_core.shell:Creating package descriptor '/root/glad_ws/install/bringup/share/bringup/package.dsv'
[2.526s] INFO:colcon.colcon_core.shell:Creating package script '/root/glad_ws/install/bringup/share/bringup/package.sh'
[2.528s] INFO:colcon.colcon_core.shell:Creating package script '/root/glad_ws/install/bringup/share/bringup/package.bash'
[2.530s] INFO:colcon.colcon_core.shell:Creating package script '/root/glad_ws/install/bringup/share/bringup/package.zsh'
[2.533s] Level 1:colcon.colcon_core.environment:create_file_with_runtime_dependencies(/root/glad_ws/install/bringup/share/colcon-core/packages/bringup)
[2.534s] DEBUG:colcon.colcon_parallel_executor.executor.parallel:closing loop
[2.535s] DEBUG:colcon.colcon_parallel_executor.executor.parallel:loop closed
[2.535s] DEBUG:colcon.colcon_parallel_executor.executor.parallel:run_until_complete finished with '0'
[2.536s] DEBUG:colcon.colcon_core.event_reactor:joining thread
[2.579s] INFO:colcon.colcon_core.plugin_system:Skipping extension 'colcon_notification.desktop_notification.notify_send': Could not find 'notify-send'
[2.579s] INFO:colcon.colcon_core.plugin_system:Skipping extension 'colcon_notification.desktop_notification.terminal_notifier': Not used on non-Darwin systems
[2.580s] INFO:colcon.colcon_core.plugin_system:Skipping extension 'colcon_notification.desktop_notification.win32': Not used on non-Windows systems
[2.580s] INFO:colcon.colcon_notification.desktop_notification:Sending desktop notification using 'notify2'
[2.590s] DEBUG:colcon.colcon_notification.desktop_notification.notify2:Failed to initialize notify2: org.freedesktop.DBus.Error.Spawn.ExecFailed: /usr/bin/dbus-launch terminated abnormally without any error message
[2.591s] DEBUG:colcon.colcon_core.event_reactor:joined thread
[2.592s] INFO:colcon.colcon_core.shell:Creating prefix script '/root/glad_ws/install/local_setup.ps1'
[2.596s] INFO:colcon.colcon_core.shell:Creating prefix util module '/root/glad_ws/install/_local_setup_util_ps1.py'
[2.602s] INFO:colcon.colcon_core.shell:Creating prefix chain script '/root/glad_ws/install/setup.ps1'
[2.608s] INFO:colcon.colcon_core.shell:Creating prefix script '/root/glad_ws/install/local_setup.sh'
[2.611s] INFO:colcon.colcon_core.shell:Creating prefix util module '/root/glad_ws/install/_local_setup_util_sh.py'
[2.614s] INFO:colcon.colcon_core.shell:Creating prefix chain script '/root/glad_ws/install/setup.sh'
[2.619s] INFO:colcon.colcon_core.shell:Creating prefix script '/root/glad_ws/install/local_setup.bash'
[2.622s] INFO:colcon.colcon_core.shell:Creating prefix chain script '/root/glad_ws/install/setup.bash'
[2.626s] INFO:colcon.colcon_core.shell:Creating prefix script '/root/glad_ws/install/local_setup.zsh'
[2.629s] INFO:colcon.colcon_core.shell:Creating prefix chain script '/root/glad_ws/install/setup.zsh'
