[0.152s] Invoking command in '/root/glad_ws/build/bringup': CMAKE_PREFIX_PATH=/opt/ros/humble /usr/bin/cmake --build /root/glad_ws/build/bringup -- -j4 -l4
[2.894s] Invoked command in '/root/glad_ws/build/bringup' returned '0': CMAKE_PREFIX_PATH=/opt/ros/humble /usr/bin/cmake --build /root/glad_ws/build/bringup -- -j4 -l4
[2.922s] Invoking command in '/root/glad_ws/build/bringup': CMAKE_PREFIX_PATH=/opt/ros/humble /usr/bin/cmake --install /root/glad_ws/build/bringup
[2.957s] -- Install configuration: ""
[2.962s] -- Up-to-date: /root/glad_ws/install/bringup/share/bringup/launch
[2.963s] -- Installing: /root/glad_ws/install/bringup/share/bringup/launch/sensorbringup.launch.py
[2.964s] -- Up-to-date: /root/glad_ws/install/bringup/share/bringup/config
[2.964s] -- Up-to-date: /root/glad_ws/install/bringup/share/bringup/config/ekf_config.yaml
[2.965s] -- Up-to-date: /root/glad_ws/install/bringup/share/ament_index/resource_index/package_run_dependencies/bringup
[2.966s] -- Up-to-date: /root/glad_ws/install/bringup/share/ament_index/resource_index/parent_prefix_path/bringup
[2.967s] -- Up-to-date: /root/glad_ws/install/bringup/share/bringup/environment/ament_prefix_path.sh
[2.967s] -- Up-to-date: /root/glad_ws/install/bringup/share/bringup/environment/ament_prefix_path.dsv
[2.968s] -- Up-to-date: /root/glad_ws/install/bringup/share/bringup/environment/path.sh
[2.968s] -- Up-to-date: /root/glad_ws/install/bringup/share/bringup/environment/path.dsv
[2.969s] -- Up-to-date: /root/glad_ws/install/bringup/share/bringup/local_setup.bash
[2.969s] -- Up-to-date: /root/glad_ws/install/bringup/share/bringup/local_setup.sh
[2.971s] -- Up-to-date: /root/glad_ws/install/bringup/share/bringup/local_setup.zsh
[2.973s] -- Up-to-date: /root/glad_ws/install/bringup/share/bringup/local_setup.dsv
[2.974s] -- Installing: /root/glad_ws/install/bringup/share/bringup/package.dsv
[2.975s] -- Up-to-date: /root/glad_ws/install/bringup/share/ament_index/resource_index/packages/bringup
[2.975s] -- Up-to-date: /root/glad_ws/install/bringup/share/bringup/cmake/bringupConfig.cmake
[2.976s] -- Up-to-date: /root/glad_ws/install/bringup/share/bringup/cmake/bringupConfig-version.cmake
[2.977s] -- Up-to-date: /root/glad_ws/install/bringup/share/bringup/package.xml
[2.990s] Invoked command in '/root/glad_ws/build/bringup' returned '0': CMAKE_PREFIX_PATH=/opt/ros/humble /usr/bin/cmake --install /root/glad_ws/build/bringup
