[0.095s] Invoking command in '/root/glad_ws/build/bringup': CMAKE_PREFIX_PATH=${CMAKE_PREFIX_PATH}:/root/glad_ws/install/myimu:/root/glad_ws/install/glad_voice:/root/glad_ws/install/glad_motor_controller:/opt/ros/humble /usr/bin/cmake --build /root/glad_ws/build/bringup -- -j4 -l4
[2.793s] Invoked command in '/root/glad_ws/build/bringup' returned '0': CMAKE_PREFIX_PATH=${CMAKE_PREFIX_PATH}:/root/glad_ws/install/myimu:/root/glad_ws/install/glad_voice:/root/glad_ws/install/glad_motor_controller:/opt/ros/humble /usr/bin/cmake --build /root/glad_ws/build/bringup -- -j4 -l4
[2.822s] Invoking command in '/root/glad_ws/build/bringup': CMAKE_PREFIX_PATH=${CMAKE_PREFIX_PATH}:/root/glad_ws/install/myimu:/root/glad_ws/install/glad_voice:/root/glad_ws/install/glad_motor_controller:/opt/ros/humble /usr/bin/cmake --install /root/glad_ws/build/bringup
[2.851s] -- Install configuration: ""
[2.853s] -- Up-to-date: /root/glad_ws/install/bringup/share/bringup/launch
[2.854s] -- Up-to-date: /root/glad_ws/install/bringup/share/bringup/launch/sensorbringup.launch.py
[2.854s] -- Up-to-date: /root/glad_ws/install/bringup/share/bringup/config
[2.864s] -- Installing: /root/glad_ws/install/bringup/share/bringup/config/ekf_config.yaml
[2.865s] -- Up-to-date: /root/glad_ws/install/bringup/share/ament_index/resource_index/package_run_dependencies/bringup
[2.866s] -- Up-to-date: /root/glad_ws/install/bringup/share/ament_index/resource_index/parent_prefix_path/bringup
[2.867s] -- Up-to-date: /root/glad_ws/install/bringup/share/bringup/environment/ament_prefix_path.sh
[2.869s] -- Up-to-date: /root/glad_ws/install/bringup/share/bringup/environment/ament_prefix_path.dsv
[2.872s] -- Up-to-date: /root/glad_ws/install/bringup/share/bringup/environment/path.sh
[2.877s] -- Up-to-date: /root/glad_ws/install/bringup/share/bringup/environment/path.dsv
[2.877s] -- Up-to-date: /root/glad_ws/install/bringup/share/bringup/local_setup.bash
[2.878s] -- Up-to-date: /root/glad_ws/install/bringup/share/bringup/local_setup.sh
[2.879s] -- Up-to-date: /root/glad_ws/install/bringup/share/bringup/local_setup.zsh
[2.886s] -- Up-to-date: /root/glad_ws/install/bringup/share/bringup/local_setup.dsv
[2.890s] -- Installing: /root/glad_ws/install/bringup/share/bringup/package.dsv
[2.891s] -- Up-to-date: /root/glad_ws/install/bringup/share/ament_index/resource_index/packages/bringup
[2.892s] -- Up-to-date: /root/glad_ws/install/bringup/share/bringup/cmake/bringupConfig.cmake
[2.892s] -- Up-to-date: /root/glad_ws/install/bringup/share/bringup/cmake/bringupConfig-version.cmake
[2.897s] -- Up-to-date: /root/glad_ws/install/bringup/share/bringup/package.xml
[2.901s] Invoked command in '/root/glad_ws/build/bringup' returned '0': CMAKE_PREFIX_PATH=${CMAKE_PREFIX_PATH}:/root/glad_ws/install/myimu:/root/glad_ws/install/glad_voice:/root/glad_ws/install/glad_motor_controller:/opt/ros/humble /usr/bin/cmake --install /root/glad_ws/build/bringup
