[2.404s] Invoking command in '/root/glad_ws/src/glad_voice': PYTHONPATH=/root/glad_ws/build/glad_voice/prefix_override:/usr/lib/python3/dist-packages/colcon_core/task/python/colcon_distutils_commands:/root/glad_ws/install/glad_voice/lib/python3.10/site-packages:${PYTHONPATH} /usr/bin/python3 -W ignore:setup.py install is deprecated -W ignore:easy_install command is deprecated setup.py egg_info --egg-base ../../build/glad_voice build --build-base /root/glad_ws/build/glad_voice/build install --record /root/glad_ws/build/glad_voice/install.log --single-version-externally-managed install_data
[3.397s] running egg_info
[3.400s] writing ../../build/glad_voice/glad_voice.egg-info/PKG-INFO
[3.401s] writing dependency_links to ../../build/glad_voice/glad_voice.egg-info/dependency_links.txt
[3.403s] writing entry points to ../../build/glad_voice/glad_voice.egg-info/entry_points.txt
[3.403s] writing requirements to ../../build/glad_voice/glad_voice.egg-info/requires.txt
[3.404s] writing top-level names to ../../build/glad_voice/glad_voice.egg-info/top_level.txt
[3.412s] reading manifest file '../../build/glad_voice/glad_voice.egg-info/SOURCES.txt'
[3.415s] writing manifest file '../../build/glad_voice/glad_voice.egg-info/SOURCES.txt'
[3.416s] running build
[3.417s] running build_py
[3.417s] running install
[3.419s] running install_lib
[3.423s] running install_data
[3.424s] running install_egg_info
[3.430s] removing '/root/glad_ws/install/glad_voice/lib/python3.10/site-packages/glad_voice-0.0.0-py3.10.egg-info' (and everything under it)
[3.434s] Copying ../../build/glad_voice/glad_voice.egg-info to /root/glad_ws/install/glad_voice/lib/python3.10/site-packages/glad_voice-0.0.0-py3.10.egg-info
[3.440s] running install_scripts
[3.519s] Installing voice_assistant script to /root/glad_ws/install/glad_voice/lib/glad_voice
[3.522s] writing list of installed files to '/root/glad_ws/build/glad_voice/install.log'
[3.648s] Invoked command in '/root/glad_ws/src/glad_voice' returned '0': PYTHONPATH=/root/glad_ws/build/glad_voice/prefix_override:/usr/lib/python3/dist-packages/colcon_core/task/python/colcon_distutils_commands:/root/glad_ws/install/glad_voice/lib/python3.10/site-packages:${PYTHONPATH} /usr/bin/python3 -W ignore:setup.py install is deprecated -W ignore:easy_install command is deprecated setup.py egg_info --egg-base ../../build/glad_voice build --build-base /root/glad_ws/build/glad_voice/build install --record /root/glad_ws/build/glad_voice/install.log --single-version-externally-managed install_data
