[3.807s] Invoking command in '/root/glad_ws/src/glad_motor_controller': PYTHONPATH=/root/glad_ws/build/glad_motor_controller/prefix_override:/usr/lib/python3/dist-packages/colcon_core/task/python/colcon_distutils_commands:/root/glad_ws/install/glad_motor_controller/lib/python3.10/site-packages:${PYTHONPATH} /usr/bin/python3 -W ignore:setup.py install is deprecated -W ignore:easy_install command is deprecated setup.py egg_info --egg-base ../../build/glad_motor_controller build --build-base /root/glad_ws/build/glad_motor_controller/build install --record /root/glad_ws/build/glad_motor_controller/install.log --single-version-externally-managed install_data
[4.678s] running egg_info
[4.683s] writing ../../build/glad_motor_controller/glad_motor_controller.egg-info/PKG-INFO
[4.686s] writing dependency_links to ../../build/glad_motor_controller/glad_motor_controller.egg-info/dependency_links.txt
[4.686s] writing entry points to ../../build/glad_motor_controller/glad_motor_controller.egg-info/entry_points.txt
[4.687s] writing requirements to ../../build/glad_motor_controller/glad_motor_controller.egg-info/requires.txt
[4.688s] writing top-level names to ../../build/glad_motor_controller/glad_motor_controller.egg-info/top_level.txt
[4.693s] reading manifest file '../../build/glad_motor_controller/glad_motor_controller.egg-info/SOURCES.txt'
[4.699s] writing manifest file '../../build/glad_motor_controller/glad_motor_controller.egg-info/SOURCES.txt'
[4.701s] running build
[4.702s] running build_py
[4.704s] running install
[4.704s] running install_lib
[4.708s] running install_data
[4.710s] running install_egg_info
[4.715s] removing '/root/glad_ws/install/glad_motor_controller/lib/python3.10/site-packages/glad_motor_controller-0.0.0-py3.10.egg-info' (and everything under it)
[4.719s] Copying ../../build/glad_motor_controller/glad_motor_controller.egg-info to /root/glad_ws/install/glad_motor_controller/lib/python3.10/site-packages/glad_motor_controller-0.0.0-py3.10.egg-info
[4.729s] running install_scripts
[4.808s] Installing motor_driver script to /root/glad_ws/install/glad_motor_controller/lib/glad_motor_controller
[4.812s] writing list of installed files to '/root/glad_ws/build/glad_motor_controller/install.log'
[5.039s] Invoked command in '/root/glad_ws/src/glad_motor_controller' returned '0': PYTHONPATH=/root/glad_ws/build/glad_motor_controller/prefix_override:/usr/lib/python3/dist-packages/colcon_core/task/python/colcon_distutils_commands:/root/glad_ws/install/glad_motor_controller/lib/python3.10/site-packages:${PYTHONPATH} /usr/bin/python3 -W ignore:setup.py install is deprecated -W ignore:easy_install command is deprecated setup.py egg_info --egg-base ../../build/glad_motor_controller build --build-base /root/glad_ws/build/glad_motor_controller/build install --record /root/glad_ws/build/glad_motor_controller/install.log --single-version-externally-managed install_data
