[0.083s] Invoking command in '/root/glad_ws/build/bringup': CMAKE_PREFIX_PATH=${CMAKE_PREFIX_PATH}:/root/glad_ws/install/myimu:/opt/ros/humble /usr/bin/cmake --build /root/glad_ws/build/bringup -- -j4 -l4
[1.055s] Invoked command in '/root/glad_ws/build/bringup' returned '0': CMAKE_PREFIX_PATH=${CMAKE_PREFIX_PATH}:/root/glad_ws/install/myimu:/opt/ros/humble /usr/bin/cmake --build /root/glad_ws/build/bringup -- -j4 -l4
[1.099s] Invoking command in '/root/glad_ws/build/bringup': CMAKE_PREFIX_PATH=${CMAKE_PREFIX_PATH}:/root/glad_ws/install/myimu:/opt/ros/humble /usr/bin/cmake --install /root/glad_ws/build/bringup
[1.121s] -- Install configuration: ""
[1.124s] -- Up-to-date: /root/glad_ws/install/bringup/share/bringup/launch
[1.125s] -- Installing: /root/glad_ws/install/bringup/share/bringup/launch/sensorbringup.launch.py
[1.125s] -- Up-to-date: /root/glad_ws/install/bringup/share/ament_index/resource_index/package_run_dependencies/bringup
[1.126s] -- Up-to-date: /root/glad_ws/install/bringup/share/ament_index/resource_index/parent_prefix_path/bringup
[1.126s] -- Up-to-date: /root/glad_ws/install/bringup/share/bringup/environment/ament_prefix_path.sh
[1.127s] -- Up-to-date: /root/glad_ws/install/bringup/share/bringup/environment/ament_prefix_path.dsv
[1.127s] -- Up-to-date: /root/glad_ws/install/bringup/share/bringup/environment/path.sh
[1.129s] -- Up-to-date: /root/glad_ws/install/bringup/share/bringup/environment/path.dsv
[1.131s] -- Up-to-date: /root/glad_ws/install/bringup/share/bringup/local_setup.bash
[1.134s] -- Up-to-date: /root/glad_ws/install/bringup/share/bringup/local_setup.sh
[1.134s] -- Up-to-date: /root/glad_ws/install/bringup/share/bringup/local_setup.zsh
[1.135s] -- Up-to-date: /root/glad_ws/install/bringup/share/bringup/local_setup.dsv
[1.135s] -- Installing: /root/glad_ws/install/bringup/share/bringup/package.dsv
[1.141s] -- Up-to-date: /root/glad_ws/install/bringup/share/ament_index/resource_index/packages/bringup
[1.144s] -- Up-to-date: /root/glad_ws/install/bringup/share/bringup/cmake/bringupConfig.cmake
[1.144s] -- Up-to-date: /root/glad_ws/install/bringup/share/bringup/cmake/bringupConfig-version.cmake
[1.145s] -- Up-to-date: /root/glad_ws/install/bringup/share/bringup/package.xml
[1.145s] Invoked command in '/root/glad_ws/build/bringup' returned '0': CMAKE_PREFIX_PATH=${CMAKE_PREFIX_PATH}:/root/glad_ws/install/myimu:/opt/ros/humble /usr/bin/cmake --install /root/glad_ws/build/bringup
