[0.973s] DEBUG:colcon:Command line arguments: ['/usr/bin/colcon', 'build']
[0.974s] DEBUG:colcon:Parsed command line arguments: Namespace(log_base=None, log_level=None, verb_name='build', build_base='build', install_base='install', merge_install=False, symlink_install=False, test_result_base=None, continue_on_error=False, executor='parallel', parallel_workers=4, event_handlers=None, ignore_user_meta=False, metas=['./colcon.meta'], base_paths=['.'], packages_ignore=None, packages_ignore_regex=None, paths=None, packages_up_to=None, packages_up_to_regex=None, packages_above=None, packages_above_and_dependencies=None, packages_above_depth=None, packages_select_by_dep=None, packages_skip_by_dep=None, packages_skip_up_to=None, packages_select_build_failed=False, packages_skip_build_finished=False, packages_select_test_failures=False, packages_skip_test_passed=False, packages_select=None, packages_skip=None, packages_select_regex=None, packages_skip_regex=None, packages_start=None, packages_end=None, allow_overriding=[], cmake_args=None, cmake_target=None, cmake_target_skip_unavailable=False, cmake_clean_cache=False, cmake_clean_first=False, cmake_force_configure=False, ament_cmake_args=None, catkin_cmake_args=None, catkin_skip_building_tests=False, mixin_files=None, mixin=None, verb_parser=<colcon_mixin.mixin.mixin_argument.MixinArgumentDecorator object at 0x7fbdadb1c0>, verb_extension=<colcon_core.verb.build.BuildVerb object at 0x7fbdcd48b0>, main=<bound method BuildVerb.main of <colcon_core.verb.build.BuildVerb object at 0x7fbdcd48b0>>, mixin_verb=('build',))
[1.750s] Level 1:colcon.colcon_core.package_discovery:discover_packages(colcon_meta) check parameters
[1.751s] Level 1:colcon.colcon_core.package_discovery:discover_packages(recursive) check parameters
[1.751s] Level 1:colcon.colcon_core.package_discovery:discover_packages(ignore) check parameters
[1.752s] Level 1:colcon.colcon_core.package_discovery:discover_packages(path) check parameters
[1.752s] Level 1:colcon.colcon_core.package_discovery:discover_packages(colcon_meta) discover
[1.752s] Level 1:colcon.colcon_core.package_discovery:discover_packages(recursive) discover
[1.753s] INFO:colcon.colcon_core.package_discovery:Crawling recursively for packages in '/root/glad_ws'
[1.753s] Level 1:colcon.colcon_core.package_identification:_identify(.) by extensions ['ignore', 'ignore_ament_install']
[1.753s] Level 1:colcon.colcon_core.package_identification:_identify(.) by extension 'ignore'
[1.754s] Level 1:colcon.colcon_core.package_identification:_identify(.) by extension 'ignore_ament_install'
[1.754s] Level 1:colcon.colcon_core.package_identification:_identify(.) by extensions ['colcon_pkg']
[1.754s] Level 1:colcon.colcon_core.package_identification:_identify(.) by extension 'colcon_pkg'
[1.754s] Level 1:colcon.colcon_core.package_identification:_identify(.) by extensions ['colcon_meta']
[1.754s] Level 1:colcon.colcon_core.package_identification:_identify(.) by extension 'colcon_meta'
[1.754s] Level 1:colcon.colcon_core.package_identification:_identify(.) by extensions ['ros']
[1.754s] Level 1:colcon.colcon_core.package_identification:_identify(.) by extension 'ros'
[1.822s] Level 1:colcon.colcon_core.package_identification:_identify(.) by extensions ['cmake', 'python']
[1.823s] Level 1:colcon.colcon_core.package_identification:_identify(.) by extension 'cmake'
[1.823s] Level 1:colcon.colcon_core.package_identification:_identify(.) by extension 'python'
[1.824s] Level 1:colcon.colcon_core.package_identification:_identify(.) by extensions ['python_setup_py']
[1.824s] Level 1:colcon.colcon_core.package_identification:_identify(.) by extension 'python_setup_py'
[1.824s] Level 1:colcon.colcon_core.package_identification:_identify(build) by extensions ['ignore', 'ignore_ament_install']
[1.825s] Level 1:colcon.colcon_core.package_identification:_identify(build) by extension 'ignore'
[1.825s] Level 1:colcon.colcon_core.package_identification:_identify(build) ignored
[1.826s] Level 1:colcon.colcon_core.package_identification:_identify(install) by extensions ['ignore', 'ignore_ament_install']
[1.826s] Level 1:colcon.colcon_core.package_identification:_identify(install) by extension 'ignore'
[1.827s] Level 1:colcon.colcon_core.package_identification:_identify(install) ignored
[1.828s] Level 1:colcon.colcon_core.package_identification:_identify(log) by extensions ['ignore', 'ignore_ament_install']
[1.828s] Level 1:colcon.colcon_core.package_identification:_identify(log) by extension 'ignore'
[1.829s] Level 1:colcon.colcon_core.package_identification:_identify(log) ignored
[1.829s] Level 1:colcon.colcon_core.package_identification:_identify(src) by extensions ['ignore', 'ignore_ament_install']
[1.830s] Level 1:colcon.colcon_core.package_identification:_identify(src) by extension 'ignore'
[1.831s] Level 1:colcon.colcon_core.package_identification:_identify(src) by extension 'ignore_ament_install'
[1.832s] Level 1:colcon.colcon_core.package_identification:_identify(src) by extensions ['colcon_pkg']
[1.832s] Level 1:colcon.colcon_core.package_identification:_identify(src) by extension 'colcon_pkg'
[1.832s] Level 1:colcon.colcon_core.package_identification:_identify(src) by extensions ['colcon_meta']
[1.833s] Level 1:colcon.colcon_core.package_identification:_identify(src) by extension 'colcon_meta'
[1.833s] Level 1:colcon.colcon_core.package_identification:_identify(src) by extensions ['ros']
[1.833s] Level 1:colcon.colcon_core.package_identification:_identify(src) by extension 'ros'
[1.834s] Level 1:colcon.colcon_core.package_identification:_identify(src) by extensions ['cmake', 'python']
[1.834s] Level 1:colcon.colcon_core.package_identification:_identify(src) by extension 'cmake'
[1.834s] Level 1:colcon.colcon_core.package_identification:_identify(src) by extension 'python'
[1.835s] Level 1:colcon.colcon_core.package_identification:_identify(src) by extensions ['python_setup_py']
[1.835s] Level 1:colcon.colcon_core.package_identification:_identify(src) by extension 'python_setup_py'
[1.835s] Level 1:colcon.colcon_core.package_identification:_identify(src/bringup) by extensions ['ignore', 'ignore_ament_install']
[1.836s] Level 1:colcon.colcon_core.package_identification:_identify(src/bringup) by extension 'ignore'
[1.836s] Level 1:colcon.colcon_core.package_identification:_identify(src/bringup) by extension 'ignore_ament_install'
[1.836s] Level 1:colcon.colcon_core.package_identification:_identify(src/bringup) by extensions ['colcon_pkg']
[1.836s] Level 1:colcon.colcon_core.package_identification:_identify(src/bringup) by extension 'colcon_pkg'
[1.837s] Level 1:colcon.colcon_core.package_identification:_identify(src/bringup) by extensions ['colcon_meta']
[1.837s] Level 1:colcon.colcon_core.package_identification:_identify(src/bringup) by extension 'colcon_meta'
[1.837s] Level 1:colcon.colcon_core.package_identification:_identify(src/bringup) by extensions ['ros']
[1.837s] Level 1:colcon.colcon_core.package_identification:_identify(src/bringup) by extension 'ros'
[1.849s] DEBUG:colcon.colcon_core.package_identification:Package 'src/bringup' with type 'ros.ament_cmake' and name 'bringup'
[1.849s] Level 1:colcon.colcon_core.package_identification:_identify(src/glad_motor_controller) by extensions ['ignore', 'ignore_ament_install']
[1.850s] Level 1:colcon.colcon_core.package_identification:_identify(src/glad_motor_controller) by extension 'ignore'
[1.850s] Level 1:colcon.colcon_core.package_identification:_identify(src/glad_motor_controller) by extension 'ignore_ament_install'
[1.850s] Level 1:colcon.colcon_core.package_identification:_identify(src/glad_motor_controller) by extensions ['colcon_pkg']
[1.850s] Level 1:colcon.colcon_core.package_identification:_identify(src/glad_motor_controller) by extension 'colcon_pkg'
[1.850s] Level 1:colcon.colcon_core.package_identification:_identify(src/glad_motor_controller) by extensions ['colcon_meta']
[1.851s] Level 1:colcon.colcon_core.package_identification:_identify(src/glad_motor_controller) by extension 'colcon_meta'
[1.851s] Level 1:colcon.colcon_core.package_identification:_identify(src/glad_motor_controller) by extensions ['ros']
[1.851s] Level 1:colcon.colcon_core.package_identification:_identify(src/glad_motor_controller) by extension 'ros'
[1.855s] DEBUG:colcon.colcon_core.package_identification:Package 'src/glad_motor_controller' with type 'ros.ament_python' and name 'glad_motor_controller'
[1.855s] Level 1:colcon.colcon_core.package_identification:_identify(src/myimu) by extensions ['ignore', 'ignore_ament_install']
[1.856s] Level 1:colcon.colcon_core.package_identification:_identify(src/myimu) by extension 'ignore'
[1.857s] Level 1:colcon.colcon_core.package_identification:_identify(src/myimu) by extension 'ignore_ament_install'
[1.857s] Level 1:colcon.colcon_core.package_identification:_identify(src/myimu) by extensions ['colcon_pkg']
[1.857s] Level 1:colcon.colcon_core.package_identification:_identify(src/myimu) by extension 'colcon_pkg'
[1.858s] Level 1:colcon.colcon_core.package_identification:_identify(src/myimu) by extensions ['colcon_meta']
[1.858s] Level 1:colcon.colcon_core.package_identification:_identify(src/myimu) by extension 'colcon_meta'
[1.858s] Level 1:colcon.colcon_core.package_identification:_identify(src/myimu) by extensions ['ros']
[1.858s] Level 1:colcon.colcon_core.package_identification:_identify(src/myimu) by extension 'ros'
[1.862s] DEBUG:colcon.colcon_core.package_identification:Package 'src/myimu' with type 'ros.ament_python' and name 'myimu'
[1.863s] Level 1:colcon.colcon_core.package_identification:_identify(src/rf2o_laser_odometry) by extensions ['ignore', 'ignore_ament_install']
[1.864s] Level 1:colcon.colcon_core.package_identification:_identify(src/rf2o_laser_odometry) by extension 'ignore'
[1.864s] Level 1:colcon.colcon_core.package_identification:_identify(src/rf2o_laser_odometry) by extension 'ignore_ament_install'
[1.865s] Level 1:colcon.colcon_core.package_identification:_identify(src/rf2o_laser_odometry) by extensions ['colcon_pkg']
[1.865s] Level 1:colcon.colcon_core.package_identification:_identify(src/rf2o_laser_odometry) by extension 'colcon_pkg'
[1.865s] Level 1:colcon.colcon_core.package_identification:_identify(src/rf2o_laser_odometry) by extensions ['colcon_meta']
[1.865s] Level 1:colcon.colcon_core.package_identification:_identify(src/rf2o_laser_odometry) by extension 'colcon_meta'
[1.866s] Level 1:colcon.colcon_core.package_identification:_identify(src/rf2o_laser_odometry) by extensions ['ros']
[1.866s] Level 1:colcon.colcon_core.package_identification:_identify(src/rf2o_laser_odometry) by extension 'ros'
[1.871s] DEBUG:colcon.colcon_core.package_identification:Package 'src/rf2o_laser_odometry' with type 'ros.ament_cmake' and name 'rf2o_laser_odometry'
[1.872s] Level 1:colcon.colcon_core.package_identification:_identify(src/rplidar_ros) by extensions ['ignore', 'ignore_ament_install']
[1.873s] Level 1:colcon.colcon_core.package_identification:_identify(src/rplidar_ros) by extension 'ignore'
[1.873s] Level 1:colcon.colcon_core.package_identification:_identify(src/rplidar_ros) by extension 'ignore_ament_install'
[1.873s] Level 1:colcon.colcon_core.package_identification:_identify(src/rplidar_ros) by extensions ['colcon_pkg']
[1.874s] Level 1:colcon.colcon_core.package_identification:_identify(src/rplidar_ros) by extension 'colcon_pkg'
[1.874s] Level 1:colcon.colcon_core.package_identification:_identify(src/rplidar_ros) by extensions ['colcon_meta']
[1.874s] Level 1:colcon.colcon_core.package_identification:_identify(src/rplidar_ros) by extension 'colcon_meta'
[1.874s] Level 1:colcon.colcon_core.package_identification:_identify(src/rplidar_ros) by extensions ['ros']
[1.874s] Level 1:colcon.colcon_core.package_identification:_identify(src/rplidar_ros) by extension 'ros'
[1.881s] DEBUG:colcon.colcon_core.package_identification:Package 'src/rplidar_ros' with type 'ros.ament_cmake' and name 'rplidar_ros'
[1.882s] Level 1:colcon.colcon_core.package_discovery:discover_packages(recursive) using defaults
[1.882s] Level 1:colcon.colcon_core.package_discovery:discover_packages(ignore) discover
[1.883s] Level 1:colcon.colcon_core.package_discovery:discover_packages(ignore) using defaults
[1.883s] Level 1:colcon.colcon_core.package_discovery:discover_packages(path) discover
[1.883s] Level 1:colcon.colcon_core.package_discovery:discover_packages(path) using defaults
[2.044s] Level 1:colcon.colcon_core.package_discovery:discover_packages(prefix_path) check parameters
[2.045s] Level 1:colcon.colcon_core.package_discovery:discover_packages(prefix_path) discover
[2.061s] DEBUG:colcon.colcon_installed_package_information.package_discovery:Found 188 installed packages in /opt/ros/humble
[2.065s] Level 1:colcon.colcon_core.package_discovery:discover_packages(prefix_path) using defaults
[2.202s] Level 5:colcon.colcon_core.verb:set package 'bringup' build argument 'cmake_args' from command line to 'None'
[2.202s] Level 5:colcon.colcon_core.verb:set package 'bringup' build argument 'cmake_target' from command line to 'None'
[2.202s] Level 5:colcon.colcon_core.verb:set package 'bringup' build argument 'cmake_target_skip_unavailable' from command line to 'False'
[2.202s] Level 5:colcon.colcon_core.verb:set package 'bringup' build argument 'cmake_clean_cache' from command line to 'False'
[2.203s] Level 5:colcon.colcon_core.verb:set package 'bringup' build argument 'cmake_clean_first' from command line to 'False'
[2.203s] Level 5:colcon.colcon_core.verb:set package 'bringup' build argument 'cmake_force_configure' from command line to 'False'
[2.203s] Level 5:colcon.colcon_core.verb:set package 'bringup' build argument 'ament_cmake_args' from command line to 'None'
[2.203s] Level 5:colcon.colcon_core.verb:set package 'bringup' build argument 'catkin_cmake_args' from command line to 'None'
[2.203s] Level 5:colcon.colcon_core.verb:set package 'bringup' build argument 'catkin_skip_building_tests' from command line to 'False'
[2.203s] DEBUG:colcon.colcon_core.verb:Building package 'bringup' with the following arguments: {'ament_cmake_args': None, 'build_base': '/root/glad_ws/build/bringup', 'catkin_cmake_args': None, 'catkin_skip_building_tests': False, 'cmake_args': None, 'cmake_clean_cache': False, 'cmake_clean_first': False, 'cmake_force_configure': False, 'cmake_target': None, 'cmake_target_skip_unavailable': False, 'install_base': '/root/glad_ws/install/bringup', 'merge_install': False, 'path': '/root/glad_ws/src/bringup', 'symlink_install': False, 'test_result_base': None}
[2.205s] Level 5:colcon.colcon_core.verb:set package 'glad_motor_controller' build argument 'cmake_args' from command line to 'None'
[2.205s] Level 5:colcon.colcon_core.verb:set package 'glad_motor_controller' build argument 'cmake_target' from command line to 'None'
[2.205s] Level 5:colcon.colcon_core.verb:set package 'glad_motor_controller' build argument 'cmake_target_skip_unavailable' from command line to 'False'
[2.205s] Level 5:colcon.colcon_core.verb:set package 'glad_motor_controller' build argument 'cmake_clean_cache' from command line to 'False'
[2.205s] Level 5:colcon.colcon_core.verb:set package 'glad_motor_controller' build argument 'cmake_clean_first' from command line to 'False'
[2.205s] Level 5:colcon.colcon_core.verb:set package 'glad_motor_controller' build argument 'cmake_force_configure' from command line to 'False'
[2.205s] Level 5:colcon.colcon_core.verb:set package 'glad_motor_controller' build argument 'ament_cmake_args' from command line to 'None'
[2.205s] Level 5:colcon.colcon_core.verb:set package 'glad_motor_controller' build argument 'catkin_cmake_args' from command line to 'None'
[2.205s] Level 5:colcon.colcon_core.verb:set package 'glad_motor_controller' build argument 'catkin_skip_building_tests' from command line to 'False'
[2.206s] DEBUG:colcon.colcon_core.verb:Building package 'glad_motor_controller' with the following arguments: {'ament_cmake_args': None, 'build_base': '/root/glad_ws/build/glad_motor_controller', 'catkin_cmake_args': None, 'catkin_skip_building_tests': False, 'cmake_args': None, 'cmake_clean_cache': False, 'cmake_clean_first': False, 'cmake_force_configure': False, 'cmake_target': None, 'cmake_target_skip_unavailable': False, 'install_base': '/root/glad_ws/install/glad_motor_controller', 'merge_install': False, 'path': '/root/glad_ws/src/glad_motor_controller', 'symlink_install': False, 'test_result_base': None}
[2.207s] Level 5:colcon.colcon_core.verb:set package 'myimu' build argument 'cmake_args' from command line to 'None'
[2.207s] Level 5:colcon.colcon_core.verb:set package 'myimu' build argument 'cmake_target' from command line to 'None'
[2.207s] Level 5:colcon.colcon_core.verb:set package 'myimu' build argument 'cmake_target_skip_unavailable' from command line to 'False'
[2.207s] Level 5:colcon.colcon_core.verb:set package 'myimu' build argument 'cmake_clean_cache' from command line to 'False'
[2.208s] Level 5:colcon.colcon_core.verb:set package 'myimu' build argument 'cmake_clean_first' from command line to 'False'
[2.208s] Level 5:colcon.colcon_core.verb:set package 'myimu' build argument 'cmake_force_configure' from command line to 'False'
[2.208s] Level 5:colcon.colcon_core.verb:set package 'myimu' build argument 'ament_cmake_args' from command line to 'None'
[2.208s] Level 5:colcon.colcon_core.verb:set package 'myimu' build argument 'catkin_cmake_args' from command line to 'None'
[2.208s] Level 5:colcon.colcon_core.verb:set package 'myimu' build argument 'catkin_skip_building_tests' from command line to 'False'
[2.208s] DEBUG:colcon.colcon_core.verb:Building package 'myimu' with the following arguments: {'ament_cmake_args': None, 'build_base': '/root/glad_ws/build/myimu', 'catkin_cmake_args': None, 'catkin_skip_building_tests': False, 'cmake_args': None, 'cmake_clean_cache': False, 'cmake_clean_first': False, 'cmake_force_configure': False, 'cmake_target': None, 'cmake_target_skip_unavailable': False, 'install_base': '/root/glad_ws/install/myimu', 'merge_install': False, 'path': '/root/glad_ws/src/myimu', 'symlink_install': False, 'test_result_base': None}
[2.209s] Level 5:colcon.colcon_core.verb:set package 'rf2o_laser_odometry' build argument 'cmake_args' from command line to 'None'
[2.210s] Level 5:colcon.colcon_core.verb:set package 'rf2o_laser_odometry' build argument 'cmake_target' from command line to 'None'
[2.210s] Level 5:colcon.colcon_core.verb:set package 'rf2o_laser_odometry' build argument 'cmake_target_skip_unavailable' from command line to 'False'
[2.210s] Level 5:colcon.colcon_core.verb:set package 'rf2o_laser_odometry' build argument 'cmake_clean_cache' from command line to 'False'
[2.210s] Level 5:colcon.colcon_core.verb:set package 'rf2o_laser_odometry' build argument 'cmake_clean_first' from command line to 'False'
[2.210s] Level 5:colcon.colcon_core.verb:set package 'rf2o_laser_odometry' build argument 'cmake_force_configure' from command line to 'False'
[2.210s] Level 5:colcon.colcon_core.verb:set package 'rf2o_laser_odometry' build argument 'ament_cmake_args' from command line to 'None'
[2.210s] Level 5:colcon.colcon_core.verb:set package 'rf2o_laser_odometry' build argument 'catkin_cmake_args' from command line to 'None'
[2.210s] Level 5:colcon.colcon_core.verb:set package 'rf2o_laser_odometry' build argument 'catkin_skip_building_tests' from command line to 'False'
[2.210s] DEBUG:colcon.colcon_core.verb:Building package 'rf2o_laser_odometry' with the following arguments: {'ament_cmake_args': None, 'build_base': '/root/glad_ws/build/rf2o_laser_odometry', 'catkin_cmake_args': None, 'catkin_skip_building_tests': False, 'cmake_args': None, 'cmake_clean_cache': False, 'cmake_clean_first': False, 'cmake_force_configure': False, 'cmake_target': None, 'cmake_target_skip_unavailable': False, 'install_base': '/root/glad_ws/install/rf2o_laser_odometry', 'merge_install': False, 'path': '/root/glad_ws/src/rf2o_laser_odometry', 'symlink_install': False, 'test_result_base': None}
[2.212s] Level 5:colcon.colcon_core.verb:set package 'rplidar_ros' build argument 'cmake_args' from command line to 'None'
[2.212s] Level 5:colcon.colcon_core.verb:set package 'rplidar_ros' build argument 'cmake_target' from command line to 'None'
[2.213s] Level 5:colcon.colcon_core.verb:set package 'rplidar_ros' build argument 'cmake_target_skip_unavailable' from command line to 'False'
[2.213s] Level 5:colcon.colcon_core.verb:set package 'rplidar_ros' build argument 'cmake_clean_cache' from command line to 'False'
[2.213s] Level 5:colcon.colcon_core.verb:set package 'rplidar_ros' build argument 'cmake_clean_first' from command line to 'False'
[2.213s] Level 5:colcon.colcon_core.verb:set package 'rplidar_ros' build argument 'cmake_force_configure' from command line to 'False'
[2.213s] Level 5:colcon.colcon_core.verb:set package 'rplidar_ros' build argument 'ament_cmake_args' from command line to 'None'
[2.213s] Level 5:colcon.colcon_core.verb:set package 'rplidar_ros' build argument 'catkin_cmake_args' from command line to 'None'
[2.213s] Level 5:colcon.colcon_core.verb:set package 'rplidar_ros' build argument 'catkin_skip_building_tests' from command line to 'False'
[2.213s] DEBUG:colcon.colcon_core.verb:Building package 'rplidar_ros' with the following arguments: {'ament_cmake_args': None, 'build_base': '/root/glad_ws/build/rplidar_ros', 'catkin_cmake_args': None, 'catkin_skip_building_tests': False, 'cmake_args': None, 'cmake_clean_cache': False, 'cmake_clean_first': False, 'cmake_force_configure': False, 'cmake_target': None, 'cmake_target_skip_unavailable': False, 'install_base': '/root/glad_ws/install/rplidar_ros', 'merge_install': False, 'path': '/root/glad_ws/src/rplidar_ros', 'symlink_install': False, 'test_result_base': None}
[2.214s] INFO:colcon.colcon_core.executor:Executing jobs using 'parallel' executor
[2.217s] DEBUG:colcon.colcon_parallel_executor.executor.parallel:run_until_complete
[2.218s] INFO:colcon.colcon_ros.task.ament_cmake.build:Building ROS package in '/root/glad_ws/src/bringup' with build type 'ament_cmake'
[2.219s] INFO:colcon.colcon_cmake.task.cmake.build:Building CMake package in '/root/glad_ws/src/bringup'
[2.238s] INFO:colcon.colcon_core.plugin_system:Skipping extension 'colcon_core.shell.bat': Not used on non-Windows systems
[2.239s] INFO:colcon.colcon_core.shell:Skip shell extension 'powershell' for command environment: Not usable outside of PowerShell
[2.239s] DEBUG:colcon.colcon_core.shell:Skip shell extension 'dsv' for command environment
[2.248s] INFO:colcon.colcon_ros.task.ament_python.build:Building ROS package in '/root/glad_ws/src/glad_motor_controller' with build type 'ament_python'
[2.249s] Level 1:colcon.colcon_core.shell:create_environment_hook('glad_motor_controller', 'ament_prefix_path')
[2.250s] INFO:colcon.colcon_core.shell:Creating environment hook '/root/glad_ws/install/glad_motor_controller/share/glad_motor_controller/hook/ament_prefix_path.ps1'
[2.254s] INFO:colcon.colcon_core.shell:Creating environment descriptor '/root/glad_ws/install/glad_motor_controller/share/glad_motor_controller/hook/ament_prefix_path.dsv'
[2.256s] INFO:colcon.colcon_core.shell:Creating environment hook '/root/glad_ws/install/glad_motor_controller/share/glad_motor_controller/hook/ament_prefix_path.sh'
[2.261s] INFO:colcon.colcon_core.shell:Skip shell extension 'powershell' for command environment: Not usable outside of PowerShell
[2.261s] DEBUG:colcon.colcon_core.shell:Skip shell extension 'dsv' for command environment
[2.268s] INFO:colcon.colcon_ros.task.ament_python.build:Building ROS package in '/root/glad_ws/src/myimu' with build type 'ament_python'
[2.269s] Level 1:colcon.colcon_core.shell:create_environment_hook('myimu', 'ament_prefix_path')
[2.270s] INFO:colcon.colcon_core.shell:Creating environment hook '/root/glad_ws/install/myimu/share/myimu/hook/ament_prefix_path.ps1'
[2.272s] INFO:colcon.colcon_core.shell:Creating environment descriptor '/root/glad_ws/install/myimu/share/myimu/hook/ament_prefix_path.dsv'
[2.274s] INFO:colcon.colcon_core.shell:Creating environment hook '/root/glad_ws/install/myimu/share/myimu/hook/ament_prefix_path.sh'
[2.277s] INFO:colcon.colcon_core.shell:Skip shell extension 'powershell' for command environment: Not usable outside of PowerShell
[2.277s] DEBUG:colcon.colcon_core.shell:Skip shell extension 'dsv' for command environment
[2.285s] INFO:colcon.colcon_ros.task.ament_cmake.build:Building ROS package in '/root/glad_ws/src/rf2o_laser_odometry' with build type 'ament_cmake'
[2.285s] INFO:colcon.colcon_cmake.task.cmake.build:Building CMake package in '/root/glad_ws/src/rf2o_laser_odometry'
[2.286s] INFO:colcon.colcon_core.shell:Skip shell extension 'powershell' for command environment: Not usable outside of PowerShell
[2.287s] DEBUG:colcon.colcon_core.shell:Skip shell extension 'dsv' for command environment
[2.312s] DEBUG:colcon.colcon_core.event_handler.log_command:Invoking command in '/root/glad_ws/build/bringup': CMAKE_PREFIX_PATH=/opt/ros/humble /usr/bin/cmake --build /root/glad_ws/build/bringup -- -j4 -l4
[3.247s] INFO:colcon.colcon_core.task.python.build:Building Python package in '/root/glad_ws/src/glad_motor_controller'
[3.248s] INFO:colcon.colcon_core.shell:Skip shell extension 'powershell' for command environment: Not usable outside of PowerShell
[3.248s] DEBUG:colcon.colcon_core.shell:Skip shell extension 'dsv' for command environment
[4.111s] INFO:colcon.colcon_core.task.python.build:Building Python package in '/root/glad_ws/src/myimu'
[4.112s] INFO:colcon.colcon_core.shell:Skip shell extension 'powershell' for command environment: Not usable outside of PowerShell
[4.113s] DEBUG:colcon.colcon_core.shell:Skip shell extension 'dsv' for command environment
[4.134s] DEBUG:colcon.colcon_core.event_handler.log_command:Invoking command in '/root/glad_ws/build/rf2o_laser_odometry': CMAKE_PREFIX_PATH=/opt/ros/humble /usr/bin/cmake --build /root/glad_ws/build/rf2o_laser_odometry -- -j4 -l4
[4.141s] DEBUG:colcon.colcon_core.event_handler.log_command:Invoked command in '/root/glad_ws/build/bringup' returned '0': CMAKE_PREFIX_PATH=/opt/ros/humble /usr/bin/cmake --build /root/glad_ws/build/bringup -- -j4 -l4
[4.176s] DEBUG:colcon.colcon_core.event_handler.log_command:Invoking command in '/root/glad_ws/build/bringup': CMAKE_PREFIX_PATH=/opt/ros/humble /usr/bin/cmake --install /root/glad_ws/build/bringup
[4.241s] Level 1:colcon.colcon_core.environment:create_environment_scripts_only(bringup)
[4.245s] DEBUG:colcon.colcon_core.event_handler.log_command:Invoked command in '/root/glad_ws/build/bringup' returned '0': CMAKE_PREFIX_PATH=/opt/ros/humble /usr/bin/cmake --install /root/glad_ws/build/bringup
[4.283s] Level 1:colcon.colcon_core.environment:checking '/root/glad_ws/install/bringup' for CMake module files
[4.285s] Level 1:colcon.colcon_core.environment:checking '/root/glad_ws/install/bringup' for CMake config files
[4.286s] Level 1:colcon.colcon_core.shell:create_environment_hook('bringup', 'cmake_prefix_path')
[4.287s] INFO:colcon.colcon_core.shell:Creating environment hook '/root/glad_ws/install/bringup/share/bringup/hook/cmake_prefix_path.ps1'
[4.290s] INFO:colcon.colcon_core.shell:Creating environment descriptor '/root/glad_ws/install/bringup/share/bringup/hook/cmake_prefix_path.dsv'
[4.292s] INFO:colcon.colcon_core.shell:Creating environment hook '/root/glad_ws/install/bringup/share/bringup/hook/cmake_prefix_path.sh'
[4.296s] Level 1:colcon.colcon_core.environment:checking '/root/glad_ws/install/bringup/bin'
[4.297s] Level 1:colcon.colcon_core.environment:checking '/root/glad_ws/install/bringup/lib/pkgconfig/bringup.pc'
[4.298s] Level 1:colcon.colcon_core.environment:checking '/root/glad_ws/install/bringup/lib/python3.10/site-packages'
[4.300s] Level 1:colcon.colcon_core.environment:checking '/root/glad_ws/install/bringup/bin'
[4.301s] INFO:colcon.colcon_core.shell:Creating package script '/root/glad_ws/install/bringup/share/bringup/package.ps1'
[4.307s] INFO:colcon.colcon_core.shell:Creating package descriptor '/root/glad_ws/install/bringup/share/bringup/package.dsv'
[4.312s] INFO:colcon.colcon_core.shell:Creating package script '/root/glad_ws/install/bringup/share/bringup/package.sh'
[4.321s] INFO:colcon.colcon_core.shell:Creating package script '/root/glad_ws/install/bringup/share/bringup/package.bash'
[4.326s] INFO:colcon.colcon_core.shell:Creating package script '/root/glad_ws/install/bringup/share/bringup/package.zsh'
[4.332s] Level 1:colcon.colcon_core.environment:create_file_with_runtime_dependencies(/root/glad_ws/install/bringup/share/colcon-core/packages/bringup)
[4.335s] Level 1:colcon.colcon_core.environment:create_environment_scripts_only(bringup)
[4.336s] Level 1:colcon.colcon_core.environment:checking '/root/glad_ws/install/bringup' for CMake module files
[4.339s] Level 1:colcon.colcon_core.environment:checking '/root/glad_ws/install/bringup' for CMake config files
[4.340s] Level 1:colcon.colcon_core.shell:create_environment_hook('bringup', 'cmake_prefix_path')
[4.341s] INFO:colcon.colcon_core.shell:Creating environment hook '/root/glad_ws/install/bringup/share/bringup/hook/cmake_prefix_path.ps1'
[4.344s] INFO:colcon.colcon_core.shell:Creating environment descriptor '/root/glad_ws/install/bringup/share/bringup/hook/cmake_prefix_path.dsv'
[4.346s] INFO:colcon.colcon_core.shell:Creating environment hook '/root/glad_ws/install/bringup/share/bringup/hook/cmake_prefix_path.sh'
[4.350s] Level 1:colcon.colcon_core.environment:checking '/root/glad_ws/install/bringup/bin'
[4.350s] Level 1:colcon.colcon_core.environment:checking '/root/glad_ws/install/bringup/lib/pkgconfig/bringup.pc'
[4.352s] Level 1:colcon.colcon_core.environment:checking '/root/glad_ws/install/bringup/lib/python3.10/site-packages'
[4.354s] Level 1:colcon.colcon_core.environment:checking '/root/glad_ws/install/bringup/bin'
[4.355s] INFO:colcon.colcon_core.shell:Creating package script '/root/glad_ws/install/bringup/share/bringup/package.ps1'
[4.359s] INFO:colcon.colcon_core.shell:Creating package descriptor '/root/glad_ws/install/bringup/share/bringup/package.dsv'
[4.364s] INFO:colcon.colcon_core.shell:Creating package script '/root/glad_ws/install/bringup/share/bringup/package.sh'
[4.369s] INFO:colcon.colcon_core.shell:Creating package script '/root/glad_ws/install/bringup/share/bringup/package.bash'
[4.374s] INFO:colcon.colcon_core.shell:Creating package script '/root/glad_ws/install/bringup/share/bringup/package.zsh'
[4.377s] Level 1:colcon.colcon_core.environment:create_file_with_runtime_dependencies(/root/glad_ws/install/bringup/share/colcon-core/packages/bringup)
[4.379s] INFO:colcon.colcon_ros.task.ament_cmake.build:Building ROS package in '/root/glad_ws/src/rplidar_ros' with build type 'ament_cmake'
[4.379s] INFO:colcon.colcon_cmake.task.cmake.build:Building CMake package in '/root/glad_ws/src/rplidar_ros'
[4.381s] INFO:colcon.colcon_core.shell:Skip shell extension 'powershell' for command environment: Not usable outside of PowerShell
[4.381s] DEBUG:colcon.colcon_core.shell:Skip shell extension 'dsv' for command environment
[4.427s] DEBUG:colcon.colcon_core.event_handler.log_command:Invoking command in '/root/glad_ws/build/rplidar_ros': CMAKE_PREFIX_PATH=/opt/ros/humble /usr/bin/cmake --build /root/glad_ws/build/rplidar_ros -- -j4 -l4
[4.992s] DEBUG:colcon.colcon_core.event_handler.log_command:Invoked command in '/root/glad_ws/build/rplidar_ros' returned '0': CMAKE_PREFIX_PATH=/opt/ros/humble /usr/bin/cmake --build /root/glad_ws/build/rplidar_ros -- -j4 -l4
[5.004s] DEBUG:colcon.colcon_core.event_handler.log_command:Invoking command in '/root/glad_ws/build/rplidar_ros': CMAKE_PREFIX_PATH=/opt/ros/humble /usr/bin/cmake --install /root/glad_ws/build/rplidar_ros
[5.014s] DEBUG:colcon.colcon_core.event_handler.log_command:Invoked command in '/root/glad_ws/build/rf2o_laser_odometry' returned '0': CMAKE_PREFIX_PATH=/opt/ros/humble /usr/bin/cmake --build /root/glad_ws/build/rf2o_laser_odometry -- -j4 -l4
[5.025s] DEBUG:colcon.colcon_core.event_handler.log_command:Invoking command in '/root/glad_ws/build/rf2o_laser_odometry': CMAKE_PREFIX_PATH=/opt/ros/humble /usr/bin/cmake --install /root/glad_ws/build/rf2o_laser_odometry
[5.092s] Level 1:colcon.colcon_core.environment:create_environment_scripts_only(rf2o_laser_odometry)
[5.094s] Level 1:colcon.colcon_core.environment:checking '/root/glad_ws/install/rf2o_laser_odometry' for CMake module files
[5.103s] Level 1:colcon.colcon_core.environment:checking '/root/glad_ws/install/rf2o_laser_odometry' for CMake config files
[5.108s] Level 1:colcon.colcon_core.shell:create_environment_hook('rf2o_laser_odometry', 'cmake_prefix_path')
[5.109s] INFO:colcon.colcon_core.shell:Creating environment hook '/root/glad_ws/install/rf2o_laser_odometry/share/rf2o_laser_odometry/hook/cmake_prefix_path.ps1'
[5.116s] INFO:colcon.colcon_core.shell:Creating environment descriptor '/root/glad_ws/install/rf2o_laser_odometry/share/rf2o_laser_odometry/hook/cmake_prefix_path.dsv'
[5.122s] DEBUG:colcon.colcon_core.event_handler.log_command:Invoked command in '/root/glad_ws/build/rf2o_laser_odometry' returned '0': CMAKE_PREFIX_PATH=/opt/ros/humble /usr/bin/cmake --install /root/glad_ws/build/rf2o_laser_odometry
[5.125s] INFO:colcon.colcon_core.shell:Creating environment hook '/root/glad_ws/install/rf2o_laser_odometry/share/rf2o_laser_odometry/hook/cmake_prefix_path.sh'
[5.133s] Level 1:colcon.colcon_core.environment:checking '/root/glad_ws/install/rf2o_laser_odometry/lib'
[5.134s] Level 1:colcon.colcon_core.environment:checking '/root/glad_ws/install/rf2o_laser_odometry/bin'
[5.134s] Level 1:colcon.colcon_core.environment:checking '/root/glad_ws/install/rf2o_laser_odometry/lib/pkgconfig/rf2o_laser_odometry.pc'
[5.136s] Level 1:colcon.colcon_core.environment:checking '/root/glad_ws/install/rf2o_laser_odometry/lib/python3.10/site-packages'
[5.141s] Level 1:colcon.colcon_core.environment:checking '/root/glad_ws/install/rf2o_laser_odometry/bin'
[5.143s] INFO:colcon.colcon_core.shell:Creating package script '/root/glad_ws/install/rf2o_laser_odometry/share/rf2o_laser_odometry/package.ps1'
[5.150s] INFO:colcon.colcon_core.shell:Creating package descriptor '/root/glad_ws/install/rf2o_laser_odometry/share/rf2o_laser_odometry/package.dsv'
[5.154s] INFO:colcon.colcon_core.shell:Creating package script '/root/glad_ws/install/rf2o_laser_odometry/share/rf2o_laser_odometry/package.sh'
[5.157s] INFO:colcon.colcon_core.shell:Creating package script '/root/glad_ws/install/rf2o_laser_odometry/share/rf2o_laser_odometry/package.bash'
[5.160s] INFO:colcon.colcon_core.shell:Creating package script '/root/glad_ws/install/rf2o_laser_odometry/share/rf2o_laser_odometry/package.zsh'
[5.162s] Level 1:colcon.colcon_core.environment:create_file_with_runtime_dependencies(/root/glad_ws/install/rf2o_laser_odometry/share/colcon-core/packages/rf2o_laser_odometry)
[5.166s] Level 1:colcon.colcon_core.environment:create_environment_scripts_only(rf2o_laser_odometry)
[5.167s] Level 1:colcon.colcon_core.environment:checking '/root/glad_ws/install/rf2o_laser_odometry' for CMake module files
[5.169s] Level 1:colcon.colcon_core.environment:checking '/root/glad_ws/install/rf2o_laser_odometry' for CMake config files
[5.170s] Level 1:colcon.colcon_core.shell:create_environment_hook('rf2o_laser_odometry', 'cmake_prefix_path')
[5.172s] INFO:colcon.colcon_core.shell:Creating environment hook '/root/glad_ws/install/rf2o_laser_odometry/share/rf2o_laser_odometry/hook/cmake_prefix_path.ps1'
[5.175s] INFO:colcon.colcon_core.shell:Creating environment descriptor '/root/glad_ws/install/rf2o_laser_odometry/share/rf2o_laser_odometry/hook/cmake_prefix_path.dsv'
[5.179s] INFO:colcon.colcon_core.shell:Creating environment hook '/root/glad_ws/install/rf2o_laser_odometry/share/rf2o_laser_odometry/hook/cmake_prefix_path.sh'
[5.182s] Level 1:colcon.colcon_core.environment:checking '/root/glad_ws/install/rf2o_laser_odometry/lib'
[5.183s] Level 1:colcon.colcon_core.environment:checking '/root/glad_ws/install/rf2o_laser_odometry/bin'
[5.183s] Level 1:colcon.colcon_core.environment:checking '/root/glad_ws/install/rf2o_laser_odometry/lib/pkgconfig/rf2o_laser_odometry.pc'
[5.191s] Level 1:colcon.colcon_core.environment:checking '/root/glad_ws/install/rf2o_laser_odometry/lib/python3.10/site-packages'
[5.195s] Level 1:colcon.colcon_core.environment:checking '/root/glad_ws/install/rf2o_laser_odometry/bin'
[5.197s] INFO:colcon.colcon_core.shell:Creating package script '/root/glad_ws/install/rf2o_laser_odometry/share/rf2o_laser_odometry/package.ps1'
[5.200s] INFO:colcon.colcon_core.shell:Creating package descriptor '/root/glad_ws/install/rf2o_laser_odometry/share/rf2o_laser_odometry/package.dsv'
[5.204s] INFO:colcon.colcon_core.shell:Creating package script '/root/glad_ws/install/rf2o_laser_odometry/share/rf2o_laser_odometry/package.sh'
[5.208s] INFO:colcon.colcon_core.shell:Creating package script '/root/glad_ws/install/rf2o_laser_odometry/share/rf2o_laser_odometry/package.bash'
[5.214s] INFO:colcon.colcon_core.shell:Creating package script '/root/glad_ws/install/rf2o_laser_odometry/share/rf2o_laser_odometry/package.zsh'
[5.216s] Level 1:colcon.colcon_core.environment:create_file_with_runtime_dependencies(/root/glad_ws/install/rf2o_laser_odometry/share/colcon-core/packages/rf2o_laser_odometry)
[5.223s] Level 1:colcon.colcon_core.environment:create_environment_scripts_only(rplidar_ros)
[5.225s] Level 1:colcon.colcon_core.environment:checking '/root/glad_ws/install/rplidar_ros' for CMake module files
[5.227s] DEBUG:colcon.colcon_core.event_handler.log_command:Invoked command in '/root/glad_ws/build/rplidar_ros' returned '0': CMAKE_PREFIX_PATH=/opt/ros/humble /usr/bin/cmake --install /root/glad_ws/build/rplidar_ros
[5.229s] Level 1:colcon.colcon_core.environment:checking '/root/glad_ws/install/rplidar_ros' for CMake config files
[5.232s] Level 1:colcon.colcon_core.shell:create_environment_hook('rplidar_ros', 'cmake_prefix_path')
[5.235s] INFO:colcon.colcon_core.shell:Creating environment hook '/root/glad_ws/install/rplidar_ros/share/rplidar_ros/hook/cmake_prefix_path.ps1'
[5.238s] INFO:colcon.colcon_core.shell:Creating environment descriptor '/root/glad_ws/install/rplidar_ros/share/rplidar_ros/hook/cmake_prefix_path.dsv'
[5.241s] INFO:colcon.colcon_core.shell:Creating environment hook '/root/glad_ws/install/rplidar_ros/share/rplidar_ros/hook/cmake_prefix_path.sh'
[5.244s] Level 1:colcon.colcon_core.environment:checking '/root/glad_ws/install/rplidar_ros/lib'
[5.245s] Level 1:colcon.colcon_core.environment:checking '/root/glad_ws/install/rplidar_ros/bin'
[5.245s] Level 1:colcon.colcon_core.environment:checking '/root/glad_ws/install/rplidar_ros/lib/pkgconfig/rplidar_ros.pc'
[5.246s] Level 1:colcon.colcon_core.environment:checking '/root/glad_ws/install/rplidar_ros/lib/python3.10/site-packages'
[5.249s] Level 1:colcon.colcon_core.environment:checking '/root/glad_ws/install/rplidar_ros/bin'
[5.251s] INFO:colcon.colcon_core.shell:Creating package script '/root/glad_ws/install/rplidar_ros/share/rplidar_ros/package.ps1'
[5.255s] INFO:colcon.colcon_core.shell:Creating package descriptor '/root/glad_ws/install/rplidar_ros/share/rplidar_ros/package.dsv'
[5.258s] INFO:colcon.colcon_core.shell:Creating package script '/root/glad_ws/install/rplidar_ros/share/rplidar_ros/package.sh'
[5.261s] INFO:colcon.colcon_core.shell:Creating package script '/root/glad_ws/install/rplidar_ros/share/rplidar_ros/package.bash'
[5.265s] INFO:colcon.colcon_core.shell:Creating package script '/root/glad_ws/install/rplidar_ros/share/rplidar_ros/package.zsh'
[5.268s] Level 1:colcon.colcon_core.environment:create_file_with_runtime_dependencies(/root/glad_ws/install/rplidar_ros/share/colcon-core/packages/rplidar_ros)
[5.272s] Level 1:colcon.colcon_core.environment:create_environment_scripts_only(rplidar_ros)
[5.273s] Level 1:colcon.colcon_core.environment:checking '/root/glad_ws/install/rplidar_ros' for CMake module files
[5.279s] Level 1:colcon.colcon_core.environment:checking '/root/glad_ws/install/rplidar_ros' for CMake config files
[5.281s] Level 1:colcon.colcon_core.shell:create_environment_hook('rplidar_ros', 'cmake_prefix_path')
[5.282s] INFO:colcon.colcon_core.shell:Creating environment hook '/root/glad_ws/install/rplidar_ros/share/rplidar_ros/hook/cmake_prefix_path.ps1'
[5.287s] INFO:colcon.colcon_core.shell:Creating environment descriptor '/root/glad_ws/install/rplidar_ros/share/rplidar_ros/hook/cmake_prefix_path.dsv'
[5.289s] INFO:colcon.colcon_core.shell:Creating environment hook '/root/glad_ws/install/rplidar_ros/share/rplidar_ros/hook/cmake_prefix_path.sh'
[5.293s] Level 1:colcon.colcon_core.environment:checking '/root/glad_ws/install/rplidar_ros/lib'
[5.293s] Level 1:colcon.colcon_core.environment:checking '/root/glad_ws/install/rplidar_ros/bin'
[5.294s] Level 1:colcon.colcon_core.environment:checking '/root/glad_ws/install/rplidar_ros/lib/pkgconfig/rplidar_ros.pc'
[5.295s] Level 1:colcon.colcon_core.environment:checking '/root/glad_ws/install/rplidar_ros/lib/python3.10/site-packages'
[5.297s] Level 1:colcon.colcon_core.environment:checking '/root/glad_ws/install/rplidar_ros/bin'
[5.299s] INFO:colcon.colcon_core.shell:Creating package script '/root/glad_ws/install/rplidar_ros/share/rplidar_ros/package.ps1'
[5.302s] INFO:colcon.colcon_core.shell:Creating package descriptor '/root/glad_ws/install/rplidar_ros/share/rplidar_ros/package.dsv'
[5.305s] INFO:colcon.colcon_core.shell:Creating package script '/root/glad_ws/install/rplidar_ros/share/rplidar_ros/package.sh'
[5.308s] INFO:colcon.colcon_core.shell:Creating package script '/root/glad_ws/install/rplidar_ros/share/rplidar_ros/package.bash'
[5.317s] INFO:colcon.colcon_core.shell:Creating package script '/root/glad_ws/install/rplidar_ros/share/rplidar_ros/package.zsh'
[5.320s] Level 1:colcon.colcon_core.environment:create_file_with_runtime_dependencies(/root/glad_ws/install/rplidar_ros/share/colcon-core/packages/rplidar_ros)
[6.127s] DEBUG:colcon.colcon_core.event_handler.log_command:Invoking command in '/root/glad_ws/src/myimu': PYTHONPATH=/root/glad_ws/build/myimu/prefix_override:/usr/lib/python3/dist-packages/colcon_core/task/python/colcon_distutils_commands:/root/glad_ws/install/myimu/lib/python3.10/site-packages:${PYTHONPATH} /usr/bin/python3 -W ignore:setup.py install is deprecated -W ignore:easy_install command is deprecated setup.py egg_info --egg-base ../../build/myimu build --build-base /root/glad_ws/build/myimu/build install --record /root/glad_ws/build/myimu/install.log --single-version-externally-managed install_data
[6.136s] DEBUG:colcon.colcon_core.event_handler.log_command:Invoking command in '/root/glad_ws/src/glad_motor_controller': PYTHONPATH=/root/glad_ws/build/glad_motor_controller/prefix_override:/usr/lib/python3/dist-packages/colcon_core/task/python/colcon_distutils_commands:/root/glad_ws/install/glad_motor_controller/lib/python3.10/site-packages:${PYTHONPATH} /usr/bin/python3 -W ignore:setup.py install is deprecated -W ignore:easy_install command is deprecated setup.py egg_info --egg-base ../../build/glad_motor_controller build --build-base /root/glad_ws/build/glad_motor_controller/build install --record /root/glad_ws/build/glad_motor_controller/install.log --single-version-externally-managed install_data
[7.302s] Level 1:colcon.colcon_core.environment:checking '/root/glad_ws/install/myimu' for CMake module files
[7.304s] DEBUG:colcon.colcon_core.event_handler.log_command:Invoked command in '/root/glad_ws/src/myimu' returned '0': PYTHONPATH=/root/glad_ws/build/myimu/prefix_override:/usr/lib/python3/dist-packages/colcon_core/task/python/colcon_distutils_commands:/root/glad_ws/install/myimu/lib/python3.10/site-packages:${PYTHONPATH} /usr/bin/python3 -W ignore:setup.py install is deprecated -W ignore:easy_install command is deprecated setup.py egg_info --egg-base ../../build/myimu build --build-base /root/glad_ws/build/myimu/build install --record /root/glad_ws/build/myimu/install.log --single-version-externally-managed install_data
[7.308s] Level 1:colcon.colcon_core.environment:checking '/root/glad_ws/install/myimu' for CMake config files
[7.311s] Level 1:colcon.colcon_core.environment:checking '/root/glad_ws/install/myimu/lib'
[7.312s] Level 1:colcon.colcon_core.environment:checking '/root/glad_ws/install/myimu/bin'
[7.313s] Level 1:colcon.colcon_core.environment:checking '/root/glad_ws/install/myimu/lib/pkgconfig/myimu.pc'
[7.316s] Level 1:colcon.colcon_core.environment:checking '/root/glad_ws/install/myimu/lib/python3.10/site-packages'
[7.317s] Level 1:colcon.colcon_core.shell:create_environment_hook('myimu', 'pythonpath')
[7.321s] INFO:colcon.colcon_core.shell:Creating environment hook '/root/glad_ws/install/myimu/share/myimu/hook/pythonpath.ps1'
[7.327s] INFO:colcon.colcon_core.shell:Creating environment descriptor '/root/glad_ws/install/myimu/share/myimu/hook/pythonpath.dsv'
[7.329s] INFO:colcon.colcon_core.shell:Creating environment hook '/root/glad_ws/install/myimu/share/myimu/hook/pythonpath.sh'
[7.333s] Level 1:colcon.colcon_core.environment:checking '/root/glad_ws/install/myimu/bin'
[7.333s] Level 1:colcon.colcon_core.environment:create_environment_scripts_only(myimu)
[7.335s] INFO:colcon.colcon_core.shell:Creating package script '/root/glad_ws/install/myimu/share/myimu/package.ps1'
[7.337s] INFO:colcon.colcon_core.shell:Creating package descriptor '/root/glad_ws/install/myimu/share/myimu/package.dsv'
[7.339s] INFO:colcon.colcon_core.shell:Creating package script '/root/glad_ws/install/myimu/share/myimu/package.sh'
[7.342s] INFO:colcon.colcon_core.shell:Creating package script '/root/glad_ws/install/myimu/share/myimu/package.bash'
[7.345s] INFO:colcon.colcon_core.shell:Creating package script '/root/glad_ws/install/myimu/share/myimu/package.zsh'
[7.347s] Level 1:colcon.colcon_core.environment:create_file_with_runtime_dependencies(/root/glad_ws/install/myimu/share/colcon-core/packages/myimu)
[7.352s] Level 1:colcon.colcon_core.environment:checking '/root/glad_ws/install/glad_motor_controller' for CMake module files
[7.356s] Level 1:colcon.colcon_core.environment:checking '/root/glad_ws/install/glad_motor_controller' for CMake config files
[7.358s] DEBUG:colcon.colcon_core.event_handler.log_command:Invoked command in '/root/glad_ws/src/glad_motor_controller' returned '0': PYTHONPATH=/root/glad_ws/build/glad_motor_controller/prefix_override:/usr/lib/python3/dist-packages/colcon_core/task/python/colcon_distutils_commands:/root/glad_ws/install/glad_motor_controller/lib/python3.10/site-packages:${PYTHONPATH} /usr/bin/python3 -W ignore:setup.py install is deprecated -W ignore:easy_install command is deprecated setup.py egg_info --egg-base ../../build/glad_motor_controller build --build-base /root/glad_ws/build/glad_motor_controller/build install --record /root/glad_ws/build/glad_motor_controller/install.log --single-version-externally-managed install_data
[7.361s] Level 1:colcon.colcon_core.environment:checking '/root/glad_ws/install/glad_motor_controller/lib'
[7.362s] Level 1:colcon.colcon_core.environment:checking '/root/glad_ws/install/glad_motor_controller/bin'
[7.362s] Level 1:colcon.colcon_core.environment:checking '/root/glad_ws/install/glad_motor_controller/lib/pkgconfig/glad_motor_controller.pc'
[7.363s] Level 1:colcon.colcon_core.environment:checking '/root/glad_ws/install/glad_motor_controller/lib/python3.10/site-packages'
[7.364s] Level 1:colcon.colcon_core.shell:create_environment_hook('glad_motor_controller', 'pythonpath')
[7.365s] INFO:colcon.colcon_core.shell:Creating environment hook '/root/glad_ws/install/glad_motor_controller/share/glad_motor_controller/hook/pythonpath.ps1'
[7.367s] INFO:colcon.colcon_core.shell:Creating environment descriptor '/root/glad_ws/install/glad_motor_controller/share/glad_motor_controller/hook/pythonpath.dsv'
[7.369s] INFO:colcon.colcon_core.shell:Creating environment hook '/root/glad_ws/install/glad_motor_controller/share/glad_motor_controller/hook/pythonpath.sh'
[7.373s] Level 1:colcon.colcon_core.environment:checking '/root/glad_ws/install/glad_motor_controller/bin'
[7.373s] Level 1:colcon.colcon_core.environment:create_environment_scripts_only(glad_motor_controller)
[7.375s] INFO:colcon.colcon_core.shell:Creating package script '/root/glad_ws/install/glad_motor_controller/share/glad_motor_controller/package.ps1'
[7.377s] INFO:colcon.colcon_core.shell:Creating package descriptor '/root/glad_ws/install/glad_motor_controller/share/glad_motor_controller/package.dsv'
[7.380s] INFO:colcon.colcon_core.shell:Creating package script '/root/glad_ws/install/glad_motor_controller/share/glad_motor_controller/package.sh'
[7.382s] INFO:colcon.colcon_core.shell:Creating package script '/root/glad_ws/install/glad_motor_controller/share/glad_motor_controller/package.bash'
[7.384s] INFO:colcon.colcon_core.shell:Creating package script '/root/glad_ws/install/glad_motor_controller/share/glad_motor_controller/package.zsh'
[7.386s] Level 1:colcon.colcon_core.environment:create_file_with_runtime_dependencies(/root/glad_ws/install/glad_motor_controller/share/colcon-core/packages/glad_motor_controller)
[7.388s] DEBUG:colcon.colcon_parallel_executor.executor.parallel:closing loop
[7.388s] DEBUG:colcon.colcon_parallel_executor.executor.parallel:loop closed
[7.389s] DEBUG:colcon.colcon_parallel_executor.executor.parallel:run_until_complete finished with '0'
[7.389s] DEBUG:colcon.colcon_core.event_reactor:joining thread
[7.447s] INFO:colcon.colcon_core.plugin_system:Skipping extension 'colcon_notification.desktop_notification.notify_send': Could not find 'notify-send'
[7.448s] INFO:colcon.colcon_core.plugin_system:Skipping extension 'colcon_notification.desktop_notification.terminal_notifier': Not used on non-Darwin systems
[7.448s] INFO:colcon.colcon_core.plugin_system:Skipping extension 'colcon_notification.desktop_notification.win32': Not used on non-Windows systems
[7.448s] INFO:colcon.colcon_notification.desktop_notification:Sending desktop notification using 'notify2'
[7.458s] DEBUG:colcon.colcon_notification.desktop_notification.notify2:Failed to initialize notify2: org.freedesktop.DBus.Error.Spawn.ExecFailed: /usr/bin/dbus-launch terminated abnormally without any error message
[7.458s] DEBUG:colcon.colcon_core.event_reactor:joined thread
[7.460s] INFO:colcon.colcon_core.shell:Creating prefix script '/root/glad_ws/install/local_setup.ps1'
[7.465s] INFO:colcon.colcon_core.shell:Creating prefix util module '/root/glad_ws/install/_local_setup_util_ps1.py'
[7.473s] INFO:colcon.colcon_core.shell:Creating prefix chain script '/root/glad_ws/install/setup.ps1'
[7.478s] INFO:colcon.colcon_core.shell:Creating prefix script '/root/glad_ws/install/local_setup.sh'
[7.482s] INFO:colcon.colcon_core.shell:Creating prefix util module '/root/glad_ws/install/_local_setup_util_sh.py'
[7.484s] INFO:colcon.colcon_core.shell:Creating prefix chain script '/root/glad_ws/install/setup.sh'
[7.489s] INFO:colcon.colcon_core.shell:Creating prefix script '/root/glad_ws/install/local_setup.bash'
[7.492s] INFO:colcon.colcon_core.shell:Creating prefix chain script '/root/glad_ws/install/setup.bash'
[7.496s] INFO:colcon.colcon_core.shell:Creating prefix script '/root/glad_ws/install/local_setup.zsh'
[7.499s] INFO:colcon.colcon_core.shell:Creating prefix chain script '/root/glad_ws/install/setup.zsh'
