[0.090s] Invoking command in '/root/glad_ws/build/bringup': CMAKE_PREFIX_PATH=${CMAKE_PREFIX_PATH}:/root/glad_ws/install/myimu:/root/glad_ws/install/glad_motor_controller:/opt/ros/humble /usr/bin/cmake --build /root/glad_ws/build/bringup -- -j4 -l4
[1.859s] Invoked command in '/root/glad_ws/build/bringup' returned '0': CMAKE_PREFIX_PATH=${CMAKE_PREFIX_PATH}:/root/glad_ws/install/myimu:/root/glad_ws/install/glad_motor_controller:/opt/ros/humble /usr/bin/cmake --build /root/glad_ws/build/bringup -- -j4 -l4
[1.887s] Invoking command in '/root/glad_ws/build/bringup': CMAKE_PREFIX_PATH=${CMAKE_PREFIX_PATH}:/root/glad_ws/install/myimu:/root/glad_ws/install/glad_motor_controller:/opt/ros/humble /usr/bin/cmake --install /root/glad_ws/build/bringup
[1.917s] -- Install configuration: ""
[1.917s] -- Up-to-date: /root/glad_ws/install/bringup/share/bringup/launch
[1.918s] -- Up-to-date: /root/glad_ws/install/bringup/share/bringup/launch/sensorbringup.launch.py
[1.918s] -- Up-to-date: /root/glad_ws/install/bringup/share/bringup/config
[1.919s] -- Up-to-date: /root/glad_ws/install/bringup/share/bringup/config/ekf_config.yaml
[1.923s] -- Up-to-date: /root/glad_ws/install/bringup/share/ament_index/resource_index/package_run_dependencies/bringup
[1.924s] -- Up-to-date: /root/glad_ws/install/bringup/share/ament_index/resource_index/parent_prefix_path/bringup
[1.924s] -- Up-to-date: /root/glad_ws/install/bringup/share/bringup/environment/ament_prefix_path.sh
[1.928s] -- Up-to-date: /root/glad_ws/install/bringup/share/bringup/environment/ament_prefix_path.dsv
[1.928s] -- Up-to-date: /root/glad_ws/install/bringup/share/bringup/environment/path.sh
[1.928s] -- Up-to-date: /root/glad_ws/install/bringup/share/bringup/environment/path.dsv
[1.931s] -- Up-to-date: /root/glad_ws/install/bringup/share/bringup/local_setup.bash
[1.934s] -- Up-to-date: /root/glad_ws/install/bringup/share/bringup/local_setup.sh
[1.935s] -- Up-to-date: /root/glad_ws/install/bringup/share/bringup/local_setup.zsh
[1.935s] -- Up-to-date: /root/glad_ws/install/bringup/share/bringup/local_setup.dsv
[1.936s] -- Installing: /root/glad_ws/install/bringup/share/bringup/package.dsv
[1.936s] -- Up-to-date: /root/glad_ws/install/bringup/share/ament_index/resource_index/packages/bringup
[1.936s] -- Up-to-date: /root/glad_ws/install/bringup/share/bringup/cmake/bringupConfig.cmake
[1.946s] -- Up-to-date: /root/glad_ws/install/bringup/share/bringup/cmake/bringupConfig-version.cmake
[1.947s] -- Up-to-date: /root/glad_ws/install/bringup/share/bringup/package.xml
[1.947s] Invoked command in '/root/glad_ws/build/bringup' returned '0': CMAKE_PREFIX_PATH=${CMAKE_PREFIX_PATH}:/root/glad_ws/install/myimu:/root/glad_ws/install/glad_motor_controller:/opt/ros/humble /usr/bin/cmake --install /root/glad_ws/build/bringup
