[4.129s] Invoking command in '/root/glad_ws/src/myimu': PYTHONPATH=/root/glad_ws/build/myimu/prefix_override:/usr/lib/python3/dist-packages/colcon_core/task/python/colcon_distutils_commands:/root/glad_ws/install/myimu/lib/python3.10/site-packages:${PYTHONPATH} /usr/bin/python3 -W ignore:setup.py install is deprecated -W ignore:easy_install command is deprecated setup.py egg_info --egg-base ../../build/myimu build --build-base /root/glad_ws/build/myimu/build install --record /root/glad_ws/build/myimu/install.log --single-version-externally-managed install_data
[5.183s] running egg_info
[5.186s] writing ../../build/myimu/myimu.egg-info/PKG-INFO
[5.187s] writing dependency_links to ../../build/myimu/myimu.egg-info/dependency_links.txt
[5.188s] writing entry points to ../../build/myimu/myimu.egg-info/entry_points.txt
[5.192s] writing requirements to ../../build/myimu/myimu.egg-info/requires.txt
[5.193s] writing top-level names to ../../build/myimu/myimu.egg-info/top_level.txt
[5.199s] reading manifest file '../../build/myimu/myimu.egg-info/SOURCES.txt'
[5.203s] writing manifest file '../../build/myimu/myimu.egg-info/SOURCES.txt'
[5.207s] running build
[5.208s] running build_py
[5.213s] running install
[5.214s] running install_lib
[5.215s] running install_data
[5.216s] running install_egg_info
[5.227s] removing '/root/glad_ws/install/myimu/lib/python3.10/site-packages/myimu-0.0.0-py3.10.egg-info' (and everything under it)
[5.228s] Copying ../../build/myimu/myimu.egg-info to /root/glad_ws/install/myimu/lib/python3.10/site-packages/myimu-0.0.0-py3.10.egg-info
[5.229s] running install_scripts
[5.320s] Installing imuodom script to /root/glad_ws/install/myimu/lib/myimu
[5.321s] Installing imupub script to /root/glad_ws/install/myimu/lib/myimu
[5.323s] writing list of installed files to '/root/glad_ws/build/myimu/install.log'
[5.520s] Invoked command in '/root/glad_ws/src/myimu' returned '0': PYTHONPATH=/root/glad_ws/build/myimu/prefix_override:/usr/lib/python3/dist-packages/colcon_core/task/python/colcon_distutils_commands:/root/glad_ws/install/myimu/lib/python3.10/site-packages:${PYTHONPATH} /usr/bin/python3 -W ignore:setup.py install is deprecated -W ignore:easy_install command is deprecated setup.py egg_info --egg-base ../../build/myimu build --build-base /root/glad_ws/build/myimu/build install --record /root/glad_ws/build/myimu/install.log --single-version-externally-managed install_data
