[0.074s] Invoking command in '/root/glad_ws/build/rplidar_ros': CMAKE_PREFIX_PATH=${CMAKE_PREFIX_PATH}:/root/glad_ws/install/myimu:/root/glad_ws/install/glad_motor_controller:/opt/ros/humble /usr/bin/cmake --build /root/glad_ws/build/rplidar_ros -- -j4 -l4
[0.431s] [ 47%] Built target rplidar_composition
[0.441s] [ 52%] Built target rplidar_client
[0.498s] [100%] Built target rplidar_node
[0.552s] Invoked command in '/root/glad_ws/build/rplidar_ros' returned '0': CMAKE_PREFIX_PATH=${CMAKE_PREFIX_PATH}:/root/glad_ws/install/myimu:/root/glad_ws/install/glad_motor_controller:/opt/ros/humble /usr/bin/cmake --build /root/glad_ws/build/rplidar_ros -- -j4 -l4
[0.572s] Invoking command in '/root/glad_ws/build/rplidar_ros': CMAKE_PREFIX_PATH=${CMAKE_PREFIX_PATH}:/root/glad_ws/install/myimu:/root/glad_ws/install/glad_motor_controller:/opt/ros/humble /usr/bin/cmake --install /root/glad_ws/build/rplidar_ros
[0.603s] -- Install configuration: ""
[0.606s] -- Execute custom install script
[0.617s] -- Up-to-date symlink: /root/glad_ws/install/rplidar_ros/share/rplidar_ros/launch/rplidar_a1_launch.py
[0.618s] -- Up-to-date symlink: /root/glad_ws/install/rplidar_ros/share/rplidar_ros/launch/rplidar_a2m12_launch.py
[0.619s] -- Up-to-date symlink: /root/glad_ws/install/rplidar_ros/share/rplidar_ros/launch/rplidar_a2m7_launch.py
[0.619s] -- Up-to-date symlink: /root/glad_ws/install/rplidar_ros/share/rplidar_ros/launch/rplidar_a2m8_launch.py
[0.620s] -- Up-to-date symlink: /root/glad_ws/install/rplidar_ros/share/rplidar_ros/launch/rplidar_a3_launch.py
[0.620s] -- Up-to-date symlink: /root/glad_ws/install/rplidar_ros/share/rplidar_ros/launch/rplidar_c1_launch.py
[0.627s] -- Up-to-date symlink: /root/glad_ws/install/rplidar_ros/share/rplidar_ros/launch/rplidar_s1_launch.py
[0.628s] -- Up-to-date symlink: /root/glad_ws/install/rplidar_ros/share/rplidar_ros/launch/rplidar_s1_tcp_launch.py
[0.630s] -- Up-to-date symlink: /root/glad_ws/install/rplidar_ros/share/rplidar_ros/launch/rplidar_s2_launch.py
[0.631s] -- Up-to-date symlink: /root/glad_ws/install/rplidar_ros/share/rplidar_ros/launch/rplidar_s2e_launch.py
[0.631s] -- Up-to-date symlink: /root/glad_ws/install/rplidar_ros/share/rplidar_ros/launch/rplidar_s3_launch.py
[0.632s] -- Up-to-date symlink: /root/glad_ws/install/rplidar_ros/share/rplidar_ros/launch/rplidar_t1_launch.py
[0.632s] -- Up-to-date symlink: /root/glad_ws/install/rplidar_ros/share/rplidar_ros/launch/view_rplidar_a1_launch.py
[0.639s] -- Up-to-date symlink: /root/glad_ws/install/rplidar_ros/share/rplidar_ros/launch/view_rplidar_a2m12_launch.py
[0.639s] -- Up-to-date symlink: /root/glad_ws/install/rplidar_ros/share/rplidar_ros/launch/view_rplidar_a2m7_launch.py
[0.639s] -- Up-to-date symlink: /root/glad_ws/install/rplidar_ros/share/rplidar_ros/launch/view_rplidar_a2m8_launch.py
[0.640s] -- Up-to-date symlink: /root/glad_ws/install/rplidar_ros/share/rplidar_ros/launch/view_rplidar_a3_launch.py
[0.640s] -- Up-to-date symlink: /root/glad_ws/install/rplidar_ros/share/rplidar_ros/launch/view_rplidar_c1_launch.py
[0.640s] -- Up-to-date symlink: /root/glad_ws/install/rplidar_ros/share/rplidar_ros/launch/view_rplidar_s1_launch.py
[0.640s] -- Up-to-date symlink: /root/glad_ws/install/rplidar_ros/share/rplidar_ros/launch/view_rplidar_s1_tcp_launch.py
[0.649s] -- Up-to-date symlink: /root/glad_ws/install/rplidar_ros/share/rplidar_ros/launch/view_rplidar_s2_launch.py
[0.650s] -- Up-to-date symlink: /root/glad_ws/install/rplidar_ros/share/rplidar_ros/launch/view_rplidar_s2e_launch.py
[0.650s] -- Up-to-date symlink: /root/glad_ws/install/rplidar_ros/share/rplidar_ros/launch/view_rplidar_s3_launch.py
[0.651s] -- Up-to-date symlink: /root/glad_ws/install/rplidar_ros/share/rplidar_ros/launch/view_rplidar_t1_launch.py
[0.652s] -- Up-to-date symlink: /root/glad_ws/install/rplidar_ros/share/rplidar_ros/rviz/rplidar_ros.rviz
[0.652s] -- Up-to-date symlink: /root/glad_ws/install/rplidar_ros/lib/rplidar_ros/rplidar_node
[0.657s] -- Up-to-date symlink: /root/glad_ws/install/rplidar_ros/lib/rplidar_ros/rplidar_composition
[0.658s] -- Up-to-date symlink: /root/glad_ws/install/rplidar_ros/lib/rplidar_ros/rplidar_client
[0.658s] -- Up-to-date symlink: /root/glad_ws/install/rplidar_ros/share/ament_index/resource_index/package_run_dependencies/rplidar_ros
[0.659s] -- Up-to-date symlink: /root/glad_ws/install/rplidar_ros/share/ament_index/resource_index/parent_prefix_path/rplidar_ros
[0.659s] -- Up-to-date symlink: /root/glad_ws/install/rplidar_ros/share/rplidar_ros/environment/ament_prefix_path.sh
[0.660s] -- Up-to-date symlink: /root/glad_ws/install/rplidar_ros/share/rplidar_ros/environment/ament_prefix_path.dsv
[0.660s] -- Up-to-date symlink: /root/glad_ws/install/rplidar_ros/share/rplidar_ros/environment/path.sh
[0.665s] -- Up-to-date symlink: /root/glad_ws/install/rplidar_ros/share/rplidar_ros/environment/path.dsv
[0.665s] -- Up-to-date symlink: /root/glad_ws/install/rplidar_ros/share/rplidar_ros/local_setup.bash
[0.666s] -- Up-to-date symlink: /root/glad_ws/install/rplidar_ros/share/rplidar_ros/local_setup.sh
[0.667s] -- Up-to-date symlink: /root/glad_ws/install/rplidar_ros/share/rplidar_ros/local_setup.zsh
[0.669s] -- Up-to-date symlink: /root/glad_ws/install/rplidar_ros/share/rplidar_ros/local_setup.dsv
[0.670s] -- Symlinking: /root/glad_ws/install/rplidar_ros/share/rplidar_ros/package.dsv
[0.674s] -- Up-to-date symlink: /root/glad_ws/install/rplidar_ros/share/ament_index/resource_index/packages/rplidar_ros
[0.675s] -- Up-to-date symlink: /root/glad_ws/install/rplidar_ros/share/rplidar_ros/cmake/ament_cmake_export_dependencies-extras.cmake
[0.675s] -- Up-to-date symlink: /root/glad_ws/install/rplidar_ros/share/rplidar_ros/cmake/ament_cmake_export_include_directories-extras.cmake
[0.681s] -- Up-to-date symlink: /root/glad_ws/install/rplidar_ros/share/rplidar_ros/cmake/rplidar_rosConfig.cmake
[0.683s] -- Up-to-date symlink: /root/glad_ws/install/rplidar_ros/share/rplidar_ros/cmake/rplidar_rosConfig-version.cmake
[0.685s] -- Up-to-date symlink: /root/glad_ws/install/rplidar_ros/share/rplidar_ros/package.xml
[0.694s] Invoked command in '/root/glad_ws/build/rplidar_ros' returned '0': CMAKE_PREFIX_PATH=${CMAKE_PREFIX_PATH}:/root/glad_ws/install/myimu:/root/glad_ws/install/glad_motor_controller:/opt/ros/humble /usr/bin/cmake --install /root/glad_ws/build/rplidar_ros
