[4.859s] Invoking command in '/root/glad_ws/src/myimu': PYTHONPATH=/root/glad_ws/build/myimu/prefix_override:/usr/lib/python3/dist-packages/colcon_core/task/python/colcon_distutils_commands:/root/glad_ws/install/myimu/lib/python3.10/site-packages:${PYTHONPATH} /usr/bin/python3 -W ignore:setup.py install is deprecated -W ignore:easy_install command is deprecated setup.py egg_info --egg-base ../../build/myimu build --build-base /root/glad_ws/build/myimu/build install --record /root/glad_ws/build/myimu/install.log --single-version-externally-managed install_data
[6.005s] running egg_info
[6.008s] writing ../../build/myimu/myimu.egg-info/PKG-INFO
[6.012s] writing dependency_links to ../../build/myimu/myimu.egg-info/dependency_links.txt
[6.012s] writing entry points to ../../build/myimu/myimu.egg-info/entry_points.txt
[6.014s] writing requirements to ../../build/myimu/myimu.egg-info/requires.txt
[6.015s] writing top-level names to ../../build/myimu/myimu.egg-info/top_level.txt
[6.024s] reading manifest file '../../build/myimu/myimu.egg-info/SOURCES.txt'
[6.029s] writing manifest file '../../build/myimu/myimu.egg-info/SOURCES.txt'
[6.031s] running build
[6.031s] running build_py
[6.032s] copying myimu/imupublisher.py -> /root/glad_ws/build/myimu/build/lib/myimu
[6.032s] running install
[6.037s] running install_lib
[6.037s] copying /root/glad_ws/build/myimu/build/lib/myimu/imupublisher.py -> /root/glad_ws/install/myimu/lib/python3.10/site-packages/myimu
[6.041s] byte-compiling /root/glad_ws/install/myimu/lib/python3.10/site-packages/myimu/imupublisher.py to imupublisher.cpython-310.pyc
[6.045s] running install_data
[6.047s] running install_egg_info
[6.057s] removing '/root/glad_ws/install/myimu/lib/python3.10/site-packages/myimu-0.0.0-py3.10.egg-info' (and everything under it)
[6.065s] Copying ../../build/myimu/myimu.egg-info to /root/glad_ws/install/myimu/lib/python3.10/site-packages/myimu-0.0.0-py3.10.egg-info
[6.071s] running install_scripts
[6.168s] Installing imuodom script to /root/glad_ws/install/myimu/lib/myimu
[6.169s] Installing imupub script to /root/glad_ws/install/myimu/lib/myimu
[6.172s] writing list of installed files to '/root/glad_ws/build/myimu/install.log'
[6.390s] Invoked command in '/root/glad_ws/src/myimu' returned '0': PYTHONPATH=/root/glad_ws/build/myimu/prefix_override:/usr/lib/python3/dist-packages/colcon_core/task/python/colcon_distutils_commands:/root/glad_ws/install/myimu/lib/python3.10/site-packages:${PYTHONPATH} /usr/bin/python3 -W ignore:setup.py install is deprecated -W ignore:easy_install command is deprecated setup.py egg_info --egg-base ../../build/myimu build --build-base /root/glad_ws/build/myimu/build install --record /root/glad_ws/build/myimu/install.log --single-version-externally-managed install_data
