[0.927s] Invoking command in '/root/glad_ws/build/rf2o_laser_odometry': CMAKE_PREFIX_PATH=${CMAKE_PREFIX_PATH}:/root/glad_ws/install/myimu:/opt/ros/humble /usr/bin/cmake --build /root/glad_ws/build/rf2o_laser_odometry -- -j4 -l4
[1.200s] [ 40%] Built target rf2o_laser_odometry
[1.220s] [100%] Built target rf2o_laser_odometry_node
[1.258s] Invoked command in '/root/glad_ws/build/rf2o_laser_odometry' returned '0': CMAKE_PREFIX_PATH=${CMAKE_PREFIX_PATH}:/root/glad_ws/install/myimu:/opt/ros/humble /usr/bin/cmake --build /root/glad_ws/build/rf2o_laser_odometry -- -j4 -l4
[1.270s] Invoking command in '/root/glad_ws/build/rf2o_laser_odometry': CMAKE_PREFIX_PATH=${CMAKE_PREFIX_PATH}:/root/glad_ws/install/myimu:/opt/ros/humble /usr/bin/cmake --install /root/glad_ws/build/rf2o_laser_odometry
[1.295s] -- Install configuration: ""
[1.296s] -- Up-to-date: /root/glad_ws/install/rf2o_laser_odometry/lib/rf2o_laser_odometry/rf2o_laser_odometry_node
[1.303s] -- Up-to-date: /root/glad_ws/install/rf2o_laser_odometry/share/rf2o_laser_odometry/launch
[1.304s] -- Up-to-date: /root/glad_ws/install/rf2o_laser_odometry/share/rf2o_laser_odometry/launch/lidar_odom.launch.py
[1.305s] -- Up-to-date: /root/glad_ws/install/rf2o_laser_odometry/share/rf2o_laser_odometry/launch/rf2o_laser_odometry.launch.py
[1.305s] -- Up-to-date: /root/glad_ws/install/rf2o_laser_odometry/share/ament_index/resource_index/package_run_dependencies/rf2o_laser_odometry
[1.307s] -- Up-to-date: /root/glad_ws/install/rf2o_laser_odometry/share/ament_index/resource_index/parent_prefix_path/rf2o_laser_odometry
[1.317s] -- Up-to-date: /root/glad_ws/install/rf2o_laser_odometry/share/rf2o_laser_odometry/environment/ament_prefix_path.sh
[1.318s] -- Up-to-date: /root/glad_ws/install/rf2o_laser_odometry/share/rf2o_laser_odometry/environment/ament_prefix_path.dsv
[1.319s] -- Up-to-date: /root/glad_ws/install/rf2o_laser_odometry/share/rf2o_laser_odometry/environment/path.sh
[1.319s] -- Up-to-date: /root/glad_ws/install/rf2o_laser_odometry/share/rf2o_laser_odometry/environment/path.dsv
[1.320s] -- Up-to-date: /root/glad_ws/install/rf2o_laser_odometry/share/rf2o_laser_odometry/local_setup.bash
[1.320s] -- Up-to-date: /root/glad_ws/install/rf2o_laser_odometry/share/rf2o_laser_odometry/local_setup.sh
[1.320s] -- Up-to-date: /root/glad_ws/install/rf2o_laser_odometry/share/rf2o_laser_odometry/local_setup.zsh
[1.321s] -- Up-to-date: /root/glad_ws/install/rf2o_laser_odometry/share/rf2o_laser_odometry/local_setup.dsv
[1.321s] -- Installing: /root/glad_ws/install/rf2o_laser_odometry/share/rf2o_laser_odometry/package.dsv
[1.322s] -- Up-to-date: /root/glad_ws/install/rf2o_laser_odometry/share/ament_index/resource_index/packages/rf2o_laser_odometry
[1.323s] -- Up-to-date: /root/glad_ws/install/rf2o_laser_odometry/share/rf2o_laser_odometry/cmake/rf2o_laser_odometryConfig.cmake
[1.325s] -- Up-to-date: /root/glad_ws/install/rf2o_laser_odometry/share/rf2o_laser_odometry/cmake/rf2o_laser_odometryConfig-version.cmake
[1.325s] -- Up-to-date: /root/glad_ws/install/rf2o_laser_odometry/share/rf2o_laser_odometry/package.xml
[1.335s] Invoked command in '/root/glad_ws/build/rf2o_laser_odometry' returned '0': CMAKE_PREFIX_PATH=${CMAKE_PREFIX_PATH}:/root/glad_ws/install/myimu:/opt/ros/humble /usr/bin/cmake --install /root/glad_ws/build/rf2o_laser_odometry
