[4.908s] Invoking command in '/root/glad_ws/src/myimu': PYTHONPATH=/root/glad_ws/build/myimu/prefix_override:/usr/lib/python3/dist-packages/colcon_core/task/python/colcon_distutils_commands:/root/glad_ws/install/myimu/lib/python3.10/site-packages:${PYTHONPATH} /usr/bin/python3 -W ignore:setup.py install is deprecated -W ignore:easy_install command is deprecated setup.py egg_info --egg-base ../../build/myimu build --build-base /root/glad_ws/build/myimu/build install --record /root/glad_ws/build/myimu/install.log --single-version-externally-managed install_data
[6.118s] running egg_info
[6.122s] writing ../../build/myimu/myimu.egg-info/PKG-INFO
[6.125s] writing dependency_links to ../../build/myimu/myimu.egg-info/dependency_links.txt
[6.127s] writing entry points to ../../build/myimu/myimu.egg-info/entry_points.txt
[6.127s] writing requirements to ../../build/myimu/myimu.egg-info/requires.txt
[6.128s] writing top-level names to ../../build/myimu/myimu.egg-info/top_level.txt
[6.135s] reading manifest file '../../build/myimu/myimu.egg-info/SOURCES.txt'
[6.139s] writing manifest file '../../build/myimu/myimu.egg-info/SOURCES.txt'
[6.142s] running build
[6.142s] running build_py
[6.144s] running install
[6.145s] running install_lib
[6.151s] running install_data
[6.152s] running install_egg_info
[6.163s] removing '/root/glad_ws/install/myimu/lib/python3.10/site-packages/myimu-0.0.0-py3.10.egg-info' (and everything under it)
[6.168s] Copying ../../build/myimu/myimu.egg-info to /root/glad_ws/install/myimu/lib/python3.10/site-packages/myimu-0.0.0-py3.10.egg-info
[6.184s] running install_scripts
[6.315s] Installing imuodom script to /root/glad_ws/install/myimu/lib/myimu
[6.322s] Installing imupub script to /root/glad_ws/install/myimu/lib/myimu
[6.336s] writing list of installed files to '/root/glad_ws/build/myimu/install.log'
[6.459s] Invoked command in '/root/glad_ws/src/myimu' returned '0': PYTHONPATH=/root/glad_ws/build/myimu/prefix_override:/usr/lib/python3/dist-packages/colcon_core/task/python/colcon_distutils_commands:/root/glad_ws/install/myimu/lib/python3.10/site-packages:${PYTHONPATH} /usr/bin/python3 -W ignore:setup.py install is deprecated -W ignore:easy_install command is deprecated setup.py egg_info --egg-base ../../build/myimu build --build-base /root/glad_ws/build/myimu/build install --record /root/glad_ws/build/myimu/install.log --single-version-externally-managed install_data
