[2.085s] Invoking command in '/root/glad_ws/src/glad_voice': PYTHONPATH=/root/glad_ws/build/glad_voice/prefix_override:/usr/lib/python3/dist-packages/colcon_core/task/python/colcon_distutils_commands:/root/glad_ws/install/glad_voice/lib/python3.10/site-packages:${PYTHONPATH} /usr/bin/python3 -W ignore:setup.py install is deprecated -W ignore:easy_install command is deprecated setup.py egg_info --egg-base ../../build/glad_voice build --build-base /root/glad_ws/build/glad_voice/build install --record /root/glad_ws/build/glad_voice/install.log --single-version-externally-managed install_data
[2.888s] running egg_info
[2.888s] writing ../../build/glad_voice/glad_voice.egg-info/PKG-INFO
[2.889s] writing dependency_links to ../../build/glad_voice/glad_voice.egg-info/dependency_links.txt
[2.890s] writing entry points to ../../build/glad_voice/glad_voice.egg-info/entry_points.txt
[2.891s] writing requirements to ../../build/glad_voice/glad_voice.egg-info/requires.txt
[2.891s] writing top-level names to ../../build/glad_voice/glad_voice.egg-info/top_level.txt
[2.899s] reading manifest file '../../build/glad_voice/glad_voice.egg-info/SOURCES.txt'
[2.902s] writing manifest file '../../build/glad_voice/glad_voice.egg-info/SOURCES.txt'
[2.902s] running build
[2.903s] running build_py
[2.903s] copying glad_voice/voice_assistant.py -> /root/glad_ws/build/glad_voice/build/lib/glad_voice
[2.904s] running install
[2.905s] running install_lib
[2.908s] copying /root/glad_ws/build/glad_voice/build/lib/glad_voice/voice_assistant.py -> /root/glad_ws/install/glad_voice/lib/python3.10/site-packages/glad_voice
[2.911s] byte-compiling /root/glad_ws/install/glad_voice/lib/python3.10/site-packages/glad_voice/voice_assistant.py to voice_assistant.cpython-310.pyc
[2.916s] running install_data
[2.917s] running install_egg_info
[2.923s] removing '/root/glad_ws/install/glad_voice/lib/python3.10/site-packages/glad_voice-0.0.0-py3.10.egg-info' (and everything under it)
[2.924s] Copying ../../build/glad_voice/glad_voice.egg-info to /root/glad_ws/install/glad_voice/lib/python3.10/site-packages/glad_voice-0.0.0-py3.10.egg-info
[2.928s] running install_scripts
[3.009s] Installing voice_assistant script to /root/glad_ws/install/glad_voice/lib/glad_voice
[3.011s] writing list of installed files to '/root/glad_ws/build/glad_voice/install.log'
[3.123s] Invoked command in '/root/glad_ws/src/glad_voice' returned '0': PYTHONPATH=/root/glad_ws/build/glad_voice/prefix_override:/usr/lib/python3/dist-packages/colcon_core/task/python/colcon_distutils_commands:/root/glad_ws/install/glad_voice/lib/python3.10/site-packages:${PYTHONPATH} /usr/bin/python3 -W ignore:setup.py install is deprecated -W ignore:easy_install command is deprecated setup.py egg_info --egg-base ../../build/glad_voice build --build-base /root/glad_ws/build/glad_voice/build install --record /root/glad_ws/build/glad_voice/install.log --single-version-externally-managed install_data
