[3.798s] Invoking command in '/root/glad_ws/src/myimu': PYTHONPATH=/root/glad_ws/build/myimu/prefix_override:/usr/lib/python3/dist-packages/colcon_core/task/python/colcon_distutils_commands:/root/glad_ws/install/myimu/lib/python3.10/site-packages:${PYTHONPATH} /usr/bin/python3 -W ignore:setup.py install is deprecated -W ignore:easy_install command is deprecated setup.py egg_info --egg-base ../../build/myimu build --build-base /root/glad_ws/build/myimu/build install --record /root/glad_ws/build/myimu/install.log --single-version-externally-managed install_data
[4.716s] running egg_info
[4.720s] writing ../../build/myimu/myimu.egg-info/PKG-INFO
[4.720s] writing dependency_links to ../../build/myimu/myimu.egg-info/dependency_links.txt
[4.723s] writing entry points to ../../build/myimu/myimu.egg-info/entry_points.txt
[4.725s] writing requirements to ../../build/myimu/myimu.egg-info/requires.txt
[4.726s] writing top-level names to ../../build/myimu/myimu.egg-info/top_level.txt
[4.734s] reading manifest file '../../build/myimu/myimu.egg-info/SOURCES.txt'
[4.740s] writing manifest file '../../build/myimu/myimu.egg-info/SOURCES.txt'
[4.741s] running build
[4.741s] running build_py
[4.743s] running install
[4.744s] running install_lib
[4.751s] running install_data
[4.753s] running install_egg_info
[4.760s] removing '/root/glad_ws/install/myimu/lib/python3.10/site-packages/myimu-0.0.0-py3.10.egg-info' (and everything under it)
[4.761s] Copying ../../build/myimu/myimu.egg-info to /root/glad_ws/install/myimu/lib/python3.10/site-packages/myimu-0.0.0-py3.10.egg-info
[4.768s] running install_scripts
[4.853s] Installing imuodom script to /root/glad_ws/install/myimu/lib/myimu
[4.853s] Installing imupub script to /root/glad_ws/install/myimu/lib/myimu
[4.855s] writing list of installed files to '/root/glad_ws/build/myimu/install.log'
[5.018s] Invoked command in '/root/glad_ws/src/myimu' returned '0': PYTHONPATH=/root/glad_ws/build/myimu/prefix_override:/usr/lib/python3/dist-packages/colcon_core/task/python/colcon_distutils_commands:/root/glad_ws/install/myimu/lib/python3.10/site-packages:${PYTHONPATH} /usr/bin/python3 -W ignore:setup.py install is deprecated -W ignore:easy_install command is deprecated setup.py egg_info --egg-base ../../build/myimu build --build-base /root/glad_ws/build/myimu/build install --record /root/glad_ws/build/myimu/install.log --single-version-externally-managed install_data
