[0.093s] Invoking command in '/root/glad_ws/build/bringup': CMAKE_PREFIX_PATH=${CMAKE_PREFIX_PATH}:/root/glad_ws/install/myimu:/root/glad_ws/install/glad_voice:/root/glad_ws/install/glad_motor_controller:/opt/ros/humble /usr/bin/cmake --build /root/glad_ws/build/bringup -- -j4 -l4
[2.798s] Invoked command in '/root/glad_ws/build/bringup' returned '0': CMAKE_PREFIX_PATH=${CMAKE_PREFIX_PATH}:/root/glad_ws/install/myimu:/root/glad_ws/install/glad_voice:/root/glad_ws/install/glad_motor_controller:/opt/ros/humble /usr/bin/cmake --build /root/glad_ws/build/bringup -- -j4 -l4
[2.824s] Invoking command in '/root/glad_ws/build/bringup': CMAKE_PREFIX_PATH=${CMAKE_PREFIX_PATH}:/root/glad_ws/install/myimu:/root/glad_ws/install/glad_voice:/root/glad_ws/install/glad_motor_controller:/opt/ros/humble /usr/bin/cmake --install /root/glad_ws/build/bringup
[2.860s] -- Install configuration: ""
[2.862s] -- Up-to-date: /root/glad_ws/install/bringup/share/bringup/launch
[2.865s] -- Installing: /root/glad_ws/install/bringup/share/bringup/launch/sensorbringup.launch.py
[2.868s] -- Up-to-date: /root/glad_ws/install/bringup/share/bringup/config
[2.868s] -- Installing: /root/glad_ws/install/bringup/share/bringup/config/ekf_config.yaml
[2.869s] -- Up-to-date: /root/glad_ws/install/bringup/share/ament_index/resource_index/package_run_dependencies/bringup
[2.869s] -- Up-to-date: /root/glad_ws/install/bringup/share/ament_index/resource_index/parent_prefix_path/bringup
[2.869s] -- Up-to-date: /root/glad_ws/install/bringup/share/bringup/environment/ament_prefix_path.sh
[2.870s] -- Up-to-date: /root/glad_ws/install/bringup/share/bringup/environment/ament_prefix_path.dsv
[2.870s] -- Up-to-date: /root/glad_ws/install/bringup/share/bringup/environment/path.sh
[2.871s] -- Up-to-date: /root/glad_ws/install/bringup/share/bringup/environment/path.dsv
[2.871s] -- Up-to-date: /root/glad_ws/install/bringup/share/bringup/local_setup.bash
[2.871s] -- Up-to-date: /root/glad_ws/install/bringup/share/bringup/local_setup.sh
[2.872s] -- Up-to-date: /root/glad_ws/install/bringup/share/bringup/local_setup.zsh
[2.872s] -- Up-to-date: /root/glad_ws/install/bringup/share/bringup/local_setup.dsv
[2.872s] -- Installing: /root/glad_ws/install/bringup/share/bringup/package.dsv
[2.877s] -- Up-to-date: /root/glad_ws/install/bringup/share/ament_index/resource_index/packages/bringup
[2.886s] -- Up-to-date: /root/glad_ws/install/bringup/share/bringup/cmake/bringupConfig.cmake
[2.886s] -- Up-to-date: /root/glad_ws/install/bringup/share/bringup/cmake/bringupConfig-version.cmake
[2.887s] -- Up-to-date: /root/glad_ws/install/bringup/share/bringup/package.xml
[2.887s] Invoked command in '/root/glad_ws/build/bringup' returned '0': CMAKE_PREFIX_PATH=${CMAKE_PREFIX_PATH}:/root/glad_ws/install/myimu:/root/glad_ws/install/glad_voice:/root/glad_ws/install/glad_motor_controller:/opt/ros/humble /usr/bin/cmake --install /root/glad_ws/build/bringup
