[0.903s] Invoking command in '/root/glad_ws/build/rplidar_ros': CMAKE_PREFIX_PATH=${CMAKE_PREFIX_PATH}:/root/glad_ws/install/myimu:/opt/ros/humble /usr/bin/cmake --build /root/glad_ws/build/rplidar_ros -- -j4 -l4
[1.148s] [  5%] Built target rplidar_client
[1.159s] [ 52%] Built target rplidar_node
[1.172s] [100%] Built target rplidar_composition
[1.231s] Invoked command in '/root/glad_ws/build/rplidar_ros' returned '0': CMAKE_PREFIX_PATH=${CMAKE_PREFIX_PATH}:/root/glad_ws/install/myimu:/opt/ros/humble /usr/bin/cmake --build /root/glad_ws/build/rplidar_ros -- -j4 -l4
[1.265s] Invoking command in '/root/glad_ws/build/rplidar_ros': CMAKE_PREFIX_PATH=${CMAKE_PREFIX_PATH}:/root/glad_ws/install/myimu:/opt/ros/humble /usr/bin/cmake --install /root/glad_ws/build/rplidar_ros
[1.296s] -- Install configuration: ""
[1.298s] -- Execute custom install script
[1.307s] -- Up-to-date symlink: /root/glad_ws/install/rplidar_ros/share/rplidar_ros/launch/rplidar_a1_launch.py
[1.309s] -- Up-to-date symlink: /root/glad_ws/install/rplidar_ros/share/rplidar_ros/launch/rplidar_a2m12_launch.py
[1.310s] -- Up-to-date symlink: /root/glad_ws/install/rplidar_ros/share/rplidar_ros/launch/rplidar_a2m7_launch.py
[1.310s] -- Up-to-date symlink: /root/glad_ws/install/rplidar_ros/share/rplidar_ros/launch/rplidar_a2m8_launch.py
[1.313s] -- Up-to-date symlink: /root/glad_ws/install/rplidar_ros/share/rplidar_ros/launch/rplidar_a3_launch.py
[1.316s] -- Up-to-date symlink: /root/glad_ws/install/rplidar_ros/share/rplidar_ros/launch/rplidar_c1_launch.py
[1.316s] -- Up-to-date symlink: /root/glad_ws/install/rplidar_ros/share/rplidar_ros/launch/rplidar_s1_launch.py
[1.316s] -- Up-to-date symlink: /root/glad_ws/install/rplidar_ros/share/rplidar_ros/launch/rplidar_s1_tcp_launch.py
[1.317s] -- Up-to-date symlink: /root/glad_ws/install/rplidar_ros/share/rplidar_ros/launch/rplidar_s2_launch.py
[1.317s] -- Up-to-date symlink: /root/glad_ws/install/rplidar_ros/share/rplidar_ros/launch/rplidar_s2e_launch.py
[1.318s] -- Up-to-date symlink: /root/glad_ws/install/rplidar_ros/share/rplidar_ros/launch/rplidar_s3_launch.py
[1.318s] -- Up-to-date symlink: /root/glad_ws/install/rplidar_ros/share/rplidar_ros/launch/rplidar_t1_launch.py
[1.318s] -- Up-to-date symlink: /root/glad_ws/install/rplidar_ros/share/rplidar_ros/launch/view_rplidar_a1_launch.py
[1.319s] -- Up-to-date symlink: /root/glad_ws/install/rplidar_ros/share/rplidar_ros/launch/view_rplidar_a2m12_launch.py
[1.324s] -- Up-to-date symlink: /root/glad_ws/install/rplidar_ros/share/rplidar_ros/launch/view_rplidar_a2m7_launch.py
[1.328s] -- Up-to-date symlink: /root/glad_ws/install/rplidar_ros/share/rplidar_ros/launch/view_rplidar_a2m8_launch.py
[1.328s] -- Up-to-date symlink: /root/glad_ws/install/rplidar_ros/share/rplidar_ros/launch/view_rplidar_a3_launch.py
[1.329s] -- Up-to-date symlink: /root/glad_ws/install/rplidar_ros/share/rplidar_ros/launch/view_rplidar_c1_launch.py
[1.329s] -- Up-to-date symlink: /root/glad_ws/install/rplidar_ros/share/rplidar_ros/launch/view_rplidar_s1_launch.py
[1.330s] -- Up-to-date symlink: /root/glad_ws/install/rplidar_ros/share/rplidar_ros/launch/view_rplidar_s1_tcp_launch.py
[1.331s] -- Up-to-date symlink: /root/glad_ws/install/rplidar_ros/share/rplidar_ros/launch/view_rplidar_s2_launch.py
[1.336s] -- Up-to-date symlink: /root/glad_ws/install/rplidar_ros/share/rplidar_ros/launch/view_rplidar_s2e_launch.py
[1.336s] -- Up-to-date symlink: /root/glad_ws/install/rplidar_ros/share/rplidar_ros/launch/view_rplidar_s3_launch.py
[1.337s] -- Up-to-date symlink: /root/glad_ws/install/rplidar_ros/share/rplidar_ros/launch/view_rplidar_t1_launch.py
[1.337s] -- Up-to-date symlink: /root/glad_ws/install/rplidar_ros/share/rplidar_ros/rviz/rplidar_ros.rviz
[1.338s] -- Up-to-date symlink: /root/glad_ws/install/rplidar_ros/lib/rplidar_ros/rplidar_node
[1.338s] -- Up-to-date symlink: /root/glad_ws/install/rplidar_ros/lib/rplidar_ros/rplidar_composition
[1.339s] -- Up-to-date symlink: /root/glad_ws/install/rplidar_ros/lib/rplidar_ros/rplidar_client
[1.343s] -- Up-to-date symlink: /root/glad_ws/install/rplidar_ros/share/ament_index/resource_index/package_run_dependencies/rplidar_ros
[1.344s] -- Up-to-date symlink: /root/glad_ws/install/rplidar_ros/share/ament_index/resource_index/parent_prefix_path/rplidar_ros
[1.345s] -- Up-to-date symlink: /root/glad_ws/install/rplidar_ros/share/rplidar_ros/environment/ament_prefix_path.sh
[1.345s] -- Up-to-date symlink: /root/glad_ws/install/rplidar_ros/share/rplidar_ros/environment/ament_prefix_path.dsv
[1.346s] -- Up-to-date symlink: /root/glad_ws/install/rplidar_ros/share/rplidar_ros/environment/path.sh
[1.346s] -- Up-to-date symlink: /root/glad_ws/install/rplidar_ros/share/rplidar_ros/environment/path.dsv
[1.347s] -- Up-to-date symlink: /root/glad_ws/install/rplidar_ros/share/rplidar_ros/local_setup.bash
[1.351s] -- Up-to-date symlink: /root/glad_ws/install/rplidar_ros/share/rplidar_ros/local_setup.sh
[1.353s] -- Up-to-date symlink: /root/glad_ws/install/rplidar_ros/share/rplidar_ros/local_setup.zsh
[1.354s] -- Up-to-date symlink: /root/glad_ws/install/rplidar_ros/share/rplidar_ros/local_setup.dsv
[1.359s] -- Symlinking: /root/glad_ws/install/rplidar_ros/share/rplidar_ros/package.dsv
[1.366s] -- Up-to-date symlink: /root/glad_ws/install/rplidar_ros/share/ament_index/resource_index/packages/rplidar_ros
[1.370s] -- Up-to-date symlink: /root/glad_ws/install/rplidar_ros/share/rplidar_ros/cmake/ament_cmake_export_dependencies-extras.cmake
[1.374s] -- Up-to-date symlink: /root/glad_ws/install/rplidar_ros/share/rplidar_ros/cmake/ament_cmake_export_include_directories-extras.cmake
[1.374s] -- Up-to-date symlink: /root/glad_ws/install/rplidar_ros/share/rplidar_ros/cmake/rplidar_rosConfig.cmake
[1.376s] -- Up-to-date symlink: /root/glad_ws/install/rplidar_ros/share/rplidar_ros/cmake/rplidar_rosConfig-version.cmake
[1.378s] -- Up-to-date symlink: /root/glad_ws/install/rplidar_ros/share/rplidar_ros/package.xml
[1.382s] Invoked command in '/root/glad_ws/build/rplidar_ros' returned '0': CMAKE_PREFIX_PATH=${CMAKE_PREFIX_PATH}:/root/glad_ws/install/myimu:/opt/ros/humble /usr/bin/cmake --install /root/glad_ws/build/rplidar_ros
