[0.107s] Invoking command in '/root/glad_ws/build/bringup': CMAKE_PREFIX_PATH=${CMAKE_PREFIX_PATH}:/root/glad_ws/install/myimu:/root/glad_ws/install/glad_motor_controller:/opt/ros/humble /usr/bin/cmake --build /root/glad_ws/build/bringup -- -j4 -l4
[1.990s] Invoked command in '/root/glad_ws/build/bringup' returned '0': CMAKE_PREFIX_PATH=${CMAKE_PREFIX_PATH}:/root/glad_ws/install/myimu:/root/glad_ws/install/glad_motor_controller:/opt/ros/humble /usr/bin/cmake --build /root/glad_ws/build/bringup -- -j4 -l4
[2.027s] Invoking command in '/root/glad_ws/build/bringup': CMAKE_PREFIX_PATH=${CMAKE_PREFIX_PATH}:/root/glad_ws/install/myimu:/root/glad_ws/install/glad_motor_controller:/opt/ros/humble /usr/bin/cmake --install /root/glad_ws/build/bringup
[2.059s] -- Install configuration: ""
[2.060s] -- Up-to-date: /root/glad_ws/install/bringup/share/bringup/launch
[2.064s] -- Installing: /root/glad_ws/install/bringup/share/bringup/launch/sensorbringup.launch.py
[2.071s] -- Up-to-date: /root/glad_ws/install/bringup/share/bringup/config
[2.071s] -- Up-to-date: /root/glad_ws/install/bringup/share/bringup/config/ekf_config.yaml
[2.072s] -- Up-to-date: /root/glad_ws/install/bringup/share/ament_index/resource_index/package_run_dependencies/bringup
[2.072s] -- Up-to-date: /root/glad_ws/install/bringup/share/ament_index/resource_index/parent_prefix_path/bringup
[2.073s] -- Up-to-date: /root/glad_ws/install/bringup/share/bringup/environment/ament_prefix_path.sh
[2.074s] -- Up-to-date: /root/glad_ws/install/bringup/share/bringup/environment/ament_prefix_path.dsv
[2.074s] -- Up-to-date: /root/glad_ws/install/bringup/share/bringup/environment/path.sh
[2.074s] -- Up-to-date: /root/glad_ws/install/bringup/share/bringup/environment/path.dsv
[2.075s] -- Up-to-date: /root/glad_ws/install/bringup/share/bringup/local_setup.bash
[2.079s] -- Up-to-date: /root/glad_ws/install/bringup/share/bringup/local_setup.sh
[2.079s] -- Up-to-date: /root/glad_ws/install/bringup/share/bringup/local_setup.zsh
[2.079s] -- Up-to-date: /root/glad_ws/install/bringup/share/bringup/local_setup.dsv
[2.080s] -- Installing: /root/glad_ws/install/bringup/share/bringup/package.dsv
[2.080s] -- Up-to-date: /root/glad_ws/install/bringup/share/ament_index/resource_index/packages/bringup
[2.081s] -- Up-to-date: /root/glad_ws/install/bringup/share/bringup/cmake/bringupConfig.cmake
[2.081s] -- Up-to-date: /root/glad_ws/install/bringup/share/bringup/cmake/bringupConfig-version.cmake
[2.082s] -- Up-to-date: /root/glad_ws/install/bringup/share/bringup/package.xml
[2.096s] Invoked command in '/root/glad_ws/build/bringup' returned '0': CMAKE_PREFIX_PATH=${CMAKE_PREFIX_PATH}:/root/glad_ws/install/myimu:/root/glad_ws/install/glad_motor_controller:/opt/ros/humble /usr/bin/cmake --install /root/glad_ws/build/bringup
