[5.023s] Invoking command in '/root/glad_ws/src/myimu': PYTHONPATH=/root/glad_ws/build/myimu/prefix_override:/usr/lib/python3/dist-packages/colcon_core/task/python/colcon_distutils_commands:/root/glad_ws/install/myimu/lib/python3.10/site-packages:${PYTHONPATH} /usr/bin/python3 -W ignore:setup.py install is deprecated -W ignore:easy_install command is deprecated setup.py egg_info --egg-base ../../build/myimu build --build-base /root/glad_ws/build/myimu/build install --record /root/glad_ws/build/myimu/install.log --single-version-externally-managed install_data
[6.135s] running egg_info
[6.137s] writing ../../build/myimu/myimu.egg-info/PKG-INFO
[6.139s] writing dependency_links to ../../build/myimu/myimu.egg-info/dependency_links.txt
[6.140s] writing entry points to ../../build/myimu/myimu.egg-info/entry_points.txt
[6.141s] writing requirements to ../../build/myimu/myimu.egg-info/requires.txt
[6.147s] writing top-level names to ../../build/myimu/myimu.egg-info/top_level.txt
[6.158s] reading manifest file '../../build/myimu/myimu.egg-info/SOURCES.txt'
[6.171s] writing manifest file '../../build/myimu/myimu.egg-info/SOURCES.txt'
[6.172s] running build
[6.174s] running build_py
[6.174s] running install
[6.175s] running install_lib
[6.175s] running install_data
[6.176s] running install_egg_info
[6.177s] removing '/root/glad_ws/install/myimu/lib/python3.10/site-packages/myimu-0.0.0-py3.10.egg-info' (and everything under it)
[6.178s] Copying ../../build/myimu/myimu.egg-info to /root/glad_ws/install/myimu/lib/python3.10/site-packages/myimu-0.0.0-py3.10.egg-info
[6.189s] running install_scripts
[6.331s] Installing imuodom script to /root/glad_ws/install/myimu/lib/myimu
[6.334s] Installing imupub script to /root/glad_ws/install/myimu/lib/myimu
[6.336s] writing list of installed files to '/root/glad_ws/build/myimu/install.log'
[6.539s] Invoked command in '/root/glad_ws/src/myimu' returned '0': PYTHONPATH=/root/glad_ws/build/myimu/prefix_override:/usr/lib/python3/dist-packages/colcon_core/task/python/colcon_distutils_commands:/root/glad_ws/install/myimu/lib/python3.10/site-packages:${PYTHONPATH} /usr/bin/python3 -W ignore:setup.py install is deprecated -W ignore:easy_install command is deprecated setup.py egg_info --egg-base ../../build/myimu build --build-base /root/glad_ws/build/myimu/build install --record /root/glad_ws/build/myimu/install.log --single-version-externally-managed install_data
