[4.654s] Invoking command in '/root/glad_ws/src/myimu': PYTHONPATH=/root/glad_ws/build/myimu/prefix_override:/usr/lib/python3/dist-packages/colcon_core/task/python/colcon_distutils_commands:/root/glad_ws/install/myimu/lib/python3.10/site-packages:${PYTHONPATH} /usr/bin/python3 -W ignore:setup.py install is deprecated -W ignore:easy_install command is deprecated setup.py egg_info --egg-base ../../build/myimu build --build-base /root/glad_ws/build/myimu/build install --record /root/glad_ws/build/myimu/install.log --single-version-externally-managed install_data
[5.899s] running egg_info
[5.902s] writing ../../build/myimu/myimu.egg-info/PKG-INFO
[5.904s] writing dependency_links to ../../build/myimu/myimu.egg-info/dependency_links.txt
[5.906s] writing entry points to ../../build/myimu/myimu.egg-info/entry_points.txt
[5.908s] writing requirements to ../../build/myimu/myimu.egg-info/requires.txt
[5.910s] writing top-level names to ../../build/myimu/myimu.egg-info/top_level.txt
[5.921s] reading manifest file '../../build/myimu/myimu.egg-info/SOURCES.txt'
[5.925s] writing manifest file '../../build/myimu/myimu.egg-info/SOURCES.txt'
[5.925s] running build
[5.926s] running build_py
[5.935s] running install
[5.940s] running install_lib
[5.942s] running install_data
[5.943s] running install_egg_info
[5.951s] removing '/root/glad_ws/install/myimu/lib/python3.10/site-packages/myimu-0.0.0-py3.10.egg-info' (and everything under it)
[5.952s] Copying ../../build/myimu/myimu.egg-info to /root/glad_ws/install/myimu/lib/python3.10/site-packages/myimu-0.0.0-py3.10.egg-info
[5.954s] running install_scripts
[6.050s] Installing imuodom script to /root/glad_ws/install/myimu/lib/myimu
[6.062s] Installing imupub script to /root/glad_ws/install/myimu/lib/myimu
[6.063s] writing list of installed files to '/root/glad_ws/build/myimu/install.log'
[6.232s] Invoked command in '/root/glad_ws/src/myimu' returned '0': PYTHONPATH=/root/glad_ws/build/myimu/prefix_override:/usr/lib/python3/dist-packages/colcon_core/task/python/colcon_distutils_commands:/root/glad_ws/install/myimu/lib/python3.10/site-packages:${PYTHONPATH} /usr/bin/python3 -W ignore:setup.py install is deprecated -W ignore:easy_install command is deprecated setup.py egg_info --egg-base ../../build/myimu build --build-base /root/glad_ws/build/myimu/build install --record /root/glad_ws/build/myimu/install.log --single-version-externally-managed install_data
