[0.086s] Invoking command in '/root/glad_ws/build/bringup': CMAKE_PREFIX_PATH=${CMAKE_PREFIX_PATH}:/root/glad_ws/install/myimu:/opt/ros/humble /usr/bin/cmake --build /root/glad_ws/build/bringup -- -j4 -l4
[0.997s] Invoked command in '/root/glad_ws/build/bringup' returned '0': CMAKE_PREFIX_PATH=${CMAKE_PREFIX_PATH}:/root/glad_ws/install/myimu:/opt/ros/humble /usr/bin/cmake --build /root/glad_ws/build/bringup -- -j4 -l4
[1.033s] Invoking command in '/root/glad_ws/build/bringup': CMAKE_PREFIX_PATH=${CMAKE_PREFIX_PATH}:/root/glad_ws/install/myimu:/opt/ros/humble /usr/bin/cmake --install /root/glad_ws/build/bringup
[1.062s] -- Install configuration: ""
[1.063s] -- Up-to-date: /root/glad_ws/install/bringup/share/bringup/launch
[1.063s] -- Installing: /root/glad_ws/install/bringup/share/bringup/launch/sensorbringup.launch.py
[1.064s] -- Up-to-date: /root/glad_ws/install/bringup/share/ament_index/resource_index/package_run_dependencies/bringup
[1.064s] -- Up-to-date: /root/glad_ws/install/bringup/share/ament_index/resource_index/parent_prefix_path/bringup
[1.065s] -- Up-to-date: /root/glad_ws/install/bringup/share/bringup/environment/ament_prefix_path.sh
[1.065s] -- Up-to-date: /root/glad_ws/install/bringup/share/bringup/environment/ament_prefix_path.dsv
[1.066s] -- Up-to-date: /root/glad_ws/install/bringup/share/bringup/environment/path.sh
[1.069s] -- Up-to-date: /root/glad_ws/install/bringup/share/bringup/environment/path.dsv
[1.070s] -- Up-to-date: /root/glad_ws/install/bringup/share/bringup/local_setup.bash
[1.071s] -- Up-to-date: /root/glad_ws/install/bringup/share/bringup/local_setup.sh
[1.071s] -- Up-to-date: /root/glad_ws/install/bringup/share/bringup/local_setup.zsh
[1.072s] -- Up-to-date: /root/glad_ws/install/bringup/share/bringup/local_setup.dsv
[1.072s] -- Installing: /root/glad_ws/install/bringup/share/bringup/package.dsv
[1.078s] -- Up-to-date: /root/glad_ws/install/bringup/share/ament_index/resource_index/packages/bringup
[1.081s] -- Up-to-date: /root/glad_ws/install/bringup/share/bringup/cmake/bringupConfig.cmake
[1.081s] -- Up-to-date: /root/glad_ws/install/bringup/share/bringup/cmake/bringupConfig-version.cmake
[1.082s] -- Up-to-date: /root/glad_ws/install/bringup/share/bringup/package.xml
[1.085s] Invoked command in '/root/glad_ws/build/bringup' returned '0': CMAKE_PREFIX_PATH=${CMAKE_PREFIX_PATH}:/root/glad_ws/install/myimu:/opt/ros/humble /usr/bin/cmake --install /root/glad_ws/build/bringup
