[0.088s] Invoking command in '/root/glad_ws/build/bringup': CMAKE_PREFIX_PATH=/opt/ros/humble /usr/bin/cmake --build /root/glad_ws/build/bringup -- -j4 -l4
[1.964s] Invoked command in '/root/glad_ws/build/bringup' returned '0': CMAKE_PREFIX_PATH=/opt/ros/humble /usr/bin/cmake --build /root/glad_ws/build/bringup -- -j4 -l4
[1.992s] Invoking command in '/root/glad_ws/build/bringup': CMAKE_PREFIX_PATH=/opt/ros/humble /usr/bin/cmake --install /root/glad_ws/build/bringup
[2.021s] -- Install configuration: ""
[2.023s] -- Up-to-date: /root/glad_ws/install/bringup/share/bringup/launch
[2.024s] -- Up-to-date: /root/glad_ws/install/bringup/share/bringup/launch/sensorbringup.launch.py
[2.025s] -- Up-to-date: /root/glad_ws/install/bringup/share/bringup/config
[2.029s] -- Up-to-date: /root/glad_ws/install/bringup/share/bringup/config/ekf_config.yaml
[2.029s] -- Up-to-date: /root/glad_ws/install/bringup/share/ament_index/resource_index/package_run_dependencies/bringup
[2.030s] -- Up-to-date: /root/glad_ws/install/bringup/share/ament_index/resource_index/parent_prefix_path/bringup
[2.030s] -- Up-to-date: /root/glad_ws/install/bringup/share/bringup/environment/ament_prefix_path.sh
[2.034s] -- Up-to-date: /root/glad_ws/install/bringup/share/bringup/environment/ament_prefix_path.dsv
[2.034s] -- Up-to-date: /root/glad_ws/install/bringup/share/bringup/environment/path.sh
[2.039s] -- Up-to-date: /root/glad_ws/install/bringup/share/bringup/environment/path.dsv
[2.039s] -- Up-to-date: /root/glad_ws/install/bringup/share/bringup/local_setup.bash
[2.040s] -- Up-to-date: /root/glad_ws/install/bringup/share/bringup/local_setup.sh
[2.040s] -- Up-to-date: /root/glad_ws/install/bringup/share/bringup/local_setup.zsh
[2.041s] -- Up-to-date: /root/glad_ws/install/bringup/share/bringup/local_setup.dsv
[2.041s] -- Installing: /root/glad_ws/install/bringup/share/bringup/package.dsv
[2.042s] -- Up-to-date: /root/glad_ws/install/bringup/share/ament_index/resource_index/packages/bringup
[2.042s] -- Up-to-date: /root/glad_ws/install/bringup/share/bringup/cmake/bringupConfig.cmake
[2.043s] -- Up-to-date: /root/glad_ws/install/bringup/share/bringup/cmake/bringupConfig-version.cmake
[2.043s] -- Up-to-date: /root/glad_ws/install/bringup/share/bringup/package.xml
[2.058s] Invoked command in '/root/glad_ws/build/bringup' returned '0': CMAKE_PREFIX_PATH=/opt/ros/humble /usr/bin/cmake --install /root/glad_ws/build/bringup
