[3.451s] Invoking command in '/root/glad_ws/src/myimu': PYTHONPATH=/root/glad_ws/build/myimu/prefix_override:/usr/lib/python3/dist-packages/colcon_core/task/python/colcon_distutils_commands:/root/glad_ws/install/myimu/lib/python3.10/site-packages:${PYTHONPATH} /usr/bin/python3 -W ignore:setup.py install is deprecated -W ignore:easy_install command is deprecated setup.py egg_info --egg-base ../../build/myimu build --build-base /root/glad_ws/build/myimu/build install --record /root/glad_ws/build/myimu/install.log --single-version-externally-managed install_data
[4.360s] running egg_info
[4.362s] writing ../../build/myimu/myimu.egg-info/PKG-INFO
[4.364s] writing dependency_links to ../../build/myimu/myimu.egg-info/dependency_links.txt
[4.365s] writing entry points to ../../build/myimu/myimu.egg-info/entry_points.txt
[4.367s] writing requirements to ../../build/myimu/myimu.egg-info/requires.txt
[4.369s] writing top-level names to ../../build/myimu/myimu.egg-info/top_level.txt
[4.376s] reading manifest file '../../build/myimu/myimu.egg-info/SOURCES.txt'
[4.379s] writing manifest file '../../build/myimu/myimu.egg-info/SOURCES.txt'
[4.380s] running build
[4.380s] running build_py
[4.381s] running install
[4.382s] running install_lib
[4.387s] running install_data
[4.389s] running install_egg_info
[4.395s] removing '/root/glad_ws/install/myimu/lib/python3.10/site-packages/myimu-0.0.0-py3.10.egg-info' (and everything under it)
[4.404s] Copying ../../build/myimu/myimu.egg-info to /root/glad_ws/install/myimu/lib/python3.10/site-packages/myimu-0.0.0-py3.10.egg-info
[4.407s] running install_scripts
[4.490s] Installing imuodom script to /root/glad_ws/install/myimu/lib/myimu
[4.491s] Installing imupub script to /root/glad_ws/install/myimu/lib/myimu
[4.497s] writing list of installed files to '/root/glad_ws/build/myimu/install.log'
[4.621s] Invoked command in '/root/glad_ws/src/myimu' returned '0': PYTHONPATH=/root/glad_ws/build/myimu/prefix_override:/usr/lib/python3/dist-packages/colcon_core/task/python/colcon_distutils_commands:/root/glad_ws/install/myimu/lib/python3.10/site-packages:${PYTHONPATH} /usr/bin/python3 -W ignore:setup.py install is deprecated -W ignore:easy_install command is deprecated setup.py egg_info --egg-base ../../build/myimu build --build-base /root/glad_ws/build/myimu/build install --record /root/glad_ws/build/myimu/install.log --single-version-externally-managed install_data
