[0.110s] Invoking command in '/root/glad_ws/build/bringup': CMAKE_PREFIX_PATH=${CMAKE_PREFIX_PATH}:/root/glad_ws/install/myimu:/root/glad_ws/install/glad_voice:/root/glad_ws/install/glad_motor_controller:/opt/ros/humble /usr/bin/cmake --build /root/glad_ws/build/bringup -- -j4 -l4
[2.939s] Invoked command in '/root/glad_ws/build/bringup' returned '0': CMAKE_PREFIX_PATH=${CMAKE_PREFIX_PATH}:/root/glad_ws/install/myimu:/root/glad_ws/install/glad_voice:/root/glad_ws/install/glad_motor_controller:/opt/ros/humble /usr/bin/cmake --build /root/glad_ws/build/bringup -- -j4 -l4
[2.967s] Invoking command in '/root/glad_ws/build/bringup': CMAKE_PREFIX_PATH=${CMAKE_PREFIX_PATH}:/root/glad_ws/install/myimu:/root/glad_ws/install/glad_voice:/root/glad_ws/install/glad_motor_controller:/opt/ros/humble /usr/bin/cmake --install /root/glad_ws/build/bringup
[2.998s] -- Install configuration: ""
[3.001s] -- Up-to-date: /root/glad_ws/install/bringup/share/bringup/launch
[3.011s] -- Up-to-date: /root/glad_ws/install/bringup/share/bringup/launch/sensorbringup.launch.py
[3.019s] -- Up-to-date: /root/glad_ws/install/bringup/share/bringup/launch/glad_nav2.launch.py
[3.022s] -- Up-to-date: /root/glad_ws/install/bringup/share/bringup/config
[3.023s] -- Up-to-date: /root/glad_ws/install/bringup/share/bringup/config/jithin_room.yaml
[3.024s] -- Installing: /root/glad_ws/install/bringup/share/bringup/config/ekf_config.yaml
[3.024s] -- Up-to-date: /root/glad_ws/install/bringup/share/bringup/config/my_nav2_params.yaml
[3.025s] -- Installing: /root/glad_ws/install/bringup/share/bringup/config/laser_filter.yaml
[3.025s] -- Up-to-date: /root/glad_ws/install/bringup/share/bringup/config/jithin_room.pgm
[3.026s] -- Up-to-date: /root/glad_ws/install/bringup/share/bringup/config/glad_final_tour.py
[3.026s] -- Up-to-date: /root/glad_ws/install/bringup/share/bringup/config/jithin_map_backup.tar.gz
[3.028s] -- Up-to-date: /root/glad_ws/install/bringup/share/bringup/config/glad_tour.py
[3.028s] -- Up-to-date: /root/glad_ws/install/bringup/share/ament_index/resource_index/package_run_dependencies/bringup
[3.029s] -- Up-to-date: /root/glad_ws/install/bringup/share/ament_index/resource_index/parent_prefix_path/bringup
[3.029s] -- Up-to-date: /root/glad_ws/install/bringup/share/bringup/environment/ament_prefix_path.sh
[3.030s] -- Up-to-date: /root/glad_ws/install/bringup/share/bringup/environment/ament_prefix_path.dsv
[3.030s] -- Up-to-date: /root/glad_ws/install/bringup/share/bringup/environment/path.sh
[3.031s] -- Up-to-date: /root/glad_ws/install/bringup/share/bringup/environment/path.dsv
[3.031s] -- Up-to-date: /root/glad_ws/install/bringup/share/bringup/local_setup.bash
[3.032s] -- Up-to-date: /root/glad_ws/install/bringup/share/bringup/local_setup.sh
[3.033s] -- Up-to-date: /root/glad_ws/install/bringup/share/bringup/local_setup.zsh
[3.034s] -- Up-to-date: /root/glad_ws/install/bringup/share/bringup/local_setup.dsv
[3.035s] -- Installing: /root/glad_ws/install/bringup/share/bringup/package.dsv
[3.036s] -- Up-to-date: /root/glad_ws/install/bringup/share/ament_index/resource_index/packages/bringup
[3.036s] -- Up-to-date: /root/glad_ws/install/bringup/share/bringup/cmake/bringupConfig.cmake
[3.037s] -- Up-to-date: /root/glad_ws/install/bringup/share/bringup/cmake/bringupConfig-version.cmake
[3.038s] -- Up-to-date: /root/glad_ws/install/bringup/share/bringup/package.xml
[3.038s] Invoked command in '/root/glad_ws/build/bringup' returned '0': CMAKE_PREFIX_PATH=${CMAKE_PREFIX_PATH}:/root/glad_ws/install/myimu:/root/glad_ws/install/glad_voice:/root/glad_ws/install/glad_motor_controller:/opt/ros/humble /usr/bin/cmake --install /root/glad_ws/build/bringup
