[3.805s] Invoking command in '/root/glad_ws/src/glad_motor_controller': PYTHONPATH=/root/glad_ws/build/glad_motor_controller/prefix_override:/usr/lib/python3/dist-packages/colcon_core/task/python/colcon_distutils_commands:/root/glad_ws/install/glad_motor_controller/lib/python3.10/site-packages:${PYTHONPATH} /usr/bin/python3 -W ignore:setup.py install is deprecated -W ignore:easy_install command is deprecated setup.py egg_info --egg-base ../../build/glad_motor_controller build --build-base /root/glad_ws/build/glad_motor_controller/build install --record /root/glad_ws/build/glad_motor_controller/install.log --single-version-externally-managed install_data
[4.718s] running egg_info
[4.720s] writing ../../build/glad_motor_controller/glad_motor_controller.egg-info/PKG-INFO
[4.720s] writing dependency_links to ../../build/glad_motor_controller/glad_motor_controller.egg-info/dependency_links.txt
[4.721s] writing entry points to ../../build/glad_motor_controller/glad_motor_controller.egg-info/entry_points.txt
[4.726s] writing requirements to ../../build/glad_motor_controller/glad_motor_controller.egg-info/requires.txt
[4.727s] writing top-level names to ../../build/glad_motor_controller/glad_motor_controller.egg-info/top_level.txt
[4.734s] reading manifest file '../../build/glad_motor_controller/glad_motor_controller.egg-info/SOURCES.txt'
[4.735s] writing manifest file '../../build/glad_motor_controller/glad_motor_controller.egg-info/SOURCES.txt'
[4.736s] running build
[4.736s] running build_py
[4.737s] running install
[4.742s] running install_lib
[4.744s] running install_data
[4.746s] running install_egg_info
[4.753s] removing '/root/glad_ws/install/glad_motor_controller/lib/python3.10/site-packages/glad_motor_controller-0.0.0-py3.10.egg-info' (and everything under it)
[4.757s] Copying ../../build/glad_motor_controller/glad_motor_controller.egg-info to /root/glad_ws/install/glad_motor_controller/lib/python3.10/site-packages/glad_motor_controller-0.0.0-py3.10.egg-info
[4.765s] running install_scripts
[4.871s] Installing motor_driver script to /root/glad_ws/install/glad_motor_controller/lib/glad_motor_controller
[4.872s] writing list of installed files to '/root/glad_ws/build/glad_motor_controller/install.log'
[5.024s] Invoked command in '/root/glad_ws/src/glad_motor_controller' returned '0': PYTHONPATH=/root/glad_ws/build/glad_motor_controller/prefix_override:/usr/lib/python3/dist-packages/colcon_core/task/python/colcon_distutils_commands:/root/glad_ws/install/glad_motor_controller/lib/python3.10/site-packages:${PYTHONPATH} /usr/bin/python3 -W ignore:setup.py install is deprecated -W ignore:easy_install command is deprecated setup.py egg_info --egg-base ../../build/glad_motor_controller build --build-base /root/glad_ws/build/glad_motor_controller/build install --record /root/glad_ws/build/glad_motor_controller/install.log --single-version-externally-managed install_data
