[0.112s] Invoking command in '/root/glad_ws/build/bringup': CMAKE_PREFIX_PATH=${CMAKE_PREFIX_PATH}:/root/glad_ws/install/myimu:/root/glad_ws/install/glad_voice:/root/glad_ws/install/glad_motor_controller:/opt/ros/humble /usr/bin/cmake --build /root/glad_ws/build/bringup -- -j4 -l4
[2.972s] Invoked command in '/root/glad_ws/build/bringup' returned '0': CMAKE_PREFIX_PATH=${CMAKE_PREFIX_PATH}:/root/glad_ws/install/myimu:/root/glad_ws/install/glad_voice:/root/glad_ws/install/glad_motor_controller:/opt/ros/humble /usr/bin/cmake --build /root/glad_ws/build/bringup -- -j4 -l4
[3.003s] Invoking command in '/root/glad_ws/build/bringup': CMAKE_PREFIX_PATH=${CMAKE_PREFIX_PATH}:/root/glad_ws/install/myimu:/root/glad_ws/install/glad_voice:/root/glad_ws/install/glad_motor_controller:/opt/ros/humble /usr/bin/cmake --install /root/glad_ws/build/bringup
[3.041s] -- Install configuration: ""
[3.041s] -- Up-to-date: /root/glad_ws/install/bringup/share/bringup/launch
[3.042s] -- Installing: /root/glad_ws/install/bringup/share/bringup/launch/sensorbringup.launch.py
[3.042s] -- Up-to-date: /root/glad_ws/install/bringup/share/bringup/launch/glad_nav2.launch.py
[3.043s] -- Up-to-date: /root/glad_ws/install/bringup/share/bringup/config
[3.043s] -- Up-to-date: /root/glad_ws/install/bringup/share/bringup/config/jithin_room.yaml
[3.043s] -- Up-to-date: /root/glad_ws/install/bringup/share/bringup/config/ekf_config.yaml
[3.044s] -- Up-to-date: /root/glad_ws/install/bringup/share/bringup/config/my_nav2_params.yaml
[3.049s] -- Installing: /root/glad_ws/install/bringup/share/bringup/config/laser_filter.yaml
[3.049s] -- Up-to-date: /root/glad_ws/install/bringup/share/bringup/config/jithin_room.pgm
[3.050s] -- Up-to-date: /root/glad_ws/install/bringup/share/bringup/config/glad_final_tour.py
[3.050s] -- Up-to-date: /root/glad_ws/install/bringup/share/bringup/config/jithin_map_backup.tar.gz
[3.054s] -- Up-to-date: /root/glad_ws/install/bringup/share/bringup/config/glad_tour.py
[3.056s] -- Up-to-date: /root/glad_ws/install/bringup/share/ament_index/resource_index/package_run_dependencies/bringup
[3.060s] -- Up-to-date: /root/glad_ws/install/bringup/share/ament_index/resource_index/parent_prefix_path/bringup
[3.063s] -- Up-to-date: /root/glad_ws/install/bringup/share/bringup/environment/ament_prefix_path.sh
[3.065s] -- Up-to-date: /root/glad_ws/install/bringup/share/bringup/environment/ament_prefix_path.dsv
[3.066s] -- Up-to-date: /root/glad_ws/install/bringup/share/bringup/environment/path.sh
[3.067s] -- Up-to-date: /root/glad_ws/install/bringup/share/bringup/environment/path.dsv
[3.067s] -- Up-to-date: /root/glad_ws/install/bringup/share/bringup/local_setup.bash
[3.068s] -- Up-to-date: /root/glad_ws/install/bringup/share/bringup/local_setup.sh
[3.071s] -- Up-to-date: /root/glad_ws/install/bringup/share/bringup/local_setup.zsh
[3.072s] -- Up-to-date: /root/glad_ws/install/bringup/share/bringup/local_setup.dsv
[3.074s] -- Installing: /root/glad_ws/install/bringup/share/bringup/package.dsv
[3.076s] -- Up-to-date: /root/glad_ws/install/bringup/share/ament_index/resource_index/packages/bringup
[3.078s] -- Up-to-date: /root/glad_ws/install/bringup/share/bringup/cmake/bringupConfig.cmake
[3.078s] -- Up-to-date: /root/glad_ws/install/bringup/share/bringup/cmake/bringupConfig-version.cmake
[3.079s] -- Up-to-date: /root/glad_ws/install/bringup/share/bringup/package.xml
[3.080s] Invoked command in '/root/glad_ws/build/bringup' returned '0': CMAKE_PREFIX_PATH=${CMAKE_PREFIX_PATH}:/root/glad_ws/install/myimu:/root/glad_ws/install/glad_voice:/root/glad_ws/install/glad_motor_controller:/opt/ros/humble /usr/bin/cmake --install /root/glad_ws/build/bringup
