[0.998s] DEBUG:colcon:Command line arguments: ['/usr/bin/colcon', 'build']
[0.998s] DEBUG:colcon:Parsed command line arguments: Namespace(log_base=None, log_level=None, verb_name='build', build_base='build', install_base='install', merge_install=False, symlink_install=False, test_result_base=None, continue_on_error=False, executor='parallel', parallel_workers=4, event_handlers=None, ignore_user_meta=False, metas=['./colcon.meta'], base_paths=['.'], packages_ignore=None, packages_ignore_regex=None, paths=None, packages_up_to=None, packages_up_to_regex=None, packages_above=None, packages_above_and_dependencies=None, packages_above_depth=None, packages_select_by_dep=None, packages_skip_by_dep=None, packages_skip_up_to=None, packages_select_build_failed=False, packages_skip_build_finished=False, packages_select_test_failures=False, packages_skip_test_passed=False, packages_select=None, packages_skip=None, packages_select_regex=None, packages_skip_regex=None, packages_start=None, packages_end=None, allow_overriding=[], cmake_args=None, cmake_target=None, cmake_target_skip_unavailable=False, cmake_clean_cache=False, cmake_clean_first=False, cmake_force_configure=False, ament_cmake_args=None, catkin_cmake_args=None, catkin_skip_building_tests=False, mixin_files=None, mixin=None, verb_parser=<colcon_mixin.mixin.mixin_argument.MixinArgumentDecorator object at 0x7f9d29f640>, verb_extension=<colcon_core.verb.build.BuildVerb object at 0x7f9d49c310>, main=<bound method BuildVerb.main of <colcon_core.verb.build.BuildVerb object at 0x7f9d49c310>>, mixin_verb=('build',))
[1.809s] Level 1:colcon.colcon_core.package_discovery:discover_packages(colcon_meta) check parameters
[1.809s] Level 1:colcon.colcon_core.package_discovery:discover_packages(recursive) check parameters
[1.809s] Level 1:colcon.colcon_core.package_discovery:discover_packages(ignore) check parameters
[1.810s] Level 1:colcon.colcon_core.package_discovery:discover_packages(path) check parameters
[1.810s] Level 1:colcon.colcon_core.package_discovery:discover_packages(colcon_meta) discover
[1.810s] Level 1:colcon.colcon_core.package_discovery:discover_packages(recursive) discover
[1.810s] INFO:colcon.colcon_core.package_discovery:Crawling recursively for packages in '/root/glad_ws'
[1.811s] Level 1:colcon.colcon_core.package_identification:_identify(.) by extensions ['ignore', 'ignore_ament_install']
[1.811s] Level 1:colcon.colcon_core.package_identification:_identify(.) by extension 'ignore'
[1.812s] Level 1:colcon.colcon_core.package_identification:_identify(.) by extension 'ignore_ament_install'
[1.812s] Level 1:colcon.colcon_core.package_identification:_identify(.) by extensions ['colcon_pkg']
[1.812s] Level 1:colcon.colcon_core.package_identification:_identify(.) by extension 'colcon_pkg'
[1.813s] Level 1:colcon.colcon_core.package_identification:_identify(.) by extensions ['colcon_meta']
[1.813s] Level 1:colcon.colcon_core.package_identification:_identify(.) by extension 'colcon_meta'
[1.813s] Level 1:colcon.colcon_core.package_identification:_identify(.) by extensions ['ros']
[1.814s] Level 1:colcon.colcon_core.package_identification:_identify(.) by extension 'ros'
[1.878s] Level 1:colcon.colcon_core.package_identification:_identify(.) by extensions ['cmake', 'python']
[1.878s] Level 1:colcon.colcon_core.package_identification:_identify(.) by extension 'cmake'
[1.878s] Level 1:colcon.colcon_core.package_identification:_identify(.) by extension 'python'
[1.879s] Level 1:colcon.colcon_core.package_identification:_identify(.) by extensions ['python_setup_py']
[1.879s] Level 1:colcon.colcon_core.package_identification:_identify(.) by extension 'python_setup_py'
[1.879s] Level 1:colcon.colcon_core.package_identification:_identify(build) by extensions ['ignore', 'ignore_ament_install']
[1.879s] Level 1:colcon.colcon_core.package_identification:_identify(build) by extension 'ignore'
[1.880s] Level 1:colcon.colcon_core.package_identification:_identify(build) ignored
[1.880s] Level 1:colcon.colcon_core.package_identification:_identify(install) by extensions ['ignore', 'ignore_ament_install']
[1.881s] Level 1:colcon.colcon_core.package_identification:_identify(install) by extension 'ignore'
[1.881s] Level 1:colcon.colcon_core.package_identification:_identify(install) ignored
[1.881s] Level 1:colcon.colcon_core.package_identification:_identify(log) by extensions ['ignore', 'ignore_ament_install']
[1.882s] Level 1:colcon.colcon_core.package_identification:_identify(log) by extension 'ignore'
[1.882s] Level 1:colcon.colcon_core.package_identification:_identify(log) ignored
[1.882s] Level 1:colcon.colcon_core.package_identification:_identify(src) by extensions ['ignore', 'ignore_ament_install']
[1.882s] Level 1:colcon.colcon_core.package_identification:_identify(src) by extension 'ignore'
[1.883s] Level 1:colcon.colcon_core.package_identification:_identify(src) by extension 'ignore_ament_install'
[1.883s] Level 1:colcon.colcon_core.package_identification:_identify(src) by extensions ['colcon_pkg']
[1.883s] Level 1:colcon.colcon_core.package_identification:_identify(src) by extension 'colcon_pkg'
[1.883s] Level 1:colcon.colcon_core.package_identification:_identify(src) by extensions ['colcon_meta']
[1.883s] Level 1:colcon.colcon_core.package_identification:_identify(src) by extension 'colcon_meta'
[1.884s] Level 1:colcon.colcon_core.package_identification:_identify(src) by extensions ['ros']
[1.884s] Level 1:colcon.colcon_core.package_identification:_identify(src) by extension 'ros'
[1.884s] Level 1:colcon.colcon_core.package_identification:_identify(src) by extensions ['cmake', 'python']
[1.884s] Level 1:colcon.colcon_core.package_identification:_identify(src) by extension 'cmake'
[1.884s] Level 1:colcon.colcon_core.package_identification:_identify(src) by extension 'python'
[1.885s] Level 1:colcon.colcon_core.package_identification:_identify(src) by extensions ['python_setup_py']
[1.885s] Level 1:colcon.colcon_core.package_identification:_identify(src) by extension 'python_setup_py'
[1.885s] Level 1:colcon.colcon_core.package_identification:_identify(src/bringup) by extensions ['ignore', 'ignore_ament_install']
[1.885s] Level 1:colcon.colcon_core.package_identification:_identify(src/bringup) by extension 'ignore'
[1.886s] Level 1:colcon.colcon_core.package_identification:_identify(src/bringup) by extension 'ignore_ament_install'
[1.886s] Level 1:colcon.colcon_core.package_identification:_identify(src/bringup) by extensions ['colcon_pkg']
[1.886s] Level 1:colcon.colcon_core.package_identification:_identify(src/bringup) by extension 'colcon_pkg'
[1.886s] Level 1:colcon.colcon_core.package_identification:_identify(src/bringup) by extensions ['colcon_meta']
[1.886s] Level 1:colcon.colcon_core.package_identification:_identify(src/bringup) by extension 'colcon_meta'
[1.886s] Level 1:colcon.colcon_core.package_identification:_identify(src/bringup) by extensions ['ros']
[1.886s] Level 1:colcon.colcon_core.package_identification:_identify(src/bringup) by extension 'ros'
[1.897s] DEBUG:colcon.colcon_core.package_identification:Package 'src/bringup' with type 'ros.ament_cmake' and name 'bringup'
[1.897s] Level 1:colcon.colcon_core.package_identification:_identify(src/glad_motor_controller) by extensions ['ignore', 'ignore_ament_install']
[1.898s] Level 1:colcon.colcon_core.package_identification:_identify(src/glad_motor_controller) by extension 'ignore'
[1.898s] Level 1:colcon.colcon_core.package_identification:_identify(src/glad_motor_controller) by extension 'ignore_ament_install'
[1.898s] Level 1:colcon.colcon_core.package_identification:_identify(src/glad_motor_controller) by extensions ['colcon_pkg']
[1.898s] Level 1:colcon.colcon_core.package_identification:_identify(src/glad_motor_controller) by extension 'colcon_pkg'
[1.899s] Level 1:colcon.colcon_core.package_identification:_identify(src/glad_motor_controller) by extensions ['colcon_meta']
[1.899s] Level 1:colcon.colcon_core.package_identification:_identify(src/glad_motor_controller) by extension 'colcon_meta'
[1.899s] Level 1:colcon.colcon_core.package_identification:_identify(src/glad_motor_controller) by extensions ['ros']
[1.899s] Level 1:colcon.colcon_core.package_identification:_identify(src/glad_motor_controller) by extension 'ros'
[1.903s] DEBUG:colcon.colcon_core.package_identification:Package 'src/glad_motor_controller' with type 'ros.ament_python' and name 'glad_motor_controller'
[1.904s] Level 1:colcon.colcon_core.package_identification:_identify(src/glad_voice) by extensions ['ignore', 'ignore_ament_install']
[1.904s] Level 1:colcon.colcon_core.package_identification:_identify(src/glad_voice) by extension 'ignore'
[1.905s] Level 1:colcon.colcon_core.package_identification:_identify(src/glad_voice) by extension 'ignore_ament_install'
[1.905s] Level 1:colcon.colcon_core.package_identification:_identify(src/glad_voice) by extensions ['colcon_pkg']
[1.905s] Level 1:colcon.colcon_core.package_identification:_identify(src/glad_voice) by extension 'colcon_pkg'
[1.905s] Level 1:colcon.colcon_core.package_identification:_identify(src/glad_voice) by extensions ['colcon_meta']
[1.905s] Level 1:colcon.colcon_core.package_identification:_identify(src/glad_voice) by extension 'colcon_meta'
[1.906s] Level 1:colcon.colcon_core.package_identification:_identify(src/glad_voice) by extensions ['ros']
[1.906s] Level 1:colcon.colcon_core.package_identification:_identify(src/glad_voice) by extension 'ros'
[1.909s] DEBUG:colcon.colcon_core.package_identification:Package 'src/glad_voice' with type 'ros.ament_python' and name 'glad_voice'
[1.909s] Level 1:colcon.colcon_core.package_identification:_identify(src/myimu) by extensions ['ignore', 'ignore_ament_install']
[1.909s] Level 1:colcon.colcon_core.package_identification:_identify(src/myimu) by extension 'ignore'
[1.910s] Level 1:colcon.colcon_core.package_identification:_identify(src/myimu) by extension 'ignore_ament_install'
[1.910s] Level 1:colcon.colcon_core.package_identification:_identify(src/myimu) by extensions ['colcon_pkg']
[1.910s] Level 1:colcon.colcon_core.package_identification:_identify(src/myimu) by extension 'colcon_pkg'
[1.910s] Level 1:colcon.colcon_core.package_identification:_identify(src/myimu) by extensions ['colcon_meta']
[1.910s] Level 1:colcon.colcon_core.package_identification:_identify(src/myimu) by extension 'colcon_meta'
[1.911s] Level 1:colcon.colcon_core.package_identification:_identify(src/myimu) by extensions ['ros']
[1.911s] Level 1:colcon.colcon_core.package_identification:_identify(src/myimu) by extension 'ros'
[1.914s] DEBUG:colcon.colcon_core.package_identification:Package 'src/myimu' with type 'ros.ament_python' and name 'myimu'
[1.914s] Level 1:colcon.colcon_core.package_identification:_identify(src/rf2o_laser_odometry) by extensions ['ignore', 'ignore_ament_install']
[1.915s] Level 1:colcon.colcon_core.package_identification:_identify(src/rf2o_laser_odometry) by extension 'ignore'
[1.915s] Level 1:colcon.colcon_core.package_identification:_identify(src/rf2o_laser_odometry) by extension 'ignore_ament_install'
[1.915s] Level 1:colcon.colcon_core.package_identification:_identify(src/rf2o_laser_odometry) by extensions ['colcon_pkg']
[1.915s] Level 1:colcon.colcon_core.package_identification:_identify(src/rf2o_laser_odometry) by extension 'colcon_pkg'
[1.915s] Level 1:colcon.colcon_core.package_identification:_identify(src/rf2o_laser_odometry) by extensions ['colcon_meta']
[1.915s] Level 1:colcon.colcon_core.package_identification:_identify(src/rf2o_laser_odometry) by extension 'colcon_meta'
[1.916s] Level 1:colcon.colcon_core.package_identification:_identify(src/rf2o_laser_odometry) by extensions ['ros']
[1.916s] Level 1:colcon.colcon_core.package_identification:_identify(src/rf2o_laser_odometry) by extension 'ros'
[1.920s] DEBUG:colcon.colcon_core.package_identification:Package 'src/rf2o_laser_odometry' with type 'ros.ament_cmake' and name 'rf2o_laser_odometry'
[1.921s] Level 1:colcon.colcon_core.package_identification:_identify(src/rplidar_ros) by extensions ['ignore', 'ignore_ament_install']
[1.921s] Level 1:colcon.colcon_core.package_identification:_identify(src/rplidar_ros) by extension 'ignore'
[1.921s] Level 1:colcon.colcon_core.package_identification:_identify(src/rplidar_ros) by extension 'ignore_ament_install'
[1.922s] Level 1:colcon.colcon_core.package_identification:_identify(src/rplidar_ros) by extensions ['colcon_pkg']
[1.922s] Level 1:colcon.colcon_core.package_identification:_identify(src/rplidar_ros) by extension 'colcon_pkg'
[1.922s] Level 1:colcon.colcon_core.package_identification:_identify(src/rplidar_ros) by extensions ['colcon_meta']
[1.922s] Level 1:colcon.colcon_core.package_identification:_identify(src/rplidar_ros) by extension 'colcon_meta'
[1.922s] Level 1:colcon.colcon_core.package_identification:_identify(src/rplidar_ros) by extensions ['ros']
[1.922s] Level 1:colcon.colcon_core.package_identification:_identify(src/rplidar_ros) by extension 'ros'
[1.925s] DEBUG:colcon.colcon_core.package_identification:Package 'src/rplidar_ros' with type 'ros.ament_cmake' and name 'rplidar_ros'
[1.926s] Level 1:colcon.colcon_core.package_discovery:discover_packages(recursive) using defaults
[1.926s] Level 1:colcon.colcon_core.package_discovery:discover_packages(ignore) discover
[1.926s] Level 1:colcon.colcon_core.package_discovery:discover_packages(ignore) using defaults
[1.926s] Level 1:colcon.colcon_core.package_discovery:discover_packages(path) discover
[1.926s] Level 1:colcon.colcon_core.package_discovery:discover_packages(path) using defaults
[2.046s] Level 1:colcon.colcon_core.package_discovery:discover_packages(prefix_path) check parameters
[2.046s] Level 1:colcon.colcon_core.package_discovery:discover_packages(prefix_path) discover
[2.059s] DEBUG:colcon.colcon_installed_package_information.package_discovery:Found 188 installed packages in /opt/ros/humble
[2.063s] Level 1:colcon.colcon_core.package_discovery:discover_packages(prefix_path) using defaults
[2.199s] Level 5:colcon.colcon_core.verb:set package 'bringup' build argument 'cmake_args' from command line to 'None'
[2.199s] Level 5:colcon.colcon_core.verb:set package 'bringup' build argument 'cmake_target' from command line to 'None'
[2.199s] Level 5:colcon.colcon_core.verb:set package 'bringup' build argument 'cmake_target_skip_unavailable' from command line to 'False'
[2.199s] Level 5:colcon.colcon_core.verb:set package 'bringup' build argument 'cmake_clean_cache' from command line to 'False'
[2.199s] Level 5:colcon.colcon_core.verb:set package 'bringup' build argument 'cmake_clean_first' from command line to 'False'
[2.199s] Level 5:colcon.colcon_core.verb:set package 'bringup' build argument 'cmake_force_configure' from command line to 'False'
[2.199s] Level 5:colcon.colcon_core.verb:set package 'bringup' build argument 'ament_cmake_args' from command line to 'None'
[2.199s] Level 5:colcon.colcon_core.verb:set package 'bringup' build argument 'catkin_cmake_args' from command line to 'None'
[2.200s] Level 5:colcon.colcon_core.verb:set package 'bringup' build argument 'catkin_skip_building_tests' from command line to 'False'
[2.200s] DEBUG:colcon.colcon_core.verb:Building package 'bringup' with the following arguments: {'ament_cmake_args': None, 'build_base': '/root/glad_ws/build/bringup', 'catkin_cmake_args': None, 'catkin_skip_building_tests': False, 'cmake_args': None, 'cmake_clean_cache': False, 'cmake_clean_first': False, 'cmake_force_configure': False, 'cmake_target': None, 'cmake_target_skip_unavailable': False, 'install_base': '/root/glad_ws/install/bringup', 'merge_install': False, 'path': '/root/glad_ws/src/bringup', 'symlink_install': False, 'test_result_base': None}
[2.201s] Level 5:colcon.colcon_core.verb:set package 'glad_motor_controller' build argument 'cmake_args' from command line to 'None'
[2.201s] Level 5:colcon.colcon_core.verb:set package 'glad_motor_controller' build argument 'cmake_target' from command line to 'None'
[2.201s] Level 5:colcon.colcon_core.verb:set package 'glad_motor_controller' build argument 'cmake_target_skip_unavailable' from command line to 'False'
[2.202s] Level 5:colcon.colcon_core.verb:set package 'glad_motor_controller' build argument 'cmake_clean_cache' from command line to 'False'
[2.202s] Level 5:colcon.colcon_core.verb:set package 'glad_motor_controller' build argument 'cmake_clean_first' from command line to 'False'
[2.202s] Level 5:colcon.colcon_core.verb:set package 'glad_motor_controller' build argument 'cmake_force_configure' from command line to 'False'
[2.202s] Level 5:colcon.colcon_core.verb:set package 'glad_motor_controller' build argument 'ament_cmake_args' from command line to 'None'
[2.202s] Level 5:colcon.colcon_core.verb:set package 'glad_motor_controller' build argument 'catkin_cmake_args' from command line to 'None'
[2.202s] Level 5:colcon.colcon_core.verb:set package 'glad_motor_controller' build argument 'catkin_skip_building_tests' from command line to 'False'
[2.202s] DEBUG:colcon.colcon_core.verb:Building package 'glad_motor_controller' with the following arguments: {'ament_cmake_args': None, 'build_base': '/root/glad_ws/build/glad_motor_controller', 'catkin_cmake_args': None, 'catkin_skip_building_tests': False, 'cmake_args': None, 'cmake_clean_cache': False, 'cmake_clean_first': False, 'cmake_force_configure': False, 'cmake_target': None, 'cmake_target_skip_unavailable': False, 'install_base': '/root/glad_ws/install/glad_motor_controller', 'merge_install': False, 'path': '/root/glad_ws/src/glad_motor_controller', 'symlink_install': False, 'test_result_base': None}
[2.204s] Level 5:colcon.colcon_core.verb:set package 'glad_voice' build argument 'cmake_args' from command line to 'None'
[2.204s] Level 5:colcon.colcon_core.verb:set package 'glad_voice' build argument 'cmake_target' from command line to 'None'
[2.204s] Level 5:colcon.colcon_core.verb:set package 'glad_voice' build argument 'cmake_target_skip_unavailable' from command line to 'False'
[2.204s] Level 5:colcon.colcon_core.verb:set package 'glad_voice' build argument 'cmake_clean_cache' from command line to 'False'
[2.204s] Level 5:colcon.colcon_core.verb:set package 'glad_voice' build argument 'cmake_clean_first' from command line to 'False'
[2.204s] Level 5:colcon.colcon_core.verb:set package 'glad_voice' build argument 'cmake_force_configure' from command line to 'False'
[2.204s] Level 5:colcon.colcon_core.verb:set package 'glad_voice' build argument 'ament_cmake_args' from command line to 'None'
[2.204s] Level 5:colcon.colcon_core.verb:set package 'glad_voice' build argument 'catkin_cmake_args' from command line to 'None'
[2.204s] Level 5:colcon.colcon_core.verb:set package 'glad_voice' build argument 'catkin_skip_building_tests' from command line to 'False'
[2.204s] DEBUG:colcon.colcon_core.verb:Building package 'glad_voice' with the following arguments: {'ament_cmake_args': None, 'build_base': '/root/glad_ws/build/glad_voice', 'catkin_cmake_args': None, 'catkin_skip_building_tests': False, 'cmake_args': None, 'cmake_clean_cache': False, 'cmake_clean_first': False, 'cmake_force_configure': False, 'cmake_target': None, 'cmake_target_skip_unavailable': False, 'install_base': '/root/glad_ws/install/glad_voice', 'merge_install': False, 'path': '/root/glad_ws/src/glad_voice', 'symlink_install': False, 'test_result_base': None}
[2.206s] Level 5:colcon.colcon_core.verb:set package 'myimu' build argument 'cmake_args' from command line to 'None'
[2.206s] Level 5:colcon.colcon_core.verb:set package 'myimu' build argument 'cmake_target' from command line to 'None'
[2.206s] Level 5:colcon.colcon_core.verb:set package 'myimu' build argument 'cmake_target_skip_unavailable' from command line to 'False'
[2.206s] Level 5:colcon.colcon_core.verb:set package 'myimu' build argument 'cmake_clean_cache' from command line to 'False'
[2.206s] Level 5:colcon.colcon_core.verb:set package 'myimu' build argument 'cmake_clean_first' from command line to 'False'
[2.206s] Level 5:colcon.colcon_core.verb:set package 'myimu' build argument 'cmake_force_configure' from command line to 'False'
[2.206s] Level 5:colcon.colcon_core.verb:set package 'myimu' build argument 'ament_cmake_args' from command line to 'None'
[2.206s] Level 5:colcon.colcon_core.verb:set package 'myimu' build argument 'catkin_cmake_args' from command line to 'None'
[2.207s] Level 5:colcon.colcon_core.verb:set package 'myimu' build argument 'catkin_skip_building_tests' from command line to 'False'
[2.207s] DEBUG:colcon.colcon_core.verb:Building package 'myimu' with the following arguments: {'ament_cmake_args': None, 'build_base': '/root/glad_ws/build/myimu', 'catkin_cmake_args': None, 'catkin_skip_building_tests': False, 'cmake_args': None, 'cmake_clean_cache': False, 'cmake_clean_first': False, 'cmake_force_configure': False, 'cmake_target': None, 'cmake_target_skip_unavailable': False, 'install_base': '/root/glad_ws/install/myimu', 'merge_install': False, 'path': '/root/glad_ws/src/myimu', 'symlink_install': False, 'test_result_base': None}
[2.208s] Level 5:colcon.colcon_core.verb:set package 'rf2o_laser_odometry' build argument 'cmake_args' from command line to 'None'
[2.208s] Level 5:colcon.colcon_core.verb:set package 'rf2o_laser_odometry' build argument 'cmake_target' from command line to 'None'
[2.208s] Level 5:colcon.colcon_core.verb:set package 'rf2o_laser_odometry' build argument 'cmake_target_skip_unavailable' from command line to 'False'
[2.209s] Level 5:colcon.colcon_core.verb:set package 'rf2o_laser_odometry' build argument 'cmake_clean_cache' from command line to 'False'
[2.209s] Level 5:colcon.colcon_core.verb:set package 'rf2o_laser_odometry' build argument 'cmake_clean_first' from command line to 'False'
[2.209s] Level 5:colcon.colcon_core.verb:set package 'rf2o_laser_odometry' build argument 'cmake_force_configure' from command line to 'False'
[2.209s] Level 5:colcon.colcon_core.verb:set package 'rf2o_laser_odometry' build argument 'ament_cmake_args' from command line to 'None'
[2.209s] Level 5:colcon.colcon_core.verb:set package 'rf2o_laser_odometry' build argument 'catkin_cmake_args' from command line to 'None'
[2.209s] Level 5:colcon.colcon_core.verb:set package 'rf2o_laser_odometry' build argument 'catkin_skip_building_tests' from command line to 'False'
[2.209s] DEBUG:colcon.colcon_core.verb:Building package 'rf2o_laser_odometry' with the following arguments: {'ament_cmake_args': None, 'build_base': '/root/glad_ws/build/rf2o_laser_odometry', 'catkin_cmake_args': None, 'catkin_skip_building_tests': False, 'cmake_args': None, 'cmake_clean_cache': False, 'cmake_clean_first': False, 'cmake_force_configure': False, 'cmake_target': None, 'cmake_target_skip_unavailable': False, 'install_base': '/root/glad_ws/install/rf2o_laser_odometry', 'merge_install': False, 'path': '/root/glad_ws/src/rf2o_laser_odometry', 'symlink_install': False, 'test_result_base': None}
[2.211s] Level 5:colcon.colcon_core.verb:set package 'rplidar_ros' build argument 'cmake_args' from command line to 'None'
[2.211s] Level 5:colcon.colcon_core.verb:set package 'rplidar_ros' build argument 'cmake_target' from command line to 'None'
[2.212s] Level 5:colcon.colcon_core.verb:set package 'rplidar_ros' build argument 'cmake_target_skip_unavailable' from command line to 'False'
[2.212s] Level 5:colcon.colcon_core.verb:set package 'rplidar_ros' build argument 'cmake_clean_cache' from command line to 'False'
[2.212s] Level 5:colcon.colcon_core.verb:set package 'rplidar_ros' build argument 'cmake_clean_first' from command line to 'False'
[2.212s] Level 5:colcon.colcon_core.verb:set package 'rplidar_ros' build argument 'cmake_force_configure' from command line to 'False'
[2.212s] Level 5:colcon.colcon_core.verb:set package 'rplidar_ros' build argument 'ament_cmake_args' from command line to 'None'
[2.212s] Level 5:colcon.colcon_core.verb:set package 'rplidar_ros' build argument 'catkin_cmake_args' from command line to 'None'
[2.212s] Level 5:colcon.colcon_core.verb:set package 'rplidar_ros' build argument 'catkin_skip_building_tests' from command line to 'False'
[2.212s] DEBUG:colcon.colcon_core.verb:Building package 'rplidar_ros' with the following arguments: {'ament_cmake_args': None, 'build_base': '/root/glad_ws/build/rplidar_ros', 'catkin_cmake_args': None, 'catkin_skip_building_tests': False, 'cmake_args': None, 'cmake_clean_cache': False, 'cmake_clean_first': False, 'cmake_force_configure': False, 'cmake_target': None, 'cmake_target_skip_unavailable': False, 'install_base': '/root/glad_ws/install/rplidar_ros', 'merge_install': False, 'path': '/root/glad_ws/src/rplidar_ros', 'symlink_install': False, 'test_result_base': None}
[2.213s] INFO:colcon.colcon_core.executor:Executing jobs using 'parallel' executor
[2.216s] DEBUG:colcon.colcon_parallel_executor.executor.parallel:run_until_complete
[2.217s] INFO:colcon.colcon_ros.task.ament_cmake.build:Building ROS package in '/root/glad_ws/src/bringup' with build type 'ament_cmake'
[2.218s] INFO:colcon.colcon_cmake.task.cmake.build:Building CMake package in '/root/glad_ws/src/bringup'
[2.235s] INFO:colcon.colcon_core.plugin_system:Skipping extension 'colcon_core.shell.bat': Not used on non-Windows systems
[2.236s] INFO:colcon.colcon_core.shell:Skip shell extension 'powershell' for command environment: Not usable outside of PowerShell
[2.236s] DEBUG:colcon.colcon_core.shell:Skip shell extension 'dsv' for command environment
[2.245s] INFO:colcon.colcon_ros.task.ament_python.build:Building ROS package in '/root/glad_ws/src/glad_motor_controller' with build type 'ament_python'
[2.246s] Level 1:colcon.colcon_core.shell:create_environment_hook('glad_motor_controller', 'ament_prefix_path')
[2.247s] INFO:colcon.colcon_core.shell:Creating environment hook '/root/glad_ws/install/glad_motor_controller/share/glad_motor_controller/hook/ament_prefix_path.ps1'
[2.250s] INFO:colcon.colcon_core.shell:Creating environment descriptor '/root/glad_ws/install/glad_motor_controller/share/glad_motor_controller/hook/ament_prefix_path.dsv'
[2.253s] INFO:colcon.colcon_core.shell:Creating environment hook '/root/glad_ws/install/glad_motor_controller/share/glad_motor_controller/hook/ament_prefix_path.sh'
[2.257s] INFO:colcon.colcon_core.shell:Skip shell extension 'powershell' for command environment: Not usable outside of PowerShell
[2.257s] DEBUG:colcon.colcon_core.shell:Skip shell extension 'dsv' for command environment
[2.264s] INFO:colcon.colcon_ros.task.ament_python.build:Building ROS package in '/root/glad_ws/src/glad_voice' with build type 'ament_python'
[2.265s] Level 1:colcon.colcon_core.shell:create_environment_hook('glad_voice', 'ament_prefix_path')
[2.266s] INFO:colcon.colcon_core.shell:Creating environment hook '/root/glad_ws/install/glad_voice/share/glad_voice/hook/ament_prefix_path.ps1'
[2.269s] INFO:colcon.colcon_core.shell:Creating environment descriptor '/root/glad_ws/install/glad_voice/share/glad_voice/hook/ament_prefix_path.dsv'
[2.270s] INFO:colcon.colcon_core.shell:Creating environment hook '/root/glad_ws/install/glad_voice/share/glad_voice/hook/ament_prefix_path.sh'
[2.272s] INFO:colcon.colcon_core.shell:Skip shell extension 'powershell' for command environment: Not usable outside of PowerShell
[2.273s] DEBUG:colcon.colcon_core.shell:Skip shell extension 'dsv' for command environment
[2.280s] INFO:colcon.colcon_ros.task.ament_python.build:Building ROS package in '/root/glad_ws/src/myimu' with build type 'ament_python'
[2.281s] Level 1:colcon.colcon_core.shell:create_environment_hook('myimu', 'ament_prefix_path')
[2.282s] INFO:colcon.colcon_core.shell:Creating environment hook '/root/glad_ws/install/myimu/share/myimu/hook/ament_prefix_path.ps1'
[2.285s] INFO:colcon.colcon_core.shell:Creating environment descriptor '/root/glad_ws/install/myimu/share/myimu/hook/ament_prefix_path.dsv'
[2.286s] INFO:colcon.colcon_core.shell:Creating environment hook '/root/glad_ws/install/myimu/share/myimu/hook/ament_prefix_path.sh'
[2.289s] INFO:colcon.colcon_core.shell:Skip shell extension 'powershell' for command environment: Not usable outside of PowerShell
[2.289s] DEBUG:colcon.colcon_core.shell:Skip shell extension 'dsv' for command environment
[2.311s] DEBUG:colcon.colcon_core.event_handler.log_command:Invoking command in '/root/glad_ws/build/bringup': CMAKE_PREFIX_PATH=/opt/ros/humble /usr/bin/cmake --build /root/glad_ws/build/bringup -- -j4 -l4
[3.254s] INFO:colcon.colcon_core.task.python.build:Building Python package in '/root/glad_ws/src/glad_motor_controller'
[3.255s] INFO:colcon.colcon_core.shell:Skip shell extension 'powershell' for command environment: Not usable outside of PowerShell
[3.256s] DEBUG:colcon.colcon_core.shell:Skip shell extension 'dsv' for command environment
[4.256s] INFO:colcon.colcon_core.task.python.build:Building Python package in '/root/glad_ws/src/glad_voice'
[4.257s] INFO:colcon.colcon_core.shell:Skip shell extension 'powershell' for command environment: Not usable outside of PowerShell
[4.257s] DEBUG:colcon.colcon_core.shell:Skip shell extension 'dsv' for command environment
[5.139s] INFO:colcon.colcon_core.task.python.build:Building Python package in '/root/glad_ws/src/myimu'
[5.140s] INFO:colcon.colcon_core.shell:Skip shell extension 'powershell' for command environment: Not usable outside of PowerShell
[5.140s] DEBUG:colcon.colcon_core.shell:Skip shell extension 'dsv' for command environment
[5.154s] DEBUG:colcon.colcon_core.event_handler.log_command:Invoked command in '/root/glad_ws/build/bringup' returned '0': CMAKE_PREFIX_PATH=/opt/ros/humble /usr/bin/cmake --build /root/glad_ws/build/bringup -- -j4 -l4
[5.185s] DEBUG:colcon.colcon_core.event_handler.log_command:Invoking command in '/root/glad_ws/build/bringup': CMAKE_PREFIX_PATH=/opt/ros/humble /usr/bin/cmake --install /root/glad_ws/build/bringup
[5.240s] Level 1:colcon.colcon_core.environment:create_environment_scripts_only(bringup)
[5.246s] DEBUG:colcon.colcon_core.event_handler.log_command:Invoked command in '/root/glad_ws/build/bringup' returned '0': CMAKE_PREFIX_PATH=/opt/ros/humble /usr/bin/cmake --install /root/glad_ws/build/bringup
[5.273s] Level 1:colcon.colcon_core.environment:checking '/root/glad_ws/install/bringup' for CMake module files
[5.277s] Level 1:colcon.colcon_core.environment:checking '/root/glad_ws/install/bringup' for CMake config files
[5.280s] Level 1:colcon.colcon_core.shell:create_environment_hook('bringup', 'cmake_prefix_path')
[5.281s] INFO:colcon.colcon_core.shell:Creating environment hook '/root/glad_ws/install/bringup/share/bringup/hook/cmake_prefix_path.ps1'
[5.285s] INFO:colcon.colcon_core.shell:Creating environment descriptor '/root/glad_ws/install/bringup/share/bringup/hook/cmake_prefix_path.dsv'
[5.289s] INFO:colcon.colcon_core.shell:Creating environment hook '/root/glad_ws/install/bringup/share/bringup/hook/cmake_prefix_path.sh'
[5.293s] Level 1:colcon.colcon_core.environment:checking '/root/glad_ws/install/bringup/bin'
[5.294s] Level 1:colcon.colcon_core.environment:checking '/root/glad_ws/install/bringup/lib/pkgconfig/bringup.pc'
[5.296s] Level 1:colcon.colcon_core.environment:checking '/root/glad_ws/install/bringup/lib/python3.10/site-packages'
[5.299s] Level 1:colcon.colcon_core.environment:checking '/root/glad_ws/install/bringup/bin'
[5.301s] INFO:colcon.colcon_core.shell:Creating package script '/root/glad_ws/install/bringup/share/bringup/package.ps1'
[5.307s] INFO:colcon.colcon_core.shell:Creating package descriptor '/root/glad_ws/install/bringup/share/bringup/package.dsv'
[5.312s] INFO:colcon.colcon_core.shell:Creating package script '/root/glad_ws/install/bringup/share/bringup/package.sh'
[5.317s] INFO:colcon.colcon_core.shell:Creating package script '/root/glad_ws/install/bringup/share/bringup/package.bash'
[5.324s] INFO:colcon.colcon_core.shell:Creating package script '/root/glad_ws/install/bringup/share/bringup/package.zsh'
[5.331s] Level 1:colcon.colcon_core.environment:create_file_with_runtime_dependencies(/root/glad_ws/install/bringup/share/colcon-core/packages/bringup)
[5.335s] Level 1:colcon.colcon_core.environment:create_environment_scripts_only(bringup)
[5.337s] Level 1:colcon.colcon_core.environment:checking '/root/glad_ws/install/bringup' for CMake module files
[5.339s] Level 1:colcon.colcon_core.environment:checking '/root/glad_ws/install/bringup' for CMake config files
[5.340s] Level 1:colcon.colcon_core.shell:create_environment_hook('bringup', 'cmake_prefix_path')
[5.342s] INFO:colcon.colcon_core.shell:Creating environment hook '/root/glad_ws/install/bringup/share/bringup/hook/cmake_prefix_path.ps1'
[5.344s] INFO:colcon.colcon_core.shell:Creating environment descriptor '/root/glad_ws/install/bringup/share/bringup/hook/cmake_prefix_path.dsv'
[5.352s] INFO:colcon.colcon_core.shell:Creating environment hook '/root/glad_ws/install/bringup/share/bringup/hook/cmake_prefix_path.sh'
[5.360s] Level 1:colcon.colcon_core.environment:checking '/root/glad_ws/install/bringup/bin'
[5.361s] Level 1:colcon.colcon_core.environment:checking '/root/glad_ws/install/bringup/lib/pkgconfig/bringup.pc'
[5.363s] Level 1:colcon.colcon_core.environment:checking '/root/glad_ws/install/bringup/lib/python3.10/site-packages'
[5.370s] Level 1:colcon.colcon_core.environment:checking '/root/glad_ws/install/bringup/bin'
[5.373s] INFO:colcon.colcon_core.shell:Creating package script '/root/glad_ws/install/bringup/share/bringup/package.ps1'
[5.377s] INFO:colcon.colcon_core.shell:Creating package descriptor '/root/glad_ws/install/bringup/share/bringup/package.dsv'
[5.382s] INFO:colcon.colcon_core.shell:Creating package script '/root/glad_ws/install/bringup/share/bringup/package.sh'
[5.386s] INFO:colcon.colcon_core.shell:Creating package script '/root/glad_ws/install/bringup/share/bringup/package.bash'
[5.390s] INFO:colcon.colcon_core.shell:Creating package script '/root/glad_ws/install/bringup/share/bringup/package.zsh'
[5.396s] Level 1:colcon.colcon_core.environment:create_file_with_runtime_dependencies(/root/glad_ws/install/bringup/share/colcon-core/packages/bringup)
[5.400s] INFO:colcon.colcon_ros.task.ament_cmake.build:Building ROS package in '/root/glad_ws/src/rf2o_laser_odometry' with build type 'ament_cmake'
[5.402s] INFO:colcon.colcon_cmake.task.cmake.build:Building CMake package in '/root/glad_ws/src/rf2o_laser_odometry'
[5.405s] INFO:colcon.colcon_core.shell:Skip shell extension 'powershell' for command environment: Not usable outside of PowerShell
[5.408s] DEBUG:colcon.colcon_core.shell:Skip shell extension 'dsv' for command environment
[5.472s] DEBUG:colcon.colcon_core.event_handler.log_command:Invoking command in '/root/glad_ws/build/rf2o_laser_odometry': CMAKE_PREFIX_PATH=/opt/ros/humble /usr/bin/cmake --build /root/glad_ws/build/rf2o_laser_odometry -- -j4 -l4
[6.238s] DEBUG:colcon.colcon_core.event_handler.log_command:Invoked command in '/root/glad_ws/build/rf2o_laser_odometry' returned '0': CMAKE_PREFIX_PATH=/opt/ros/humble /usr/bin/cmake --build /root/glad_ws/build/rf2o_laser_odometry -- -j4 -l4
[6.248s] DEBUG:colcon.colcon_core.event_handler.log_command:Invoking command in '/root/glad_ws/build/rf2o_laser_odometry': CMAKE_PREFIX_PATH=/opt/ros/humble /usr/bin/cmake --install /root/glad_ws/build/rf2o_laser_odometry
[6.316s] Level 1:colcon.colcon_core.environment:create_environment_scripts_only(rf2o_laser_odometry)
[6.318s] Level 1:colcon.colcon_core.environment:checking '/root/glad_ws/install/rf2o_laser_odometry' for CMake module files
[6.320s] DEBUG:colcon.colcon_core.event_handler.log_command:Invoked command in '/root/glad_ws/build/rf2o_laser_odometry' returned '0': CMAKE_PREFIX_PATH=/opt/ros/humble /usr/bin/cmake --install /root/glad_ws/build/rf2o_laser_odometry
[6.323s] Level 1:colcon.colcon_core.environment:checking '/root/glad_ws/install/rf2o_laser_odometry' for CMake config files
[6.328s] Level 1:colcon.colcon_core.shell:create_environment_hook('rf2o_laser_odometry', 'cmake_prefix_path')
[6.330s] INFO:colcon.colcon_core.shell:Creating environment hook '/root/glad_ws/install/rf2o_laser_odometry/share/rf2o_laser_odometry/hook/cmake_prefix_path.ps1'
[6.332s] INFO:colcon.colcon_core.shell:Creating environment descriptor '/root/glad_ws/install/rf2o_laser_odometry/share/rf2o_laser_odometry/hook/cmake_prefix_path.dsv'
[6.334s] INFO:colcon.colcon_core.shell:Creating environment hook '/root/glad_ws/install/rf2o_laser_odometry/share/rf2o_laser_odometry/hook/cmake_prefix_path.sh'
[6.338s] Level 1:colcon.colcon_core.environment:checking '/root/glad_ws/install/rf2o_laser_odometry/lib'
[6.339s] Level 1:colcon.colcon_core.environment:checking '/root/glad_ws/install/rf2o_laser_odometry/bin'
[6.339s] Level 1:colcon.colcon_core.environment:checking '/root/glad_ws/install/rf2o_laser_odometry/lib/pkgconfig/rf2o_laser_odometry.pc'
[6.341s] Level 1:colcon.colcon_core.environment:checking '/root/glad_ws/install/rf2o_laser_odometry/lib/python3.10/site-packages'
[6.343s] Level 1:colcon.colcon_core.environment:checking '/root/glad_ws/install/rf2o_laser_odometry/bin'
[6.344s] INFO:colcon.colcon_core.shell:Creating package script '/root/glad_ws/install/rf2o_laser_odometry/share/rf2o_laser_odometry/package.ps1'
[6.347s] INFO:colcon.colcon_core.shell:Creating package descriptor '/root/glad_ws/install/rf2o_laser_odometry/share/rf2o_laser_odometry/package.dsv'
[6.349s] INFO:colcon.colcon_core.shell:Creating package script '/root/glad_ws/install/rf2o_laser_odometry/share/rf2o_laser_odometry/package.sh'
[6.352s] INFO:colcon.colcon_core.shell:Creating package script '/root/glad_ws/install/rf2o_laser_odometry/share/rf2o_laser_odometry/package.bash'
[6.354s] INFO:colcon.colcon_core.shell:Creating package script '/root/glad_ws/install/rf2o_laser_odometry/share/rf2o_laser_odometry/package.zsh'
[6.357s] Level 1:colcon.colcon_core.environment:create_file_with_runtime_dependencies(/root/glad_ws/install/rf2o_laser_odometry/share/colcon-core/packages/rf2o_laser_odometry)
[6.360s] Level 1:colcon.colcon_core.environment:create_environment_scripts_only(rf2o_laser_odometry)
[6.361s] Level 1:colcon.colcon_core.environment:checking '/root/glad_ws/install/rf2o_laser_odometry' for CMake module files
[6.364s] Level 1:colcon.colcon_core.environment:checking '/root/glad_ws/install/rf2o_laser_odometry' for CMake config files
[6.365s] Level 1:colcon.colcon_core.shell:create_environment_hook('rf2o_laser_odometry', 'cmake_prefix_path')
[6.366s] INFO:colcon.colcon_core.shell:Creating environment hook '/root/glad_ws/install/rf2o_laser_odometry/share/rf2o_laser_odometry/hook/cmake_prefix_path.ps1'
[6.369s] INFO:colcon.colcon_core.shell:Creating environment descriptor '/root/glad_ws/install/rf2o_laser_odometry/share/rf2o_laser_odometry/hook/cmake_prefix_path.dsv'
[6.371s] INFO:colcon.colcon_core.shell:Creating environment hook '/root/glad_ws/install/rf2o_laser_odometry/share/rf2o_laser_odometry/hook/cmake_prefix_path.sh'
[6.375s] Level 1:colcon.colcon_core.environment:checking '/root/glad_ws/install/rf2o_laser_odometry/lib'
[6.376s] Level 1:colcon.colcon_core.environment:checking '/root/glad_ws/install/rf2o_laser_odometry/bin'
[6.377s] Level 1:colcon.colcon_core.environment:checking '/root/glad_ws/install/rf2o_laser_odometry/lib/pkgconfig/rf2o_laser_odometry.pc'
[6.378s] Level 1:colcon.colcon_core.environment:checking '/root/glad_ws/install/rf2o_laser_odometry/lib/python3.10/site-packages'
[6.381s] Level 1:colcon.colcon_core.environment:checking '/root/glad_ws/install/rf2o_laser_odometry/bin'
[6.382s] INFO:colcon.colcon_core.shell:Creating package script '/root/glad_ws/install/rf2o_laser_odometry/share/rf2o_laser_odometry/package.ps1'
[6.387s] INFO:colcon.colcon_core.shell:Creating package descriptor '/root/glad_ws/install/rf2o_laser_odometry/share/rf2o_laser_odometry/package.dsv'
[6.390s] INFO:colcon.colcon_core.shell:Creating package script '/root/glad_ws/install/rf2o_laser_odometry/share/rf2o_laser_odometry/package.sh'
[6.394s] INFO:colcon.colcon_core.shell:Creating package script '/root/glad_ws/install/rf2o_laser_odometry/share/rf2o_laser_odometry/package.bash'
[6.398s] INFO:colcon.colcon_core.shell:Creating package script '/root/glad_ws/install/rf2o_laser_odometry/share/rf2o_laser_odometry/package.zsh'
[6.401s] Level 1:colcon.colcon_core.environment:create_file_with_runtime_dependencies(/root/glad_ws/install/rf2o_laser_odometry/share/colcon-core/packages/rf2o_laser_odometry)
[6.404s] INFO:colcon.colcon_ros.task.ament_cmake.build:Building ROS package in '/root/glad_ws/src/rplidar_ros' with build type 'ament_cmake'
[6.405s] INFO:colcon.colcon_cmake.task.cmake.build:Building CMake package in '/root/glad_ws/src/rplidar_ros'
[6.406s] INFO:colcon.colcon_core.shell:Skip shell extension 'powershell' for command environment: Not usable outside of PowerShell
[6.407s] DEBUG:colcon.colcon_core.shell:Skip shell extension 'dsv' for command environment
[6.447s] DEBUG:colcon.colcon_core.event_handler.log_command:Invoking command in '/root/glad_ws/build/rplidar_ros': CMAKE_PREFIX_PATH=/opt/ros/humble /usr/bin/cmake --build /root/glad_ws/build/rplidar_ros -- -j4 -l4
[6.867s] DEBUG:colcon.colcon_core.event_handler.log_command:Invoked command in '/root/glad_ws/build/rplidar_ros' returned '0': CMAKE_PREFIX_PATH=/opt/ros/humble /usr/bin/cmake --build /root/glad_ws/build/rplidar_ros -- -j4 -l4
[6.882s] DEBUG:colcon.colcon_core.event_handler.log_command:Invoking command in '/root/glad_ws/build/rplidar_ros': CMAKE_PREFIX_PATH=/opt/ros/humble /usr/bin/cmake --install /root/glad_ws/build/rplidar_ros
[7.057s] Level 1:colcon.colcon_core.environment:create_environment_scripts_only(rplidar_ros)
[7.059s] Level 1:colcon.colcon_core.environment:checking '/root/glad_ws/install/rplidar_ros' for CMake module files
[7.060s] DEBUG:colcon.colcon_core.event_handler.log_command:Invoked command in '/root/glad_ws/build/rplidar_ros' returned '0': CMAKE_PREFIX_PATH=/opt/ros/humble /usr/bin/cmake --install /root/glad_ws/build/rplidar_ros
[7.067s] Level 1:colcon.colcon_core.environment:checking '/root/glad_ws/install/rplidar_ros' for CMake config files
[7.073s] Level 1:colcon.colcon_core.shell:create_environment_hook('rplidar_ros', 'cmake_prefix_path')
[7.074s] INFO:colcon.colcon_core.shell:Creating environment hook '/root/glad_ws/install/rplidar_ros/share/rplidar_ros/hook/cmake_prefix_path.ps1'
[7.080s] INFO:colcon.colcon_core.shell:Creating environment descriptor '/root/glad_ws/install/rplidar_ros/share/rplidar_ros/hook/cmake_prefix_path.dsv'
[7.082s] INFO:colcon.colcon_core.shell:Creating environment hook '/root/glad_ws/install/rplidar_ros/share/rplidar_ros/hook/cmake_prefix_path.sh'
[7.085s] Level 1:colcon.colcon_core.environment:checking '/root/glad_ws/install/rplidar_ros/lib'
[7.085s] Level 1:colcon.colcon_core.environment:checking '/root/glad_ws/install/rplidar_ros/bin'
[7.086s] Level 1:colcon.colcon_core.environment:checking '/root/glad_ws/install/rplidar_ros/lib/pkgconfig/rplidar_ros.pc'
[7.087s] Level 1:colcon.colcon_core.environment:checking '/root/glad_ws/install/rplidar_ros/lib/python3.10/site-packages'
[7.097s] Level 1:colcon.colcon_core.environment:checking '/root/glad_ws/install/rplidar_ros/bin'
[7.101s] INFO:colcon.colcon_core.shell:Creating package script '/root/glad_ws/install/rplidar_ros/share/rplidar_ros/package.ps1'
[7.105s] INFO:colcon.colcon_core.shell:Creating package descriptor '/root/glad_ws/install/rplidar_ros/share/rplidar_ros/package.dsv'
[7.115s] INFO:colcon.colcon_core.shell:Creating package script '/root/glad_ws/install/rplidar_ros/share/rplidar_ros/package.sh'
[7.119s] INFO:colcon.colcon_core.shell:Creating package script '/root/glad_ws/install/rplidar_ros/share/rplidar_ros/package.bash'
[7.126s] INFO:colcon.colcon_core.shell:Creating package script '/root/glad_ws/install/rplidar_ros/share/rplidar_ros/package.zsh'
[7.130s] Level 1:colcon.colcon_core.environment:create_file_with_runtime_dependencies(/root/glad_ws/install/rplidar_ros/share/colcon-core/packages/rplidar_ros)
[7.133s] Level 1:colcon.colcon_core.environment:create_environment_scripts_only(rplidar_ros)
[7.134s] Level 1:colcon.colcon_core.environment:checking '/root/glad_ws/install/rplidar_ros' for CMake module files
[7.137s] Level 1:colcon.colcon_core.environment:checking '/root/glad_ws/install/rplidar_ros' for CMake config files
[7.139s] Level 1:colcon.colcon_core.shell:create_environment_hook('rplidar_ros', 'cmake_prefix_path')
[7.140s] INFO:colcon.colcon_core.shell:Creating environment hook '/root/glad_ws/install/rplidar_ros/share/rplidar_ros/hook/cmake_prefix_path.ps1'
[7.145s] INFO:colcon.colcon_core.shell:Creating environment descriptor '/root/glad_ws/install/rplidar_ros/share/rplidar_ros/hook/cmake_prefix_path.dsv'
[7.152s] INFO:colcon.colcon_core.shell:Creating environment hook '/root/glad_ws/install/rplidar_ros/share/rplidar_ros/hook/cmake_prefix_path.sh'
[7.171s] Level 1:colcon.colcon_core.environment:checking '/root/glad_ws/install/rplidar_ros/lib'
[7.173s] Level 1:colcon.colcon_core.environment:checking '/root/glad_ws/install/rplidar_ros/bin'
[7.174s] Level 1:colcon.colcon_core.environment:checking '/root/glad_ws/install/rplidar_ros/lib/pkgconfig/rplidar_ros.pc'
[7.180s] Level 1:colcon.colcon_core.environment:checking '/root/glad_ws/install/rplidar_ros/lib/python3.10/site-packages'
[7.184s] Level 1:colcon.colcon_core.environment:checking '/root/glad_ws/install/rplidar_ros/bin'
[7.189s] INFO:colcon.colcon_core.shell:Creating package script '/root/glad_ws/install/rplidar_ros/share/rplidar_ros/package.ps1'
[7.202s] INFO:colcon.colcon_core.shell:Creating package descriptor '/root/glad_ws/install/rplidar_ros/share/rplidar_ros/package.dsv'
[7.215s] INFO:colcon.colcon_core.shell:Creating package script '/root/glad_ws/install/rplidar_ros/share/rplidar_ros/package.sh'
[7.227s] INFO:colcon.colcon_core.shell:Creating package script '/root/glad_ws/install/rplidar_ros/share/rplidar_ros/package.bash'
[7.235s] INFO:colcon.colcon_core.shell:Creating package script '/root/glad_ws/install/rplidar_ros/share/rplidar_ros/package.zsh'
[7.242s] Level 1:colcon.colcon_core.environment:create_file_with_runtime_dependencies(/root/glad_ws/install/rplidar_ros/share/colcon-core/packages/rplidar_ros)
[7.433s] DEBUG:colcon.colcon_core.event_handler.log_command:Invoking command in '/root/glad_ws/src/myimu': PYTHONPATH=/root/glad_ws/build/myimu/prefix_override:/usr/lib/python3/dist-packages/colcon_core/task/python/colcon_distutils_commands:/root/glad_ws/install/myimu/lib/python3.10/site-packages:${PYTHONPATH} /usr/bin/python3 -W ignore:setup.py install is deprecated -W ignore:easy_install command is deprecated setup.py egg_info --egg-base ../../build/myimu build --build-base /root/glad_ws/build/myimu/build install --record /root/glad_ws/build/myimu/install.log --single-version-externally-managed install_data
[7.442s] DEBUG:colcon.colcon_core.event_handler.log_command:Invoking command in '/root/glad_ws/src/glad_voice': PYTHONPATH=/root/glad_ws/build/glad_voice/prefix_override:/usr/lib/python3/dist-packages/colcon_core/task/python/colcon_distutils_commands:/root/glad_ws/install/glad_voice/lib/python3.10/site-packages:${PYTHONPATH} /usr/bin/python3 -W ignore:setup.py install is deprecated -W ignore:easy_install command is deprecated setup.py egg_info --egg-base ../../build/glad_voice build --build-base /root/glad_ws/build/glad_voice/build install --record /root/glad_ws/build/glad_voice/install.log --single-version-externally-managed install_data
[7.453s] DEBUG:colcon.colcon_core.event_handler.log_command:Invoking command in '/root/glad_ws/src/glad_motor_controller': PYTHONPATH=/root/glad_ws/build/glad_motor_controller/prefix_override:/usr/lib/python3/dist-packages/colcon_core/task/python/colcon_distutils_commands:/root/glad_ws/install/glad_motor_controller/lib/python3.10/site-packages:${PYTHONPATH} /usr/bin/python3 -W ignore:setup.py install is deprecated -W ignore:easy_install command is deprecated setup.py egg_info --egg-base ../../build/glad_motor_controller build --build-base /root/glad_ws/build/glad_motor_controller/build install --record /root/glad_ws/build/glad_motor_controller/install.log --single-version-externally-managed install_data
[8.873s] Level 1:colcon.colcon_core.environment:checking '/root/glad_ws/install/glad_voice' for CMake module files
[8.878s] DEBUG:colcon.colcon_core.event_handler.log_command:Invoked command in '/root/glad_ws/src/glad_voice' returned '0': PYTHONPATH=/root/glad_ws/build/glad_voice/prefix_override:/usr/lib/python3/dist-packages/colcon_core/task/python/colcon_distutils_commands:/root/glad_ws/install/glad_voice/lib/python3.10/site-packages:${PYTHONPATH} /usr/bin/python3 -W ignore:setup.py install is deprecated -W ignore:easy_install command is deprecated setup.py egg_info --egg-base ../../build/glad_voice build --build-base /root/glad_ws/build/glad_voice/build install --record /root/glad_ws/build/glad_voice/install.log --single-version-externally-managed install_data
[8.882s] Level 1:colcon.colcon_core.environment:checking '/root/glad_ws/install/glad_voice' for CMake config files
[8.886s] Level 1:colcon.colcon_core.environment:checking '/root/glad_ws/install/glad_voice/lib'
[8.888s] Level 1:colcon.colcon_core.environment:checking '/root/glad_ws/install/glad_voice/bin'
[8.890s] Level 1:colcon.colcon_core.environment:checking '/root/glad_ws/install/glad_voice/lib/pkgconfig/glad_voice.pc'
[8.892s] Level 1:colcon.colcon_core.environment:checking '/root/glad_ws/install/glad_voice/lib/python3.10/site-packages'
[8.893s] Level 1:colcon.colcon_core.shell:create_environment_hook('glad_voice', 'pythonpath')
[8.895s] INFO:colcon.colcon_core.shell:Creating environment hook '/root/glad_ws/install/glad_voice/share/glad_voice/hook/pythonpath.ps1'
[8.900s] INFO:colcon.colcon_core.shell:Creating environment descriptor '/root/glad_ws/install/glad_voice/share/glad_voice/hook/pythonpath.dsv'
[8.905s] INFO:colcon.colcon_core.shell:Creating environment hook '/root/glad_ws/install/glad_voice/share/glad_voice/hook/pythonpath.sh'
[8.913s] Level 1:colcon.colcon_core.environment:checking '/root/glad_ws/install/glad_voice/bin'
[8.914s] Level 1:colcon.colcon_core.environment:create_environment_scripts_only(glad_voice)
[8.916s] INFO:colcon.colcon_core.shell:Creating package script '/root/glad_ws/install/glad_voice/share/glad_voice/package.ps1'
[8.921s] INFO:colcon.colcon_core.shell:Creating package descriptor '/root/glad_ws/install/glad_voice/share/glad_voice/package.dsv'
[8.925s] INFO:colcon.colcon_core.shell:Creating package script '/root/glad_ws/install/glad_voice/share/glad_voice/package.sh'
[8.928s] INFO:colcon.colcon_core.shell:Creating package script '/root/glad_ws/install/glad_voice/share/glad_voice/package.bash'
[8.934s] INFO:colcon.colcon_core.shell:Creating package script '/root/glad_ws/install/glad_voice/share/glad_voice/package.zsh'
[8.937s] Level 1:colcon.colcon_core.environment:create_file_with_runtime_dependencies(/root/glad_ws/install/glad_voice/share/colcon-core/packages/glad_voice)
[8.944s] Level 1:colcon.colcon_core.environment:checking '/root/glad_ws/install/myimu' for CMake module files
[8.949s] DEBUG:colcon.colcon_core.event_handler.log_command:Invoked command in '/root/glad_ws/src/myimu' returned '0': PYTHONPATH=/root/glad_ws/build/myimu/prefix_override:/usr/lib/python3/dist-packages/colcon_core/task/python/colcon_distutils_commands:/root/glad_ws/install/myimu/lib/python3.10/site-packages:${PYTHONPATH} /usr/bin/python3 -W ignore:setup.py install is deprecated -W ignore:easy_install command is deprecated setup.py egg_info --egg-base ../../build/myimu build --build-base /root/glad_ws/build/myimu/build install --record /root/glad_ws/build/myimu/install.log --single-version-externally-managed install_data
[8.952s] Level 1:colcon.colcon_core.environment:checking '/root/glad_ws/install/myimu' for CMake config files
[8.955s] Level 1:colcon.colcon_core.environment:checking '/root/glad_ws/install/myimu/lib'
[8.956s] Level 1:colcon.colcon_core.environment:checking '/root/glad_ws/install/myimu/bin'
[8.956s] Level 1:colcon.colcon_core.environment:checking '/root/glad_ws/install/myimu/lib/pkgconfig/myimu.pc'
[8.957s] Level 1:colcon.colcon_core.environment:checking '/root/glad_ws/install/myimu/lib/python3.10/site-packages'
[8.957s] Level 1:colcon.colcon_core.shell:create_environment_hook('myimu', 'pythonpath')
[8.959s] INFO:colcon.colcon_core.shell:Creating environment hook '/root/glad_ws/install/myimu/share/myimu/hook/pythonpath.ps1'
[8.960s] INFO:colcon.colcon_core.shell:Creating environment descriptor '/root/glad_ws/install/myimu/share/myimu/hook/pythonpath.dsv'
[8.962s] INFO:colcon.colcon_core.shell:Creating environment hook '/root/glad_ws/install/myimu/share/myimu/hook/pythonpath.sh'
[8.966s] Level 1:colcon.colcon_core.environment:checking '/root/glad_ws/install/myimu/bin'
[8.966s] Level 1:colcon.colcon_core.environment:create_environment_scripts_only(myimu)
[8.967s] INFO:colcon.colcon_core.shell:Creating package script '/root/glad_ws/install/myimu/share/myimu/package.ps1'
[8.969s] INFO:colcon.colcon_core.shell:Creating package descriptor '/root/glad_ws/install/myimu/share/myimu/package.dsv'
[8.971s] INFO:colcon.colcon_core.shell:Creating package script '/root/glad_ws/install/myimu/share/myimu/package.sh'
[8.973s] INFO:colcon.colcon_core.shell:Creating package script '/root/glad_ws/install/myimu/share/myimu/package.bash'
[8.975s] INFO:colcon.colcon_core.shell:Creating package script '/root/glad_ws/install/myimu/share/myimu/package.zsh'
[8.976s] Level 1:colcon.colcon_core.environment:create_file_with_runtime_dependencies(/root/glad_ws/install/myimu/share/colcon-core/packages/myimu)
[8.980s] Level 1:colcon.colcon_core.environment:checking '/root/glad_ws/install/glad_motor_controller' for CMake module files
[8.983s] Level 1:colcon.colcon_core.environment:checking '/root/glad_ws/install/glad_motor_controller' for CMake config files
[8.984s] DEBUG:colcon.colcon_core.event_handler.log_command:Invoked command in '/root/glad_ws/src/glad_motor_controller' returned '0': PYTHONPATH=/root/glad_ws/build/glad_motor_controller/prefix_override:/usr/lib/python3/dist-packages/colcon_core/task/python/colcon_distutils_commands:/root/glad_ws/install/glad_motor_controller/lib/python3.10/site-packages:${PYTHONPATH} /usr/bin/python3 -W ignore:setup.py install is deprecated -W ignore:easy_install command is deprecated setup.py egg_info --egg-base ../../build/glad_motor_controller build --build-base /root/glad_ws/build/glad_motor_controller/build install --record /root/glad_ws/build/glad_motor_controller/install.log --single-version-externally-managed install_data
[8.986s] Level 1:colcon.colcon_core.environment:checking '/root/glad_ws/install/glad_motor_controller/lib'
[8.986s] Level 1:colcon.colcon_core.environment:checking '/root/glad_ws/install/glad_motor_controller/bin'
[8.987s] Level 1:colcon.colcon_core.environment:checking '/root/glad_ws/install/glad_motor_controller/lib/pkgconfig/glad_motor_controller.pc'
[8.988s] Level 1:colcon.colcon_core.environment:checking '/root/glad_ws/install/glad_motor_controller/lib/python3.10/site-packages'
[8.989s] Level 1:colcon.colcon_core.shell:create_environment_hook('glad_motor_controller', 'pythonpath')
[8.990s] INFO:colcon.colcon_core.shell:Creating environment hook '/root/glad_ws/install/glad_motor_controller/share/glad_motor_controller/hook/pythonpath.ps1'
[8.991s] INFO:colcon.colcon_core.shell:Creating environment descriptor '/root/glad_ws/install/glad_motor_controller/share/glad_motor_controller/hook/pythonpath.dsv'
[8.993s] INFO:colcon.colcon_core.shell:Creating environment hook '/root/glad_ws/install/glad_motor_controller/share/glad_motor_controller/hook/pythonpath.sh'
[8.996s] Level 1:colcon.colcon_core.environment:checking '/root/glad_ws/install/glad_motor_controller/bin'
[8.996s] Level 1:colcon.colcon_core.environment:create_environment_scripts_only(glad_motor_controller)
[8.998s] INFO:colcon.colcon_core.shell:Creating package script '/root/glad_ws/install/glad_motor_controller/share/glad_motor_controller/package.ps1'
[9.000s] INFO:colcon.colcon_core.shell:Creating package descriptor '/root/glad_ws/install/glad_motor_controller/share/glad_motor_controller/package.dsv'
[9.002s] INFO:colcon.colcon_core.shell:Creating package script '/root/glad_ws/install/glad_motor_controller/share/glad_motor_controller/package.sh'
[9.004s] INFO:colcon.colcon_core.shell:Creating package script '/root/glad_ws/install/glad_motor_controller/share/glad_motor_controller/package.bash'
[9.005s] INFO:colcon.colcon_core.shell:Creating package script '/root/glad_ws/install/glad_motor_controller/share/glad_motor_controller/package.zsh'
[9.007s] Level 1:colcon.colcon_core.environment:create_file_with_runtime_dependencies(/root/glad_ws/install/glad_motor_controller/share/colcon-core/packages/glad_motor_controller)
[9.008s] DEBUG:colcon.colcon_parallel_executor.executor.parallel:closing loop
[9.009s] DEBUG:colcon.colcon_parallel_executor.executor.parallel:loop closed
[9.009s] DEBUG:colcon.colcon_parallel_executor.executor.parallel:run_until_complete finished with '0'
[9.010s] DEBUG:colcon.colcon_core.event_reactor:joining thread
[9.054s] INFO:colcon.colcon_core.plugin_system:Skipping extension 'colcon_notification.desktop_notification.notify_send': Could not find 'notify-send'
[9.055s] INFO:colcon.colcon_core.plugin_system:Skipping extension 'colcon_notification.desktop_notification.terminal_notifier': Not used on non-Darwin systems
[9.055s] INFO:colcon.colcon_core.plugin_system:Skipping extension 'colcon_notification.desktop_notification.win32': Not used on non-Windows systems
[9.056s] INFO:colcon.colcon_notification.desktop_notification:Sending desktop notification using 'notify2'
[9.065s] DEBUG:colcon.colcon_notification.desktop_notification.notify2:Failed to initialize notify2: org.freedesktop.DBus.Error.Spawn.ExecFailed: /usr/bin/dbus-launch terminated abnormally without any error message
[9.066s] DEBUG:colcon.colcon_core.event_reactor:joined thread
[9.067s] INFO:colcon.colcon_core.shell:Creating prefix script '/root/glad_ws/install/local_setup.ps1'
[9.072s] INFO:colcon.colcon_core.shell:Creating prefix util module '/root/glad_ws/install/_local_setup_util_ps1.py'
[9.079s] INFO:colcon.colcon_core.shell:Creating prefix chain script '/root/glad_ws/install/setup.ps1'
[9.084s] INFO:colcon.colcon_core.shell:Creating prefix script '/root/glad_ws/install/local_setup.sh'
[9.088s] INFO:colcon.colcon_core.shell:Creating prefix util module '/root/glad_ws/install/_local_setup_util_sh.py'
[9.090s] INFO:colcon.colcon_core.shell:Creating prefix chain script '/root/glad_ws/install/setup.sh'
[9.095s] INFO:colcon.colcon_core.shell:Creating prefix script '/root/glad_ws/install/local_setup.bash'
[9.098s] INFO:colcon.colcon_core.shell:Creating prefix chain script '/root/glad_ws/install/setup.bash'
[9.102s] INFO:colcon.colcon_core.shell:Creating prefix script '/root/glad_ws/install/local_setup.zsh'
[9.106s] INFO:colcon.colcon_core.shell:Creating prefix chain script '/root/glad_ws/install/setup.zsh'
