[5.107s] Invoking command in '/root/glad_ws/src/glad_motor_controller': PYTHONPATH=/root/glad_ws/build/glad_motor_controller/prefix_override:/usr/lib/python3/dist-packages/colcon_core/task/python/colcon_distutils_commands:/root/glad_ws/install/glad_motor_controller/lib/python3.10/site-packages:${PYTHONPATH} /usr/bin/python3 -W ignore:setup.py install is deprecated -W ignore:easy_install command is deprecated setup.py egg_info --egg-base ../../build/glad_motor_controller build --build-base /root/glad_ws/build/glad_motor_controller/build install --record /root/glad_ws/build/glad_motor_controller/install.log --single-version-externally-managed install_data
[6.256s] running egg_info
[6.261s] writing ../../build/glad_motor_controller/glad_motor_controller.egg-info/PKG-INFO
[6.268s] writing dependency_links to ../../build/glad_motor_controller/glad_motor_controller.egg-info/dependency_links.txt
[6.269s] writing entry points to ../../build/glad_motor_controller/glad_motor_controller.egg-info/entry_points.txt
[6.273s] writing requirements to ../../build/glad_motor_controller/glad_motor_controller.egg-info/requires.txt
[6.276s] writing top-level names to ../../build/glad_motor_controller/glad_motor_controller.egg-info/top_level.txt
[6.282s] reading manifest file '../../build/glad_motor_controller/glad_motor_controller.egg-info/SOURCES.txt'
[6.288s] writing manifest file '../../build/glad_motor_controller/glad_motor_controller.egg-info/SOURCES.txt'
[6.290s] running build
[6.292s] running build_py
[6.301s] running install
[6.304s] running install_lib
[6.311s] running install_data
[6.314s] running install_egg_info
[6.316s] removing '/root/glad_ws/install/glad_motor_controller/lib/python3.10/site-packages/glad_motor_controller-0.0.0-py3.10.egg-info' (and everything under it)
[6.317s] Copying ../../build/glad_motor_controller/glad_motor_controller.egg-info to /root/glad_ws/install/glad_motor_controller/lib/python3.10/site-packages/glad_motor_controller-0.0.0-py3.10.egg-info
[6.327s] running install_scripts
[6.426s] Installing motor_driver script to /root/glad_ws/install/glad_motor_controller/lib/glad_motor_controller
[6.428s] writing list of installed files to '/root/glad_ws/build/glad_motor_controller/install.log'
[6.605s] Invoked command in '/root/glad_ws/src/glad_motor_controller' returned '0': PYTHONPATH=/root/glad_ws/build/glad_motor_controller/prefix_override:/usr/lib/python3/dist-packages/colcon_core/task/python/colcon_distutils_commands:/root/glad_ws/install/glad_motor_controller/lib/python3.10/site-packages:${PYTHONPATH} /usr/bin/python3 -W ignore:setup.py install is deprecated -W ignore:easy_install command is deprecated setup.py egg_info --egg-base ../../build/glad_motor_controller build --build-base /root/glad_ws/build/glad_motor_controller/build install --record /root/glad_ws/build/glad_motor_controller/install.log --single-version-externally-managed install_data
