[0.051s] Invoking command in '/root/glad_ws/build/rf2o_laser_odometry': CMAKE_PREFIX_PATH=${CMAKE_PREFIX_PATH}:/root/glad_ws/install/myimu:/root/glad_ws/install/glad_voice:/root/glad_ws/install/glad_motor_controller:/opt/ros/humble /usr/bin/cmake --build /root/glad_ws/build/rf2o_laser_odometry -- -j4 -l4
[0.697s] [ 40%] Built target rf2o_laser_odometry
[0.729s] [100%] Built target rf2o_laser_odometry_node
[0.773s] Invoked command in '/root/glad_ws/build/rf2o_laser_odometry' returned '0': CMAKE_PREFIX_PATH=${CMAKE_PREFIX_PATH}:/root/glad_ws/install/myimu:/root/glad_ws/install/glad_voice:/root/glad_ws/install/glad_motor_controller:/opt/ros/humble /usr/bin/cmake --build /root/glad_ws/build/rf2o_laser_odometry -- -j4 -l4
[0.788s] Invoking command in '/root/glad_ws/build/rf2o_laser_odometry': CMAKE_PREFIX_PATH=${CMAKE_PREFIX_PATH}:/root/glad_ws/install/myimu:/root/glad_ws/install/glad_voice:/root/glad_ws/install/glad_motor_controller:/opt/ros/humble /usr/bin/cmake --install /root/glad_ws/build/rf2o_laser_odometry
[0.809s] -- Install configuration: ""
[0.812s] -- Up-to-date: /root/glad_ws/install/rf2o_laser_odometry/lib/rf2o_laser_odometry/rf2o_laser_odometry_node
[0.813s] -- Up-to-date: /root/glad_ws/install/rf2o_laser_odometry/share/rf2o_laser_odometry/launch
[0.814s] -- Up-to-date: /root/glad_ws/install/rf2o_laser_odometry/share/rf2o_laser_odometry/launch/lidar_odom.launch.py
[0.819s] -- Up-to-date: /root/glad_ws/install/rf2o_laser_odometry/share/rf2o_laser_odometry/launch/rf2o_laser_odometry.launch.py
[0.820s] -- Up-to-date: /root/glad_ws/install/rf2o_laser_odometry/share/ament_index/resource_index/package_run_dependencies/rf2o_laser_odometry
[0.820s] -- Up-to-date: /root/glad_ws/install/rf2o_laser_odometry/share/ament_index/resource_index/parent_prefix_path/rf2o_laser_odometry
[0.821s] -- Up-to-date: /root/glad_ws/install/rf2o_laser_odometry/share/rf2o_laser_odometry/environment/ament_prefix_path.sh
[0.822s] -- Up-to-date: /root/glad_ws/install/rf2o_laser_odometry/share/rf2o_laser_odometry/environment/ament_prefix_path.dsv
[0.822s] -- Up-to-date: /root/glad_ws/install/rf2o_laser_odometry/share/rf2o_laser_odometry/environment/path.sh
[0.823s] -- Up-to-date: /root/glad_ws/install/rf2o_laser_odometry/share/rf2o_laser_odometry/environment/path.dsv
[0.823s] -- Up-to-date: /root/glad_ws/install/rf2o_laser_odometry/share/rf2o_laser_odometry/local_setup.bash
[0.824s] -- Up-to-date: /root/glad_ws/install/rf2o_laser_odometry/share/rf2o_laser_odometry/local_setup.sh
[0.824s] -- Up-to-date: /root/glad_ws/install/rf2o_laser_odometry/share/rf2o_laser_odometry/local_setup.zsh
[0.825s] -- Up-to-date: /root/glad_ws/install/rf2o_laser_odometry/share/rf2o_laser_odometry/local_setup.dsv
[0.825s] -- Installing: /root/glad_ws/install/rf2o_laser_odometry/share/rf2o_laser_odometry/package.dsv
[0.826s] -- Up-to-date: /root/glad_ws/install/rf2o_laser_odometry/share/ament_index/resource_index/packages/rf2o_laser_odometry
[0.831s] -- Up-to-date: /root/glad_ws/install/rf2o_laser_odometry/share/rf2o_laser_odometry/cmake/rf2o_laser_odometryConfig.cmake
[0.839s] -- Up-to-date: /root/glad_ws/install/rf2o_laser_odometry/share/rf2o_laser_odometry/cmake/rf2o_laser_odometryConfig-version.cmake
[0.841s] -- Up-to-date: /root/glad_ws/install/rf2o_laser_odometry/share/rf2o_laser_odometry/package.xml
[0.843s] Invoked command in '/root/glad_ws/build/rf2o_laser_odometry' returned '0': CMAKE_PREFIX_PATH=${CMAKE_PREFIX_PATH}:/root/glad_ws/install/myimu:/root/glad_ws/install/glad_voice:/root/glad_ws/install/glad_motor_controller:/opt/ros/humble /usr/bin/cmake --install /root/glad_ws/build/rf2o_laser_odometry
