[3.405s] Invoking command in '/root/glad_ws/src/myimu': PYTHONPATH=/root/glad_ws/build/myimu/prefix_override:/usr/lib/python3/dist-packages/colcon_core/task/python/colcon_distutils_commands:/root/glad_ws/install/myimu/lib/python3.10/site-packages:${PYTHONPATH} /usr/bin/python3 -W ignore:setup.py install is deprecated -W ignore:easy_install command is deprecated setup.py egg_info --egg-base ../../build/myimu build --build-base /root/glad_ws/build/myimu/build install --record /root/glad_ws/build/myimu/install.log --single-version-externally-managed install_data
[4.293s] running egg_info
[4.295s] writing ../../build/myimu/myimu.egg-info/PKG-INFO
[4.296s] writing dependency_links to ../../build/myimu/myimu.egg-info/dependency_links.txt
[4.298s] writing entry points to ../../build/myimu/myimu.egg-info/entry_points.txt
[4.302s] writing requirements to ../../build/myimu/myimu.egg-info/requires.txt
[4.303s] writing top-level names to ../../build/myimu/myimu.egg-info/top_level.txt
[4.307s] reading manifest file '../../build/myimu/myimu.egg-info/SOURCES.txt'
[4.310s] writing manifest file '../../build/myimu/myimu.egg-info/SOURCES.txt'
[4.311s] running build
[4.311s] running build_py
[4.312s] running install
[4.313s] running install_lib
[4.317s] running install_data
[4.318s] running install_egg_info
[4.325s] removing '/root/glad_ws/install/myimu/lib/python3.10/site-packages/myimu-0.0.0-py3.10.egg-info' (and everything under it)
[4.328s] Copying ../../build/myimu/myimu.egg-info to /root/glad_ws/install/myimu/lib/python3.10/site-packages/myimu-0.0.0-py3.10.egg-info
[4.338s] running install_scripts
[4.421s] Installing imuodom script to /root/glad_ws/install/myimu/lib/myimu
[4.422s] Installing imupub script to /root/glad_ws/install/myimu/lib/myimu
[4.425s] writing list of installed files to '/root/glad_ws/build/myimu/install.log'
[4.575s] Invoked command in '/root/glad_ws/src/myimu' returned '0': PYTHONPATH=/root/glad_ws/build/myimu/prefix_override:/usr/lib/python3/dist-packages/colcon_core/task/python/colcon_distutils_commands:/root/glad_ws/install/myimu/lib/python3.10/site-packages:${PYTHONPATH} /usr/bin/python3 -W ignore:setup.py install is deprecated -W ignore:easy_install command is deprecated setup.py egg_info --egg-base ../../build/myimu build --build-base /root/glad_ws/build/myimu/build install --record /root/glad_ws/build/myimu/install.log --single-version-externally-managed install_data
