[0.534s] DEBUG:colcon:Command line arguments: ['/usr/bin/colcon', 'build']
[0.534s] DEBUG:colcon:Parsed command line arguments: Namespace(log_base=None, log_level=None, verb_name='build', build_base='build', install_base='install', merge_install=False, symlink_install=False, test_result_base=None, continue_on_error=False, executor='parallel', parallel_workers=4, event_handlers=None, ignore_user_meta=False, metas=['./colcon.meta'], base_paths=['.'], packages_ignore=None, packages_ignore_regex=None, paths=None, packages_up_to=None, packages_up_to_regex=None, packages_above=None, packages_above_and_dependencies=None, packages_above_depth=None, packages_select_by_dep=None, packages_skip_by_dep=None, packages_skip_up_to=None, packages_select_build_failed=False, packages_skip_build_finished=False, packages_select_test_failures=False, packages_skip_test_passed=False, packages_select=None, packages_skip=None, packages_select_regex=None, packages_skip_regex=None, packages_start=None, packages_end=None, allow_overriding=[], cmake_args=None, cmake_target=None, cmake_target_skip_unavailable=False, cmake_clean_cache=False, cmake_clean_first=False, cmake_force_configure=False, ament_cmake_args=None, catkin_cmake_args=None, catkin_skip_building_tests=False, mixin_files=None, mixin=None, verb_parser=<colcon_mixin.mixin.mixin_argument.MixinArgumentDecorator object at 0x7f9dd5b7c0>, verb_extension=<colcon_core.verb.build.BuildVerb object at 0x7f9df50490>, main=<bound method BuildVerb.main of <colcon_core.verb.build.BuildVerb object at 0x7f9df50490>>, mixin_verb=('build',))
[1.297s] Level 1:colcon.colcon_core.package_discovery:discover_packages(colcon_meta) check parameters
[1.298s] Level 1:colcon.colcon_core.package_discovery:discover_packages(recursive) check parameters
[1.298s] Level 1:colcon.colcon_core.package_discovery:discover_packages(ignore) check parameters
[1.298s] Level 1:colcon.colcon_core.package_discovery:discover_packages(path) check parameters
[1.298s] Level 1:colcon.colcon_core.package_discovery:discover_packages(colcon_meta) discover
[1.298s] Level 1:colcon.colcon_core.package_discovery:discover_packages(recursive) discover
[1.298s] INFO:colcon.colcon_core.package_discovery:Crawling recursively for packages in '/root/glad_ws'
[1.299s] Level 1:colcon.colcon_core.package_identification:_identify(.) by extensions ['ignore', 'ignore_ament_install']
[1.299s] Level 1:colcon.colcon_core.package_identification:_identify(.) by extension 'ignore'
[1.299s] Level 1:colcon.colcon_core.package_identification:_identify(.) by extension 'ignore_ament_install'
[1.300s] Level 1:colcon.colcon_core.package_identification:_identify(.) by extensions ['colcon_pkg']
[1.300s] Level 1:colcon.colcon_core.package_identification:_identify(.) by extension 'colcon_pkg'
[1.300s] Level 1:colcon.colcon_core.package_identification:_identify(.) by extensions ['colcon_meta']
[1.300s] Level 1:colcon.colcon_core.package_identification:_identify(.) by extension 'colcon_meta'
[1.300s] Level 1:colcon.colcon_core.package_identification:_identify(.) by extensions ['ros']
[1.300s] Level 1:colcon.colcon_core.package_identification:_identify(.) by extension 'ros'
[1.366s] Level 1:colcon.colcon_core.package_identification:_identify(.) by extensions ['cmake', 'python']
[1.367s] Level 1:colcon.colcon_core.package_identification:_identify(.) by extension 'cmake'
[1.367s] Level 1:colcon.colcon_core.package_identification:_identify(.) by extension 'python'
[1.367s] Level 1:colcon.colcon_core.package_identification:_identify(.) by extensions ['python_setup_py']
[1.367s] Level 1:colcon.colcon_core.package_identification:_identify(.) by extension 'python_setup_py'
[1.368s] Level 1:colcon.colcon_core.package_identification:_identify(build) by extensions ['ignore', 'ignore_ament_install']
[1.368s] Level 1:colcon.colcon_core.package_identification:_identify(build) by extension 'ignore'
[1.368s] Level 1:colcon.colcon_core.package_identification:_identify(build) ignored
[1.369s] Level 1:colcon.colcon_core.package_identification:_identify(install) by extensions ['ignore', 'ignore_ament_install']
[1.369s] Level 1:colcon.colcon_core.package_identification:_identify(install) by extension 'ignore'
[1.369s] Level 1:colcon.colcon_core.package_identification:_identify(install) ignored
[1.370s] Level 1:colcon.colcon_core.package_identification:_identify(log) by extensions ['ignore', 'ignore_ament_install']
[1.370s] Level 1:colcon.colcon_core.package_identification:_identify(log) by extension 'ignore'
[1.370s] Level 1:colcon.colcon_core.package_identification:_identify(log) ignored
[1.371s] Level 1:colcon.colcon_core.package_identification:_identify(src) by extensions ['ignore', 'ignore_ament_install']
[1.371s] Level 1:colcon.colcon_core.package_identification:_identify(src) by extension 'ignore'
[1.371s] Level 1:colcon.colcon_core.package_identification:_identify(src) by extension 'ignore_ament_install'
[1.371s] Level 1:colcon.colcon_core.package_identification:_identify(src) by extensions ['colcon_pkg']
[1.371s] Level 1:colcon.colcon_core.package_identification:_identify(src) by extension 'colcon_pkg'
[1.372s] Level 1:colcon.colcon_core.package_identification:_identify(src) by extensions ['colcon_meta']
[1.372s] Level 1:colcon.colcon_core.package_identification:_identify(src) by extension 'colcon_meta'
[1.372s] Level 1:colcon.colcon_core.package_identification:_identify(src) by extensions ['ros']
[1.372s] Level 1:colcon.colcon_core.package_identification:_identify(src) by extension 'ros'
[1.373s] Level 1:colcon.colcon_core.package_identification:_identify(src) by extensions ['cmake', 'python']
[1.373s] Level 1:colcon.colcon_core.package_identification:_identify(src) by extension 'cmake'
[1.373s] Level 1:colcon.colcon_core.package_identification:_identify(src) by extension 'python'
[1.373s] Level 1:colcon.colcon_core.package_identification:_identify(src) by extensions ['python_setup_py']
[1.373s] Level 1:colcon.colcon_core.package_identification:_identify(src) by extension 'python_setup_py'
[1.374s] Level 1:colcon.colcon_core.package_identification:_identify(src/bringup) by extensions ['ignore', 'ignore_ament_install']
[1.374s] Level 1:colcon.colcon_core.package_identification:_identify(src/bringup) by extension 'ignore'
[1.375s] Level 1:colcon.colcon_core.package_identification:_identify(src/bringup) by extension 'ignore_ament_install'
[1.375s] Level 1:colcon.colcon_core.package_identification:_identify(src/bringup) by extensions ['colcon_pkg']
[1.375s] Level 1:colcon.colcon_core.package_identification:_identify(src/bringup) by extension 'colcon_pkg'
[1.376s] Level 1:colcon.colcon_core.package_identification:_identify(src/bringup) by extensions ['colcon_meta']
[1.376s] Level 1:colcon.colcon_core.package_identification:_identify(src/bringup) by extension 'colcon_meta'
[1.376s] Level 1:colcon.colcon_core.package_identification:_identify(src/bringup) by extensions ['ros']
[1.376s] Level 1:colcon.colcon_core.package_identification:_identify(src/bringup) by extension 'ros'
[1.386s] DEBUG:colcon.colcon_core.package_identification:Package 'src/bringup' with type 'ros.ament_cmake' and name 'bringup'
[1.386s] Level 1:colcon.colcon_core.package_identification:_identify(src/glad_motor_controller) by extensions ['ignore', 'ignore_ament_install']
[1.387s] Level 1:colcon.colcon_core.package_identification:_identify(src/glad_motor_controller) by extension 'ignore'
[1.387s] Level 1:colcon.colcon_core.package_identification:_identify(src/glad_motor_controller) by extension 'ignore_ament_install'
[1.387s] Level 1:colcon.colcon_core.package_identification:_identify(src/glad_motor_controller) by extensions ['colcon_pkg']
[1.387s] Level 1:colcon.colcon_core.package_identification:_identify(src/glad_motor_controller) by extension 'colcon_pkg'
[1.388s] Level 1:colcon.colcon_core.package_identification:_identify(src/glad_motor_controller) by extensions ['colcon_meta']
[1.388s] Level 1:colcon.colcon_core.package_identification:_identify(src/glad_motor_controller) by extension 'colcon_meta'
[1.388s] Level 1:colcon.colcon_core.package_identification:_identify(src/glad_motor_controller) by extensions ['ros']
[1.388s] Level 1:colcon.colcon_core.package_identification:_identify(src/glad_motor_controller) by extension 'ros'
[1.392s] DEBUG:colcon.colcon_core.package_identification:Package 'src/glad_motor_controller' with type 'ros.ament_python' and name 'glad_motor_controller'
[1.393s] Level 1:colcon.colcon_core.package_identification:_identify(src/myimu) by extensions ['ignore', 'ignore_ament_install']
[1.394s] Level 1:colcon.colcon_core.package_identification:_identify(src/myimu) by extension 'ignore'
[1.394s] Level 1:colcon.colcon_core.package_identification:_identify(src/myimu) by extension 'ignore_ament_install'
[1.394s] Level 1:colcon.colcon_core.package_identification:_identify(src/myimu) by extensions ['colcon_pkg']
[1.394s] Level 1:colcon.colcon_core.package_identification:_identify(src/myimu) by extension 'colcon_pkg'
[1.395s] Level 1:colcon.colcon_core.package_identification:_identify(src/myimu) by extensions ['colcon_meta']
[1.395s] Level 1:colcon.colcon_core.package_identification:_identify(src/myimu) by extension 'colcon_meta'
[1.395s] Level 1:colcon.colcon_core.package_identification:_identify(src/myimu) by extensions ['ros']
[1.395s] Level 1:colcon.colcon_core.package_identification:_identify(src/myimu) by extension 'ros'
[1.398s] DEBUG:colcon.colcon_core.package_identification:Package 'src/myimu' with type 'ros.ament_python' and name 'myimu'
[1.399s] Level 1:colcon.colcon_core.package_identification:_identify(src/rf2o_laser_odometry) by extensions ['ignore', 'ignore_ament_install']
[1.399s] Level 1:colcon.colcon_core.package_identification:_identify(src/rf2o_laser_odometry) by extension 'ignore'
[1.399s] Level 1:colcon.colcon_core.package_identification:_identify(src/rf2o_laser_odometry) by extension 'ignore_ament_install'
[1.399s] Level 1:colcon.colcon_core.package_identification:_identify(src/rf2o_laser_odometry) by extensions ['colcon_pkg']
[1.400s] Level 1:colcon.colcon_core.package_identification:_identify(src/rf2o_laser_odometry) by extension 'colcon_pkg'
[1.400s] Level 1:colcon.colcon_core.package_identification:_identify(src/rf2o_laser_odometry) by extensions ['colcon_meta']
[1.400s] Level 1:colcon.colcon_core.package_identification:_identify(src/rf2o_laser_odometry) by extension 'colcon_meta'
[1.400s] Level 1:colcon.colcon_core.package_identification:_identify(src/rf2o_laser_odometry) by extensions ['ros']
[1.400s] Level 1:colcon.colcon_core.package_identification:_identify(src/rf2o_laser_odometry) by extension 'ros'
[1.405s] DEBUG:colcon.colcon_core.package_identification:Package 'src/rf2o_laser_odometry' with type 'ros.ament_cmake' and name 'rf2o_laser_odometry'
[1.405s] Level 1:colcon.colcon_core.package_identification:_identify(src/rplidar_ros) by extensions ['ignore', 'ignore_ament_install']
[1.406s] Level 1:colcon.colcon_core.package_identification:_identify(src/rplidar_ros) by extension 'ignore'
[1.406s] Level 1:colcon.colcon_core.package_identification:_identify(src/rplidar_ros) by extension 'ignore_ament_install'
[1.406s] Level 1:colcon.colcon_core.package_identification:_identify(src/rplidar_ros) by extensions ['colcon_pkg']
[1.406s] Level 1:colcon.colcon_core.package_identification:_identify(src/rplidar_ros) by extension 'colcon_pkg'
[1.407s] Level 1:colcon.colcon_core.package_identification:_identify(src/rplidar_ros) by extensions ['colcon_meta']
[1.407s] Level 1:colcon.colcon_core.package_identification:_identify(src/rplidar_ros) by extension 'colcon_meta'
[1.407s] Level 1:colcon.colcon_core.package_identification:_identify(src/rplidar_ros) by extensions ['ros']
[1.407s] Level 1:colcon.colcon_core.package_identification:_identify(src/rplidar_ros) by extension 'ros'
[1.410s] DEBUG:colcon.colcon_core.package_identification:Package 'src/rplidar_ros' with type 'ros.ament_cmake' and name 'rplidar_ros'
[1.410s] Level 1:colcon.colcon_core.package_discovery:discover_packages(recursive) using defaults
[1.411s] Level 1:colcon.colcon_core.package_discovery:discover_packages(ignore) discover
[1.411s] Level 1:colcon.colcon_core.package_discovery:discover_packages(ignore) using defaults
[1.411s] Level 1:colcon.colcon_core.package_discovery:discover_packages(path) discover
[1.411s] Level 1:colcon.colcon_core.package_discovery:discover_packages(path) using defaults
[1.504s] Level 1:colcon.colcon_core.package_discovery:discover_packages(prefix_path) check parameters
[1.504s] Level 1:colcon.colcon_core.package_discovery:discover_packages(prefix_path) discover
[1.516s] DEBUG:colcon.colcon_installed_package_information.package_discovery:Found 5 installed packages in /root/glad_ws/install
[1.520s] DEBUG:colcon.colcon_installed_package_information.package_discovery:Found 188 installed packages in /opt/ros/humble
[1.525s] Level 1:colcon.colcon_core.package_discovery:discover_packages(prefix_path) using defaults
[1.668s] Level 5:colcon.colcon_core.verb:set package 'bringup' build argument 'cmake_args' from command line to 'None'
[1.668s] Level 5:colcon.colcon_core.verb:set package 'bringup' build argument 'cmake_target' from command line to 'None'
[1.668s] Level 5:colcon.colcon_core.verb:set package 'bringup' build argument 'cmake_target_skip_unavailable' from command line to 'False'
[1.669s] Level 5:colcon.colcon_core.verb:set package 'bringup' build argument 'cmake_clean_cache' from command line to 'False'
[1.669s] Level 5:colcon.colcon_core.verb:set package 'bringup' build argument 'cmake_clean_first' from command line to 'False'
[1.669s] Level 5:colcon.colcon_core.verb:set package 'bringup' build argument 'cmake_force_configure' from command line to 'False'
[1.669s] Level 5:colcon.colcon_core.verb:set package 'bringup' build argument 'ament_cmake_args' from command line to 'None'
[1.669s] Level 5:colcon.colcon_core.verb:set package 'bringup' build argument 'catkin_cmake_args' from command line to 'None'
[1.669s] Level 5:colcon.colcon_core.verb:set package 'bringup' build argument 'catkin_skip_building_tests' from command line to 'False'
[1.669s] DEBUG:colcon.colcon_core.verb:Building package 'bringup' with the following arguments: {'ament_cmake_args': None, 'build_base': '/root/glad_ws/build/bringup', 'catkin_cmake_args': None, 'catkin_skip_building_tests': False, 'cmake_args': None, 'cmake_clean_cache': False, 'cmake_clean_first': False, 'cmake_force_configure': False, 'cmake_target': None, 'cmake_target_skip_unavailable': False, 'install_base': '/root/glad_ws/install/bringup', 'merge_install': False, 'path': '/root/glad_ws/src/bringup', 'symlink_install': False, 'test_result_base': None}
[1.671s] Level 5:colcon.colcon_core.verb:set package 'glad_motor_controller' build argument 'cmake_args' from command line to 'None'
[1.671s] Level 5:colcon.colcon_core.verb:set package 'glad_motor_controller' build argument 'cmake_target' from command line to 'None'
[1.671s] Level 5:colcon.colcon_core.verb:set package 'glad_motor_controller' build argument 'cmake_target_skip_unavailable' from command line to 'False'
[1.671s] Level 5:colcon.colcon_core.verb:set package 'glad_motor_controller' build argument 'cmake_clean_cache' from command line to 'False'
[1.671s] Level 5:colcon.colcon_core.verb:set package 'glad_motor_controller' build argument 'cmake_clean_first' from command line to 'False'
[1.671s] Level 5:colcon.colcon_core.verb:set package 'glad_motor_controller' build argument 'cmake_force_configure' from command line to 'False'
[1.671s] Level 5:colcon.colcon_core.verb:set package 'glad_motor_controller' build argument 'ament_cmake_args' from command line to 'None'
[1.671s] Level 5:colcon.colcon_core.verb:set package 'glad_motor_controller' build argument 'catkin_cmake_args' from command line to 'None'
[1.671s] Level 5:colcon.colcon_core.verb:set package 'glad_motor_controller' build argument 'catkin_skip_building_tests' from command line to 'False'
[1.672s] DEBUG:colcon.colcon_core.verb:Building package 'glad_motor_controller' with the following arguments: {'ament_cmake_args': None, 'build_base': '/root/glad_ws/build/glad_motor_controller', 'catkin_cmake_args': None, 'catkin_skip_building_tests': False, 'cmake_args': None, 'cmake_clean_cache': False, 'cmake_clean_first': False, 'cmake_force_configure': False, 'cmake_target': None, 'cmake_target_skip_unavailable': False, 'install_base': '/root/glad_ws/install/glad_motor_controller', 'merge_install': False, 'path': '/root/glad_ws/src/glad_motor_controller', 'symlink_install': False, 'test_result_base': None}
[1.673s] Level 5:colcon.colcon_core.verb:set package 'myimu' build argument 'cmake_args' from command line to 'None'
[1.673s] Level 5:colcon.colcon_core.verb:set package 'myimu' build argument 'cmake_target' from command line to 'None'
[1.673s] Level 5:colcon.colcon_core.verb:set package 'myimu' build argument 'cmake_target_skip_unavailable' from command line to 'False'
[1.673s] Level 5:colcon.colcon_core.verb:set package 'myimu' build argument 'cmake_clean_cache' from command line to 'False'
[1.673s] Level 5:colcon.colcon_core.verb:set package 'myimu' build argument 'cmake_clean_first' from command line to 'False'
[1.674s] Level 5:colcon.colcon_core.verb:set package 'myimu' build argument 'cmake_force_configure' from command line to 'False'
[1.674s] Level 5:colcon.colcon_core.verb:set package 'myimu' build argument 'ament_cmake_args' from command line to 'None'
[1.674s] Level 5:colcon.colcon_core.verb:set package 'myimu' build argument 'catkin_cmake_args' from command line to 'None'
[1.674s] Level 5:colcon.colcon_core.verb:set package 'myimu' build argument 'catkin_skip_building_tests' from command line to 'False'
[1.674s] DEBUG:colcon.colcon_core.verb:Building package 'myimu' with the following arguments: {'ament_cmake_args': None, 'build_base': '/root/glad_ws/build/myimu', 'catkin_cmake_args': None, 'catkin_skip_building_tests': False, 'cmake_args': None, 'cmake_clean_cache': False, 'cmake_clean_first': False, 'cmake_force_configure': False, 'cmake_target': None, 'cmake_target_skip_unavailable': False, 'install_base': '/root/glad_ws/install/myimu', 'merge_install': False, 'path': '/root/glad_ws/src/myimu', 'symlink_install': False, 'test_result_base': None}
[1.675s] Level 5:colcon.colcon_core.verb:set package 'rf2o_laser_odometry' build argument 'cmake_args' from command line to 'None'
[1.675s] Level 5:colcon.colcon_core.verb:set package 'rf2o_laser_odometry' build argument 'cmake_target' from command line to 'None'
[1.676s] Level 5:colcon.colcon_core.verb:set package 'rf2o_laser_odometry' build argument 'cmake_target_skip_unavailable' from command line to 'False'
[1.676s] Level 5:colcon.colcon_core.verb:set package 'rf2o_laser_odometry' build argument 'cmake_clean_cache' from command line to 'False'
[1.676s] Level 5:colcon.colcon_core.verb:set package 'rf2o_laser_odometry' build argument 'cmake_clean_first' from command line to 'False'
[1.676s] Level 5:colcon.colcon_core.verb:set package 'rf2o_laser_odometry' build argument 'cmake_force_configure' from command line to 'False'
[1.676s] Level 5:colcon.colcon_core.verb:set package 'rf2o_laser_odometry' build argument 'ament_cmake_args' from command line to 'None'
[1.676s] Level 5:colcon.colcon_core.verb:set package 'rf2o_laser_odometry' build argument 'catkin_cmake_args' from command line to 'None'
[1.676s] Level 5:colcon.colcon_core.verb:set package 'rf2o_laser_odometry' build argument 'catkin_skip_building_tests' from command line to 'False'
[1.676s] DEBUG:colcon.colcon_core.verb:Building package 'rf2o_laser_odometry' with the following arguments: {'ament_cmake_args': None, 'build_base': '/root/glad_ws/build/rf2o_laser_odometry', 'catkin_cmake_args': None, 'catkin_skip_building_tests': False, 'cmake_args': None, 'cmake_clean_cache': False, 'cmake_clean_first': False, 'cmake_force_configure': False, 'cmake_target': None, 'cmake_target_skip_unavailable': False, 'install_base': '/root/glad_ws/install/rf2o_laser_odometry', 'merge_install': False, 'path': '/root/glad_ws/src/rf2o_laser_odometry', 'symlink_install': False, 'test_result_base': None}
[1.678s] Level 5:colcon.colcon_core.verb:set package 'rplidar_ros' build argument 'cmake_args' from command line to 'None'
[1.678s] Level 5:colcon.colcon_core.verb:set package 'rplidar_ros' build argument 'cmake_target' from command line to 'None'
[1.678s] Level 5:colcon.colcon_core.verb:set package 'rplidar_ros' build argument 'cmake_target_skip_unavailable' from command line to 'False'
[1.678s] Level 5:colcon.colcon_core.verb:set package 'rplidar_ros' build argument 'cmake_clean_cache' from command line to 'False'
[1.678s] Level 5:colcon.colcon_core.verb:set package 'rplidar_ros' build argument 'cmake_clean_first' from command line to 'False'
[1.678s] Level 5:colcon.colcon_core.verb:set package 'rplidar_ros' build argument 'cmake_force_configure' from command line to 'False'
[1.678s] Level 5:colcon.colcon_core.verb:set package 'rplidar_ros' build argument 'ament_cmake_args' from command line to 'None'
[1.678s] Level 5:colcon.colcon_core.verb:set package 'rplidar_ros' build argument 'catkin_cmake_args' from command line to 'None'
[1.678s] Level 5:colcon.colcon_core.verb:set package 'rplidar_ros' build argument 'catkin_skip_building_tests' from command line to 'False'
[1.679s] DEBUG:colcon.colcon_core.verb:Building package 'rplidar_ros' with the following arguments: {'ament_cmake_args': None, 'build_base': '/root/glad_ws/build/rplidar_ros', 'catkin_cmake_args': None, 'catkin_skip_building_tests': False, 'cmake_args': None, 'cmake_clean_cache': False, 'cmake_clean_first': False, 'cmake_force_configure': False, 'cmake_target': None, 'cmake_target_skip_unavailable': False, 'install_base': '/root/glad_ws/install/rplidar_ros', 'merge_install': False, 'path': '/root/glad_ws/src/rplidar_ros', 'symlink_install': False, 'test_result_base': None}
[1.679s] INFO:colcon.colcon_core.executor:Executing jobs using 'parallel' executor
[1.682s] DEBUG:colcon.colcon_parallel_executor.executor.parallel:run_until_complete
[1.683s] INFO:colcon.colcon_ros.task.ament_cmake.build:Building ROS package in '/root/glad_ws/src/bringup' with build type 'ament_cmake'
[1.684s] INFO:colcon.colcon_cmake.task.cmake.build:Building CMake package in '/root/glad_ws/src/bringup'
[1.701s] INFO:colcon.colcon_core.plugin_system:Skipping extension 'colcon_core.shell.bat': Not used on non-Windows systems
[1.702s] INFO:colcon.colcon_core.shell:Skip shell extension 'powershell' for command environment: Not usable outside of PowerShell
[1.702s] DEBUG:colcon.colcon_core.shell:Skip shell extension 'dsv' for command environment
[1.714s] INFO:colcon.colcon_ros.task.ament_python.build:Building ROS package in '/root/glad_ws/src/glad_motor_controller' with build type 'ament_python'
[1.715s] Level 1:colcon.colcon_core.shell:create_environment_hook('glad_motor_controller', 'ament_prefix_path')
[1.716s] INFO:colcon.colcon_core.shell:Creating environment hook '/root/glad_ws/install/glad_motor_controller/share/glad_motor_controller/hook/ament_prefix_path.ps1'
[1.720s] INFO:colcon.colcon_core.shell:Creating environment descriptor '/root/glad_ws/install/glad_motor_controller/share/glad_motor_controller/hook/ament_prefix_path.dsv'
[1.723s] INFO:colcon.colcon_core.shell:Creating environment hook '/root/glad_ws/install/glad_motor_controller/share/glad_motor_controller/hook/ament_prefix_path.sh'
[1.727s] INFO:colcon.colcon_core.shell:Skip shell extension 'powershell' for command environment: Not usable outside of PowerShell
[1.727s] DEBUG:colcon.colcon_core.shell:Skip shell extension 'dsv' for command environment
[1.737s] INFO:colcon.colcon_ros.task.ament_python.build:Building ROS package in '/root/glad_ws/src/myimu' with build type 'ament_python'
[1.738s] Level 1:colcon.colcon_core.shell:create_environment_hook('myimu', 'ament_prefix_path')
[1.739s] INFO:colcon.colcon_core.shell:Creating environment hook '/root/glad_ws/install/myimu/share/myimu/hook/ament_prefix_path.ps1'
[1.742s] INFO:colcon.colcon_core.shell:Creating environment descriptor '/root/glad_ws/install/myimu/share/myimu/hook/ament_prefix_path.dsv'
[1.744s] INFO:colcon.colcon_core.shell:Creating environment hook '/root/glad_ws/install/myimu/share/myimu/hook/ament_prefix_path.sh'
[1.747s] INFO:colcon.colcon_core.shell:Skip shell extension 'powershell' for command environment: Not usable outside of PowerShell
[1.747s] DEBUG:colcon.colcon_core.shell:Skip shell extension 'dsv' for command environment
[1.758s] INFO:colcon.colcon_ros.task.ament_cmake.build:Building ROS package in '/root/glad_ws/src/rf2o_laser_odometry' with build type 'ament_cmake'
[1.759s] INFO:colcon.colcon_cmake.task.cmake.build:Building CMake package in '/root/glad_ws/src/rf2o_laser_odometry'
[1.760s] INFO:colcon.colcon_core.shell:Skip shell extension 'powershell' for command environment: Not usable outside of PowerShell
[1.761s] DEBUG:colcon.colcon_core.shell:Skip shell extension 'dsv' for command environment
[1.787s] DEBUG:colcon.colcon_core.event_handler.log_command:Invoking command in '/root/glad_ws/build/bringup': CMAKE_PREFIX_PATH=${CMAKE_PREFIX_PATH}:/root/glad_ws/install/myimu:/root/glad_ws/install/glad_motor_controller:/opt/ros/humble /usr/bin/cmake --build /root/glad_ws/build/bringup -- -j4 -l4
[2.688s] INFO:colcon.colcon_core.task.python.build:Building Python package in '/root/glad_ws/src/glad_motor_controller'
[2.690s] INFO:colcon.colcon_core.shell:Skip shell extension 'powershell' for command environment: Not usable outside of PowerShell
[2.690s] DEBUG:colcon.colcon_core.shell:Skip shell extension 'dsv' for command environment
[3.511s] INFO:colcon.colcon_core.task.python.build:Building Python package in '/root/glad_ws/src/myimu'
[3.512s] INFO:colcon.colcon_core.shell:Skip shell extension 'powershell' for command environment: Not usable outside of PowerShell
[3.512s] DEBUG:colcon.colcon_core.shell:Skip shell extension 'dsv' for command environment
[3.544s] DEBUG:colcon.colcon_core.event_handler.log_command:Invoking command in '/root/glad_ws/build/rf2o_laser_odometry': CMAKE_PREFIX_PATH=${CMAKE_PREFIX_PATH}:/root/glad_ws/install/myimu:/root/glad_ws/install/glad_motor_controller:/opt/ros/humble /usr/bin/cmake --build /root/glad_ws/build/rf2o_laser_odometry -- -j4 -l4
[3.546s] DEBUG:colcon.colcon_core.event_handler.log_command:Invoked command in '/root/glad_ws/build/bringup' returned '0': CMAKE_PREFIX_PATH=${CMAKE_PREFIX_PATH}:/root/glad_ws/install/myimu:/root/glad_ws/install/glad_motor_controller:/opt/ros/humble /usr/bin/cmake --build /root/glad_ws/build/bringup -- -j4 -l4
[3.580s] DEBUG:colcon.colcon_core.event_handler.log_command:Invoking command in '/root/glad_ws/build/bringup': CMAKE_PREFIX_PATH=${CMAKE_PREFIX_PATH}:/root/glad_ws/install/myimu:/root/glad_ws/install/glad_motor_controller:/opt/ros/humble /usr/bin/cmake --install /root/glad_ws/build/bringup
[3.659s] Level 1:colcon.colcon_core.environment:create_environment_scripts_only(bringup)
[3.662s] DEBUG:colcon.colcon_core.event_handler.log_command:Invoked command in '/root/glad_ws/build/bringup' returned '0': CMAKE_PREFIX_PATH=${CMAKE_PREFIX_PATH}:/root/glad_ws/install/myimu:/root/glad_ws/install/glad_motor_controller:/opt/ros/humble /usr/bin/cmake --install /root/glad_ws/build/bringup
[3.691s] Level 1:colcon.colcon_core.environment:checking '/root/glad_ws/install/bringup' for CMake module files
[3.693s] Level 1:colcon.colcon_core.environment:checking '/root/glad_ws/install/bringup' for CMake config files
[3.694s] Level 1:colcon.colcon_core.shell:create_environment_hook('bringup', 'cmake_prefix_path')
[3.696s] INFO:colcon.colcon_core.shell:Creating environment hook '/root/glad_ws/install/bringup/share/bringup/hook/cmake_prefix_path.ps1'
[3.698s] INFO:colcon.colcon_core.shell:Creating environment descriptor '/root/glad_ws/install/bringup/share/bringup/hook/cmake_prefix_path.dsv'
[3.701s] INFO:colcon.colcon_core.shell:Creating environment hook '/root/glad_ws/install/bringup/share/bringup/hook/cmake_prefix_path.sh'
[3.705s] Level 1:colcon.colcon_core.environment:checking '/root/glad_ws/install/bringup/bin'
[3.706s] Level 1:colcon.colcon_core.environment:checking '/root/glad_ws/install/bringup/lib/pkgconfig/bringup.pc'
[3.707s] Level 1:colcon.colcon_core.environment:checking '/root/glad_ws/install/bringup/lib/python3.10/site-packages'
[3.710s] Level 1:colcon.colcon_core.environment:checking '/root/glad_ws/install/bringup/bin'
[3.712s] INFO:colcon.colcon_core.shell:Creating package script '/root/glad_ws/install/bringup/share/bringup/package.ps1'
[3.718s] INFO:colcon.colcon_core.shell:Creating package descriptor '/root/glad_ws/install/bringup/share/bringup/package.dsv'
[3.723s] INFO:colcon.colcon_core.shell:Creating package script '/root/glad_ws/install/bringup/share/bringup/package.sh'
[3.731s] INFO:colcon.colcon_core.shell:Creating package script '/root/glad_ws/install/bringup/share/bringup/package.bash'
[3.737s] INFO:colcon.colcon_core.shell:Creating package script '/root/glad_ws/install/bringup/share/bringup/package.zsh'
[3.742s] Level 1:colcon.colcon_core.environment:create_file_with_runtime_dependencies(/root/glad_ws/install/bringup/share/colcon-core/packages/bringup)
[3.746s] Level 1:colcon.colcon_core.environment:create_environment_scripts_only(bringup)
[3.748s] Level 1:colcon.colcon_core.environment:checking '/root/glad_ws/install/bringup' for CMake module files
[3.751s] Level 1:colcon.colcon_core.environment:checking '/root/glad_ws/install/bringup' for CMake config files
[3.752s] Level 1:colcon.colcon_core.shell:create_environment_hook('bringup', 'cmake_prefix_path')
[3.754s] INFO:colcon.colcon_core.shell:Creating environment hook '/root/glad_ws/install/bringup/share/bringup/hook/cmake_prefix_path.ps1'
[3.758s] INFO:colcon.colcon_core.shell:Creating environment descriptor '/root/glad_ws/install/bringup/share/bringup/hook/cmake_prefix_path.dsv'
[3.761s] INFO:colcon.colcon_core.shell:Creating environment hook '/root/glad_ws/install/bringup/share/bringup/hook/cmake_prefix_path.sh'
[3.766s] Level 1:colcon.colcon_core.environment:checking '/root/glad_ws/install/bringup/bin'
[3.767s] Level 1:colcon.colcon_core.environment:checking '/root/glad_ws/install/bringup/lib/pkgconfig/bringup.pc'
[3.769s] Level 1:colcon.colcon_core.environment:checking '/root/glad_ws/install/bringup/lib/python3.10/site-packages'
[3.772s] Level 1:colcon.colcon_core.environment:checking '/root/glad_ws/install/bringup/bin'
[3.774s] INFO:colcon.colcon_core.shell:Creating package script '/root/glad_ws/install/bringup/share/bringup/package.ps1'
[3.778s] INFO:colcon.colcon_core.shell:Creating package descriptor '/root/glad_ws/install/bringup/share/bringup/package.dsv'
[3.782s] INFO:colcon.colcon_core.shell:Creating package script '/root/glad_ws/install/bringup/share/bringup/package.sh'
[3.786s] INFO:colcon.colcon_core.shell:Creating package script '/root/glad_ws/install/bringup/share/bringup/package.bash'
[3.790s] INFO:colcon.colcon_core.shell:Creating package script '/root/glad_ws/install/bringup/share/bringup/package.zsh'
[3.793s] Level 1:colcon.colcon_core.environment:create_file_with_runtime_dependencies(/root/glad_ws/install/bringup/share/colcon-core/packages/bringup)
[3.795s] INFO:colcon.colcon_ros.task.ament_cmake.build:Building ROS package in '/root/glad_ws/src/rplidar_ros' with build type 'ament_cmake'
[3.799s] INFO:colcon.colcon_cmake.task.cmake.build:Building CMake package in '/root/glad_ws/src/rplidar_ros'
[3.800s] INFO:colcon.colcon_core.shell:Skip shell extension 'powershell' for command environment: Not usable outside of PowerShell
[3.800s] DEBUG:colcon.colcon_core.shell:Skip shell extension 'dsv' for command environment
[3.854s] DEBUG:colcon.colcon_core.event_handler.log_command:Invoking command in '/root/glad_ws/build/rplidar_ros': CMAKE_PREFIX_PATH=${CMAKE_PREFIX_PATH}:/root/glad_ws/install/myimu:/root/glad_ws/install/glad_motor_controller:/opt/ros/humble /usr/bin/cmake --build /root/glad_ws/build/rplidar_ros -- -j4 -l4
[4.300s] DEBUG:colcon.colcon_core.event_handler.log_command:Invoked command in '/root/glad_ws/build/rplidar_ros' returned '0': CMAKE_PREFIX_PATH=${CMAKE_PREFIX_PATH}:/root/glad_ws/install/myimu:/root/glad_ws/install/glad_motor_controller:/opt/ros/humble /usr/bin/cmake --build /root/glad_ws/build/rplidar_ros -- -j4 -l4
[4.312s] DEBUG:colcon.colcon_core.event_handler.log_command:Invoking command in '/root/glad_ws/build/rplidar_ros': CMAKE_PREFIX_PATH=${CMAKE_PREFIX_PATH}:/root/glad_ws/install/myimu:/root/glad_ws/install/glad_motor_controller:/opt/ros/humble /usr/bin/cmake --install /root/glad_ws/build/rplidar_ros
[4.328s] DEBUG:colcon.colcon_core.event_handler.log_command:Invoked command in '/root/glad_ws/build/rf2o_laser_odometry' returned '0': CMAKE_PREFIX_PATH=${CMAKE_PREFIX_PATH}:/root/glad_ws/install/myimu:/root/glad_ws/install/glad_motor_controller:/opt/ros/humble /usr/bin/cmake --build /root/glad_ws/build/rf2o_laser_odometry -- -j4 -l4
[4.334s] DEBUG:colcon.colcon_core.event_handler.log_command:Invoking command in '/root/glad_ws/build/rf2o_laser_odometry': CMAKE_PREFIX_PATH=${CMAKE_PREFIX_PATH}:/root/glad_ws/install/myimu:/root/glad_ws/install/glad_motor_controller:/opt/ros/humble /usr/bin/cmake --install /root/glad_ws/build/rf2o_laser_odometry
[4.413s] Level 1:colcon.colcon_core.environment:create_environment_scripts_only(rf2o_laser_odometry)
[4.415s] Level 1:colcon.colcon_core.environment:checking '/root/glad_ws/install/rf2o_laser_odometry' for CMake module files
[4.425s] Level 1:colcon.colcon_core.environment:checking '/root/glad_ws/install/rf2o_laser_odometry' for CMake config files
[4.426s] Level 1:colcon.colcon_core.shell:create_environment_hook('rf2o_laser_odometry', 'cmake_prefix_path')
[4.427s] INFO:colcon.colcon_core.shell:Creating environment hook '/root/glad_ws/install/rf2o_laser_odometry/share/rf2o_laser_odometry/hook/cmake_prefix_path.ps1'
[4.431s] DEBUG:colcon.colcon_core.event_handler.log_command:Invoked command in '/root/glad_ws/build/rf2o_laser_odometry' returned '0': CMAKE_PREFIX_PATH=${CMAKE_PREFIX_PATH}:/root/glad_ws/install/myimu:/root/glad_ws/install/glad_motor_controller:/opt/ros/humble /usr/bin/cmake --install /root/glad_ws/build/rf2o_laser_odometry
[4.436s] INFO:colcon.colcon_core.shell:Creating environment descriptor '/root/glad_ws/install/rf2o_laser_odometry/share/rf2o_laser_odometry/hook/cmake_prefix_path.dsv'
[4.438s] INFO:colcon.colcon_core.shell:Creating environment hook '/root/glad_ws/install/rf2o_laser_odometry/share/rf2o_laser_odometry/hook/cmake_prefix_path.sh'
[4.441s] Level 1:colcon.colcon_core.environment:checking '/root/glad_ws/install/rf2o_laser_odometry/lib'
[4.441s] Level 1:colcon.colcon_core.environment:checking '/root/glad_ws/install/rf2o_laser_odometry/bin'
[4.442s] Level 1:colcon.colcon_core.environment:checking '/root/glad_ws/install/rf2o_laser_odometry/lib/pkgconfig/rf2o_laser_odometry.pc'
[4.446s] Level 1:colcon.colcon_core.environment:checking '/root/glad_ws/install/rf2o_laser_odometry/lib/python3.10/site-packages'
[4.448s] Level 1:colcon.colcon_core.environment:checking '/root/glad_ws/install/rf2o_laser_odometry/bin'
[4.449s] INFO:colcon.colcon_core.shell:Creating package script '/root/glad_ws/install/rf2o_laser_odometry/share/rf2o_laser_odometry/package.ps1'
[4.451s] INFO:colcon.colcon_core.shell:Creating package descriptor '/root/glad_ws/install/rf2o_laser_odometry/share/rf2o_laser_odometry/package.dsv'
[4.454s] INFO:colcon.colcon_core.shell:Creating package script '/root/glad_ws/install/rf2o_laser_odometry/share/rf2o_laser_odometry/package.sh'
[4.456s] INFO:colcon.colcon_core.shell:Creating package script '/root/glad_ws/install/rf2o_laser_odometry/share/rf2o_laser_odometry/package.bash'
[4.458s] INFO:colcon.colcon_core.shell:Creating package script '/root/glad_ws/install/rf2o_laser_odometry/share/rf2o_laser_odometry/package.zsh'
[4.460s] Level 1:colcon.colcon_core.environment:create_file_with_runtime_dependencies(/root/glad_ws/install/rf2o_laser_odometry/share/colcon-core/packages/rf2o_laser_odometry)
[4.463s] Level 1:colcon.colcon_core.environment:create_environment_scripts_only(rf2o_laser_odometry)
[4.465s] Level 1:colcon.colcon_core.environment:checking '/root/glad_ws/install/rf2o_laser_odometry' for CMake module files
[4.469s] Level 1:colcon.colcon_core.environment:checking '/root/glad_ws/install/rf2o_laser_odometry' for CMake config files
[4.470s] Level 1:colcon.colcon_core.shell:create_environment_hook('rf2o_laser_odometry', 'cmake_prefix_path')
[4.472s] INFO:colcon.colcon_core.shell:Creating environment hook '/root/glad_ws/install/rf2o_laser_odometry/share/rf2o_laser_odometry/hook/cmake_prefix_path.ps1'
[4.476s] INFO:colcon.colcon_core.shell:Creating environment descriptor '/root/glad_ws/install/rf2o_laser_odometry/share/rf2o_laser_odometry/hook/cmake_prefix_path.dsv'
[4.480s] INFO:colcon.colcon_core.shell:Creating environment hook '/root/glad_ws/install/rf2o_laser_odometry/share/rf2o_laser_odometry/hook/cmake_prefix_path.sh'
[4.486s] Level 1:colcon.colcon_core.environment:checking '/root/glad_ws/install/rf2o_laser_odometry/lib'
[4.487s] Level 1:colcon.colcon_core.environment:checking '/root/glad_ws/install/rf2o_laser_odometry/bin'
[4.488s] Level 1:colcon.colcon_core.environment:checking '/root/glad_ws/install/rf2o_laser_odometry/lib/pkgconfig/rf2o_laser_odometry.pc'
[4.490s] Level 1:colcon.colcon_core.environment:checking '/root/glad_ws/install/rf2o_laser_odometry/lib/python3.10/site-packages'
[4.493s] Level 1:colcon.colcon_core.environment:checking '/root/glad_ws/install/rf2o_laser_odometry/bin'
[4.495s] INFO:colcon.colcon_core.shell:Creating package script '/root/glad_ws/install/rf2o_laser_odometry/share/rf2o_laser_odometry/package.ps1'
[4.498s] INFO:colcon.colcon_core.shell:Creating package descriptor '/root/glad_ws/install/rf2o_laser_odometry/share/rf2o_laser_odometry/package.dsv'
[4.500s] INFO:colcon.colcon_core.shell:Creating package script '/root/glad_ws/install/rf2o_laser_odometry/share/rf2o_laser_odometry/package.sh'
[4.503s] INFO:colcon.colcon_core.shell:Creating package script '/root/glad_ws/install/rf2o_laser_odometry/share/rf2o_laser_odometry/package.bash'
[4.505s] INFO:colcon.colcon_core.shell:Creating package script '/root/glad_ws/install/rf2o_laser_odometry/share/rf2o_laser_odometry/package.zsh'
[4.507s] Level 1:colcon.colcon_core.environment:create_file_with_runtime_dependencies(/root/glad_ws/install/rf2o_laser_odometry/share/colcon-core/packages/rf2o_laser_odometry)
[4.511s] Level 1:colcon.colcon_core.environment:create_environment_scripts_only(rplidar_ros)
[4.512s] Level 1:colcon.colcon_core.environment:checking '/root/glad_ws/install/rplidar_ros' for CMake module files
[4.518s] DEBUG:colcon.colcon_core.event_handler.log_command:Invoked command in '/root/glad_ws/build/rplidar_ros' returned '0': CMAKE_PREFIX_PATH=${CMAKE_PREFIX_PATH}:/root/glad_ws/install/myimu:/root/glad_ws/install/glad_motor_controller:/opt/ros/humble /usr/bin/cmake --install /root/glad_ws/build/rplidar_ros
[4.520s] Level 1:colcon.colcon_core.environment:checking '/root/glad_ws/install/rplidar_ros' for CMake config files
[4.522s] Level 1:colcon.colcon_core.shell:create_environment_hook('rplidar_ros', 'cmake_prefix_path')
[4.527s] INFO:colcon.colcon_core.shell:Creating environment hook '/root/glad_ws/install/rplidar_ros/share/rplidar_ros/hook/cmake_prefix_path.ps1'
[4.529s] INFO:colcon.colcon_core.shell:Creating environment descriptor '/root/glad_ws/install/rplidar_ros/share/rplidar_ros/hook/cmake_prefix_path.dsv'
[4.531s] INFO:colcon.colcon_core.shell:Creating environment hook '/root/glad_ws/install/rplidar_ros/share/rplidar_ros/hook/cmake_prefix_path.sh'
[4.534s] Level 1:colcon.colcon_core.environment:checking '/root/glad_ws/install/rplidar_ros/lib'
[4.535s] Level 1:colcon.colcon_core.environment:checking '/root/glad_ws/install/rplidar_ros/bin'
[4.535s] Level 1:colcon.colcon_core.environment:checking '/root/glad_ws/install/rplidar_ros/lib/pkgconfig/rplidar_ros.pc'
[4.536s] Level 1:colcon.colcon_core.environment:checking '/root/glad_ws/install/rplidar_ros/lib/python3.10/site-packages'
[4.538s] Level 1:colcon.colcon_core.environment:checking '/root/glad_ws/install/rplidar_ros/bin'
[4.540s] INFO:colcon.colcon_core.shell:Creating package script '/root/glad_ws/install/rplidar_ros/share/rplidar_ros/package.ps1'
[4.542s] INFO:colcon.colcon_core.shell:Creating package descriptor '/root/glad_ws/install/rplidar_ros/share/rplidar_ros/package.dsv'
[4.544s] INFO:colcon.colcon_core.shell:Creating package script '/root/glad_ws/install/rplidar_ros/share/rplidar_ros/package.sh'
[4.546s] INFO:colcon.colcon_core.shell:Creating package script '/root/glad_ws/install/rplidar_ros/share/rplidar_ros/package.bash'
[4.548s] INFO:colcon.colcon_core.shell:Creating package script '/root/glad_ws/install/rplidar_ros/share/rplidar_ros/package.zsh'
[4.550s] Level 1:colcon.colcon_core.environment:create_file_with_runtime_dependencies(/root/glad_ws/install/rplidar_ros/share/colcon-core/packages/rplidar_ros)
[4.553s] Level 1:colcon.colcon_core.environment:create_environment_scripts_only(rplidar_ros)
[4.554s] Level 1:colcon.colcon_core.environment:checking '/root/glad_ws/install/rplidar_ros' for CMake module files
[4.556s] Level 1:colcon.colcon_core.environment:checking '/root/glad_ws/install/rplidar_ros' for CMake config files
[4.558s] Level 1:colcon.colcon_core.shell:create_environment_hook('rplidar_ros', 'cmake_prefix_path')
[4.559s] INFO:colcon.colcon_core.shell:Creating environment hook '/root/glad_ws/install/rplidar_ros/share/rplidar_ros/hook/cmake_prefix_path.ps1'
[4.561s] INFO:colcon.colcon_core.shell:Creating environment descriptor '/root/glad_ws/install/rplidar_ros/share/rplidar_ros/hook/cmake_prefix_path.dsv'
[4.563s] INFO:colcon.colcon_core.shell:Creating environment hook '/root/glad_ws/install/rplidar_ros/share/rplidar_ros/hook/cmake_prefix_path.sh'
[4.565s] Level 1:colcon.colcon_core.environment:checking '/root/glad_ws/install/rplidar_ros/lib'
[4.566s] Level 1:colcon.colcon_core.environment:checking '/root/glad_ws/install/rplidar_ros/bin'
[4.566s] Level 1:colcon.colcon_core.environment:checking '/root/glad_ws/install/rplidar_ros/lib/pkgconfig/rplidar_ros.pc'
[4.567s] Level 1:colcon.colcon_core.environment:checking '/root/glad_ws/install/rplidar_ros/lib/python3.10/site-packages'
[4.569s] Level 1:colcon.colcon_core.environment:checking '/root/glad_ws/install/rplidar_ros/bin'
[4.570s] INFO:colcon.colcon_core.shell:Creating package script '/root/glad_ws/install/rplidar_ros/share/rplidar_ros/package.ps1'
[4.572s] INFO:colcon.colcon_core.shell:Creating package descriptor '/root/glad_ws/install/rplidar_ros/share/rplidar_ros/package.dsv'
[4.575s] INFO:colcon.colcon_core.shell:Creating package script '/root/glad_ws/install/rplidar_ros/share/rplidar_ros/package.sh'
[4.577s] INFO:colcon.colcon_core.shell:Creating package script '/root/glad_ws/install/rplidar_ros/share/rplidar_ros/package.bash'
[4.579s] INFO:colcon.colcon_core.shell:Creating package script '/root/glad_ws/install/rplidar_ros/share/rplidar_ros/package.zsh'
[4.582s] Level 1:colcon.colcon_core.environment:create_file_with_runtime_dependencies(/root/glad_ws/install/rplidar_ros/share/colcon-core/packages/rplidar_ros)
[5.345s] DEBUG:colcon.colcon_core.event_handler.log_command:Invoking command in '/root/glad_ws/src/myimu': PYTHONPATH=/root/glad_ws/build/myimu/prefix_override:/usr/lib/python3/dist-packages/colcon_core/task/python/colcon_distutils_commands:/root/glad_ws/install/myimu/lib/python3.10/site-packages:${PYTHONPATH} /usr/bin/python3 -W ignore:setup.py install is deprecated -W ignore:easy_install command is deprecated setup.py egg_info --egg-base ../../build/myimu build --build-base /root/glad_ws/build/myimu/build install --record /root/glad_ws/build/myimu/install.log --single-version-externally-managed install_data
[5.348s] DEBUG:colcon.colcon_core.event_handler.log_command:Invoking command in '/root/glad_ws/src/glad_motor_controller': PYTHONPATH=/root/glad_ws/build/glad_motor_controller/prefix_override:/usr/lib/python3/dist-packages/colcon_core/task/python/colcon_distutils_commands:/root/glad_ws/install/glad_motor_controller/lib/python3.10/site-packages:${PYTHONPATH} /usr/bin/python3 -W ignore:setup.py install is deprecated -W ignore:easy_install command is deprecated setup.py egg_info --egg-base ../../build/glad_motor_controller build --build-base /root/glad_ws/build/glad_motor_controller/build install --record /root/glad_ws/build/glad_motor_controller/install.log --single-version-externally-managed install_data
[6.473s] Level 1:colcon.colcon_core.environment:checking '/root/glad_ws/install/myimu' for CMake module files
[6.477s] DEBUG:colcon.colcon_core.event_handler.log_command:Invoked command in '/root/glad_ws/src/myimu' returned '0': PYTHONPATH=/root/glad_ws/build/myimu/prefix_override:/usr/lib/python3/dist-packages/colcon_core/task/python/colcon_distutils_commands:/root/glad_ws/install/myimu/lib/python3.10/site-packages:${PYTHONPATH} /usr/bin/python3 -W ignore:setup.py install is deprecated -W ignore:easy_install command is deprecated setup.py egg_info --egg-base ../../build/myimu build --build-base /root/glad_ws/build/myimu/build install --record /root/glad_ws/build/myimu/install.log --single-version-externally-managed install_data
[6.478s] Level 1:colcon.colcon_core.environment:checking '/root/glad_ws/install/myimu' for CMake config files
[6.481s] Level 1:colcon.colcon_core.environment:checking '/root/glad_ws/install/myimu/lib'
[6.482s] Level 1:colcon.colcon_core.environment:checking '/root/glad_ws/install/myimu/bin'
[6.483s] Level 1:colcon.colcon_core.environment:checking '/root/glad_ws/install/myimu/lib/pkgconfig/myimu.pc'
[6.484s] Level 1:colcon.colcon_core.environment:checking '/root/glad_ws/install/myimu/lib/python3.10/site-packages'
[6.484s] Level 1:colcon.colcon_core.shell:create_environment_hook('myimu', 'pythonpath')
[6.486s] INFO:colcon.colcon_core.shell:Creating environment hook '/root/glad_ws/install/myimu/share/myimu/hook/pythonpath.ps1'
[6.489s] INFO:colcon.colcon_core.shell:Creating environment descriptor '/root/glad_ws/install/myimu/share/myimu/hook/pythonpath.dsv'
[6.492s] INFO:colcon.colcon_core.shell:Creating environment hook '/root/glad_ws/install/myimu/share/myimu/hook/pythonpath.sh'
[6.497s] Level 1:colcon.colcon_core.environment:checking '/root/glad_ws/install/myimu/bin'
[6.498s] Level 1:colcon.colcon_core.environment:create_environment_scripts_only(myimu)
[6.499s] INFO:colcon.colcon_core.shell:Creating package script '/root/glad_ws/install/myimu/share/myimu/package.ps1'
[6.502s] INFO:colcon.colcon_core.shell:Creating package descriptor '/root/glad_ws/install/myimu/share/myimu/package.dsv'
[6.503s] INFO:colcon.colcon_core.shell:Creating package script '/root/glad_ws/install/myimu/share/myimu/package.sh'
[6.505s] INFO:colcon.colcon_core.shell:Creating package script '/root/glad_ws/install/myimu/share/myimu/package.bash'
[6.507s] INFO:colcon.colcon_core.shell:Creating package script '/root/glad_ws/install/myimu/share/myimu/package.zsh'
[6.508s] Level 1:colcon.colcon_core.environment:create_file_with_runtime_dependencies(/root/glad_ws/install/myimu/share/colcon-core/packages/myimu)
[6.512s] Level 1:colcon.colcon_core.environment:checking '/root/glad_ws/install/glad_motor_controller' for CMake module files
[6.515s] DEBUG:colcon.colcon_core.event_handler.log_command:Invoked command in '/root/glad_ws/src/glad_motor_controller' returned '0': PYTHONPATH=/root/glad_ws/build/glad_motor_controller/prefix_override:/usr/lib/python3/dist-packages/colcon_core/task/python/colcon_distutils_commands:/root/glad_ws/install/glad_motor_controller/lib/python3.10/site-packages:${PYTHONPATH} /usr/bin/python3 -W ignore:setup.py install is deprecated -W ignore:easy_install command is deprecated setup.py egg_info --egg-base ../../build/glad_motor_controller build --build-base /root/glad_ws/build/glad_motor_controller/build install --record /root/glad_ws/build/glad_motor_controller/install.log --single-version-externally-managed install_data
[6.516s] Level 1:colcon.colcon_core.environment:checking '/root/glad_ws/install/glad_motor_controller' for CMake config files
[6.518s] Level 1:colcon.colcon_core.environment:checking '/root/glad_ws/install/glad_motor_controller/lib'
[6.518s] Level 1:colcon.colcon_core.environment:checking '/root/glad_ws/install/glad_motor_controller/bin'
[6.518s] Level 1:colcon.colcon_core.environment:checking '/root/glad_ws/install/glad_motor_controller/lib/pkgconfig/glad_motor_controller.pc'
[6.519s] Level 1:colcon.colcon_core.environment:checking '/root/glad_ws/install/glad_motor_controller/lib/python3.10/site-packages'
[6.520s] Level 1:colcon.colcon_core.shell:create_environment_hook('glad_motor_controller', 'pythonpath')
[6.521s] INFO:colcon.colcon_core.shell:Creating environment hook '/root/glad_ws/install/glad_motor_controller/share/glad_motor_controller/hook/pythonpath.ps1'
[6.523s] INFO:colcon.colcon_core.shell:Creating environment descriptor '/root/glad_ws/install/glad_motor_controller/share/glad_motor_controller/hook/pythonpath.dsv'
[6.524s] INFO:colcon.colcon_core.shell:Creating environment hook '/root/glad_ws/install/glad_motor_controller/share/glad_motor_controller/hook/pythonpath.sh'
[6.527s] Level 1:colcon.colcon_core.environment:checking '/root/glad_ws/install/glad_motor_controller/bin'
[6.527s] Level 1:colcon.colcon_core.environment:create_environment_scripts_only(glad_motor_controller)
[6.529s] INFO:colcon.colcon_core.shell:Creating package script '/root/glad_ws/install/glad_motor_controller/share/glad_motor_controller/package.ps1'
[6.531s] INFO:colcon.colcon_core.shell:Creating package descriptor '/root/glad_ws/install/glad_motor_controller/share/glad_motor_controller/package.dsv'
[6.533s] INFO:colcon.colcon_core.shell:Creating package script '/root/glad_ws/install/glad_motor_controller/share/glad_motor_controller/package.sh'
[6.534s] INFO:colcon.colcon_core.shell:Creating package script '/root/glad_ws/install/glad_motor_controller/share/glad_motor_controller/package.bash'
[6.536s] INFO:colcon.colcon_core.shell:Creating package script '/root/glad_ws/install/glad_motor_controller/share/glad_motor_controller/package.zsh'
[6.538s] Level 1:colcon.colcon_core.environment:create_file_with_runtime_dependencies(/root/glad_ws/install/glad_motor_controller/share/colcon-core/packages/glad_motor_controller)
[6.539s] DEBUG:colcon.colcon_parallel_executor.executor.parallel:closing loop
[6.539s] DEBUG:colcon.colcon_parallel_executor.executor.parallel:loop closed
[6.540s] DEBUG:colcon.colcon_parallel_executor.executor.parallel:run_until_complete finished with '0'
[6.540s] DEBUG:colcon.colcon_core.event_reactor:joining thread
[6.583s] INFO:colcon.colcon_core.plugin_system:Skipping extension 'colcon_notification.desktop_notification.notify_send': Could not find 'notify-send'
[6.584s] INFO:colcon.colcon_core.plugin_system:Skipping extension 'colcon_notification.desktop_notification.terminal_notifier': Not used on non-Darwin systems
[6.584s] INFO:colcon.colcon_core.plugin_system:Skipping extension 'colcon_notification.desktop_notification.win32': Not used on non-Windows systems
[6.584s] INFO:colcon.colcon_notification.desktop_notification:Sending desktop notification using 'notify2'
[6.593s] DEBUG:colcon.colcon_notification.desktop_notification.notify2:Failed to initialize notify2: org.freedesktop.DBus.Error.Spawn.ExecFailed: /usr/bin/dbus-launch terminated abnormally without any error message
[6.594s] DEBUG:colcon.colcon_core.event_reactor:joined thread
[6.595s] INFO:colcon.colcon_core.shell:Creating prefix script '/root/glad_ws/install/local_setup.ps1'
[6.600s] INFO:colcon.colcon_core.shell:Creating prefix util module '/root/glad_ws/install/_local_setup_util_ps1.py'
[6.606s] INFO:colcon.colcon_core.shell:Creating prefix chain script '/root/glad_ws/install/setup.ps1'
[6.612s] INFO:colcon.colcon_core.shell:Creating prefix script '/root/glad_ws/install/local_setup.sh'
[6.617s] INFO:colcon.colcon_core.shell:Creating prefix util module '/root/glad_ws/install/_local_setup_util_sh.py'
[6.619s] INFO:colcon.colcon_core.shell:Creating prefix chain script '/root/glad_ws/install/setup.sh'
[6.624s] INFO:colcon.colcon_core.shell:Creating prefix script '/root/glad_ws/install/local_setup.bash'
[6.627s] INFO:colcon.colcon_core.shell:Creating prefix chain script '/root/glad_ws/install/setup.bash'
[6.632s] INFO:colcon.colcon_core.shell:Creating prefix script '/root/glad_ws/install/local_setup.zsh'
[6.634s] INFO:colcon.colcon_core.shell:Creating prefix chain script '/root/glad_ws/install/setup.zsh'
