[0.048s] Invoking command in '/root/glad_ws/build/rplidar_ros': CMAKE_PREFIX_PATH=${CMAKE_PREFIX_PATH}:/root/glad_ws/install/myimu:/root/glad_ws/install/glad_motor_controller:/opt/ros/humble /usr/bin/cmake --build /root/glad_ws/build/rplidar_ros -- -j4 -l4
[0.389s] [  5%] Built target rplidar_client
[0.441s] [ 84%] Built target rplidar_composition
[0.441s] [100%] Built target rplidar_node
[0.494s] Invoked command in '/root/glad_ws/build/rplidar_ros' returned '0': CMAKE_PREFIX_PATH=${CMAKE_PREFIX_PATH}:/root/glad_ws/install/myimu:/root/glad_ws/install/glad_motor_controller:/opt/ros/humble /usr/bin/cmake --build /root/glad_ws/build/rplidar_ros -- -j4 -l4
[0.506s] Invoking command in '/root/glad_ws/build/rplidar_ros': CMAKE_PREFIX_PATH=${CMAKE_PREFIX_PATH}:/root/glad_ws/install/myimu:/root/glad_ws/install/glad_motor_controller:/opt/ros/humble /usr/bin/cmake --install /root/glad_ws/build/rplidar_ros
[0.541s] -- Install configuration: ""
[0.546s] -- Execute custom install script
[0.549s] -- Up-to-date symlink: /root/glad_ws/install/rplidar_ros/share/rplidar_ros/launch/rplidar_a1_launch.py
[0.551s] -- Up-to-date symlink: /root/glad_ws/install/rplidar_ros/share/rplidar_ros/launch/rplidar_a2m12_launch.py
[0.551s] -- Up-to-date symlink: /root/glad_ws/install/rplidar_ros/share/rplidar_ros/launch/rplidar_a2m7_launch.py
[0.557s] -- Up-to-date symlink: /root/glad_ws/install/rplidar_ros/share/rplidar_ros/launch/rplidar_a2m8_launch.py
[0.558s] -- Up-to-date symlink: /root/glad_ws/install/rplidar_ros/share/rplidar_ros/launch/rplidar_a3_launch.py
[0.558s] -- Up-to-date symlink: /root/glad_ws/install/rplidar_ros/share/rplidar_ros/launch/rplidar_c1_launch.py
[0.558s] -- Up-to-date symlink: /root/glad_ws/install/rplidar_ros/share/rplidar_ros/launch/rplidar_s1_launch.py
[0.561s] -- Up-to-date symlink: /root/glad_ws/install/rplidar_ros/share/rplidar_ros/launch/rplidar_s1_tcp_launch.py
[0.562s] -- Up-to-date symlink: /root/glad_ws/install/rplidar_ros/share/rplidar_ros/launch/rplidar_s2_launch.py
[0.565s] -- Up-to-date symlink: /root/glad_ws/install/rplidar_ros/share/rplidar_ros/launch/rplidar_s2e_launch.py
[0.566s] -- Up-to-date symlink: /root/glad_ws/install/rplidar_ros/share/rplidar_ros/launch/rplidar_s3_launch.py
[0.566s] -- Up-to-date symlink: /root/glad_ws/install/rplidar_ros/share/rplidar_ros/launch/rplidar_t1_launch.py
[0.569s] -- Up-to-date symlink: /root/glad_ws/install/rplidar_ros/share/rplidar_ros/launch/view_rplidar_a1_launch.py
[0.570s] -- Up-to-date symlink: /root/glad_ws/install/rplidar_ros/share/rplidar_ros/launch/view_rplidar_a2m12_launch.py
[0.574s] -- Up-to-date symlink: /root/glad_ws/install/rplidar_ros/share/rplidar_ros/launch/view_rplidar_a2m7_launch.py
[0.575s] -- Up-to-date symlink: /root/glad_ws/install/rplidar_ros/share/rplidar_ros/launch/view_rplidar_a2m8_launch.py
[0.578s] -- Up-to-date symlink: /root/glad_ws/install/rplidar_ros/share/rplidar_ros/launch/view_rplidar_a3_launch.py
[0.579s] -- Up-to-date symlink: /root/glad_ws/install/rplidar_ros/share/rplidar_ros/launch/view_rplidar_c1_launch.py
[0.583s] -- Up-to-date symlink: /root/glad_ws/install/rplidar_ros/share/rplidar_ros/launch/view_rplidar_s1_launch.py
[0.584s] -- Up-to-date symlink: /root/glad_ws/install/rplidar_ros/share/rplidar_ros/launch/view_rplidar_s1_tcp_launch.py
[0.593s] -- Up-to-date symlink: /root/glad_ws/install/rplidar_ros/share/rplidar_ros/launch/view_rplidar_s2_launch.py
[0.594s] -- Up-to-date symlink: /root/glad_ws/install/rplidar_ros/share/rplidar_ros/launch/view_rplidar_s2e_launch.py
[0.594s] -- Up-to-date symlink: /root/glad_ws/install/rplidar_ros/share/rplidar_ros/launch/view_rplidar_s3_launch.py
[0.610s] -- Up-to-date symlink: /root/glad_ws/install/rplidar_ros/share/rplidar_ros/launch/view_rplidar_t1_launch.py
[0.612s] -- Up-to-date symlink: /root/glad_ws/install/rplidar_ros/share/rplidar_ros/rviz/rplidar_ros.rviz
[0.617s] -- Up-to-date symlink: /root/glad_ws/install/rplidar_ros/lib/rplidar_ros/rplidar_node
[0.618s] -- Up-to-date symlink: /root/glad_ws/install/rplidar_ros/lib/rplidar_ros/rplidar_composition
[0.624s] -- Up-to-date symlink: /root/glad_ws/install/rplidar_ros/lib/rplidar_ros/rplidar_client
[0.624s] -- Up-to-date symlink: /root/glad_ws/install/rplidar_ros/share/ament_index/resource_index/package_run_dependencies/rplidar_ros
[0.626s] -- Up-to-date symlink: /root/glad_ws/install/rplidar_ros/share/ament_index/resource_index/parent_prefix_path/rplidar_ros
[0.627s] -- Up-to-date symlink: /root/glad_ws/install/rplidar_ros/share/rplidar_ros/environment/ament_prefix_path.sh
[0.627s] -- Up-to-date symlink: /root/glad_ws/install/rplidar_ros/share/rplidar_ros/environment/ament_prefix_path.dsv
[0.627s] -- Up-to-date symlink: /root/glad_ws/install/rplidar_ros/share/rplidar_ros/environment/path.sh
[0.628s] -- Up-to-date symlink: /root/glad_ws/install/rplidar_ros/share/rplidar_ros/environment/path.dsv
[0.637s] -- Up-to-date symlink: /root/glad_ws/install/rplidar_ros/share/rplidar_ros/local_setup.bash
[0.638s] -- Up-to-date symlink: /root/glad_ws/install/rplidar_ros/share/rplidar_ros/local_setup.sh
[0.638s] -- Up-to-date symlink: /root/glad_ws/install/rplidar_ros/share/rplidar_ros/local_setup.zsh
[0.638s] -- Up-to-date symlink: /root/glad_ws/install/rplidar_ros/share/rplidar_ros/local_setup.dsv
[0.639s] -- Symlinking: /root/glad_ws/install/rplidar_ros/share/rplidar_ros/package.dsv
[0.673s] -- Up-to-date symlink: /root/glad_ws/install/rplidar_ros/share/ament_index/resource_index/packages/rplidar_ros
[0.675s] -- Up-to-date symlink: /root/glad_ws/install/rplidar_ros/share/rplidar_ros/cmake/ament_cmake_export_dependencies-extras.cmake
[0.678s] -- Up-to-date symlink: /root/glad_ws/install/rplidar_ros/share/rplidar_ros/cmake/ament_cmake_export_include_directories-extras.cmake
[0.680s] -- Up-to-date symlink: /root/glad_ws/install/rplidar_ros/share/rplidar_ros/cmake/rplidar_rosConfig.cmake
[0.683s] -- Up-to-date symlink: /root/glad_ws/install/rplidar_ros/share/rplidar_ros/cmake/rplidar_rosConfig-version.cmake
[0.685s] -- Up-to-date symlink: /root/glad_ws/install/rplidar_ros/share/rplidar_ros/package.xml
[0.711s] Invoked command in '/root/glad_ws/build/rplidar_ros' returned '0': CMAKE_PREFIX_PATH=${CMAKE_PREFIX_PATH}:/root/glad_ws/install/myimu:/root/glad_ws/install/glad_motor_controller:/opt/ros/humble /usr/bin/cmake --install /root/glad_ws/build/rplidar_ros
