[2.127s] Invoking command in '/root/glad_ws/src/glad_voice': PYTHONPATH=/root/glad_ws/build/glad_voice/prefix_override:/usr/lib/python3/dist-packages/colcon_core/task/python/colcon_distutils_commands:/root/glad_ws/install/glad_voice/lib/python3.10/site-packages:${PYTHONPATH} /usr/bin/python3 -W ignore:setup.py install is deprecated -W ignore:easy_install command is deprecated setup.py egg_info --egg-base ../../build/glad_voice build --build-base /root/glad_ws/build/glad_voice/build install --record /root/glad_ws/build/glad_voice/install.log --single-version-externally-managed install_data
[2.943s] running egg_info
[2.945s] writing ../../build/glad_voice/glad_voice.egg-info/PKG-INFO
[2.947s] writing dependency_links to ../../build/glad_voice/glad_voice.egg-info/dependency_links.txt
[2.948s] writing entry points to ../../build/glad_voice/glad_voice.egg-info/entry_points.txt
[2.951s] writing requirements to ../../build/glad_voice/glad_voice.egg-info/requires.txt
[2.952s] writing top-level names to ../../build/glad_voice/glad_voice.egg-info/top_level.txt
[2.959s] reading manifest file '../../build/glad_voice/glad_voice.egg-info/SOURCES.txt'
[2.962s] writing manifest file '../../build/glad_voice/glad_voice.egg-info/SOURCES.txt'
[2.962s] running build
[2.963s] running build_py
[2.963s] copying glad_voice/voice_assistant.py -> /root/glad_ws/build/glad_voice/build/lib/glad_voice
[2.964s] running install
[2.966s] running install_lib
[2.970s] copying /root/glad_ws/build/glad_voice/build/lib/glad_voice/voice_assistant.py -> /root/glad_ws/install/glad_voice/lib/python3.10/site-packages/glad_voice
[2.972s] byte-compiling /root/glad_ws/install/glad_voice/lib/python3.10/site-packages/glad_voice/voice_assistant.py to voice_assistant.cpython-310.pyc
[2.977s] running install_data
[2.978s] running install_egg_info
[2.985s] removing '/root/glad_ws/install/glad_voice/lib/python3.10/site-packages/glad_voice-0.0.0-py3.10.egg-info' (and everything under it)
[2.991s] Copying ../../build/glad_voice/glad_voice.egg-info to /root/glad_ws/install/glad_voice/lib/python3.10/site-packages/glad_voice-0.0.0-py3.10.egg-info
[2.993s] running install_scripts
[3.067s] Installing voice_assistant script to /root/glad_ws/install/glad_voice/lib/glad_voice
[3.067s] writing list of installed files to '/root/glad_ws/build/glad_voice/install.log'
[3.176s] Invoked command in '/root/glad_ws/src/glad_voice' returned '0': PYTHONPATH=/root/glad_ws/build/glad_voice/prefix_override:/usr/lib/python3/dist-packages/colcon_core/task/python/colcon_distutils_commands:/root/glad_ws/install/glad_voice/lib/python3.10/site-packages:${PYTHONPATH} /usr/bin/python3 -W ignore:setup.py install is deprecated -W ignore:easy_install command is deprecated setup.py egg_info --egg-base ../../build/glad_voice build --build-base /root/glad_ws/build/glad_voice/build install --record /root/glad_ws/build/glad_voice/install.log --single-version-externally-managed install_data
