[0.092s] Invoking command in '/root/glad_ws/build/bringup': CMAKE_PREFIX_PATH=/opt/ros/humble /usr/bin/cmake --build /root/glad_ws/build/bringup -- -j4 -l4
[1.914s] Invoked command in '/root/glad_ws/build/bringup' returned '0': CMAKE_PREFIX_PATH=/opt/ros/humble /usr/bin/cmake --build /root/glad_ws/build/bringup -- -j4 -l4
[1.946s] Invoking command in '/root/glad_ws/build/bringup': CMAKE_PREFIX_PATH=/opt/ros/humble /usr/bin/cmake --install /root/glad_ws/build/bringup
[1.978s] -- Install configuration: ""
[1.984s] -- Up-to-date: /root/glad_ws/install/bringup/share/bringup/launch
[1.986s] -- Up-to-date: /root/glad_ws/install/bringup/share/bringup/launch/sensorbringup.launch.py
[1.986s] -- Up-to-date: /root/glad_ws/install/bringup/share/bringup/config
[1.987s] -- Installing: /root/glad_ws/install/bringup/share/bringup/config/ekf_config.yaml
[1.987s] -- Up-to-date: /root/glad_ws/install/bringup/share/ament_index/resource_index/package_run_dependencies/bringup
[1.995s] -- Up-to-date: /root/glad_ws/install/bringup/share/ament_index/resource_index/parent_prefix_path/bringup
[1.995s] -- Up-to-date: /root/glad_ws/install/bringup/share/bringup/environment/ament_prefix_path.sh
[1.996s] -- Up-to-date: /root/glad_ws/install/bringup/share/bringup/environment/ament_prefix_path.dsv
[1.996s] -- Up-to-date: /root/glad_ws/install/bringup/share/bringup/environment/path.sh
[1.997s] -- Up-to-date: /root/glad_ws/install/bringup/share/bringup/environment/path.dsv
[2.003s] -- Up-to-date: /root/glad_ws/install/bringup/share/bringup/local_setup.bash
[2.003s] -- Up-to-date: /root/glad_ws/install/bringup/share/bringup/local_setup.sh
[2.004s] -- Up-to-date: /root/glad_ws/install/bringup/share/bringup/local_setup.zsh
[2.004s] -- Up-to-date: /root/glad_ws/install/bringup/share/bringup/local_setup.dsv
[2.005s] -- Installing: /root/glad_ws/install/bringup/share/bringup/package.dsv
[2.005s] -- Up-to-date: /root/glad_ws/install/bringup/share/ament_index/resource_index/packages/bringup
[2.006s] -- Up-to-date: /root/glad_ws/install/bringup/share/bringup/cmake/bringupConfig.cmake
[2.006s] -- Up-to-date: /root/glad_ws/install/bringup/share/bringup/cmake/bringupConfig-version.cmake
[2.010s] -- Up-to-date: /root/glad_ws/install/bringup/share/bringup/package.xml
[2.021s] Invoked command in '/root/glad_ws/build/bringup' returned '0': CMAKE_PREFIX_PATH=/opt/ros/humble /usr/bin/cmake --install /root/glad_ws/build/bringup
