[5.224s] Invoking command in '/root/glad_ws/src/myimu': PYTHONPATH=/root/glad_ws/build/myimu/prefix_override:/usr/lib/python3/dist-packages/colcon_core/task/python/colcon_distutils_commands:/root/glad_ws/install/myimu/lib/python3.10/site-packages:${PYTHONPATH} /usr/bin/python3 -W ignore:setup.py install is deprecated -W ignore:easy_install command is deprecated setup.py egg_info --egg-base ../../build/myimu build --build-base /root/glad_ws/build/myimu/build install --record /root/glad_ws/build/myimu/install.log --single-version-externally-managed install_data
[6.607s] running egg_info
[6.623s] writing ../../build/myimu/myimu.egg-info/PKG-INFO
[6.632s] writing dependency_links to ../../build/myimu/myimu.egg-info/dependency_links.txt
[6.633s] writing entry points to ../../build/myimu/myimu.egg-info/entry_points.txt
[6.634s] writing requirements to ../../build/myimu/myimu.egg-info/requires.txt
[6.634s] writing top-level names to ../../build/myimu/myimu.egg-info/top_level.txt
[6.646s] reading manifest file '../../build/myimu/myimu.egg-info/SOURCES.txt'
[6.661s] writing manifest file '../../build/myimu/myimu.egg-info/SOURCES.txt'
[6.669s] running build
[6.670s] running build_py
[6.686s] running install
[6.687s] running install_lib
[6.688s] running install_data
[6.688s] running install_egg_info
[6.707s] removing '/root/glad_ws/install/myimu/lib/python3.10/site-packages/myimu-0.0.0-py3.10.egg-info' (and everything under it)
[6.714s] Copying ../../build/myimu/myimu.egg-info to /root/glad_ws/install/myimu/lib/python3.10/site-packages/myimu-0.0.0-py3.10.egg-info
[6.741s] running install_scripts
[6.854s] Installing imuodom script to /root/glad_ws/install/myimu/lib/myimu
[6.856s] Installing imupub script to /root/glad_ws/install/myimu/lib/myimu
[6.858s] writing list of installed files to '/root/glad_ws/build/myimu/install.log'
[7.084s] Invoked command in '/root/glad_ws/src/myimu' returned '0': PYTHONPATH=/root/glad_ws/build/myimu/prefix_override:/usr/lib/python3/dist-packages/colcon_core/task/python/colcon_distutils_commands:/root/glad_ws/install/myimu/lib/python3.10/site-packages:${PYTHONPATH} /usr/bin/python3 -W ignore:setup.py install is deprecated -W ignore:easy_install command is deprecated setup.py egg_info --egg-base ../../build/myimu build --build-base /root/glad_ws/build/myimu/build install --record /root/glad_ws/build/myimu/install.log --single-version-externally-managed install_data
