[0.077s] Invoking command in '/root/glad_ws/build/bringup': CMAKE_PREFIX_PATH=${CMAKE_PREFIX_PATH}:/root/glad_ws/install/myimu:/opt/ros/humble /usr/bin/cmake /root/glad_ws/src/bringup -DCMAKE_INSTALL_PREFIX=/root/glad_ws/install/bringup
[1.067s] -- The C compiler identification is GNU 11.4.0
[1.638s] -- The CXX compiler identification is GNU 11.4.0
[1.678s] -- Detecting C compiler ABI info
[1.956s] -- Detecting C compiler ABI info - done
[1.985s] -- Check for working C compiler: /usr/bin/cc - skipped
[1.987s] -- Detecting C compile features
[1.989s] -- Detecting C compile features - done
[2.002s] -- Detecting CXX compiler ABI info
[2.272s] -- Detecting CXX compiler ABI info - done
[2.303s] -- Check for working CXX compiler: /usr/bin/c++ - skipped
[2.303s] -- Detecting CXX compile features
[2.307s] -- Detecting CXX compile features - done
[2.324s] -- Found ament_cmake: 1.3.12 (/opt/ros/humble/share/ament_cmake/cmake)
[2.915s] -- Found Python3: /usr/bin/python3 (found version "3.10.12") found components: Interpreter 
[3.337s] -- Found ament_lint_auto: 0.12.14 (/opt/ros/humble/share/ament_lint_auto/cmake)
[3.700s] -- Added test 'flake8' to check Python code syntax and style conventions
[3.705s] -- Added test 'lint_cmake' to check CMake code style
[3.708s] -- Added test 'pep257' to check Python code against some of the docstring style conventions in PEP 257
[3.713s] -- Added test 'xmllint' to check XML markup files
[3.724s] -- Configuring done
[3.743s] -- Generating done
[3.757s] -- Build files have been written to: /root/glad_ws/build/bringup
[3.780s] Invoked command in '/root/glad_ws/build/bringup' returned '0': CMAKE_PREFIX_PATH=${CMAKE_PREFIX_PATH}:/root/glad_ws/install/myimu:/opt/ros/humble /usr/bin/cmake /root/glad_ws/src/bringup -DCMAKE_INSTALL_PREFIX=/root/glad_ws/install/bringup
[3.782s] Invoking command in '/root/glad_ws/build/bringup': CMAKE_PREFIX_PATH=${CMAKE_PREFIX_PATH}:/root/glad_ws/install/myimu:/opt/ros/humble /usr/bin/cmake --build /root/glad_ws/build/bringup -- -j4 -l4
[3.895s] Invoked command in '/root/glad_ws/build/bringup' returned '0': CMAKE_PREFIX_PATH=${CMAKE_PREFIX_PATH}:/root/glad_ws/install/myimu:/opt/ros/humble /usr/bin/cmake --build /root/glad_ws/build/bringup -- -j4 -l4
[3.900s] Invoking command in '/root/glad_ws/build/bringup': CMAKE_PREFIX_PATH=${CMAKE_PREFIX_PATH}:/root/glad_ws/install/myimu:/opt/ros/humble /usr/bin/cmake --install /root/glad_ws/build/bringup
[3.919s] -- Install configuration: ""
[3.920s] -- Installing: /root/glad_ws/install/bringup/share/bringup/launch
[3.920s] -- Installing: /root/glad_ws/install/bringup/share/bringup/launch/sensorbringup.launch.py
[3.921s] -- Installing: /root/glad_ws/install/bringup/share/ament_index/resource_index/package_run_dependencies/bringup
[3.922s] -- Installing: /root/glad_ws/install/bringup/share/ament_index/resource_index/parent_prefix_path/bringup
[3.923s] -- Installing: /root/glad_ws/install/bringup/share/bringup/environment/ament_prefix_path.sh
[3.924s] -- Installing: /root/glad_ws/install/bringup/share/bringup/environment/ament_prefix_path.dsv
[3.926s] -- Installing: /root/glad_ws/install/bringup/share/bringup/environment/path.sh
[3.926s] -- Installing: /root/glad_ws/install/bringup/share/bringup/environment/path.dsv
[3.926s] -- Installing: /root/glad_ws/install/bringup/share/bringup/local_setup.bash
[3.927s] -- Installing: /root/glad_ws/install/bringup/share/bringup/local_setup.sh
[3.929s] -- Installing: /root/glad_ws/install/bringup/share/bringup/local_setup.zsh
[3.929s] -- Installing: /root/glad_ws/install/bringup/share/bringup/local_setup.dsv
[3.929s] -- Installing: /root/glad_ws/install/bringup/share/bringup/package.dsv
[3.930s] -- Installing: /root/glad_ws/install/bringup/share/ament_index/resource_index/packages/bringup
[3.930s] -- Installing: /root/glad_ws/install/bringup/share/bringup/cmake/bringupConfig.cmake
[3.931s] -- Installing: /root/glad_ws/install/bringup/share/bringup/cmake/bringupConfig-version.cmake
[3.931s] -- Installing: /root/glad_ws/install/bringup/share/bringup/package.xml
[3.938s] Invoked command in '/root/glad_ws/build/bringup' returned '0': CMAKE_PREFIX_PATH=${CMAKE_PREFIX_PATH}:/root/glad_ws/install/myimu:/opt/ros/humble /usr/bin/cmake --install /root/glad_ws/build/bringup
