[1.809s] Invoking command in '/root/glad_ws/build/rf2o_laser_odometry': CMAKE_PREFIX_PATH=/opt/ros/humble /usr/bin/cmake --build /root/glad_ws/build/rf2o_laser_odometry -- -j4 -l4
[2.517s] [ 40%] Built target rf2o_laser_odometry
[2.542s] [100%] Built target rf2o_laser_odometry_node
[2.618s] Invoked command in '/root/glad_ws/build/rf2o_laser_odometry' returned '0': CMAKE_PREFIX_PATH=/opt/ros/humble /usr/bin/cmake --build /root/glad_ws/build/rf2o_laser_odometry -- -j4 -l4
[2.630s] Invoking command in '/root/glad_ws/build/rf2o_laser_odometry': CMAKE_PREFIX_PATH=/opt/ros/humble /usr/bin/cmake --install /root/glad_ws/build/rf2o_laser_odometry
[2.656s] -- Install configuration: ""
[2.659s] -- Up-to-date: /root/glad_ws/install/rf2o_laser_odometry/lib/rf2o_laser_odometry/rf2o_laser_odometry_node
[2.661s] -- Up-to-date: /root/glad_ws/install/rf2o_laser_odometry/share/rf2o_laser_odometry/launch
[2.663s] -- Up-to-date: /root/glad_ws/install/rf2o_laser_odometry/share/rf2o_laser_odometry/launch/lidar_odom.launch.py
[2.664s] -- Up-to-date: /root/glad_ws/install/rf2o_laser_odometry/share/rf2o_laser_odometry/launch/rf2o_laser_odometry.launch.py
[2.665s] -- Up-to-date: /root/glad_ws/install/rf2o_laser_odometry/share/ament_index/resource_index/package_run_dependencies/rf2o_laser_odometry
[2.666s] -- Up-to-date: /root/glad_ws/install/rf2o_laser_odometry/share/ament_index/resource_index/parent_prefix_path/rf2o_laser_odometry
[2.666s] -- Up-to-date: /root/glad_ws/install/rf2o_laser_odometry/share/rf2o_laser_odometry/environment/ament_prefix_path.sh
[2.669s] -- Up-to-date: /root/glad_ws/install/rf2o_laser_odometry/share/rf2o_laser_odometry/environment/ament_prefix_path.dsv
[2.671s] -- Up-to-date: /root/glad_ws/install/rf2o_laser_odometry/share/rf2o_laser_odometry/environment/path.sh
[2.675s] -- Up-to-date: /root/glad_ws/install/rf2o_laser_odometry/share/rf2o_laser_odometry/environment/path.dsv
[2.677s] -- Up-to-date: /root/glad_ws/install/rf2o_laser_odometry/share/rf2o_laser_odometry/local_setup.bash
[2.679s] -- Up-to-date: /root/glad_ws/install/rf2o_laser_odometry/share/rf2o_laser_odometry/local_setup.sh
[2.687s] -- Up-to-date: /root/glad_ws/install/rf2o_laser_odometry/share/rf2o_laser_odometry/local_setup.zsh
[2.687s] -- Up-to-date: /root/glad_ws/install/rf2o_laser_odometry/share/rf2o_laser_odometry/local_setup.dsv
[2.688s] -- Installing: /root/glad_ws/install/rf2o_laser_odometry/share/rf2o_laser_odometry/package.dsv
[2.694s] -- Up-to-date: /root/glad_ws/install/rf2o_laser_odometry/share/ament_index/resource_index/packages/rf2o_laser_odometry
[2.698s] -- Up-to-date: /root/glad_ws/install/rf2o_laser_odometry/share/rf2o_laser_odometry/cmake/rf2o_laser_odometryConfig.cmake
[2.701s] -- Up-to-date: /root/glad_ws/install/rf2o_laser_odometry/share/rf2o_laser_odometry/cmake/rf2o_laser_odometryConfig-version.cmake
[2.704s] -- Up-to-date: /root/glad_ws/install/rf2o_laser_odometry/share/rf2o_laser_odometry/package.xml
[2.722s] Invoked command in '/root/glad_ws/build/rf2o_laser_odometry' returned '0': CMAKE_PREFIX_PATH=/opt/ros/humble /usr/bin/cmake --install /root/glad_ws/build/rf2o_laser_odometry
