[0.045s] Invoking command in '/root/glad_ws/build/bringup': CMAKE_PREFIX_PATH=${CMAKE_PREFIX_PATH}:/root/glad_ws/install/myimu:/root/glad_ws/install/glad_voice:/root/glad_ws/install/glad_motor_controller:/opt/ros/humble /usr/bin/cmake --build /root/glad_ws/build/bringup -- -j4 -l4
[0.553s] Invoked command in '/root/glad_ws/build/bringup' returned '0': CMAKE_PREFIX_PATH=${CMAKE_PREFIX_PATH}:/root/glad_ws/install/myimu:/root/glad_ws/install/glad_voice:/root/glad_ws/install/glad_motor_controller:/opt/ros/humble /usr/bin/cmake --build /root/glad_ws/build/bringup -- -j4 -l4
[0.581s] Invoking command in '/root/glad_ws/build/bringup': CMAKE_PREFIX_PATH=${CMAKE_PREFIX_PATH}:/root/glad_ws/install/myimu:/root/glad_ws/install/glad_voice:/root/glad_ws/install/glad_motor_controller:/opt/ros/humble /usr/bin/cmake --install /root/glad_ws/build/bringup
[0.602s] -- Install configuration: ""
[0.605s] -- Up-to-date: /root/glad_ws/install/bringup/share/bringup/launch
[0.607s] -- Up-to-date: /root/glad_ws/install/bringup/share/bringup/launch/sensorbringup.launch.py
[0.607s] -- Up-to-date: /root/glad_ws/install/bringup/share/bringup/launch/glad_nav2.launch.py
[0.608s] -- Up-to-date: /root/glad_ws/install/bringup/share/bringup/config
[0.608s] -- Up-to-date: /root/glad_ws/install/bringup/share/bringup/config/robotics_lab_main.yaml
[0.609s] -- Up-to-date: /root/glad_ws/install/bringup/share/bringup/config/jithin_room.yaml
[0.609s] -- Up-to-date: /root/glad_ws/install/bringup/share/bringup/config/robotics_lab_main.pgm
[0.611s] -- Up-to-date: /root/glad_ws/install/bringup/share/bringup/config/robotics_lab_main.tar.gz
[0.611s] -- Up-to-date: /root/glad_ws/install/bringup/share/bringup/config/glad_automation_tour.py
[0.612s] -- Up-to-date: /root/glad_ws/install/bringup/share/bringup/config/ekf_config.yaml
[0.612s] -- Up-to-date: /root/glad_ws/install/bringup/share/bringup/config/my_nav2_params.yaml
[0.613s] -- Up-to-date: /root/glad_ws/install/bringup/share/bringup/config/laser_filter.yaml
[0.613s] -- Up-to-date: /root/glad_ws/install/bringup/share/bringup/config/jithin_room.pgm
[0.614s] -- Installing: /root/glad_ws/install/bringup/share/bringup/config/glad_final_tour.py
[0.614s] -- Up-to-date: /root/glad_ws/install/bringup/share/bringup/config/jithin_map_backup.tar.gz
[0.615s] -- Up-to-date: /root/glad_ws/install/bringup/share/ament_index/resource_index/package_run_dependencies/bringup
[0.615s] -- Up-to-date: /root/glad_ws/install/bringup/share/ament_index/resource_index/parent_prefix_path/bringup
[0.615s] -- Up-to-date: /root/glad_ws/install/bringup/share/bringup/environment/ament_prefix_path.sh
[0.615s] -- Up-to-date: /root/glad_ws/install/bringup/share/bringup/environment/ament_prefix_path.dsv
[0.616s] -- Up-to-date: /root/glad_ws/install/bringup/share/bringup/environment/path.sh
[0.616s] -- Up-to-date: /root/glad_ws/install/bringup/share/bringup/environment/path.dsv
[0.616s] -- Up-to-date: /root/glad_ws/install/bringup/share/bringup/local_setup.bash
[0.616s] -- Up-to-date: /root/glad_ws/install/bringup/share/bringup/local_setup.sh
[0.617s] -- Up-to-date: /root/glad_ws/install/bringup/share/bringup/local_setup.zsh
[0.617s] -- Up-to-date: /root/glad_ws/install/bringup/share/bringup/local_setup.dsv
[0.617s] -- Installing: /root/glad_ws/install/bringup/share/bringup/package.dsv
[0.618s] -- Up-to-date: /root/glad_ws/install/bringup/share/ament_index/resource_index/packages/bringup
[0.618s] -- Up-to-date: /root/glad_ws/install/bringup/share/bringup/cmake/bringupConfig.cmake
[0.618s] -- Up-to-date: /root/glad_ws/install/bringup/share/bringup/cmake/bringupConfig-version.cmake
[0.618s] -- Up-to-date: /root/glad_ws/install/bringup/share/bringup/package.xml
[0.624s] Invoked command in '/root/glad_ws/build/bringup' returned '0': CMAKE_PREFIX_PATH=${CMAKE_PREFIX_PATH}:/root/glad_ws/install/myimu:/root/glad_ws/install/glad_voice:/root/glad_ws/install/glad_motor_controller:/opt/ros/humble /usr/bin/cmake --install /root/glad_ws/build/bringup
