running egg_info
creating ../../build/myimu/myimu.egg-info
writing ../../build/myimu/myimu.egg-info/PKG-INFO
writing dependency_links to ../../build/myimu/myimu.egg-info/dependency_links.txt
writing entry points to ../../build/myimu/myimu.egg-info/entry_points.txt
writing requirements to ../../build/myimu/myimu.egg-info/requires.txt
writing top-level names to ../../build/myimu/myimu.egg-info/top_level.txt
writing manifest file '../../build/myimu/myimu.egg-info/SOURCES.txt'
reading manifest file '../../build/myimu/myimu.egg-info/SOURCES.txt'
writing manifest file '../../build/myimu/myimu.egg-info/SOURCES.txt'
running build
running build_py
creating /root/glad_ws/build/myimu/build
creating /root/glad_ws/build/myimu/build/lib
creating /root/glad_ws/build/myimu/build/lib/myimu
copying myimu/__init__.py -> /root/glad_ws/build/myimu/build/lib/myimu
copying myimu/imupublisher.py -> /root/glad_ws/build/myimu/build/lib/myimu
running install
running install_lib
creating /root/glad_ws/install/myimu/lib/python3.10/site-packages/myimu
copying /root/glad_ws/build/myimu/build/lib/myimu/__init__.py -> /root/glad_ws/install/myimu/lib/python3.10/site-packages/myimu
copying /root/glad_ws/build/myimu/build/lib/myimu/imupublisher.py -> /root/glad_ws/install/myimu/lib/python3.10/site-packages/myimu
byte-compiling /root/glad_ws/install/myimu/lib/python3.10/site-packages/myimu/__init__.py to __init__.cpython-310.pyc
byte-compiling /root/glad_ws/install/myimu/lib/python3.10/site-packages/myimu/imupublisher.py to imupublisher.cpython-310.pyc
running install_data
creating /root/glad_ws/install/myimu/share/ament_index
creating /root/glad_ws/install/myimu/share/ament_index/resource_index
creating /root/glad_ws/install/myimu/share/ament_index/resource_index/packages
copying resource/myimu -> /root/glad_ws/install/myimu/share/ament_index/resource_index/packages
copying package.xml -> /root/glad_ws/install/myimu/share/myimu
creating /root/glad_ws/install/myimu/share/myimu/config
copying config/bno055_config.yaml -> /root/glad_ws/install/myimu/share/myimu/config
running install_egg_info
Copying ../../build/myimu/myimu.egg-info to /root/glad_ws/install/myimu/lib/python3.10/site-packages/myimu-0.0.0-py3.10.egg-info
running install_scripts
Installing imupub script to /root/glad_ws/install/myimu/lib/myimu
writing list of installed files to '/root/glad_ws/build/myimu/install.log'
