running egg_info
writing ../../build/glad_voice/glad_voice.egg-info/PKG-INFO
writing dependency_links to ../../build/glad_voice/glad_voice.egg-info/dependency_links.txt
writing entry points to ../../build/glad_voice/glad_voice.egg-info/entry_points.txt
writing requirements to ../../build/glad_voice/glad_voice.egg-info/requires.txt
writing top-level names to ../../build/glad_voice/glad_voice.egg-info/top_level.txt
reading manifest file '../../build/glad_voice/glad_voice.egg-info/SOURCES.txt'
writing manifest file '../../build/glad_voice/glad_voice.egg-info/SOURCES.txt'
running build
running build_py
copying glad_voice/new_voice_assistant.py -> /root/glad_ws/build/glad_voice/build/lib/glad_voice
running install
running install_lib
copying /root/glad_ws/build/glad_voice/build/lib/glad_voice/new_voice_assistant.py -> /root/glad_ws/install/glad_voice/lib/python3.10/site-packages/glad_voice
byte-compiling /root/glad_ws/install/glad_voice/lib/python3.10/site-packages/glad_voice/new_voice_assistant.py to new_voice_assistant.cpython-310.pyc
running install_data
running install_egg_info
removing '/root/glad_ws/install/glad_voice/lib/python3.10/site-packages/glad_voice-0.0.0-py3.10.egg-info' (and everything under it)
Copying ../../build/glad_voice/glad_voice.egg-info to /root/glad_ws/install/glad_voice/lib/python3.10/site-packages/glad_voice-0.0.0-py3.10.egg-info
running install_scripts
Installing voice_assistant = glad_voice.voice_assistant:mainnew_voice_assistant script to /root/glad_ws/install/glad_voice/lib/glad_voice
writing list of installed files to '/root/glad_ws/build/glad_voice/install.log'
