[4.932s] Invoking command in '/root/glad_ws/src/myimu': PYTHONPATH=/root/glad_ws/build/myimu/prefix_override:/usr/lib/python3/dist-packages/colcon_core/task/python/colcon_distutils_commands:/root/glad_ws/install/myimu/lib/python3.10/site-packages:${PYTHONPATH} /usr/bin/python3 -W ignore:setup.py install is deprecated -W ignore:easy_install command is deprecated setup.py egg_info --egg-base ../../build/myimu build --build-base /root/glad_ws/build/myimu/build install --record /root/glad_ws/build/myimu/install.log --single-version-externally-managed install_data
[6.067s] running egg_info
[6.067s] writing ../../build/myimu/myimu.egg-info/PKG-INFO
[6.073s] writing dependency_links to ../../build/myimu/myimu.egg-info/dependency_links.txt
[6.078s] writing entry points to ../../build/myimu/myimu.egg-info/entry_points.txt
[6.082s] writing requirements to ../../build/myimu/myimu.egg-info/requires.txt
[6.085s] writing top-level names to ../../build/myimu/myimu.egg-info/top_level.txt
[6.104s] reading manifest file '../../build/myimu/myimu.egg-info/SOURCES.txt'
[6.112s] writing manifest file '../../build/myimu/myimu.egg-info/SOURCES.txt'
[6.114s] running build
[6.114s] running build_py
[6.115s] copying myimu/imupublisher.py -> /root/glad_ws/build/myimu/build/lib/myimu
[6.116s] running install
[6.122s] running install_lib
[6.125s] copying /root/glad_ws/build/myimu/build/lib/myimu/imupublisher.py -> /root/glad_ws/install/myimu/lib/python3.10/site-packages/myimu
[6.132s] byte-compiling /root/glad_ws/install/myimu/lib/python3.10/site-packages/myimu/imupublisher.py to imupublisher.cpython-310.pyc
[6.138s] running install_data
[6.139s] running install_egg_info
[6.146s] removing '/root/glad_ws/install/myimu/lib/python3.10/site-packages/myimu-0.0.0-py3.10.egg-info' (and everything under it)
[6.162s] Copying ../../build/myimu/myimu.egg-info to /root/glad_ws/install/myimu/lib/python3.10/site-packages/myimu-0.0.0-py3.10.egg-info
[6.169s] running install_scripts
[6.328s] Installing imuodom script to /root/glad_ws/install/myimu/lib/myimu
[6.329s] Installing imupub script to /root/glad_ws/install/myimu/lib/myimu
[6.332s] writing list of installed files to '/root/glad_ws/build/myimu/install.log'
[6.477s] Invoked command in '/root/glad_ws/src/myimu' returned '0': PYTHONPATH=/root/glad_ws/build/myimu/prefix_override:/usr/lib/python3/dist-packages/colcon_core/task/python/colcon_distutils_commands:/root/glad_ws/install/myimu/lib/python3.10/site-packages:${PYTHONPATH} /usr/bin/python3 -W ignore:setup.py install is deprecated -W ignore:easy_install command is deprecated setup.py egg_info --egg-base ../../build/myimu build --build-base /root/glad_ws/build/myimu/build install --record /root/glad_ws/build/myimu/install.log --single-version-externally-managed install_data
