[0.112s] Invoking command in '/root/glad_ws/build/bringup': CMAKE_PREFIX_PATH=${CMAKE_PREFIX_PATH}:/root/glad_ws/install/myimu:/root/glad_ws/install/glad_voice:/root/glad_ws/install/glad_motor_controller:/opt/ros/humble /usr/bin/cmake --build /root/glad_ws/build/bringup -- -j4 -l4
[2.902s] Invoked command in '/root/glad_ws/build/bringup' returned '0': CMAKE_PREFIX_PATH=${CMAKE_PREFIX_PATH}:/root/glad_ws/install/myimu:/root/glad_ws/install/glad_voice:/root/glad_ws/install/glad_motor_controller:/opt/ros/humble /usr/bin/cmake --build /root/glad_ws/build/bringup -- -j4 -l4
[2.929s] Invoking command in '/root/glad_ws/build/bringup': CMAKE_PREFIX_PATH=${CMAKE_PREFIX_PATH}:/root/glad_ws/install/myimu:/root/glad_ws/install/glad_voice:/root/glad_ws/install/glad_motor_controller:/opt/ros/humble /usr/bin/cmake --install /root/glad_ws/build/bringup
[2.950s] -- Install configuration: ""
[2.967s] -- Up-to-date: /root/glad_ws/install/bringup/share/bringup/launch
[2.968s] -- Up-to-date: /root/glad_ws/install/bringup/share/bringup/launch/sensorbringup.launch.py
[2.974s] -- Up-to-date: /root/glad_ws/install/bringup/share/bringup/launch/glad_nav2.launch.py
[2.975s] -- Up-to-date: /root/glad_ws/install/bringup/share/bringup/config
[2.979s] -- Up-to-date: /root/glad_ws/install/bringup/share/bringup/config/jithin_room.yaml
[2.979s] -- Up-to-date: /root/glad_ws/install/bringup/share/bringup/config/glad_automation_tour.py
[2.980s] -- Up-to-date: /root/glad_ws/install/bringup/share/bringup/config/ekf_config.yaml
[2.981s] -- Up-to-date: /root/glad_ws/install/bringup/share/bringup/config/my_nav2_params.yaml
[2.982s] -- Up-to-date: /root/glad_ws/install/bringup/share/bringup/config/laser_filter.yaml
[2.986s] -- Up-to-date: /root/glad_ws/install/bringup/share/bringup/config/jithin_room.pgm
[2.986s] -- Up-to-date: /root/glad_ws/install/bringup/share/bringup/config/glad_final_tour.py
[2.987s] -- Up-to-date: /root/glad_ws/install/bringup/share/bringup/config/jithin_map_backup.tar.gz
[2.987s] -- Up-to-date: /root/glad_ws/install/bringup/share/ament_index/resource_index/package_run_dependencies/bringup
[2.988s] -- Up-to-date: /root/glad_ws/install/bringup/share/ament_index/resource_index/parent_prefix_path/bringup
[2.988s] -- Up-to-date: /root/glad_ws/install/bringup/share/bringup/environment/ament_prefix_path.sh
[2.989s] -- Up-to-date: /root/glad_ws/install/bringup/share/bringup/environment/ament_prefix_path.dsv
[2.994s] -- Up-to-date: /root/glad_ws/install/bringup/share/bringup/environment/path.sh
[2.995s] -- Up-to-date: /root/glad_ws/install/bringup/share/bringup/environment/path.dsv
[2.995s] -- Up-to-date: /root/glad_ws/install/bringup/share/bringup/local_setup.bash
[2.996s] -- Up-to-date: /root/glad_ws/install/bringup/share/bringup/local_setup.sh
[2.996s] -- Up-to-date: /root/glad_ws/install/bringup/share/bringup/local_setup.zsh
[2.997s] -- Up-to-date: /root/glad_ws/install/bringup/share/bringup/local_setup.dsv
[3.004s] -- Installing: /root/glad_ws/install/bringup/share/bringup/package.dsv
[3.007s] -- Up-to-date: /root/glad_ws/install/bringup/share/ament_index/resource_index/packages/bringup
[3.008s] -- Up-to-date: /root/glad_ws/install/bringup/share/bringup/cmake/bringupConfig.cmake
[3.009s] -- Up-to-date: /root/glad_ws/install/bringup/share/bringup/cmake/bringupConfig-version.cmake
[3.013s] -- Up-to-date: /root/glad_ws/install/bringup/share/bringup/package.xml
[3.014s] Invoked command in '/root/glad_ws/build/bringup' returned '0': CMAKE_PREFIX_PATH=${CMAKE_PREFIX_PATH}:/root/glad_ws/install/myimu:/root/glad_ws/install/glad_voice:/root/glad_ws/install/glad_motor_controller:/opt/ros/humble /usr/bin/cmake --install /root/glad_ws/build/bringup
