[2.094s] Invoking command in '/root/glad_ws/src/myimu': PYTHONPATH=/root/glad_ws/build/myimu/prefix_override:/usr/lib/python3/dist-packages/colcon_core/task/python/colcon_distutils_commands:/root/glad_ws/install/myimu/lib/python3.10/site-packages:${PYTHONPATH} /usr/bin/python3 -W ignore:setup.py install is deprecated -W ignore:easy_install command is deprecated setup.py egg_info --egg-base ../../build/myimu build --build-base /root/glad_ws/build/myimu/build install --record /root/glad_ws/build/myimu/install.log --single-version-externally-managed install_data
[2.863s] running egg_info
[2.863s] writing ../../build/myimu/myimu.egg-info/PKG-INFO
[2.864s] writing dependency_links to ../../build/myimu/myimu.egg-info/dependency_links.txt
[2.865s] writing entry points to ../../build/myimu/myimu.egg-info/entry_points.txt
[2.865s] writing requirements to ../../build/myimu/myimu.egg-info/requires.txt
[2.866s] writing top-level names to ../../build/myimu/myimu.egg-info/top_level.txt
[2.875s] reading manifest file '../../build/myimu/myimu.egg-info/SOURCES.txt'
[2.876s] writing manifest file '../../build/myimu/myimu.egg-info/SOURCES.txt'
[2.876s] running build
[2.876s] running build_py
[2.877s] running install
[2.879s] running install_lib
[2.882s] running install_data
[2.883s] copying launch/fullimu.launch.py -> /root/glad_ws/install/myimu/share/myimu/launch
[2.884s] running install_egg_info
[2.890s] removing '/root/glad_ws/install/myimu/lib/python3.10/site-packages/myimu-0.0.0-py3.10.egg-info' (and everything under it)
[2.891s] Copying ../../build/myimu/myimu.egg-info to /root/glad_ws/install/myimu/lib/python3.10/site-packages/myimu-0.0.0-py3.10.egg-info
[2.894s] running install_scripts
[2.964s] Installing imupub script to /root/glad_ws/install/myimu/lib/myimu
[2.965s] writing list of installed files to '/root/glad_ws/build/myimu/install.log'
[3.070s] Invoked command in '/root/glad_ws/src/myimu' returned '0': PYTHONPATH=/root/glad_ws/build/myimu/prefix_override:/usr/lib/python3/dist-packages/colcon_core/task/python/colcon_distutils_commands:/root/glad_ws/install/myimu/lib/python3.10/site-packages:${PYTHONPATH} /usr/bin/python3 -W ignore:setup.py install is deprecated -W ignore:easy_install command is deprecated setup.py egg_info --egg-base ../../build/myimu build --build-base /root/glad_ws/build/myimu/build install --record /root/glad_ws/build/myimu/install.log --single-version-externally-managed install_data
