[3.758s] Invoking command in '/root/glad_ws/src/myimu': PYTHONPATH=/root/glad_ws/build/myimu/prefix_override:/usr/lib/python3/dist-packages/colcon_core/task/python/colcon_distutils_commands:/root/glad_ws/install/myimu/lib/python3.10/site-packages:${PYTHONPATH} /usr/bin/python3 -W ignore:setup.py install is deprecated -W ignore:easy_install command is deprecated setup.py egg_info --egg-base ../../build/myimu build --build-base /root/glad_ws/build/myimu/build install --record /root/glad_ws/build/myimu/install.log --single-version-externally-managed install_data
[4.674s] running egg_info
[4.678s] writing ../../build/myimu/myimu.egg-info/PKG-INFO
[4.681s] writing dependency_links to ../../build/myimu/myimu.egg-info/dependency_links.txt
[4.682s] writing entry points to ../../build/myimu/myimu.egg-info/entry_points.txt
[4.683s] writing requirements to ../../build/myimu/myimu.egg-info/requires.txt
[4.684s] writing top-level names to ../../build/myimu/myimu.egg-info/top_level.txt
[4.691s] reading manifest file '../../build/myimu/myimu.egg-info/SOURCES.txt'
[4.699s] writing manifest file '../../build/myimu/myimu.egg-info/SOURCES.txt'
[4.699s] running build
[4.700s] running build_py
[4.700s] running install
[4.701s] running install_lib
[4.704s] running install_data
[4.705s] running install_egg_info
[4.712s] removing '/root/glad_ws/install/myimu/lib/python3.10/site-packages/myimu-0.0.0-py3.10.egg-info' (and everything under it)
[4.717s] Copying ../../build/myimu/myimu.egg-info to /root/glad_ws/install/myimu/lib/python3.10/site-packages/myimu-0.0.0-py3.10.egg-info
[4.722s] running install_scripts
[4.811s] Installing imuodom script to /root/glad_ws/install/myimu/lib/myimu
[4.813s] Installing imupub script to /root/glad_ws/install/myimu/lib/myimu
[4.815s] writing list of installed files to '/root/glad_ws/build/myimu/install.log'
[4.993s] Invoked command in '/root/glad_ws/src/myimu' returned '0': PYTHONPATH=/root/glad_ws/build/myimu/prefix_override:/usr/lib/python3/dist-packages/colcon_core/task/python/colcon_distutils_commands:/root/glad_ws/install/myimu/lib/python3.10/site-packages:${PYTHONPATH} /usr/bin/python3 -W ignore:setup.py install is deprecated -W ignore:easy_install command is deprecated setup.py egg_info --egg-base ../../build/myimu build --build-base /root/glad_ws/build/myimu/build install --record /root/glad_ws/build/myimu/install.log --single-version-externally-managed install_data
