[2.478s] Invoking command in '/root/glad_ws/src/myimu': PYTHONPATH=/root/glad_ws/build/myimu/prefix_override:/usr/lib/python3/dist-packages/colcon_core/task/python/colcon_distutils_commands:/root/glad_ws/install/myimu/lib/python3.10/site-packages:${PYTHONPATH} /usr/bin/python3 -W ignore:setup.py install is deprecated -W ignore:easy_install command is deprecated setup.py egg_info --egg-base ../../build/myimu build --build-base /root/glad_ws/build/myimu/build install --record /root/glad_ws/build/myimu/install.log --single-version-externally-managed install_data
[3.226s] running egg_info
[3.228s] writing ../../build/myimu/myimu.egg-info/PKG-INFO
[3.230s] writing dependency_links to ../../build/myimu/myimu.egg-info/dependency_links.txt
[3.231s] writing entry points to ../../build/myimu/myimu.egg-info/entry_points.txt
[3.231s] writing requirements to ../../build/myimu/myimu.egg-info/requires.txt
[3.232s] writing top-level names to ../../build/myimu/myimu.egg-info/top_level.txt
[3.239s] reading manifest file '../../build/myimu/myimu.egg-info/SOURCES.txt'
[3.243s] writing manifest file '../../build/myimu/myimu.egg-info/SOURCES.txt'
[3.244s] running build
[3.244s] running build_py
[3.244s] copying myimu/imupublisher.py -> /root/glad_ws/build/myimu/build/lib/myimu
[3.245s] running install
[3.247s] running install_lib
[3.250s] copying /root/glad_ws/build/myimu/build/lib/myimu/imupublisher.py -> /root/glad_ws/install/myimu/lib/python3.10/site-packages/myimu
[3.252s] byte-compiling /root/glad_ws/install/myimu/lib/python3.10/site-packages/myimu/imupublisher.py to imupublisher.cpython-310.pyc
[3.257s] running install_data
[3.259s] running install_egg_info
[3.267s] removing '/root/glad_ws/install/myimu/lib/python3.10/site-packages/myimu-0.0.0-py3.10.egg-info' (and everything under it)
[3.269s] Copying ../../build/myimu/myimu.egg-info to /root/glad_ws/install/myimu/lib/python3.10/site-packages/myimu-0.0.0-py3.10.egg-info
[3.273s] running install_scripts
[3.343s] Installing imupub script to /root/glad_ws/install/myimu/lib/myimu
[3.345s] writing list of installed files to '/root/glad_ws/build/myimu/install.log'
[3.455s] Invoked command in '/root/glad_ws/src/myimu' returned '0': PYTHONPATH=/root/glad_ws/build/myimu/prefix_override:/usr/lib/python3/dist-packages/colcon_core/task/python/colcon_distutils_commands:/root/glad_ws/install/myimu/lib/python3.10/site-packages:${PYTHONPATH} /usr/bin/python3 -W ignore:setup.py install is deprecated -W ignore:easy_install command is deprecated setup.py egg_info --egg-base ../../build/myimu build --build-base /root/glad_ws/build/myimu/build install --record /root/glad_ws/build/myimu/install.log --single-version-externally-managed install_data
