[3.935s] Invoking command in '/root/glad_ws/src/myimu': PYTHONPATH=/root/glad_ws/build/myimu/prefix_override:/usr/lib/python3/dist-packages/colcon_core/task/python/colcon_distutils_commands:/root/glad_ws/install/myimu/lib/python3.10/site-packages:${PYTHONPATH} /usr/bin/python3 -W ignore:setup.py install is deprecated -W ignore:easy_install command is deprecated setup.py egg_info --egg-base ../../build/myimu build --build-base /root/glad_ws/build/myimu/build install --record /root/glad_ws/build/myimu/install.log --single-version-externally-managed install_data
[4.837s] running egg_info
[4.842s] writing ../../build/myimu/myimu.egg-info/PKG-INFO
[4.846s] writing dependency_links to ../../build/myimu/myimu.egg-info/dependency_links.txt
[4.846s] writing entry points to ../../build/myimu/myimu.egg-info/entry_points.txt
[4.846s] writing requirements to ../../build/myimu/myimu.egg-info/requires.txt
[4.847s] writing top-level names to ../../build/myimu/myimu.egg-info/top_level.txt
[4.852s] reading manifest file '../../build/myimu/myimu.egg-info/SOURCES.txt'
[4.858s] writing manifest file '../../build/myimu/myimu.egg-info/SOURCES.txt'
[4.859s] running build
[4.862s] running build_py
[4.863s] running install
[4.866s] running install_lib
[4.871s] running install_data
[4.871s] running install_egg_info
[4.873s] removing '/root/glad_ws/install/myimu/lib/python3.10/site-packages/myimu-0.0.0-py3.10.egg-info' (and everything under it)
[4.874s] Copying ../../build/myimu/myimu.egg-info to /root/glad_ws/install/myimu/lib/python3.10/site-packages/myimu-0.0.0-py3.10.egg-info
[4.878s] running install_scripts
[4.970s] Installing imuodom script to /root/glad_ws/install/myimu/lib/myimu
[4.971s] Installing imupub script to /root/glad_ws/install/myimu/lib/myimu
[4.975s] writing list of installed files to '/root/glad_ws/build/myimu/install.log'
[5.165s] Invoked command in '/root/glad_ws/src/myimu' returned '0': PYTHONPATH=/root/glad_ws/build/myimu/prefix_override:/usr/lib/python3/dist-packages/colcon_core/task/python/colcon_distutils_commands:/root/glad_ws/install/myimu/lib/python3.10/site-packages:${PYTHONPATH} /usr/bin/python3 -W ignore:setup.py install is deprecated -W ignore:easy_install command is deprecated setup.py egg_info --egg-base ../../build/myimu build --build-base /root/glad_ws/build/myimu/build install --record /root/glad_ws/build/myimu/install.log --single-version-externally-managed install_data
