[5.133s] Invoking command in '/root/glad_ws/src/glad_voice': PYTHONPATH=/root/glad_ws/build/glad_voice/prefix_override:/usr/lib/python3/dist-packages/colcon_core/task/python/colcon_distutils_commands:/root/glad_ws/install/glad_voice/lib/python3.10/site-packages:${PYTHONPATH} /usr/bin/python3 -W ignore:setup.py install is deprecated -W ignore:easy_install command is deprecated setup.py egg_info --egg-base ../../build/glad_voice build --build-base /root/glad_ws/build/glad_voice/build install --record /root/glad_ws/build/glad_voice/install.log --single-version-externally-managed install_data
[6.387s] running egg_info
[6.388s] writing ../../build/glad_voice/glad_voice.egg-info/PKG-INFO
[6.392s] writing dependency_links to ../../build/glad_voice/glad_voice.egg-info/dependency_links.txt
[6.393s] writing entry points to ../../build/glad_voice/glad_voice.egg-info/entry_points.txt
[6.394s] writing requirements to ../../build/glad_voice/glad_voice.egg-info/requires.txt
[6.395s] writing top-level names to ../../build/glad_voice/glad_voice.egg-info/top_level.txt
[6.404s] reading manifest file '../../build/glad_voice/glad_voice.egg-info/SOURCES.txt'
[6.408s] writing manifest file '../../build/glad_voice/glad_voice.egg-info/SOURCES.txt'
[6.410s] running build
[6.411s] running build_py
[6.412s] copying glad_voice/voice_assistant.py -> /root/glad_ws/build/glad_voice/build/lib/glad_voice
[6.413s] running install
[6.414s] running install_lib
[6.418s] copying /root/glad_ws/build/glad_voice/build/lib/glad_voice/voice_assistant.py -> /root/glad_ws/install/glad_voice/lib/python3.10/site-packages/glad_voice
[6.423s] byte-compiling /root/glad_ws/install/glad_voice/lib/python3.10/site-packages/glad_voice/voice_assistant.py to voice_assistant.cpython-310.pyc
[6.433s] running install_data
[6.434s] running install_egg_info
[6.445s] removing '/root/glad_ws/install/glad_voice/lib/python3.10/site-packages/glad_voice-0.0.0-py3.10.egg-info' (and everything under it)
[6.446s] Copying ../../build/glad_voice/glad_voice.egg-info to /root/glad_ws/install/glad_voice/lib/python3.10/site-packages/glad_voice-0.0.0-py3.10.egg-info
[6.455s] running install_scripts
[6.548s] Installing voice_assistant script to /root/glad_ws/install/glad_voice/lib/glad_voice
[6.549s] writing list of installed files to '/root/glad_ws/build/glad_voice/install.log'
[6.659s] Invoked command in '/root/glad_ws/src/glad_voice' returned '0': PYTHONPATH=/root/glad_ws/build/glad_voice/prefix_override:/usr/lib/python3/dist-packages/colcon_core/task/python/colcon_distutils_commands:/root/glad_ws/install/glad_voice/lib/python3.10/site-packages:${PYTHONPATH} /usr/bin/python3 -W ignore:setup.py install is deprecated -W ignore:easy_install command is deprecated setup.py egg_info --egg-base ../../build/glad_voice build --build-base /root/glad_ws/build/glad_voice/build install --record /root/glad_ws/build/glad_voice/install.log --single-version-externally-managed install_data
