[0.026s] Invoking command in '/root/glad_ws/build/rplidar_ros': CMAKE_PREFIX_PATH=/opt/ros/humble /usr/bin/cmake /root/glad_ws/src/rplidar_ros -DAMENT_CMAKE_SYMLINK_INSTALL=1 -DCMAKE_INSTALL_PREFIX=/root/glad_ws/install/rplidar_ros
[0.192s] -- The C compiler identification is GNU 11.4.0
[0.431s] -- The CXX compiler identification is unknown
[0.444s] -- Detecting C compiler ABI info
[0.644s] -- Detecting C compiler ABI info - done
[0.666s] -- Check for working C compiler: /usr/bin/cc - skipped
[0.667s] -- Detecting C compile features
[0.669s] -- Detecting C compile features - done
[0.670s] [31mCMake Error at CMakeLists.txt:5 (project):
[0.670s]   No CMAKE_CXX_COMPILER could be found.
[0.671s] 
[0.671s]   Tell CMake where to find the compiler by setting either the environment
[0.671s]   variable "CXX" or the CMake cache entry CMAKE_CXX_COMPILER to the full path
[0.672s]   to the compiler, or to the compiler name if it is in the PATH.
[0.672s] 
[0.672s] [0m
[0.674s] -- Configuring incomplete, errors occurred!
[0.675s] See also "/root/glad_ws/build/rplidar_ros/CMakeFiles/CMakeOutput.log".
[0.675s] See also "/root/glad_ws/build/rplidar_ros/CMakeFiles/CMakeError.log".
[0.689s] Invoked command in '/root/glad_ws/build/rplidar_ros' returned '1': CMAKE_PREFIX_PATH=/opt/ros/humble /usr/bin/cmake /root/glad_ws/src/rplidar_ros -DAMENT_CMAKE_SYMLINK_INSTALL=1 -DCMAKE_INSTALL_PREFIX=/root/glad_ws/install/rplidar_ros
