running egg_info
creating ../../build/glad_motor_controller/glad_motor_controller.egg-info
writing ../../build/glad_motor_controller/glad_motor_controller.egg-info/PKG-INFO
writing dependency_links to ../../build/glad_motor_controller/glad_motor_controller.egg-info/dependency_links.txt
writing entry points to ../../build/glad_motor_controller/glad_motor_controller.egg-info/entry_points.txt
writing requirements to ../../build/glad_motor_controller/glad_motor_controller.egg-info/requires.txt
writing top-level names to ../../build/glad_motor_controller/glad_motor_controller.egg-info/top_level.txt
writing manifest file '../../build/glad_motor_controller/glad_motor_controller.egg-info/SOURCES.txt'
reading manifest file '../../build/glad_motor_controller/glad_motor_controller.egg-info/SOURCES.txt'
writing manifest file '../../build/glad_motor_controller/glad_motor_controller.egg-info/SOURCES.txt'
running build
running build_py
creating /root/glad_ws/build/glad_motor_controller/build
creating /root/glad_ws/build/glad_motor_controller/build/lib
creating /root/glad_ws/build/glad_motor_controller/build/lib/glad_motor_controller
copying glad_motor_controller/motor_driver.py -> /root/glad_ws/build/glad_motor_controller/build/lib/glad_motor_controller
copying glad_motor_controller/__init__.py -> /root/glad_ws/build/glad_motor_controller/build/lib/glad_motor_controller
running install
running install_lib
creating /root/glad_ws/install/glad_motor_controller/lib/python3.10/site-packages/glad_motor_controller
copying /root/glad_ws/build/glad_motor_controller/build/lib/glad_motor_controller/motor_driver.py -> /root/glad_ws/install/glad_motor_controller/lib/python3.10/site-packages/glad_motor_controller
copying /root/glad_ws/build/glad_motor_controller/build/lib/glad_motor_controller/__init__.py -> /root/glad_ws/install/glad_motor_controller/lib/python3.10/site-packages/glad_motor_controller
byte-compiling /root/glad_ws/install/glad_motor_controller/lib/python3.10/site-packages/glad_motor_controller/motor_driver.py to motor_driver.cpython-310.pyc
byte-compiling /root/glad_ws/install/glad_motor_controller/lib/python3.10/site-packages/glad_motor_controller/__init__.py to __init__.cpython-310.pyc
running install_data
creating /root/glad_ws/install/glad_motor_controller/share/ament_index
creating /root/glad_ws/install/glad_motor_controller/share/ament_index/resource_index
creating /root/glad_ws/install/glad_motor_controller/share/ament_index/resource_index/packages
copying resource/glad_motor_controller -> /root/glad_ws/install/glad_motor_controller/share/ament_index/resource_index/packages
copying package.xml -> /root/glad_ws/install/glad_motor_controller/share/glad_motor_controller
running install_egg_info
Copying ../../build/glad_motor_controller/glad_motor_controller.egg-info to /root/glad_ws/install/glad_motor_controller/lib/python3.10/site-packages/glad_motor_controller-0.0.0-py3.10.egg-info
running install_scripts
Installing motor_driver script to /root/glad_ws/install/glad_motor_controller/lib/glad_motor_controller
writing list of installed files to '/root/glad_ws/build/glad_motor_controller/install.log'
