[3.774s] Invoking command in '/root/glad_ws/src/glad_motor_controller': PYTHONPATH=/root/glad_ws/build/glad_motor_controller/prefix_override:/usr/lib/python3/dist-packages/colcon_core/task/python/colcon_distutils_commands:/root/glad_ws/install/glad_motor_controller/lib/python3.10/site-packages:${PYTHONPATH} /usr/bin/python3 -W ignore:setup.py install is deprecated -W ignore:easy_install command is deprecated setup.py egg_info --egg-base ../../build/glad_motor_controller build --build-base /root/glad_ws/build/glad_motor_controller/build install --record /root/glad_ws/build/glad_motor_controller/install.log --single-version-externally-managed install_data
[4.671s] running egg_info
[4.674s] creating ../../build/glad_motor_controller/glad_motor_controller.egg-info
[4.674s] writing ../../build/glad_motor_controller/glad_motor_controller.egg-info/PKG-INFO
[4.678s] writing dependency_links to ../../build/glad_motor_controller/glad_motor_controller.egg-info/dependency_links.txt
[4.678s] writing entry points to ../../build/glad_motor_controller/glad_motor_controller.egg-info/entry_points.txt
[4.679s] writing requirements to ../../build/glad_motor_controller/glad_motor_controller.egg-info/requires.txt
[4.687s] writing top-level names to ../../build/glad_motor_controller/glad_motor_controller.egg-info/top_level.txt
[4.687s] writing manifest file '../../build/glad_motor_controller/glad_motor_controller.egg-info/SOURCES.txt'
[4.688s] reading manifest file '../../build/glad_motor_controller/glad_motor_controller.egg-info/SOURCES.txt'
[4.691s] writing manifest file '../../build/glad_motor_controller/glad_motor_controller.egg-info/SOURCES.txt'
[4.692s] running build
[4.694s] running build_py
[4.695s] creating /root/glad_ws/build/glad_motor_controller/build
[4.695s] creating /root/glad_ws/build/glad_motor_controller/build/lib
[4.696s] creating /root/glad_ws/build/glad_motor_controller/build/lib/glad_motor_controller
[4.697s] copying glad_motor_controller/motor_driver.py -> /root/glad_ws/build/glad_motor_controller/build/lib/glad_motor_controller
[4.698s] copying glad_motor_controller/__init__.py -> /root/glad_ws/build/glad_motor_controller/build/lib/glad_motor_controller
[4.701s] running install
[4.702s] running install_lib
[4.704s] creating /root/glad_ws/install/glad_motor_controller/lib/python3.10/site-packages/glad_motor_controller
[4.706s] copying /root/glad_ws/build/glad_motor_controller/build/lib/glad_motor_controller/motor_driver.py -> /root/glad_ws/install/glad_motor_controller/lib/python3.10/site-packages/glad_motor_controller
[4.707s] copying /root/glad_ws/build/glad_motor_controller/build/lib/glad_motor_controller/__init__.py -> /root/glad_ws/install/glad_motor_controller/lib/python3.10/site-packages/glad_motor_controller
[4.707s] byte-compiling /root/glad_ws/install/glad_motor_controller/lib/python3.10/site-packages/glad_motor_controller/motor_driver.py to motor_driver.cpython-310.pyc
[4.710s] byte-compiling /root/glad_ws/install/glad_motor_controller/lib/python3.10/site-packages/glad_motor_controller/__init__.py to __init__.cpython-310.pyc
[4.713s] running install_data
[4.713s] creating /root/glad_ws/install/glad_motor_controller/share/ament_index
[4.714s] creating /root/glad_ws/install/glad_motor_controller/share/ament_index/resource_index
[4.714s] creating /root/glad_ws/install/glad_motor_controller/share/ament_index/resource_index/packages
[4.716s] copying resource/glad_motor_controller -> /root/glad_ws/install/glad_motor_controller/share/ament_index/resource_index/packages
[4.717s] copying package.xml -> /root/glad_ws/install/glad_motor_controller/share/glad_motor_controller
[4.718s] running install_egg_info
[4.722s] Copying ../../build/glad_motor_controller/glad_motor_controller.egg-info to /root/glad_ws/install/glad_motor_controller/lib/python3.10/site-packages/glad_motor_controller-0.0.0-py3.10.egg-info
[4.726s] running install_scripts
[4.807s] Installing motor_driver script to /root/glad_ws/install/glad_motor_controller/lib/glad_motor_controller
[4.810s] writing list of installed files to '/root/glad_ws/build/glad_motor_controller/install.log'
[4.978s] Invoked command in '/root/glad_ws/src/glad_motor_controller' returned '0': PYTHONPATH=/root/glad_ws/build/glad_motor_controller/prefix_override:/usr/lib/python3/dist-packages/colcon_core/task/python/colcon_distutils_commands:/root/glad_ws/install/glad_motor_controller/lib/python3.10/site-packages:${PYTHONPATH} /usr/bin/python3 -W ignore:setup.py install is deprecated -W ignore:easy_install command is deprecated setup.py egg_info --egg-base ../../build/glad_motor_controller build --build-base /root/glad_ws/build/glad_motor_controller/build install --record /root/glad_ws/build/glad_motor_controller/install.log --single-version-externally-managed install_data
