[2.845s] Invoking command in '/root/glad_ws/src/myimu': PYTHONPATH=/root/glad_ws/build/myimu/prefix_override:/usr/lib/python3/dist-packages/colcon_core/task/python/colcon_distutils_commands:/root/glad_ws/install/myimu/lib/python3.10/site-packages:${PYTHONPATH} /usr/bin/python3 -W ignore:setup.py install is deprecated -W ignore:easy_install command is deprecated setup.py egg_info --egg-base ../../build/myimu build --build-base /root/glad_ws/build/myimu/build install --record /root/glad_ws/build/myimu/install.log --single-version-externally-managed install_data
[3.686s] running egg_info
[3.691s] writing ../../build/myimu/myimu.egg-info/PKG-INFO
[3.694s] writing dependency_links to ../../build/myimu/myimu.egg-info/dependency_links.txt
[3.695s] writing entry points to ../../build/myimu/myimu.egg-info/entry_points.txt
[3.695s] writing requirements to ../../build/myimu/myimu.egg-info/requires.txt
[3.695s] writing top-level names to ../../build/myimu/myimu.egg-info/top_level.txt
[3.703s] reading manifest file '../../build/myimu/myimu.egg-info/SOURCES.txt'
[3.706s] writing manifest file '../../build/myimu/myimu.egg-info/SOURCES.txt'
[3.707s] running build
[3.707s] running build_py
[3.710s] running install
[3.711s] running install_lib
[3.714s] running install_data
[3.716s] running install_egg_info
[3.723s] removing '/root/glad_ws/install/myimu/lib/python3.10/site-packages/myimu-0.0.0-py3.10.egg-info' (and everything under it)
[3.726s] Copying ../../build/myimu/myimu.egg-info to /root/glad_ws/install/myimu/lib/python3.10/site-packages/myimu-0.0.0-py3.10.egg-info
[3.728s] running install_scripts
[3.804s] Installing imuodom script to /root/glad_ws/install/myimu/lib/myimu
[3.805s] Installing imupub script to /root/glad_ws/install/myimu/lib/myimu
[3.807s] writing list of installed files to '/root/glad_ws/build/myimu/install.log'
[3.920s] Invoked command in '/root/glad_ws/src/myimu' returned '0': PYTHONPATH=/root/glad_ws/build/myimu/prefix_override:/usr/lib/python3/dist-packages/colcon_core/task/python/colcon_distutils_commands:/root/glad_ws/install/myimu/lib/python3.10/site-packages:${PYTHONPATH} /usr/bin/python3 -W ignore:setup.py install is deprecated -W ignore:easy_install command is deprecated setup.py egg_info --egg-base ../../build/myimu build --build-base /root/glad_ws/build/myimu/build install --record /root/glad_ws/build/myimu/install.log --single-version-externally-managed install_data
